<?xml version="1.0" encoding="UTF-8"?>
<coverage generated="1753555735284" clover="3.2.0">
  <project timestamp="1753555735284" name="All files">
    <metrics statements="1740" coveredstatements="1368" conditionals="998" coveredconditionals="660" methods="214" coveredmethods="170" elements="2952" coveredelements="2198" complexity="0" loc="1740" ncloc="1740" packages="1" files="4" classes="4"/>
    <file name="package-hook.js" path="/Users/jeremyparker/Desktop/Claude Coding Projects/post-tool-stop-hook/package-hook.js">
      <metrics statements="316" coveredstatements="269" conditionals="131" coveredconditionals="112" methods="35" coveredmethods="32"/>
      <line num="29" count="3" type="stmt"/>
      <line num="30" count="3" type="stmt"/>
      <line num="31" count="3" type="stmt"/>
      <line num="32" count="3" type="stmt"/>
      <line num="35" count="3" type="stmt"/>
      <line num="59" count="75" type="stmt"/>
      <line num="68" count="75" type="cond" truecount="2" falsecount="0"/>
      <line num="70" count="75" type="stmt"/>
      <line num="71" count="75" type="stmt"/>
      <line num="73" count="75" type="cond" truecount="2" falsecount="0"/>
      <line num="74" count="45" type="stmt"/>
      <line num="75" count="45" type="stmt"/>
      <line num="76" count="45" type="stmt"/>
      <line num="77" count="45" type="stmt"/>
      <line num="85" count="75" type="stmt"/>
      <line num="86" count="75" type="stmt"/>
      <line num="87" count="72" type="cond" truecount="2" falsecount="0"/>
      <line num="89" count="3" type="stmt"/>
      <line num="90" count="3" type="stmt"/>
      <line num="98" count="2" type="stmt"/>
      <line num="99" count="2" type="stmt"/>
      <line num="102" count="2" type="stmt"/>
      <line num="105" count="1" type="stmt"/>
      <line num="108" count="1" type="stmt"/>
      <line num="111" count="1" type="stmt"/>
      <line num="114" count="1" type="stmt"/>
      <line num="117" count="1" type="stmt"/>
      <line num="120" count="1" type="cond" truecount="1" falsecount="1"/>
      <line num="121" count="1" type="stmt"/>
      <line num="125" count="1" type="cond" truecount="1" falsecount="1"/>
      <line num="126" count="1" type="stmt"/>
      <line num="130" count="1" type="stmt"/>
      <line num="132" count="1" type="stmt"/>
      <line num="133" count="1" type="stmt"/>
      <line num="134" count="1" type="stmt"/>
      <line num="136" count="1" type="stmt"/>
      <line num="144" count="1" type="stmt"/>
      <line num="145" count="1" type="cond" truecount="1" falsecount="1"/>
      <line num="146" count="0" type="stmt"/>
      <line num="148" count="1" type="stmt"/>
      <line num="156" count="5" type="stmt"/>
      <line num="158" count="5" type="cond" truecount="4" falsecount="0"/>
      <line num="159" count="1" type="stmt"/>
      <line num="160" count="1" type="stmt"/>
      <line num="164" count="5" type="stmt"/>
      <line num="172" count="5" type="stmt"/>
      <line num="173" count="21" type="cond" truecount="2" falsecount="0"/>
      <line num="174" count="6" type="stmt"/>
      <line num="175" count="5" type="stmt"/>
      <line num="184" count="3" type="stmt"/>
      <line num="186" count="3" type="stmt"/>
      <line num="187" count="15" type="cond" truecount="2" falsecount="0"/>
      <line num="188" count="10" type="stmt"/>
      <line num="189" count="10" type="stmt"/>
      <line num="190" count="10" type="stmt"/>
      <line num="192" count="5" type="stmt"/>
      <line num="201" count="4" type="stmt"/>
      <line num="203" count="4" type="stmt"/>
      <line num="204" count="16" type="cond" truecount="2" falsecount="0"/>
      <line num="205" count="9" type="stmt"/>
      <line num="207" count="9" type="cond" truecount="2" falsecount="0"/>
      <line num="208" count="1" type="stmt"/>
      <line num="209" count="1" type="stmt"/>
      <line num="210" count="1" type="stmt"/>
      <line num="212" count="8" type="stmt"/>
      <line num="213" count="8" type="stmt"/>
      <line num="214" count="8" type="stmt"/>
      <line num="217" count="7" type="stmt"/>
      <line num="226" count="3" type="stmt"/>
      <line num="229" count="3" type="stmt"/>
      <line num="230" count="3" type="stmt"/>
      <line num="231" count="3" type="stmt"/>
      <line num="232" count="3" type="stmt"/>
      <line num="235" count="3" type="stmt"/>
      <line num="236" count="3" type="stmt"/>
      <line num="237" count="3" type="stmt"/>
      <line num="240" count="3" type="stmt"/>
      <line num="241" count="3" type="stmt"/>
      <line num="242" count="3" type="stmt"/>
      <line num="249" count="3" type="stmt"/>
      <line num="251" count="3" type="stmt"/>
      <line num="275" count="3" type="stmt"/>
      <line num="279" count="3" type="stmt"/>
      <line num="282" count="3" type="stmt"/>
      <line num="284" count="6" type="stmt"/>
      <line num="287" count="3" type="stmt"/>
      <line num="291" count="3" type="stmt"/>
      <line num="298" count="1" type="stmt"/>
      <line num="300" count="1" type="stmt"/>
      <line num="301" count="1" type="stmt"/>
      <line num="302" count="1" type="stmt"/>
      <line num="304" count="1" type="stmt"/>
      <line num="305" count="1" type="stmt"/>
      <line num="306" count="1" type="stmt"/>
      <line num="308" count="1" type="stmt"/>
      <line num="309" count="1" type="stmt"/>
      <line num="310" count="1" type="stmt"/>
      <line num="317" count="5" type="stmt"/>
      <line num="319" count="5" type="stmt"/>
      <line num="320" count="5" type="stmt"/>
      <line num="322" count="5" type="cond" truecount="2" falsecount="0"/>
      <line num="324" count="3" type="stmt"/>
      <line num="325" count="3" type="stmt"/>
      <line num="327" count="2" type="stmt"/>
      <line num="329" count="1" type="stmt"/>
      <line num="331" count="1" type="stmt"/>
      <line num="332" count="1" type="stmt"/>
      <line num="334" count="1" type="stmt"/>
      <line num="337" count="2" type="cond" truecount="2" falsecount="0"/>
      <line num="339" count="1" type="stmt"/>
      <line num="340" count="1" type="stmt"/>
      <line num="342" count="1" type="stmt"/>
      <line num="344" count="0" type="stmt"/>
      <line num="353" count="4" type="stmt"/>
      <line num="355" count="4" type="stmt"/>
      <line num="358" count="4" type="stmt"/>
      <line num="359" count="20" type="stmt"/>
      <line num="360" count="20" type="cond" truecount="2" falsecount="0"/>
      <line num="361" count="1" type="stmt"/>
      <line num="366" count="4" type="stmt"/>
      <line num="367" count="4" type="stmt"/>
      <line num="368" count="12" type="stmt"/>
      <line num="369" count="12" type="cond" truecount="1" falsecount="1"/>
      <line num="370" count="0" type="stmt"/>
      <line num="375" count="4" type="stmt"/>
      <line num="376" count="4" type="stmt"/>
      <line num="377" count="12" type="stmt"/>
      <line num="378" count="12" type="cond" truecount="1" falsecount="1"/>
      <line num="379" count="0" type="stmt"/>
      <line num="383" count="4" type="cond" truecount="2" falsecount="0"/>
      <line num="384" count="1" type="stmt"/>
      <line num="385" count="1" type="stmt"/>
      <line num="386" count="1" type="stmt"/>
      <line num="389" count="3" type="stmt"/>
      <line num="396" count="3" type="stmt"/>
      <line num="398" count="3" type="stmt"/>
      <line num="399" count="3" type="stmt"/>
      <line num="400" count="3" type="stmt"/>
      <line num="402" count="3" type="stmt"/>
      <line num="403" count="4" type="stmt"/>
      <line num="404" count="4" type="stmt"/>
      <line num="405" count="4" type="stmt"/>
      <line num="406" count="4" type="stmt"/>
      <line num="409" count="3" type="stmt"/>
      <line num="413" count="3" type="stmt"/>
      <line num="415" count="0" type="stmt"/>
      <line num="423" count="2" type="cond" truecount="1" falsecount="1"/>
      <line num="424" count="2" type="stmt"/>
      <line num="427" count="2" type="stmt"/>
      <line num="429" count="2" type="stmt"/>
      <line num="430" count="3" type="stmt"/>
      <line num="431" count="3" type="stmt"/>
      <line num="433" count="3" type="cond" truecount="2" falsecount="0"/>
      <line num="434" count="1" type="stmt"/>
      <line num="436" count="2" type="stmt"/>
      <line num="442" count="6" type="stmt"/>
      <line num="443" count="6" type="stmt"/>
      <line num="444" count="12" type="stmt"/>
      <line num="445" count="12" type="stmt"/>
      <line num="446" count="12" type="stmt"/>
      <line num="448" count="12" type="stmt"/>
      <line num="458" count="74" type="stmt"/>
      <line num="461" count="74" type="cond" truecount="4" falsecount="0"/>
      <line num="462" count="4" type="stmt"/>
      <line num="463" count="4" type="stmt"/>
      <line num="467" count="70" type="cond" truecount="2" falsecount="0"/>
      <line num="468" count="3" type="stmt"/>
      <line num="469" count="3" type="stmt"/>
      <line num="473" count="67" type="stmt"/>
      <line num="474" count="67" type="cond" truecount="2" falsecount="0"/>
      <line num="475" count="1" type="stmt"/>
      <line num="476" count="1" type="stmt"/>
      <line num="479" count="1" type="stmt"/>
      <line num="480" count="1" type="stmt"/>
      <line num="485" count="65" type="stmt"/>
      <line num="486" count="65" type="stmt"/>
      <line num="488" count="1" type="stmt"/>
      <line num="489" count="1" type="stmt"/>
      <line num="493" count="64" type="cond" truecount="2" falsecount="0"/>
      <line num="494" count="8" type="stmt"/>
      <line num="495" count="8" type="stmt"/>
      <line num="499" count="56" type="stmt"/>
      <line num="501" count="56" type="stmt"/>
      <line num="504" count="56" type="stmt"/>
      <line num="505" count="56" type="stmt"/>
      <line num="507" count="9" type="stmt"/>
      <line num="508" count="9" type="stmt"/>
      <line num="512" count="47" type="stmt"/>
      <line num="513" count="96" type="stmt"/>
      <line num="514" count="96" type="stmt"/>
      <line num="517" count="96" type="cond" truecount="2" falsecount="0"/>
      <line num="518" count="4" type="stmt"/>
      <line num="521" count="92" type="cond" truecount="2" falsecount="0"/>
      <line num="523" count="26" type="stmt"/>
      <line num="524" count="26" type="stmt"/>
      <line num="525" count="26" type="stmt"/>
      <line num="527" count="0" type="stmt"/>
      <line num="530" count="66" type="cond" truecount="2" falsecount="0"/>
      <line num="532" count="42" type="cond" truecount="2" falsecount="0"/>
      <line num="533" count="39" type="stmt"/>
      <line num="535" count="24" type="cond" truecount="2" falsecount="0"/>
      <line num="537" count="14" type="stmt"/>
      <line num="542" count="0" type="stmt"/>
      <line num="549" count="0" type="stmt"/>
      <line num="552" count="56" type="stmt"/>
      <line num="555" count="47" type="stmt"/>
      <line num="564" count="33" type="cond" truecount="16" falsecount="0"/>
      <line num="566" count="5" type="stmt"/>
      <line num="568" count="4" type="stmt"/>
      <line num="570" count="1" type="stmt"/>
      <line num="572" count="2" type="stmt"/>
      <line num="574" count="1" type="stmt"/>
      <line num="576" count="2" type="stmt"/>
      <line num="578" count="1" type="stmt"/>
      <line num="580" count="1" type="stmt"/>
      <line num="582" count="1" type="stmt"/>
      <line num="584" count="1" type="stmt"/>
      <line num="586" count="2" type="stmt"/>
      <line num="588" count="1" type="stmt"/>
      <line num="590" count="1" type="stmt"/>
      <line num="592" count="1" type="stmt"/>
      <line num="594" count="1" type="stmt"/>
      <line num="596" count="8" type="cond" truecount="2" falsecount="0"/>
      <line num="606" count="9" type="stmt"/>
      <line num="609" count="9" type="cond" truecount="8" falsecount="0"/>
      <line num="612" count="1" type="stmt"/>
      <line num="613" count="1" type="stmt"/>
      <line num="615" count="1" type="stmt"/>
      <line num="616" count="1" type="stmt"/>
      <line num="619" count="1" type="stmt"/>
      <line num="620" count="1" type="stmt"/>
      <line num="622" count="1" type="stmt"/>
      <line num="623" count="1" type="stmt"/>
      <line num="625" count="1" type="stmt"/>
      <line num="626" count="1" type="stmt"/>
      <line num="628" count="4" type="stmt"/>
      <line num="640" count="96" type="cond" truecount="4" falsecount="0"/>
      <line num="641" count="1" type="stmt"/>
      <line num="642" count="1" type="stmt"/>
      <line num="646" count="95" type="cond" truecount="5" falsecount="0"/>
      <line num="647" count="2" type="stmt"/>
      <line num="651" count="93" type="cond" truecount="2" falsecount="0"/>
      <line num="652" count="1" type="stmt"/>
      <line num="653" count="1" type="stmt"/>
      <line num="656" count="92" type="stmt"/>
      <line num="665" count="53" type="stmt"/>
      <line num="666" count="53" type="stmt"/>
      <line num="667" count="50" type="stmt"/>
      <line num="669" count="3" type="stmt"/>
      <line num="670" count="3" type="stmt"/>
      <line num="671" count="3" type="stmt"/>
      <line num="682" count="14" type="stmt"/>
      <line num="683" count="14" type="stmt"/>
      <line num="684" count="13" type="cond" truecount="1" falsecount="1"/>
      <line num="686" count="13" type="stmt"/>
      <line num="687" count="13" type="stmt"/>
      <line num="688" count="12" type="stmt"/>
      <line num="691" count="12" type="stmt"/>
      <line num="692" count="12" type="stmt"/>
      <line num="693" count="11" type="cond" truecount="3" falsecount="1"/>
      <line num="694" count="11" type="stmt"/>
      <line num="697" count="1" type="stmt"/>
      <line num="700" count="1" type="stmt"/>
      <line num="704" count="1" type="stmt"/>
      <line num="709" count="3" type="stmt"/>
      <line num="751" count="3" type="stmt"/>
      <line num="795" count="3" type="stmt"/>
      <line num="845" count="1" type="stmt"/>
      <line num="923" count="1" type="stmt"/>
      <line num="956" count="1" type="stmt"/>
      <line num="982" count="1" type="stmt"/>
      <line num="984" count="1" type="stmt"/>
      <line num="985" count="1" type="stmt"/>
      <line num="990" count="325" type="cond" truecount="4" falsecount="0"/>
      <line num="991" count="214" type="stmt"/>
      <line num="999" count="0" type="stmt"/>
      <line num="1000" count="0" type="stmt"/>
      <line num="1002" count="0" type="stmt"/>
      <line num="1003" count="0" type="stmt"/>
      <line num="1005" count="0" type="cond" truecount="0" falsecount="8"/>
      <line num="1007" count="0" type="stmt"/>
      <line num="1008" count="0" type="stmt"/>
      <line num="1010" count="0" type="stmt"/>
      <line num="1011" count="0" type="stmt"/>
      <line num="1013" count="0" type="stmt"/>
      <line num="1014" count="0" type="cond" truecount="0" falsecount="2"/>
      <line num="1015" count="0" type="stmt"/>
      <line num="1016" count="0" type="stmt"/>
      <line num="1018" count="0" type="stmt"/>
      <line num="1019" count="0" type="stmt"/>
      <line num="1021" count="0" type="stmt"/>
      <line num="1022" count="0" type="stmt"/>
      <line num="1024" count="0" type="stmt"/>
      <line num="1025" count="0" type="stmt"/>
      <line num="1027" count="0" type="stmt"/>
      <line num="1028" count="0" type="stmt"/>
      <line num="1030" count="0" type="stmt"/>
      <line num="1031" count="0" type="stmt"/>
      <line num="1032" count="0" type="stmt"/>
      <line num="1034" count="0" type="stmt"/>
      <line num="1035" count="0" type="stmt"/>
      <line num="1039" count="0" type="stmt"/>
      <line num="1043" count="0" type="stmt"/>
      <line num="1068" count="0" type="stmt"/>
      <line num="1069" count="0" type="stmt"/>
      <line num="1070" count="0" type="stmt"/>
      <line num="1071" count="0" type="stmt"/>
      <line num="1073" count="0" type="stmt"/>
      <line num="1074" count="0" type="stmt"/>
      <line num="1075" count="0" type="stmt"/>
      <line num="1077" count="0" type="stmt"/>
      <line num="1080" count="0" type="stmt"/>
      <line num="1081" count="0" type="stmt"/>
      <line num="1086" count="3" type="cond" truecount="1" falsecount="1"/>
      <line num="1087" count="0" type="stmt"/>
      <line num="1090" count="3" type="stmt"/>
    </file>
    <file name="post-tool-linter-hook.js" path="/Users/jeremyparker/Desktop/Claude Coding Projects/post-tool-stop-hook/post-tool-linter-hook.js">
      <metrics statements="1090" coveredstatements="819" conditionals="707" coveredconditionals="426" methods="136" coveredmethods="101"/>
      <line num="11" count="2" type="stmt"/>
      <line num="12" count="2" type="stmt"/>
      <line num="13" count="2" type="stmt"/>
      <line num="16" count="2" type="stmt"/>
      <line num="17" count="2" type="stmt"/>
      <line num="20" count="8" type="stmt"/>
      <line num="21" count="8" type="stmt"/>
      <line num="22" count="8" type="stmt"/>
      <line num="23" count="8" type="stmt"/>
      <line num="24" count="8" type="stmt"/>
      <line num="25" count="8" type="stmt"/>
      <line num="26" count="8" type="stmt"/>
      <line num="27" count="8" type="stmt"/>
      <line num="28" count="8" type="stmt"/>
      <line num="32" count="1256" type="stmt"/>
      <line num="33" count="1256" type="stmt"/>
      <line num="36" count="1256" type="stmt"/>
      <line num="38" count="1256" type="cond" truecount="2" falsecount="0"/>
      <line num="39" count="1" type="stmt"/>
      <line num="40" count="1" type="stmt"/>
      <line num="45" count="1" type="cond" truecount="3" falsecount="1"/>
      <line num="46" count="1" type="stmt"/>
      <line num="47" count="1" type="stmt"/>
      <line num="56" count="2" type="stmt"/>
      <line num="90" count="28" type="stmt"/>
      <line num="92" count="28" type="stmt"/>
      <line num="93" count="28" type="cond" truecount="2" falsecount="0"/>
      <line num="94" count="1" type="stmt"/>
      <line num="95" count="1" type="stmt"/>
      <line num="98" count="27" type="stmt"/>
      <line num="99" count="26" type="stmt"/>
      <line num="101" count="59" type="stmt"/>
      <line num="104" count="59" type="cond" truecount="2" falsecount="0"/>
      <line num="105" count="44" type="cond" truecount="2" falsecount="0"/>
      <line num="106" count="39" type="stmt"/>
      <line num="109" count="26" type="stmt"/>
      <line num="110" count="26" type="stmt"/>
      <line num="112" count="1" type="stmt"/>
      <line num="113" count="1" type="stmt"/>
      <line num="118" count="22" type="cond" truecount="4" falsecount="0"/>
      <line num="119" count="5" type="stmt"/>
      <line num="123" count="17" type="stmt"/>
      <line num="126" count="17" type="stmt"/>
      <line num="128" count="17" type="stmt"/>
      <line num="129" count="27" type="stmt"/>
      <line num="131" count="27" type="cond" truecount="2" falsecount="0"/>
      <line num="132" count="3" type="cond" truecount="1" falsecount="1"/>
      <line num="134" count="0" type="stmt"/>
      <line num="135" count="0" type="stmt"/>
      <line num="138" count="3" type="stmt"/>
      <line num="139" count="3" type="stmt"/>
      <line num="144" count="17" type="stmt"/>
      <line num="149" count="27" type="stmt"/>
      <line num="150" count="27" type="cond" truecount="1" falsecount="1"/>
      <line num="153" count="27" type="stmt"/>
      <line num="154" count="27" type="cond" truecount="1" falsecount="1"/>
      <line num="157" count="27" type="stmt"/>
      <line num="158" count="27" type="cond" truecount="1" falsecount="1"/>
      <line num="161" count="27" type="cond" truecount="1" falsecount="1"/>
      <line num="162" count="0" type="cond" truecount="0" falsecount="2"/>
      <line num="164" count="0" type="stmt"/>
      <line num="173" count="27" type="cond" truecount="1" falsecount="1"/>
      <line num="174" count="0" type="stmt"/>
      <line num="175" count="0" type="stmt"/>
      <line num="184" count="27" type="cond" truecount="2" falsecount="0"/>
      <line num="187" count="27" type="stmt"/>
      <line num="197" count="51" type="stmt"/>
      <line num="209" count="51" type="stmt"/>
      <line num="210" count="51" type="stmt"/>
      <line num="211" count="51" type="stmt"/>
      <line num="213" count="0" type="stmt"/>
      <line num="214" count="0" type="stmt"/>
      <line num="219" count="17" type="stmt"/>
      <line num="221" count="17" type="cond" truecount="2" falsecount="0"/>
      <line num="222" count="1" type="stmt"/>
      <line num="223" count="1" type="stmt"/>
      <line num="226" count="16" type="stmt"/>
      <line num="227" count="16" type="cond" truecount="4" falsecount="0"/>
      <line num="228" count="5" type="stmt"/>
      <line num="229" count="5" type="stmt"/>
      <line num="232" count="11" type="stmt"/>
      <line num="234" count="11" type="stmt"/>
      <line num="235" count="20" type="stmt"/>
      <line num="236" count="20" type="stmt"/>
      <line num="237" count="20" type="stmt"/>
      <line num="240" count="11" type="stmt"/>
      <line num="241" count="11" type="stmt"/>
      <line num="245" count="21" type="stmt"/>
      <line num="247" count="21" type="cond" truecount="2" falsecount="0"/>
      <line num="248" count="1" type="stmt"/>
      <line num="249" count="1" type="stmt"/>
      <line num="252" count="20" type="stmt"/>
      <line num="254" count="20" type="stmt"/>
      <line num="255" count="10" type="stmt"/>
      <line num="256" count="10" type="stmt"/>
      <line num="258" count="10" type="cond" truecount="1" falsecount="1"/>
      <line num="260" count="10" type="stmt"/>
      <line num="261" count="10" type="stmt"/>
      <line num="264" count="10" type="cond" truecount="1" falsecount="1"/>
      <line num="265" count="0" type="stmt"/>
      <line num="267" count="10" type="stmt"/>
      <line num="271" count="20" type="stmt"/>
      <line num="272" count="20" type="stmt"/>
      <line num="276" count="7" type="stmt"/>
      <line num="278" count="7" type="stmt"/>
      <line num="280" count="7" type="stmt"/>
      <line num="281" count="7" type="cond" truecount="1" falsecount="1"/>
      <line num="282" count="7" type="stmt"/>
      <line num="283" count="7" type="stmt"/>
      <line num="286" count="7" type="cond" truecount="3" falsecount="1"/>
      <line num="287" count="0" type="stmt"/>
      <line num="288" count="0" type="cond" truecount="0" falsecount="4"/>
      <line num="289" count="0" type="cond" truecount="0" falsecount="2"/>
      <line num="290" count="0" type="cond" truecount="0" falsecount="2"/>
      <line num="294" count="7" type="cond" truecount="3" falsecount="1"/>
      <line num="295" count="0" type="stmt"/>
      <line num="296" count="0" type="cond" truecount="0" falsecount="4"/>
      <line num="300" count="7" type="cond" truecount="1" falsecount="1"/>
      <line num="303" count="7" type="cond" truecount="1" falsecount="1"/>
      <line num="306" count="7" type="cond" truecount="1" falsecount="1"/>
      <line num="307" count="7" type="cond" truecount="1" falsecount="1"/>
      <line num="308" count="7" type="cond" truecount="1" falsecount="1"/>
      <line num="311" count="7" type="cond" truecount="1" falsecount="1"/>
      <line num="312" count="7" type="cond" truecount="1" falsecount="1"/>
      <line num="313" count="7" type="cond" truecount="1" falsecount="1"/>
      <line num="316" count="7" type="cond" truecount="3" falsecount="1"/>
      <line num="317" count="7" type="cond" truecount="1" falsecount="1"/>
      <line num="321" count="7" type="stmt"/>
      <line num="322" count="7" type="cond" truecount="1" falsecount="1"/>
      <line num="323" count="7" type="stmt"/>
      <line num="324" count="7" type="cond" truecount="1" falsecount="1"/>
      <line num="325" count="7" type="cond" truecount="1" falsecount="1"/>
      <line num="326" count="7" type="cond" truecount="1" falsecount="1"/>
      <line num="327" count="7" type="cond" truecount="1" falsecount="1"/>
      <line num="331" count="7" type="stmt"/>
      <line num="332" count="7" type="cond" truecount="1" falsecount="1"/>
      <line num="333" count="7" type="stmt"/>
      <line num="334" count="7" type="cond" truecount="1" falsecount="1"/>
      <line num="335" count="7" type="cond" truecount="1" falsecount="1"/>
      <line num="336" count="7" type="cond" truecount="1" falsecount="1"/>
      <line num="337" count="7" type="cond" truecount="1" falsecount="1"/>
      <line num="341" count="7" type="cond" truecount="1" falsecount="1"/>
      <line num="342" count="7" type="cond" truecount="1" falsecount="1"/>
      <line num="343" count="7" type="cond" truecount="1" falsecount="1"/>
      <line num="346" count="0" type="stmt"/>
      <line num="349" count="7" type="stmt"/>
      <line num="350" count="7" type="stmt"/>
      <line num="354" count="13" type="stmt"/>
      <line num="356" count="13" type="stmt"/>
      <line num="357" count="28" type="cond" truecount="4" falsecount="17"/>
      <line num="359" count="0" type="stmt"/>
      <line num="360" count="0" type="stmt"/>
      <line num="362" count="0" type="stmt"/>
      <line num="363" count="0" type="stmt"/>
      <line num="365" count="0" type="stmt"/>
      <line num="366" count="0" type="stmt"/>
      <line num="368" count="0" type="stmt"/>
      <line num="369" count="0" type="stmt"/>
      <line num="371" count="2" type="stmt"/>
      <line num="372" count="2" type="stmt"/>
      <line num="374" count="0" type="stmt"/>
      <line num="375" count="0" type="stmt"/>
      <line num="377" count="0" type="stmt"/>
      <line num="378" count="0" type="stmt"/>
      <line num="380" count="2" type="stmt"/>
      <line num="381" count="2" type="stmt"/>
      <line num="383" count="0" type="stmt"/>
      <line num="384" count="0" type="stmt"/>
      <line num="386" count="0" type="stmt"/>
      <line num="387" count="0" type="stmt"/>
      <line num="389" count="0" type="stmt"/>
      <line num="390" count="0" type="stmt"/>
      <line num="392" count="0" type="stmt"/>
      <line num="393" count="0" type="stmt"/>
      <line num="395" count="0" type="stmt"/>
      <line num="396" count="0" type="stmt"/>
      <line num="398" count="0" type="stmt"/>
      <line num="399" count="0" type="stmt"/>
      <line num="401" count="0" type="stmt"/>
      <line num="402" count="0" type="stmt"/>
      <line num="404" count="0" type="stmt"/>
      <line num="405" count="0" type="stmt"/>
      <line num="407" count="0" type="stmt"/>
      <line num="408" count="0" type="stmt"/>
      <line num="410" count="0" type="stmt"/>
      <line num="411" count="0" type="stmt"/>
      <line num="413" count="0" type="stmt"/>
      <line num="414" count="0" type="stmt"/>
      <line num="416" count="9" type="stmt"/>
      <line num="417" count="9" type="stmt"/>
      <line num="419" count="7" type="stmt"/>
      <line num="420" count="7" type="stmt"/>
      <line num="424" count="13" type="stmt"/>
      <line num="428" count="7" type="stmt"/>
      <line num="429" count="7" type="stmt"/>
      <line num="432" count="7" type="stmt"/>
      <line num="433" count="7" type="stmt"/>
      <line num="434" count="7" type="stmt"/>
      <line num="436" count="7" type="stmt"/>
      <line num="437" count="12" type="stmt"/>
      <line num="438" count="12" type="stmt"/>
      <line num="439" count="12" type="stmt"/>
      <line num="442" count="12" type="stmt"/>
      <line num="474" count="12" type="stmt"/>
      <line num="475" count="185" type="cond" truecount="4" falsecount="0"/>
      <line num="476" count="3" type="stmt"/>
      <line num="478" count="3" type="stmt"/>
      <line num="479" count="3" type="stmt"/>
      <line num="480" count="5" type="cond" truecount="1" falsecount="1"/>
      <line num="481" count="5" type="stmt"/>
      <line num="484" count="3" type="stmt"/>
      <line num="489" count="12" type="stmt"/>
      <line num="490" count="12" type="stmt"/>
      <line num="491" count="12" type="stmt"/>
      <line num="492" count="84" type="cond" truecount="2" falsecount="0"/>
      <line num="493" count="6" type="stmt"/>
      <line num="494" count="6" type="cond" truecount="2" falsecount="0"/>
      <line num="495" count="5" type="stmt"/>
      <line num="501" count="7" type="stmt"/>
      <line num="510" count="119" type="stmt"/>
      <line num="512" count="119" type="stmt"/>
      <line num="513" count="119" type="cond" truecount="2" falsecount="0"/>
      <line num="514" count="2" type="stmt"/>
      <line num="518" count="117" type="cond" truecount="2" falsecount="0"/>
      <line num="519" count="27" type="stmt"/>
      <line num="521" count="23" type="cond" truecount="4" falsecount="0"/>
      <line num="522" count="23" type="cond" truecount="2" falsecount="0"/>
      <line num="523" count="23" type="stmt"/>
      <line num="526" count="90" type="cond" truecount="2" falsecount="0"/>
      <line num="527" count="17" type="stmt"/>
      <line num="529" count="17" type="cond" truecount="3" falsecount="0"/>
      <line num="530" count="17" type="cond" truecount="2" falsecount="0"/>
      <line num="531" count="17" type="stmt"/>
      <line num="534" count="73" type="cond" truecount="2" falsecount="0"/>
      <line num="535" count="11" type="stmt"/>
      <line num="537" count="11" type="cond" truecount="2" falsecount="0"/>
      <line num="538" count="11" type="cond" truecount="2" falsecount="0"/>
      <line num="539" count="11" type="stmt"/>
      <line num="543" count="62" type="stmt"/>
      <line num="544" count="62" type="stmt"/>
      <line num="547" count="4" type="stmt"/>
      <line num="548" count="4" type="stmt"/>
      <line num="553" count="19" type="stmt"/>
      <line num="555" count="19" type="stmt"/>
      <line num="556" count="19" type="stmt"/>
      <line num="559" count="19" type="stmt"/>
      <line num="560" count="35" type="stmt"/>
      <line num="561" count="35" type="stmt"/>
      <line num="563" count="35" type="stmt"/>
      <line num="564" count="143" type="stmt"/>
      <line num="565" count="143" type="stmt"/>
      <line num="566" count="140" type="cond" truecount="2" falsecount="0"/>
      <line num="568" count="140" type="cond" truecount="4" falsecount="0"/>
      <line num="569" count="49" type="stmt"/>
      <line num="570" count="49" type="stmt"/>
      <line num="574" count="32" type="cond" truecount="2" falsecount="0"/>
      <line num="575" count="22" type="stmt"/>
      <line num="580" count="16" type="cond" truecount="2" falsecount="0"/>
      <line num="581" count="14" type="stmt"/>
      <line num="582" count="14" type="stmt"/>
      <line num="583" count="14" type="stmt"/>
      <line num="585" count="14" type="cond" truecount="2" falsecount="0"/>
      <line num="586" count="8" type="stmt"/>
      <line num="589" count="14" type="stmt"/>
      <line num="592" count="2" type="stmt"/>
      <line num="593" count="2" type="stmt"/>
      <line num="595" count="3" type="stmt"/>
      <line num="596" count="3" type="stmt"/>
      <line num="601" count="8" type="stmt"/>
      <line num="603" count="8" type="stmt"/>
      <line num="605" count="8" type="stmt"/>
      <line num="606" count="16" type="stmt"/>
      <line num="608" count="16" type="cond" truecount="4" falsecount="1"/>
      <line num="609" count="0" type="stmt"/>
      <line num="612" count="16" type="stmt"/>
      <line num="613" count="68" type="stmt"/>
      <line num="614" count="68" type="cond" truecount="4" falsecount="0"/>
      <line num="615" count="21" type="stmt"/>
      <line num="619" count="16" type="cond" truecount="2" falsecount="0"/>
      <line num="620" count="9" type="stmt"/>
      <line num="624" count="8" type="cond" truecount="2" falsecount="0"/>
      <line num="625" count="8" type="stmt"/>
      <line num="629" count="13" type="stmt"/>
      <line num="632" count="13" type="cond" truecount="4" falsecount="0"/>
      <line num="633" count="1" type="stmt"/>
      <line num="634" count="1" type="stmt"/>
      <line num="645" count="12" type="stmt"/>
      <line num="646" count="12" type="stmt"/>
      <line num="647" count="12" type="stmt"/>
      <line num="649" count="12" type="stmt"/>
      <line num="656" count="2" type="stmt"/>
      <line num="657" count="2" type="stmt"/>
      <line num="666" count="10" type="stmt"/>
      <line num="669" count="10" type="cond" truecount="2" falsecount="0"/>
      <line num="670" count="2" type="stmt"/>
      <line num="671" count="2" type="stmt"/>
      <line num="682" count="8" type="cond" truecount="4" falsecount="0"/>
      <line num="683" count="3" type="stmt"/>
      <line num="684" count="3" type="stmt"/>
      <line num="698" count="5" type="cond" truecount="4" falsecount="0"/>
      <line num="699" count="3" type="stmt"/>
      <line num="700" count="3" type="stmt"/>
      <line num="714" count="2" type="cond" truecount="2" falsecount="0"/>
      <line num="715" count="1" type="stmt"/>
      <line num="718" count="2" type="stmt"/>
      <line num="719" count="2" type="stmt"/>
      <line num="734" count="7" type="stmt"/>
      <line num="736" count="7" type="stmt"/>
      <line num="737" count="7" type="stmt"/>
      <line num="738" count="7" type="stmt"/>
      <line num="740" count="7" type="stmt"/>
      <line num="747" count="2" type="stmt"/>
      <line num="748" count="2" type="cond" truecount="1" falsecount="1"/>
      <line num="749" count="2" type="stmt"/>
      <line num="752" count="2" type="stmt"/>
      <line num="753" count="1" type="cond" truecount="1" falsecount="1"/>
      <line num="754" count="1" type="cond" truecount="1" falsecount="1"/>
      <line num="755" count="1" type="stmt"/>
      <line num="763" count="1" type="stmt"/>
      <line num="766" count="2" type="stmt"/>
      <line num="774" count="2" type="cond" truecount="2" falsecount="0"/>
      <line num="775" count="1" type="stmt"/>
      <line num="784" count="1" type="stmt"/>
      <line num="786" count="5" type="stmt"/>
      <line num="789" count="5" type="cond" truecount="4" falsecount="0"/>
      <line num="790" count="3" type="stmt"/>
      <line num="791" count="3" type="stmt"/>
      <line num="792" count="3" type="stmt"/>
      <line num="793" count="1" type="stmt"/>
      <line num="796" count="1" type="stmt"/>
      <line num="797" count="3" type="cond" truecount="1" falsecount="1"/>
      <line num="798" count="3" type="cond" truecount="2" falsecount="0"/>
      <line num="799" count="3" type="stmt"/>
      <line num="807" count="3" type="stmt"/>
      <line num="810" count="2" type="stmt"/>
      <line num="817" count="2" type="stmt"/>
      <line num="818" count="2" type="stmt"/>
      <line num="823" count="2" type="cond" truecount="4" falsecount="0"/>
      <line num="824" count="1" type="stmt"/>
      <line num="825" count="1" type="stmt"/>
      <line num="839" count="1" type="cond" truecount="2" falsecount="2"/>
      <line num="840" count="1" type="stmt"/>
      <line num="841" count="1" type="stmt"/>
      <line num="855" count="0" type="cond" truecount="0" falsecount="2"/>
      <line num="856" count="0" type="stmt"/>
      <line num="859" count="0" type="stmt"/>
      <line num="860" count="0" type="stmt"/>
      <line num="875" count="7" type="stmt"/>
      <line num="878" count="7" type="cond" truecount="4" falsecount="0"/>
      <line num="879" count="1" type="stmt"/>
      <line num="880" count="1" type="stmt"/>
      <line num="891" count="6" type="stmt"/>
      <line num="893" count="6" type="stmt"/>
      <line num="894" count="6" type="stmt"/>
      <line num="895" count="6" type="stmt"/>
      <line num="897" count="6" type="cond" truecount="1" falsecount="1"/>
      <line num="898" count="6" type="stmt"/>
      <line num="899" count="0" type="cond" truecount="0" falsecount="2"/>
      <line num="900" count="0" type="stmt"/>
      <line num="904" count="6" type="stmt"/>
      <line num="906" count="48" type="stmt"/>
      <line num="907" count="6" type="stmt"/>
      <line num="909" count="6" type="stmt"/>
      <line num="911" count="6" type="stmt"/>
      <line num="918" count="2" type="stmt"/>
      <line num="919" count="2" type="stmt"/>
      <line num="928" count="4" type="stmt"/>
      <line num="931" count="4" type="cond" truecount="2" falsecount="0"/>
      <line num="932" count="1" type="stmt"/>
      <line num="933" count="1" type="stmt"/>
      <line num="944" count="3" type="cond" truecount="5" falsecount="0"/>
      <line num="947" count="1" type="stmt"/>
      <line num="948" count="1" type="stmt"/>
      <line num="962" count="2" type="cond" truecount="4" falsecount="0"/>
      <line num="963" count="1" type="stmt"/>
      <line num="964" count="1" type="stmt"/>
      <line num="978" count="1" type="cond" truecount="1" falsecount="1"/>
      <line num="979" count="1" type="stmt"/>
      <line num="982" count="1" type="stmt"/>
      <line num="983" count="1" type="stmt"/>
      <line num="998" count="7" type="stmt"/>
      <line num="1000" count="7" type="stmt"/>
      <line num="1002" count="7" type="stmt"/>
      <line num="1003" count="7" type="stmt"/>
      <line num="1004" count="7" type="stmt"/>
      <line num="1006" count="7" type="cond" truecount="1" falsecount="1"/>
      <line num="1007" count="7" type="stmt"/>
      <line num="1008" count="0" type="cond" truecount="0" falsecount="2"/>
      <line num="1009" count="0" type="stmt"/>
      <line num="1013" count="7" type="stmt"/>
      <line num="1015" count="56" type="stmt"/>
      <line num="1016" count="7" type="stmt"/>
      <line num="1018" count="7" type="stmt"/>
      <line num="1020" count="7" type="stmt"/>
      <line num="1027" count="2" type="stmt"/>
      <line num="1028" count="2" type="cond" truecount="1" falsecount="1"/>
      <line num="1029" count="2" type="stmt"/>
      <line num="1031" count="2" type="stmt"/>
      <line num="1035" count="1" type="stmt"/>
      <line num="1043" count="1" type="stmt"/>
      <line num="1046" count="2" type="cond" truecount="2" falsecount="0"/>
      <line num="1047" count="1" type="stmt"/>
      <line num="1056" count="1" type="stmt"/>
      <line num="1058" count="5" type="stmt"/>
      <line num="1061" count="5" type="cond" truecount="2" falsecount="0"/>
      <line num="1062" count="3" type="stmt"/>
      <line num="1063" count="3" type="stmt"/>
      <line num="1064" count="3" type="stmt"/>
      <line num="1065" count="1" type="stmt"/>
      <line num="1067" count="1" type="stmt"/>
      <line num="1071" count="2" type="stmt"/>
      <line num="1079" count="1" type="stmt"/>
      <line num="1081" count="1" type="cond" truecount="1" falsecount="1"/>
      <line num="1089" count="2" type="stmt"/>
      <line num="1090" count="2" type="stmt"/>
      <line num="1095" count="2" type="cond" truecount="5" falsecount="0"/>
      <line num="1098" count="1" type="stmt"/>
      <line num="1099" count="1" type="stmt"/>
      <line num="1113" count="1" type="cond" truecount="2" falsecount="2"/>
      <line num="1114" count="1" type="stmt"/>
      <line num="1115" count="1" type="stmt"/>
      <line num="1129" count="0" type="cond" truecount="0" falsecount="2"/>
      <line num="1130" count="0" type="stmt"/>
      <line num="1133" count="0" type="stmt"/>
      <line num="1134" count="0" type="stmt"/>
      <line num="1149" count="2" type="stmt"/>
      <line num="1150" count="2" type="stmt"/>
      <line num="1152" count="2" type="stmt"/>
      <line num="1154" count="2" type="stmt"/>
      <line num="1155" count="3" type="cond" truecount="3" falsecount="0"/>
      <line num="1157" count="1" type="stmt"/>
      <line num="1158" count="1" type="stmt"/>
      <line num="1159" count="1" type="stmt"/>
      <line num="1161" count="1" type="stmt"/>
      <line num="1162" count="1" type="stmt"/>
      <line num="1163" count="1" type="stmt"/>
      <line num="1165" count="1" type="stmt"/>
      <line num="1166" count="1" type="stmt"/>
      <line num="1170" count="2" type="stmt"/>
      <line num="1171" count="2" type="stmt"/>
      <line num="1175" count="4" type="stmt"/>
      <line num="1177" count="4" type="stmt"/>
      <line num="1179" count="4" type="stmt"/>
      <line num="1180" count="4" type="stmt"/>
      <line num="1184" count="4" type="cond" truecount="2" falsecount="0"/>
      <line num="1185" count="1" type="stmt"/>
      <line num="1186" count="3" type="cond" truecount="1" falsecount="1"/>
      <line num="1187" count="3" type="stmt"/>
      <line num="1189" count="0" type="stmt"/>
      <line num="1192" count="4" type="cond" truecount="2" falsecount="0"/>
      <line num="1193" count="1" type="stmt"/>
      <line num="1194" count="1" type="stmt"/>
      <line num="1203" count="3" type="cond" truecount="3" falsecount="0"/>
      <line num="1205" count="1" type="stmt"/>
      <line num="1207" count="1" type="stmt"/>
      <line num="1209" count="1" type="stmt"/>
      <line num="1210" count="1" type="stmt"/>
      <line num="1221" count="4" type="stmt"/>
      <line num="1222" count="4" type="stmt"/>
      <line num="1226" count="1" type="stmt"/>
      <line num="1227" count="1" type="stmt"/>
      <line num="1229" count="1" type="stmt"/>
      <line num="1231" count="1" type="stmt"/>
      <line num="1232" count="1" type="cond" truecount="1" falsecount="2"/>
      <line num="1234" count="0" type="stmt"/>
      <line num="1235" count="0" type="stmt"/>
      <line num="1236" count="0" type="stmt"/>
      <line num="1238" count="0" type="stmt"/>
      <line num="1239" count="0" type="stmt"/>
      <line num="1240" count="0" type="stmt"/>
      <line num="1242" count="1" type="stmt"/>
      <line num="1243" count="1" type="stmt"/>
      <line num="1247" count="1" type="stmt"/>
      <line num="1248" count="1" type="stmt"/>
      <line num="1252" count="56" type="stmt"/>
      <line num="1253" count="56" type="stmt"/>
      <line num="1256" count="56" type="cond" truecount="4" falsecount="0"/>
      <line num="1257" count="16" type="stmt"/>
      <line num="1258" count="16" type="stmt"/>
      <line num="1261" count="40" type="stmt"/>
      <line num="1262" count="69" type="cond" truecount="5" falsecount="0"/>
      <line num="1263" count="30" type="stmt"/>
      <line num="1264" count="30" type="stmt"/>
      <line num="1268" count="10" type="stmt"/>
      <line num="1269" count="10" type="stmt"/>
      <line num="1273" count="20" type="stmt"/>
      <line num="1274" count="20" type="stmt"/>
      <line num="1276" count="20" type="cond" truecount="4" falsecount="0"/>
      <line num="1277" count="13" type="cond" truecount="2" falsecount="0"/>
      <line num="1278" count="8" type="stmt"/>
      <line num="1279" count="8" type="stmt"/>
      <line num="1281" count="7" type="cond" truecount="2" falsecount="0"/>
      <line num="1282" count="4" type="cond" truecount="2" falsecount="0"/>
      <line num="1283" count="3" type="stmt"/>
      <line num="1284" count="3" type="stmt"/>
      <line num="1288" count="20" type="stmt"/>
      <line num="1289" count="11" type="cond" truecount="2" falsecount="0"/>
      <line num="1290" count="11" type="cond" truecount="2" falsecount="0"/>
      <line num="1291" count="11" type="stmt"/>
      <line num="1294" count="20" type="stmt"/>
      <line num="1297" count="20" type="cond" truecount="2" falsecount="0"/>
      <line num="1298" count="20" type="stmt"/>
      <line num="1300" count="20" type="stmt"/>
      <line num="1301" count="20" type="stmt"/>
      <line num="1305" count="9" type="stmt"/>
      <line num="1308" count="9" type="cond" truecount="2" falsecount="0"/>
      <line num="1309" count="1" type="stmt"/>
      <line num="1310" count="1" type="stmt"/>
      <line num="1320" count="8" type="cond" truecount="4" falsecount="0"/>
      <line num="1321" count="2" type="stmt"/>
      <line num="1322" count="2" type="stmt"/>
      <line num="1332" count="6" type="stmt"/>
      <line num="1333" count="6" type="stmt"/>
      <line num="1334" count="6" type="stmt"/>
      <line num="1336" count="6" type="stmt"/>
      <line num="1343" count="2" type="stmt"/>
      <line num="1344" count="2" type="stmt"/>
      <line num="1352" count="4" type="stmt"/>
      <line num="1355" count="4" type="cond" truecount="2" falsecount="0"/>
      <line num="1356" count="1" type="stmt"/>
      <line num="1357" count="1" type="stmt"/>
      <line num="1367" count="3" type="cond" truecount="4" falsecount="0"/>
      <line num="1368" count="1" type="stmt"/>
      <line num="1369" count="1" type="stmt"/>
      <line num="1382" count="2" type="cond" truecount="4" falsecount="0"/>
      <line num="1383" count="1" type="stmt"/>
      <line num="1384" count="1" type="stmt"/>
      <line num="1397" count="1" type="cond" truecount="1" falsecount="1"/>
      <line num="1398" count="1" type="stmt"/>
      <line num="1401" count="1" type="stmt"/>
      <line num="1402" count="1" type="stmt"/>
      <line num="1416" count="7" type="stmt"/>
      <line num="1419" count="7" type="cond" truecount="2" falsecount="0"/>
      <line num="1420" count="1" type="stmt"/>
      <line num="1421" count="1" type="stmt"/>
      <line num="1430" count="6" type="stmt"/>
      <line num="1431" count="6" type="stmt"/>
      <line num="1432" count="6" type="stmt"/>
      <line num="1434" count="6" type="stmt"/>
      <line num="1441" count="3" type="stmt"/>
      <line num="1442" count="3" type="stmt"/>
      <line num="1443" count="3" type="cond" truecount="1" falsecount="1"/>
      <line num="1444" count="2" type="stmt"/>
      <line num="1446" count="2" type="stmt"/>
      <line num="1450" count="0" type="stmt"/>
      <line num="1460" count="1" type="stmt"/>
      <line num="1461" count="1" type="stmt"/>
      <line num="1470" count="3" type="stmt"/>
      <line num="1473" count="3" type="cond" truecount="4" falsecount="0"/>
      <line num="1474" count="2" type="stmt"/>
      <line num="1475" count="2" type="stmt"/>
      <line num="1476" count="2" type="stmt"/>
      <line num="1477" count="1" type="stmt"/>
      <line num="1479" count="1" type="stmt"/>
      <line num="1483" count="1" type="stmt"/>
      <line num="1493" count="1" type="stmt"/>
      <line num="1494" count="1" type="stmt"/>
      <line num="1499" count="1" type="cond" truecount="3" falsecount="1"/>
      <line num="1500" count="0" type="stmt"/>
      <line num="1501" count="0" type="stmt"/>
      <line num="1514" count="1" type="cond" truecount="3" falsecount="1"/>
      <line num="1515" count="0" type="stmt"/>
      <line num="1516" count="0" type="stmt"/>
      <line num="1529" count="1" type="cond" truecount="1" falsecount="1"/>
      <line num="1530" count="0" type="stmt"/>
      <line num="1533" count="1" type="stmt"/>
      <line num="1534" count="1" type="stmt"/>
      <line num="1548" count="7" type="stmt"/>
      <line num="1551" count="7" type="cond" truecount="2" falsecount="0"/>
      <line num="1552" count="1" type="stmt"/>
      <line num="1553" count="1" type="stmt"/>
      <line num="1563" count="6" type="cond" truecount="4" falsecount="0"/>
      <line num="1564" count="1" type="stmt"/>
      <line num="1565" count="1" type="stmt"/>
      <line num="1575" count="5" type="stmt"/>
      <line num="1577" count="5" type="stmt"/>
      <line num="1578" count="5" type="stmt"/>
      <line num="1579" count="5" type="stmt"/>
      <line num="1581" count="5" type="cond" truecount="1" falsecount="1"/>
      <line num="1582" count="5" type="stmt"/>
      <line num="1583" count="0" type="cond" truecount="0" falsecount="2"/>
      <line num="1584" count="0" type="stmt"/>
      <line num="1588" count="5" type="stmt"/>
      <line num="1589" count="5" type="stmt"/>
      <line num="1590" count="5" type="stmt"/>
      <line num="1592" count="5" type="stmt"/>
      <line num="1594" count="5" type="stmt"/>
      <line num="1601" count="2" type="stmt"/>
      <line num="1602" count="2" type="stmt"/>
      <line num="1610" count="3" type="stmt"/>
      <line num="1613" count="3" type="cond" truecount="2" falsecount="0"/>
      <line num="1614" count="1" type="stmt"/>
      <line num="1615" count="1" type="stmt"/>
      <line num="1625" count="2" type="cond" truecount="5" falsecount="0"/>
      <line num="1628" count="1" type="stmt"/>
      <line num="1629" count="1" type="stmt"/>
      <line num="1642" count="1" type="cond" truecount="3" falsecount="1"/>
      <line num="1643" count="0" type="stmt"/>
      <line num="1644" count="0" type="stmt"/>
      <line num="1657" count="1" type="cond" truecount="1" falsecount="1"/>
      <line num="1658" count="0" type="stmt"/>
      <line num="1661" count="1" type="stmt"/>
      <line num="1662" count="1" type="stmt"/>
      <line num="1677" count="6" type="cond" truecount="2" falsecount="0"/>
      <line num="1678" count="1" type="stmt"/>
      <line num="1679" count="1" type="stmt"/>
      <line num="1688" count="5" type="stmt"/>
      <line num="1690" count="5" type="stmt"/>
      <line num="1691" count="5" type="stmt"/>
      <line num="1692" count="5" type="stmt"/>
      <line num="1694" count="5" type="cond" truecount="1" falsecount="1"/>
      <line num="1695" count="5" type="stmt"/>
      <line num="1696" count="0" type="cond" truecount="0" falsecount="2"/>
      <line num="1697" count="0" type="stmt"/>
      <line num="1701" count="5" type="stmt"/>
      <line num="1702" count="5" type="stmt"/>
      <line num="1703" count="5" type="stmt"/>
      <line num="1705" count="5" type="stmt"/>
      <line num="1707" count="5" type="stmt"/>
      <line num="1714" count="3" type="stmt"/>
      <line num="1715" count="3" type="cond" truecount="1" falsecount="1"/>
      <line num="1716" count="2" type="cond" truecount="2" falsecount="0"/>
      <line num="1718" count="2" type="stmt"/>
      <line num="1722" count="0" type="stmt"/>
      <line num="1732" count="1" type="stmt"/>
      <line num="1733" count="1" type="stmt"/>
      <line num="1742" count="2" type="stmt"/>
      <line num="1745" count="2" type="cond" truecount="1" falsecount="1"/>
      <line num="1746" count="2" type="stmt"/>
      <line num="1747" count="2" type="stmt"/>
      <line num="1748" count="2" type="stmt"/>
      <line num="1749" count="1" type="cond" truecount="1" falsecount="1"/>
      <line num="1751" count="1" type="stmt"/>
      <line num="1753" count="1" type="stmt"/>
      <line num="1757" count="0" type="stmt"/>
      <line num="1767" count="1" type="stmt"/>
      <line num="1768" count="1" type="stmt"/>
      <line num="1773" count="0" type="cond" truecount="0" falsecount="5"/>
      <line num="1776" count="0" type="stmt"/>
      <line num="1777" count="0" type="stmt"/>
      <line num="1790" count="0" type="cond" truecount="0" falsecount="4"/>
      <line num="1791" count="0" type="stmt"/>
      <line num="1792" count="0" type="stmt"/>
      <line num="1805" count="0" type="cond" truecount="0" falsecount="2"/>
      <line num="1806" count="0" type="stmt"/>
      <line num="1809" count="0" type="stmt"/>
      <line num="1810" count="0" type="stmt"/>
      <line num="1824" count="3" type="stmt"/>
      <line num="1826" count="3" type="stmt"/>
      <line num="1827" count="3" type="stmt"/>
      <line num="1828" count="3" type="stmt"/>
      <line num="1829" count="3" type="stmt"/>
      <line num="1834" count="3" type="cond" truecount="2" falsecount="0"/>
      <line num="1836" count="1" type="stmt"/>
      <line num="1837" count="2" type="cond" truecount="1" falsecount="1"/>
      <line num="1839" count="2" type="stmt"/>
      <line num="1842" count="0" type="stmt"/>
      <line num="1845" count="3" type="stmt"/>
      <line num="1846" count="3" type="cond" truecount="2" falsecount="0"/>
      <line num="1847" count="3" type="cond" truecount="1" falsecount="1"/>
      <line num="1848" count="3" type="cond" truecount="1" falsecount="1"/>
      <line num="1849" count="3" type="cond" truecount="2" falsecount="0"/>
      <line num="1850" count="3" type="cond" truecount="3" falsecount="1"/>
      <line num="1852" count="3" type="cond" truecount="2" falsecount="0"/>
      <line num="1853" count="1" type="stmt"/>
      <line num="1854" count="1" type="stmt"/>
      <line num="1857" count="2" type="cond" truecount="2" falsecount="1"/>
      <line num="1859" count="1" type="stmt"/>
      <line num="1860" count="1" type="stmt"/>
      <line num="1862" count="1" type="stmt"/>
      <line num="1863" count="1" type="stmt"/>
      <line num="1865" count="0" type="stmt"/>
      <line num="1866" count="0" type="stmt"/>
      <line num="1871" count="4" type="stmt"/>
      <line num="1872" count="4" type="stmt"/>
      <line num="1875" count="4" type="stmt"/>
      <line num="1876" count="4" type="cond" truecount="2" falsecount="0"/>
      <line num="1877" count="2" type="stmt"/>
      <line num="1878" count="1" type="stmt"/>
      <line num="1881" count="1" type="stmt"/>
      <line num="1883" count="1" type="stmt"/>
      <line num="1884" count="1" type="stmt"/>
      <line num="1885" count="1" type="stmt"/>
      <line num="1889" count="3" type="stmt"/>
      <line num="1890" count="0" type="stmt"/>
      <line num="1891" count="0" type="stmt"/>
      <line num="1892" count="0" type="cond" truecount="0" falsecount="2"/>
      <line num="1893" count="0" type="stmt"/>
      <line num="1895" count="0" type="stmt"/>
      <line num="1898" count="3" type="stmt"/>
      <line num="1899" count="3" type="stmt"/>
      <line num="1900" count="3" type="stmt"/>
      <line num="1902" count="3" type="stmt"/>
      <line num="1903" count="3" type="stmt"/>
      <line num="1904" count="3" type="stmt"/>
      <line num="1905" count="3" type="stmt"/>
      <line num="1907" count="3" type="stmt"/>
      <line num="1908" count="2" type="cond" truecount="1" falsecount="1"/>
      <line num="1912" count="2" type="stmt"/>
      <line num="1913" count="2" type="stmt"/>
      <line num="1914" count="2" type="stmt"/>
      <line num="1917" count="2" type="stmt"/>
      <line num="1918" count="0" type="cond" truecount="0" falsecount="2"/>
      <line num="1919" count="0" type="cond" truecount="0" falsecount="2"/>
      <line num="1921" count="0" type="stmt"/>
      <line num="1924" count="2" type="stmt"/>
      <line num="1925" count="2" type="cond" truecount="1" falsecount="1"/>
      <line num="1926" count="2" type="cond" truecount="1" falsecount="1"/>
      <line num="1927" count="2" type="stmt"/>
      <line num="1928" count="2" type="cond" truecount="1" falsecount="1"/>
      <line num="1929" count="0" type="stmt"/>
      <line num="1931" count="2" type="stmt"/>
      <line num="1934" count="2" type="stmt"/>
      <line num="1938" count="3" type="stmt"/>
      <line num="1939" count="3" type="cond" truecount="1" falsecount="1"/>
      <line num="1940" count="3" type="stmt"/>
      <line num="1941" count="3" type="stmt"/>
      <line num="1943" count="12" type="cond" truecount="3" falsecount="1"/>
      <line num="1944" count="0" type="stmt"/>
      <line num="1945" count="0" type="stmt"/>
      <line num="1946" count="0" type="stmt"/>
      <line num="1947" count="0" type="cond" truecount="0" falsecount="3"/>
      <line num="1948" count="0" type="stmt"/>
      <line num="1949" count="0" type="stmt"/>
      <line num="1952" count="12" type="cond" truecount="4" falsecount="1"/>
      <line num="1953" count="0" type="stmt"/>
      <line num="1954" count="0" type="stmt"/>
      <line num="1955" count="0" type="stmt"/>
      <line num="1956" count="0" type="cond" truecount="0" falsecount="4"/>
      <line num="1957" count="0" type="stmt"/>
      <line num="1958" count="0" type="stmt"/>
      <line num="1962" count="3" type="stmt"/>
      <line num="1963" count="12" type="cond" truecount="5" falsecount="0"/>
      <line num="1965" count="3" type="cond" truecount="1" falsecount="1"/>
      <line num="1966" count="3" type="stmt"/>
      <line num="1967" count="3" type="stmt"/>
      <line num="1968" count="12" type="stmt"/>
      <line num="1969" count="3" type="stmt"/>
      <line num="1972" count="3" type="stmt"/>
      <line num="1975" count="3" type="stmt"/>
      <line num="1979" count="4" type="cond" truecount="2" falsecount="0"/>
      <line num="1981" count="1" type="stmt"/>
      <line num="1982" count="0" type="stmt"/>
      <line num="1983" count="0" type="stmt"/>
      <line num="1984" count="0" type="cond" truecount="0" falsecount="2"/>
      <line num="1985" count="0" type="stmt"/>
      <line num="1987" count="0" type="stmt"/>
      <line num="1990" count="1" type="stmt"/>
      <line num="1991" count="1" type="stmt"/>
      <line num="1992" count="1" type="stmt"/>
      <line num="1994" count="1" type="stmt"/>
      <line num="1995" count="1" type="stmt"/>
      <line num="1996" count="1" type="stmt"/>
      <line num="1997" count="1" type="stmt"/>
      <line num="1999" count="1" type="stmt"/>
      <line num="2000" count="1" type="cond" truecount="1" falsecount="1"/>
      <line num="2004" count="1" type="stmt"/>
      <line num="2005" count="1" type="stmt"/>
      <line num="2006" count="1" type="stmt"/>
      <line num="2009" count="1" type="stmt"/>
      <line num="2010" count="0" type="cond" truecount="0" falsecount="2"/>
      <line num="2011" count="0" type="cond" truecount="0" falsecount="2"/>
      <line num="2013" count="0" type="stmt"/>
      <line num="2016" count="1" type="stmt"/>
      <line num="2017" count="1" type="cond" truecount="1" falsecount="1"/>
      <line num="2018" count="1" type="cond" truecount="1" falsecount="1"/>
      <line num="2019" count="1" type="stmt"/>
      <line num="2020" count="1" type="cond" truecount="1" falsecount="1"/>
      <line num="2021" count="0" type="stmt"/>
      <line num="2023" count="1" type="stmt"/>
      <line num="2026" count="1" type="stmt"/>
      <line num="2031" count="4" type="stmt"/>
      <line num="2032" count="4" type="stmt"/>
      <line num="2033" count="4" type="stmt"/>
      <line num="2034" count="4" type="stmt"/>
      <line num="2036" count="0" type="stmt"/>
      <line num="2037" count="0" type="stmt"/>
      <line num="2043" count="3" type="cond" truecount="2" falsecount="0"/>
      <line num="2044" count="1" type="stmt"/>
      <line num="2047" count="2" type="stmt"/>
      <line num="2048" count="2" type="stmt"/>
      <line num="2050" count="2" type="stmt"/>
      <line num="2051" count="2" type="cond" truecount="2" falsecount="0"/>
      <line num="2052" count="2" type="stmt"/>
      <line num="2055" count="2" type="stmt"/>
      <line num="2056" count="3" type="cond" truecount="2" falsecount="0"/>
      <line num="2057" count="3" type="cond" truecount="2" falsecount="0"/>
      <line num="2058" count="3" type="stmt"/>
      <line num="2059" count="3" type="stmt"/>
      <line num="2062" count="2" type="stmt"/>
      <line num="2063" count="2" type="stmt"/>
      <line num="2065" count="2" type="stmt"/>
      <line num="2066" count="3" type="stmt"/>
      <line num="2067" count="3" type="cond" truecount="1" falsecount="1"/>
      <line num="2068" count="0" type="stmt"/>
      <line num="2070" count="3" type="stmt"/>
      <line num="2074" count="2" type="stmt"/>
      <line num="2075" count="2" type="stmt"/>
      <line num="2077" count="2" type="stmt"/>
      <line num="2081" count="2" type="cond" truecount="2" falsecount="0"/>
      <line num="2083" count="2" type="cond" truecount="2" falsecount="0"/>
      <line num="2084" count="1" type="stmt"/>
      <line num="2087" count="1" type="stmt"/>
      <line num="2088" count="1" type="stmt"/>
      <line num="2089" count="1" type="stmt"/>
      <line num="2091" count="1" type="stmt"/>
      <line num="2092" count="1" type="stmt"/>
      <line num="2096" count="1" type="cond" truecount="2" falsecount="0"/>
      <line num="2097" count="1" type="stmt"/>
      <line num="2098" count="1" type="stmt"/>
      <line num="2099" count="1" type="stmt"/>
      <line num="2102" count="1" type="stmt"/>
      <line num="2103" count="1" type="stmt"/>
      <line num="2104" count="1" type="stmt"/>
      <line num="2105" count="1" type="stmt"/>
      <line num="2106" count="1" type="stmt"/>
      <line num="2111" count="1" type="stmt"/>
      <line num="2112" count="1" type="stmt"/>
      <line num="2115" count="1" type="stmt"/>
      <line num="2116" count="1" type="stmt"/>
      <line num="2117" count="1" type="stmt"/>
      <line num="2118" count="1" type="stmt"/>
      <line num="2119" count="1" type="stmt"/>
      <line num="2120" count="1" type="cond" truecount="2" falsecount="2"/>
      <line num="2121" count="1" type="cond" truecount="1" falsecount="3"/>
      <line num="2122" count="1" type="stmt"/>
      <line num="2126" count="1" type="stmt"/>
      <line num="2127" count="1" type="cond" truecount="1" falsecount="1"/>
      <line num="2128" count="0" type="stmt"/>
      <line num="2129" count="0" type="stmt"/>
      <line num="2133" count="1" type="stmt"/>
      <line num="2150" count="1" type="cond" truecount="1" falsecount="1"/>
      <line num="2151" count="1" type="stmt"/>
      <line num="2152" count="1" type="stmt"/>
      <line num="2154" count="1" type="stmt"/>
      <line num="2155" count="1" type="stmt"/>
      <line num="2156" count="1" type="cond" truecount="1" falsecount="1"/>
      <line num="2157" count="1" type="stmt"/>
      <line num="2160" count="1" type="stmt"/>
      <line num="2161" count="0" type="cond" truecount="0" falsecount="2"/>
      <line num="2162" count="0" type="cond" truecount="0" falsecount="2"/>
      <line num="2164" count="0" type="stmt"/>
      <line num="2167" count="1" type="stmt"/>
      <line num="2168" count="1" type="cond" truecount="1" falsecount="1"/>
      <line num="2169" count="1" type="cond" truecount="1" falsecount="1"/>
      <line num="2170" count="1" type="stmt"/>
      <line num="2171" count="1" type="cond" truecount="1" falsecount="1"/>
      <line num="2172" count="0" type="stmt"/>
      <line num="2174" count="1" type="stmt"/>
      <line num="2176" count="1" type="stmt"/>
      <line num="2179" count="0" type="stmt"/>
      <line num="2180" count="0" type="stmt"/>
      <line num="2181" count="0" type="stmt"/>
      <line num="2182" count="0" type="stmt"/>
      <line num="2186" count="1" type="stmt"/>
      <line num="2187" count="1" type="cond" truecount="1" falsecount="1"/>
      <line num="2188" count="1" type="stmt"/>
      <line num="2189" count="1" type="stmt"/>
      <line num="2190" count="1" type="stmt"/>
      <line num="2192" count="4" type="cond" truecount="3" falsecount="1"/>
      <line num="2193" count="0" type="stmt"/>
      <line num="2194" count="0" type="stmt"/>
      <line num="2195" count="0" type="stmt"/>
      <line num="2196" count="0" type="cond" truecount="0" falsecount="3"/>
      <line num="2197" count="0" type="stmt"/>
      <line num="2198" count="0" type="stmt"/>
      <line num="2201" count="4" type="cond" truecount="4" falsecount="1"/>
      <line num="2202" count="0" type="stmt"/>
      <line num="2203" count="0" type="stmt"/>
      <line num="2204" count="0" type="stmt"/>
      <line num="2205" count="0" type="cond" truecount="0" falsecount="4"/>
      <line num="2206" count="0" type="stmt"/>
      <line num="2207" count="0" type="stmt"/>
      <line num="2211" count="1" type="stmt"/>
      <line num="2212" count="4" type="cond" truecount="5" falsecount="0"/>
      <line num="2214" count="1" type="cond" truecount="1" falsecount="1"/>
      <line num="2215" count="1" type="stmt"/>
      <line num="2216" count="1" type="stmt"/>
      <line num="2217" count="4" type="stmt"/>
      <line num="2218" count="1" type="stmt"/>
      <line num="2221" count="1" type="stmt"/>
      <line num="2224" count="1" type="stmt"/>
      <line num="2247" count="1" type="stmt"/>
      <line num="2253" count="8" type="stmt"/>
      <line num="2256" count="8" type="cond" truecount="2" falsecount="0"/>
      <line num="2257" count="4" type="stmt"/>
      <line num="2260" count="8" type="stmt"/>
      <line num="2261" count="8" type="stmt"/>
      <line num="2264" count="8" type="stmt"/>
      <line num="2265" count="8" type="stmt"/>
      <line num="2266" count="6" type="cond" truecount="2" falsecount="0"/>
      <line num="2267" count="2" type="stmt"/>
      <line num="2268" count="2" type="stmt"/>
      <line num="2273" count="8" type="stmt"/>
      <line num="2274" count="8" type="stmt"/>
      <line num="2275" count="2" type="stmt"/>
      <line num="2276" count="2" type="stmt"/>
      <line num="2279" count="8" type="stmt"/>
      <line num="2280" count="8" type="stmt"/>
      <line num="2282" count="8" type="stmt"/>
      <line num="2285" count="8" type="cond" truecount="2" falsecount="2"/>
      <line num="2286" count="0" type="stmt"/>
      <line num="2287" count="0" type="stmt"/>
      <line num="2291" count="8" type="stmt"/>
      <line num="2296" count="8" type="stmt"/>
      <line num="2300" count="7" type="stmt"/>
      <line num="2301" count="7" type="stmt"/>
      <line num="2304" count="7" type="cond" truecount="2" falsecount="0"/>
      <line num="2305" count="3" type="stmt"/>
      <line num="2306" count="3" type="stmt"/>
      <line num="2314" count="4" type="stmt"/>
      <line num="2315" count="4" type="stmt"/>
      <line num="2316" count="2" type="cond" truecount="1" falsecount="1"/>
      <line num="2319" count="2" type="cond" truecount="1" falsecount="1"/>
      <line num="2320" count="2" type="cond" truecount="1" falsecount="1"/>
      <line num="2321" count="2" type="stmt"/>
      <line num="2324" count="4" type="stmt"/>
      <line num="2325" count="4" type="cond" truecount="1" falsecount="1"/>
      <line num="2327" count="2" type="cond" truecount="2" falsecount="0"/>
      <line num="2328" count="2" type="stmt"/>
      <line num="2330" count="2" type="stmt"/>
      <line num="2343" count="2" type="stmt"/>
      <line num="2344" count="2" type="stmt"/>
      <line num="2354" count="9" type="cond" truecount="2" falsecount="0"/>
      <line num="2355" count="1" type="stmt"/>
      <line num="2356" count="1" type="stmt"/>
      <line num="2359" count="8" type="stmt"/>
      <line num="2364" count="8" type="cond" truecount="4" falsecount="0"/>
      <line num="2365" count="3" type="stmt"/>
      <line num="2368" count="5" type="cond" truecount="2" falsecount="0"/>
      <line num="2371" count="8" type="stmt"/>
      <line num="2372" count="8" type="stmt"/>
      <line num="2376" count="3" type="stmt"/>
      <line num="2378" count="3" type="cond" truecount="2" falsecount="0"/>
      <line num="2379" count="3" type="stmt"/>
      <line num="2380" count="3" type="stmt"/>
      <line num="2381" count="2" type="stmt"/>
      <line num="2383" count="3" type="stmt"/>
      <line num="2384" count="2" type="stmt"/>
      <line num="2388" count="3" type="stmt"/>
      <line num="2389" count="3" type="stmt"/>
      <line num="2393" count="3" type="stmt"/>
      <line num="2402" count="2" type="stmt"/>
      <line num="2403" count="5" type="stmt"/>
      <line num="2419" count="3" type="stmt"/>
      <line num="2420" count="3" type="stmt"/>
      <line num="2424" count="4" type="cond" truecount="1" falsecount="1"/>
      <line num="2425" count="0" type="stmt"/>
      <line num="2426" count="0" type="stmt"/>
      <line num="2429" count="4" type="stmt"/>
      <line num="2431" count="4" type="stmt"/>
      <line num="2433" count="4" type="stmt"/>
      <line num="2434" count="4" type="stmt"/>
      <line num="2435" count="3" type="stmt"/>
      <line num="2437" count="3" type="stmt"/>
      <line num="2440" count="3" type="stmt"/>
      <line num="2441" count="3" type="stmt"/>
      <line num="2444" count="3" type="stmt"/>
      <line num="2448" count="3" type="stmt"/>
      <line num="2450" count="3" type="cond" truecount="1" falsecount="1"/>
      <line num="2452" count="0" type="stmt"/>
      <line num="2453" count="0" type="stmt"/>
      <line num="2456" count="3" type="stmt"/>
      <line num="2457" count="3" type="stmt"/>
      <line num="2461" count="3" type="cond" truecount="2" falsecount="0"/>
      <line num="2462" count="3" type="stmt"/>
      <line num="2465" count="3" type="stmt"/>
      <line num="2466" count="1" type="stmt"/>
      <line num="2468" count="1" type="stmt"/>
      <line num="2470" count="3" type="stmt"/>
      <line num="2471" count="3" type="stmt"/>
      <line num="2477" count="2" type="stmt"/>
      <line num="2480" count="2" type="stmt"/>
      <line num="2481" count="2" type="stmt"/>
      <line num="2483" count="2" type="stmt"/>
      <line num="2484" count="0" type="stmt"/>
      <line num="2486" count="0" type="stmt"/>
      <line num="2488" count="0" type="stmt"/>
      <line num="2489" count="0" type="cond" truecount="0" falsecount="2"/>
      <line num="2492" count="0" type="stmt"/>
      <line num="2494" count="0" type="stmt"/>
      <line num="2495" count="0" type="stmt"/>
      <line num="2496" count="0" type="cond" truecount="0" falsecount="2"/>
      <line num="2497" count="0" type="stmt"/>
      <line num="2500" count="0" type="cond" truecount="0" falsecount="2"/>
      <line num="2501" count="0" type="stmt"/>
      <line num="2502" count="0" type="stmt"/>
      <line num="2503" count="0" type="stmt"/>
      <line num="2507" count="0" type="cond" truecount="0" falsecount="4"/>
      <line num="2508" count="0" type="stmt"/>
      <line num="2509" count="0" type="stmt"/>
      <line num="2510" count="0" type="stmt"/>
      <line num="2514" count="0" type="stmt"/>
      <line num="2516" count="0" type="cond" truecount="0" falsecount="2"/>
      <line num="2517" count="0" type="stmt"/>
      <line num="2518" count="0" type="stmt"/>
      <line num="2519" count="0" type="stmt"/>
      <line num="2522" count="0" type="stmt"/>
      <line num="2525" count="0" type="stmt"/>
      <line num="2528" count="0" type="stmt"/>
      <line num="2530" count="0" type="cond" truecount="0" falsecount="2"/>
      <line num="2531" count="0" type="stmt"/>
      <line num="2532" count="0" type="cond" truecount="0" falsecount="4"/>
      <line num="2534" count="0" type="stmt"/>
      <line num="2535" count="0" type="cond" truecount="0" falsecount="2"/>
      <line num="2536" count="0" type="stmt"/>
      <line num="2538" count="0" type="stmt"/>
      <line num="2539" count="0" type="stmt"/>
      <line num="2544" count="0" type="cond" truecount="0" falsecount="2"/>
      <line num="2548" count="0" type="stmt"/>
      <line num="2549" count="0" type="cond" truecount="0" falsecount="2"/>
      <line num="2550" count="0" type="stmt"/>
      <line num="2552" count="0" type="cond" truecount="0" falsecount="4"/>
      <line num="2553" count="0" type="stmt"/>
      <line num="2554" count="0" type="stmt"/>
      <line num="2556" count="0" type="stmt"/>
      <line num="2557" count="0" type="stmt"/>
      <line num="2561" count="0" type="stmt"/>
      <line num="2562" count="0" type="stmt"/>
      <line num="2563" count="0" type="stmt"/>
      <line num="2564" count="0" type="stmt"/>
      <line num="2565" count="0" type="stmt"/>
      <line num="2566" count="0" type="cond" truecount="0" falsecount="2"/>
      <line num="2567" count="0" type="cond" truecount="0" falsecount="2"/>
      <line num="2568" count="0" type="cond" truecount="0" falsecount="2"/>
      <line num="2571" count="0" type="stmt"/>
      <line num="2575" count="0" type="stmt"/>
      <line num="2576" count="0" type="cond" truecount="0" falsecount="4"/>
      <line num="2577" count="0" type="stmt"/>
      <line num="2578" count="0" type="stmt"/>
      <line num="2580" count="0" type="stmt"/>
      <line num="2582" count="0" type="stmt"/>
      <line num="2583" count="0" type="stmt"/>
      <line num="2588" count="0" type="stmt"/>
      <line num="2590" count="0" type="stmt"/>
      <line num="2591" count="0" type="stmt"/>
      <line num="2592" count="0" type="stmt"/>
      <line num="2593" count="0" type="stmt"/>
      <line num="2594" count="0" type="cond" truecount="0" falsecount="2"/>
      <line num="2595" count="0" type="cond" truecount="0" falsecount="2"/>
      <line num="2596" count="0" type="cond" truecount="0" falsecount="2"/>
      <line num="2597" count="0" type="cond" truecount="0" falsecount="2"/>
      <line num="2601" count="0" type="stmt"/>
      <line num="2602" count="0" type="cond" truecount="0" falsecount="3"/>
      <line num="2604" count="0" type="stmt"/>
      <line num="2605" count="0" type="stmt"/>
      <line num="2608" count="0" type="cond" truecount="0" falsecount="2"/>
      <line num="2609" count="0" type="stmt"/>
      <line num="2610" count="0" type="cond" truecount="0" falsecount="2"/>
      <line num="2611" count="0" type="stmt"/>
      <line num="2612" count="0" type="stmt"/>
      <line num="2613" count="0" type="stmt"/>
      <line num="2614" count="0" type="stmt"/>
      <line num="2615" count="0" type="stmt"/>
      <line num="2616" count="0" type="stmt"/>
      <line num="2621" count="0" type="cond" truecount="0" falsecount="2"/>
      <line num="2623" count="0" type="stmt"/>
      <line num="2624" count="0" type="stmt"/>
      <line num="2625" count="0" type="stmt"/>
      <line num="2627" count="0" type="cond" truecount="0" falsecount="2"/>
      <line num="2629" count="0" type="stmt"/>
      <line num="2630" count="0" type="stmt"/>
      <line num="2631" count="0" type="stmt"/>
      <line num="2633" count="0" type="stmt"/>
      <line num="2637" count="0" type="stmt"/>
      <line num="2638" count="0" type="cond" truecount="0" falsecount="2"/>
      <line num="2639" count="0" type="stmt"/>
      <line num="2640" count="0" type="stmt"/>
      <line num="2641" count="0" type="stmt"/>
      <line num="2642" count="0" type="stmt"/>
      <line num="2643" count="0" type="stmt"/>
      <line num="2644" count="0" type="stmt"/>
      <line num="2649" count="0" type="stmt"/>
      <line num="2650" count="0" type="cond" truecount="0" falsecount="2"/>
      <line num="2651" count="0" type="stmt"/>
      <line num="2654" count="0" type="stmt"/>
      <line num="2655" count="0" type="stmt"/>
      <line num="2656" count="0" type="stmt"/>
      <line num="2657" count="0" type="stmt"/>
      <line num="2660" count="0" type="stmt"/>
      <line num="2661" count="0" type="stmt"/>
      <line num="2662" count="0" type="stmt"/>
      <line num="2664" count="0" type="stmt"/>
      <line num="2669" count="2" type="stmt"/>
      <line num="2670" count="0" type="stmt"/>
      <line num="2671" count="0" type="stmt"/>
      <line num="2672" count="0" type="stmt"/>
      <line num="2677" count="2" type="cond" truecount="1" falsecount="1"/>
      <line num="2679" count="0" type="stmt"/>
      <line num="2682" count="2" type="stmt"/>
    </file>
    <file name="setup-linter-hook.js" path="/Users/jeremyparker/Desktop/Claude Coding Projects/post-tool-stop-hook/setup-linter-hook.js">
      <metrics statements="71" coveredstatements="69" conditionals="28" coveredconditionals="27" methods="9" coveredmethods="9"/>
      <line num="9" count="1" type="stmt"/>
      <line num="10" count="1" type="stmt"/>
      <line num="11" count="1" type="stmt"/>
      <line num="13" count="1" type="stmt"/>
      <line num="14" count="1" type="stmt"/>
      <line num="17" count="10" type="stmt"/>
      <line num="18" count="10" type="cond" truecount="2" falsecount="0"/>
      <line num="19" count="1" type="stmt"/>
      <line num="20" count="1" type="stmt"/>
      <line num="25" count="16" type="cond" truecount="2" falsecount="0"/>
      <line num="26" count="15" type="stmt"/>
      <line num="27" count="15" type="stmt"/>
      <line num="28" count="14" type="stmt"/>
      <line num="30" count="2" type="stmt"/>
      <line num="31" count="2" type="stmt"/>
      <line num="32" count="2" type="stmt"/>
      <line num="35" count="3" type="stmt"/>
      <line num="39" count="9" type="stmt"/>
      <line num="42" count="9" type="cond" truecount="2" falsecount="0"/>
      <line num="43" count="1" type="stmt"/>
      <line num="44" count="1" type="stmt"/>
      <line num="48" count="8" type="stmt"/>
      <line num="51" count="8" type="stmt"/>
      <line num="54" count="8" type="cond" truecount="2" falsecount="0"/>
      <line num="55" count="5" type="stmt"/>
      <line num="59" count="8" type="cond" truecount="2" falsecount="0"/>
      <line num="60" count="5" type="stmt"/>
      <line num="64" count="8" type="stmt"/>
      <line num="65" count="5" type="cond" truecount="2" falsecount="0"/>
      <line num="66" count="5" type="cond" truecount="2" falsecount="0"/>
      <line num="70" count="8" type="cond" truecount="2" falsecount="0"/>
      <line num="71" count="3" type="stmt"/>
      <line num="72" count="3" type="stmt"/>
      <line num="75" count="3" type="stmt"/>
      <line num="76" count="5" type="stmt"/>
      <line num="81" count="8" type="stmt"/>
      <line num="92" count="8" type="stmt"/>
      <line num="95" count="8" type="stmt"/>
      <line num="96" count="8" type="stmt"/>
      <line num="97" count="7" type="stmt"/>
      <line num="98" count="7" type="stmt"/>
      <line num="101" count="7" type="stmt"/>
      <line num="102" count="7" type="stmt"/>
      <line num="103" count="7" type="stmt"/>
      <line num="104" count="7" type="stmt"/>
      <line num="106" count="7" type="stmt"/>
      <line num="107" count="7" type="stmt"/>
      <line num="108" count="7" type="stmt"/>
      <line num="109" count="7" type="stmt"/>
      <line num="110" count="7" type="stmt"/>
      <line num="111" count="7" type="stmt"/>
      <line num="113" count="7" type="stmt"/>
      <line num="114" count="7" type="stmt"/>
      <line num="115" count="7" type="stmt"/>
      <line num="116" count="7" type="stmt"/>
      <line num="119" count="1" type="stmt"/>
      <line num="120" count="1" type="stmt"/>
      <line num="125" count="4" type="stmt"/>
      <line num="127" count="4" type="cond" truecount="4" falsecount="0"/>
      <line num="128" count="2" type="stmt"/>
      <line num="129" count="2" type="cond" truecount="2" falsecount="0"/>
      <line num="130" count="2" type="cond" truecount="2" falsecount="0"/>
      <line num="134" count="2" type="cond" truecount="2" falsecount="0"/>
      <line num="135" count="1" type="stmt"/>
      <line num="136" count="1" type="stmt"/>
      <line num="138" count="1" type="stmt"/>
      <line num="141" count="2" type="stmt"/>
      <line num="146" count="1" type="cond" truecount="1" falsecount="1"/>
      <line num="148" count="0" type="stmt"/>
      <line num="149" count="0" type="stmt"/>
      <line num="152" count="1" type="stmt"/>
    </file>
    <file name="setup-post-tool-hook.js" path="/Users/jeremyparker/Desktop/Claude Coding Projects/post-tool-stop-hook/setup-post-tool-hook.js">
      <metrics statements="263" coveredstatements="211" conditionals="132" coveredconditionals="95" methods="34" coveredmethods="28"/>
      <line num="17" count="1" type="stmt"/>
      <line num="18" count="1" type="stmt"/>
      <line num="19" count="1" type="stmt"/>
      <line num="20" count="1" type="stmt"/>
      <line num="23" count="1" type="stmt"/>
      <line num="27" count="16" type="stmt"/>
      <line num="31" count="34" type="stmt"/>
      <line num="39" count="32" type="stmt"/>
      <line num="40" count="32" type="cond" truecount="2" falsecount="0"/>
      <line num="44" count="1" type="stmt"/>
      <line num="45" count="1" type="stmt"/>
      <line num="46" count="1" type="stmt"/>
      <line num="49" count="1" type="stmt"/>
      <line num="50" count="1" type="stmt"/>
      <line num="63" count="5" type="stmt"/>
      <line num="64" count="5" type="stmt"/>
      <line num="65" count="5" type="cond" truecount="4" falsecount="0"/>
      <line num="66" count="1" type="stmt"/>
      <line num="68" count="4" type="stmt"/>
      <line num="72" count="0" type="stmt"/>
      <line num="111" count="4" type="stmt"/>
      <line num="112" count="4" type="cond" truecount="2" falsecount="0"/>
      <line num="113" count="1" type="stmt"/>
      <line num="114" count="1" type="stmt"/>
      <line num="115" count="1" type="stmt"/>
      <line num="117" count="3" type="stmt"/>
      <line num="121" count="12" type="stmt"/>
      <line num="122" count="12" type="cond" truecount="2" falsecount="0"/>
      <line num="123" count="11" type="stmt"/>
      <line num="124" count="11" type="stmt"/>
      <line num="125" count="10" type="stmt"/>
      <line num="127" count="3" type="stmt"/>
      <line num="128" count="3" type="stmt"/>
      <line num="131" count="3" type="stmt"/>
      <line num="132" count="3" type="stmt"/>
      <line num="133" count="3" type="stmt"/>
      <line num="135" count="3" type="stmt"/>
      <line num="138" count="4" type="stmt"/>
      <line num="142" count="6" type="stmt"/>
      <line num="143" count="6" type="stmt"/>
      <line num="145" count="6" type="cond" truecount="1" falsecount="1"/>
      <line num="146" count="6" type="stmt"/>
      <line num="147" count="6" type="stmt"/>
      <line num="148" count="6" type="stmt"/>
      <line num="151" count="6" type="stmt"/>
      <line num="152" count="5" type="stmt"/>
      <line num="154" count="1" type="stmt"/>
      <line num="156" count="1" type="stmt"/>
      <line num="161" count="10" type="stmt"/>
      <line num="162" count="10" type="stmt"/>
      <line num="163" count="10" type="cond" truecount="2" falsecount="0"/>
      <line num="164" count="3" type="stmt"/>
      <line num="165" count="3" type="stmt"/>
      <line num="166" count="3" type="stmt"/>
      <line num="170" count="6" type="stmt"/>
      <line num="171" count="6" type="cond" truecount="2" falsecount="0"/>
      <line num="172" count="1" type="stmt"/>
      <line num="173" count="1" type="stmt"/>
      <line num="177" count="5" type="stmt"/>
      <line num="178" count="5" type="stmt"/>
      <line num="180" count="0" type="stmt"/>
      <line num="181" count="0" type="stmt"/>
      <line num="184" count="5" type="stmt"/>
      <line num="185" count="5" type="stmt"/>
      <line num="187" count="1" type="stmt"/>
      <line num="188" count="1" type="stmt"/>
      <line num="193" count="2" type="stmt"/>
      <line num="194" count="2" type="stmt"/>
      <line num="197" count="2" type="cond" truecount="2" falsecount="0"/>
      <line num="198" count="1" type="stmt"/>
      <line num="199" count="1" type="stmt"/>
      <line num="202" count="2" type="stmt"/>
      <line num="203" count="2" type="cond" truecount="2" falsecount="0"/>
      <line num="204" count="1" type="stmt"/>
      <line num="205" count="1" type="stmt"/>
      <line num="207" count="0" type="stmt"/>
      <line num="208" count="0" type="stmt"/>
      <line num="213" count="2" type="cond" truecount="1" falsecount="1"/>
      <line num="214" count="2" type="stmt"/>
      <line num="216" count="2" type="cond" truecount="1" falsecount="1"/>
      <line num="217" count="2" type="stmt"/>
      <line num="221" count="2" type="stmt"/>
      <line num="222" count="0" type="cond" truecount="0" falsecount="2"/>
      <line num="223" count="0" type="cond" truecount="0" falsecount="2"/>
      <line num="228" count="2" type="stmt"/>
      <line num="239" count="2" type="stmt"/>
      <line num="242" count="2" type="stmt"/>
      <line num="243" count="2" type="stmt"/>
      <line num="244" count="2" type="stmt"/>
      <line num="245" count="2" type="stmt"/>
      <line num="247" count="0" type="stmt"/>
      <line num="248" count="0" type="stmt"/>
      <line num="253" count="3" type="stmt"/>
      <line num="256" count="3" type="cond" truecount="2" falsecount="0"/>
      <line num="257" count="1" type="stmt"/>
      <line num="260" count="2" type="cond" truecount="1" falsecount="1"/>
      <line num="262" count="0" type="stmt"/>
      <line num="264" count="0" type="cond" truecount="0" falsecount="2"/>
      <line num="265" count="0" type="stmt"/>
      <line num="266" count="0" type="stmt"/>
      <line num="269" count="0" type="stmt"/>
      <line num="272" count="2" type="stmt"/>
      <line num="275" count="2" type="stmt"/>
      <line num="278" count="2" type="stmt"/>
      <line num="281" count="2" type="cond" truecount="2" falsecount="0"/>
      <line num="282" count="1" type="stmt"/>
      <line num="284" count="2" type="cond" truecount="2" falsecount="0"/>
      <line num="285" count="1" type="stmt"/>
      <line num="289" count="2" type="stmt"/>
      <line num="290" count="1" type="cond" truecount="1" falsecount="1"/>
      <line num="291" count="0" type="cond" truecount="0" falsecount="2"/>
      <line num="295" count="2" type="cond" truecount="1" falsecount="1"/>
      <line num="296" count="0" type="cond" truecount="0" falsecount="2"/>
      <line num="297" count="0" type="stmt"/>
      <line num="298" count="0" type="stmt"/>
      <line num="299" count="0" type="stmt"/>
      <line num="300" count="0" type="stmt"/>
      <line num="303" count="0" type="stmt"/>
      <line num="304" count="0" type="stmt"/>
      <line num="308" count="2" type="stmt"/>
      <line num="319" count="2" type="stmt"/>
      <line num="322" count="2" type="cond" truecount="1" falsecount="1"/>
      <line num="323" count="2" type="stmt"/>
      <line num="324" count="2" type="stmt"/>
      <line num="325" count="2" type="stmt"/>
      <line num="326" count="2" type="stmt"/>
      <line num="328" count="0" type="stmt"/>
      <line num="334" count="3" type="stmt"/>
      <line num="337" count="3" type="cond" truecount="2" falsecount="0"/>
      <line num="338" count="1" type="stmt"/>
      <line num="342" count="2" type="stmt"/>
      <line num="343" count="2" type="stmt"/>
      <line num="344" count="2" type="stmt"/>
      <line num="346" count="2" type="cond" truecount="4" falsecount="0"/>
      <line num="347" count="1" type="stmt"/>
      <line num="349" count="1" type="stmt"/>
      <line num="350" count="1" type="cond" truecount="2" falsecount="0"/>
      <line num="351" count="1" type="cond" truecount="2" falsecount="0"/>
      <line num="355" count="1" type="cond" truecount="1" falsecount="1"/>
      <line num="356" count="0" type="stmt"/>
      <line num="358" count="1" type="stmt"/>
      <line num="359" count="1" type="stmt"/>
      <line num="360" count="1" type="stmt"/>
      <line num="361" count="1" type="stmt"/>
      <line num="362" count="1" type="stmt"/>
      <line num="363" count="1" type="stmt"/>
      <line num="364" count="1" type="stmt"/>
      <line num="365" count="1" type="stmt"/>
      <line num="372" count="2" type="stmt"/>
      <line num="373" count="2" type="stmt"/>
      <line num="374" count="2" type="cond" truecount="1" falsecount="1"/>
      <line num="375" count="2" type="stmt"/>
      <line num="376" count="2" type="stmt"/>
      <line num="377" count="2" type="stmt"/>
      <line num="378" count="2" type="cond" truecount="4" falsecount="0"/>
      <line num="379" count="1" type="stmt"/>
      <line num="380" count="1" type="cond" truecount="2" falsecount="0"/>
      <line num="381" count="1" type="cond" truecount="2" falsecount="0"/>
      <line num="385" count="1" type="cond" truecount="1" falsecount="1"/>
      <line num="386" count="1" type="stmt"/>
      <line num="387" count="1" type="stmt"/>
      <line num="389" count="0" type="stmt"/>
      <line num="392" count="1" type="stmt"/>
      <line num="395" count="0" type="stmt"/>
      <line num="400" count="2" type="stmt"/>
      <line num="401" count="2" type="stmt"/>
      <line num="404" count="2" type="cond" truecount="2" falsecount="0"/>
      <line num="405" count="2" type="cond" truecount="2" falsecount="0"/>
      <line num="406" count="1" type="stmt"/>
      <line num="408" count="1" type="stmt"/>
      <line num="411" count="2" type="stmt"/>
      <line num="416" count="6" type="stmt"/>
      <line num="417" count="6" type="stmt"/>
      <line num="418" count="4" type="stmt"/>
      <line num="420" count="2" type="stmt"/>
      <line num="424" count="6" type="stmt"/>
      <line num="425" count="6" type="stmt"/>
      <line num="426" count="5" type="stmt"/>
      <line num="428" count="1" type="stmt"/>
      <line num="433" count="3" type="stmt"/>
      <line num="435" count="3" type="stmt"/>
      <line num="438" count="3" type="stmt"/>
      <line num="439" count="3" type="cond" truecount="1" falsecount="1"/>
      <line num="440" count="3" type="stmt"/>
      <line num="442" count="3" type="cond" truecount="4" falsecount="0"/>
      <line num="443" count="2" type="stmt"/>
      <line num="444" count="2" type="stmt"/>
      <line num="445" count="3" type="cond" truecount="2" falsecount="0"/>
      <line num="446" count="3" type="cond" truecount="2" falsecount="0"/>
      <line num="450" count="2" type="cond" truecount="1" falsecount="1"/>
      <line num="451" count="2" type="cond" truecount="1" falsecount="1"/>
      <line num="452" count="2" type="stmt"/>
      <line num="453" count="2" type="stmt"/>
      <line num="455" count="0" type="stmt"/>
      <line num="458" count="0" type="stmt"/>
      <line num="464" count="3" type="stmt"/>
      <line num="465" count="3" type="cond" truecount="1" falsecount="1"/>
      <line num="466" count="3" type="stmt"/>
      <line num="467" count="3" type="stmt"/>
      <line num="469" count="3" type="cond" truecount="4" falsecount="0"/>
      <line num="470" count="2" type="stmt"/>
      <line num="471" count="2" type="stmt"/>
      <line num="472" count="3" type="cond" truecount="2" falsecount="0"/>
      <line num="473" count="3" type="cond" truecount="2" falsecount="0"/>
      <line num="477" count="2" type="cond" truecount="1" falsecount="1"/>
      <line num="478" count="2" type="stmt"/>
      <line num="479" count="2" type="stmt"/>
      <line num="480" count="2" type="stmt"/>
      <line num="482" count="0" type="stmt"/>
      <line num="486" count="0" type="stmt"/>
      <line num="490" count="3" type="cond" truecount="2" falsecount="0"/>
      <line num="491" count="2" type="stmt"/>
      <line num="493" count="1" type="stmt"/>
      <line num="496" count="3" type="stmt"/>
      <line num="500" count="2" type="cond" truecount="1" falsecount="1"/>
      <line num="501" count="0" type="stmt"/>
      <line num="504" count="2" type="stmt"/>
      <line num="506" count="2" type="cond" truecount="4" falsecount="0"/>
      <line num="507" count="1" type="stmt"/>
      <line num="508" count="1" type="cond" truecount="2" falsecount="0"/>
      <line num="509" count="2" type="cond" truecount="2" falsecount="0"/>
      <line num="513" count="1" type="cond" truecount="1" falsecount="1"/>
      <line num="514" count="1" type="stmt"/>
      <line num="516" count="0" type="stmt"/>
      <line num="519" count="1" type="stmt"/>
      <line num="524" count="3" type="stmt"/>
      <line num="525" count="3" type="stmt"/>
      <line num="526" count="3" type="stmt"/>
      <line num="527" count="3" type="stmt"/>
      <line num="528" count="3" type="stmt"/>
      <line num="530" count="3" type="stmt"/>
      <line num="531" count="3" type="stmt"/>
      <line num="532" count="3" type="stmt"/>
      <line num="533" count="3" type="stmt"/>
      <line num="534" count="3" type="stmt"/>
      <line num="535" count="3" type="stmt"/>
      <line num="537" count="3" type="stmt"/>
      <line num="538" count="3" type="stmt"/>
      <line num="539" count="3" type="stmt"/>
      <line num="540" count="3" type="stmt"/>
      <line num="544" count="0" type="cond" truecount="0" falsecount="2"/>
      <line num="545" count="0" type="stmt"/>
      <line num="546" count="0" type="stmt"/>
      <line num="549" count="0" type="cond" truecount="0" falsecount="2"/>
      <line num="550" count="0" type="stmt"/>
      <line num="551" count="0" type="stmt"/>
      <line num="554" count="0" type="cond" truecount="0" falsecount="2"/>
      <line num="555" count="0" type="stmt"/>
      <line num="556" count="0" type="stmt"/>
      <line num="560" count="0" type="stmt"/>
      <line num="562" count="0" type="cond" truecount="0" falsecount="2"/>
      <line num="563" count="0" type="stmt"/>
      <line num="564" count="0" type="stmt"/>
      <line num="565" count="0" type="stmt"/>
      <line num="567" count="0" type="stmt"/>
      <line num="568" count="0" type="stmt"/>
      <line num="573" count="1" type="stmt"/>
      <line num="574" count="0" type="stmt"/>
      <line num="575" count="0" type="stmt"/>
      <line num="576" count="0" type="stmt"/>
      <line num="580" count="1" type="cond" truecount="1" falsecount="1"/>
      <line num="582" count="0" type="stmt"/>
      <line num="585" count="1" type="stmt"/>
    </file>
  </project>
</coverage>
