<?xml version="1.0" encoding="UTF-8"?>
<coverage generated="1753477423929" clover="3.2.0">
  <project timestamp="1753477423929" name="All files">
    <metrics statements="1329" coveredstatements="726" conditionals="712" coveredconditionals="322" methods="194" coveredmethods="105" elements="2235" coveredelements="1153" complexity="0" loc="1329" ncloc="1329" packages="1" files="4" classes="4"/>
    <file name="package-hook.js" path="/Users/jeremyparker/Desktop/Claude Coding Projects/post-tool-stop-hook/package-hook.js">
      <metrics statements="212" coveredstatements="126" conditionals="67" coveredconditionals="48" methods="30" coveredmethods="21"/>
      <line num="29" count="1" type="stmt"/>
      <line num="30" count="1" type="stmt"/>
      <line num="31" count="1" type="stmt"/>
      <line num="32" count="1" type="stmt"/>
      <line num="35" count="1" type="stmt"/>
      <line num="58" count="31" type="stmt"/>
      <line num="67" count="29" type="stmt"/>
      <line num="68" count="29" type="stmt"/>
      <line num="70" count="29" type="stmt"/>
      <line num="71" count="29" type="stmt"/>
      <line num="72" count="29" type="stmt"/>
      <line num="73" count="29" type="stmt"/>
      <line num="80" count="30" type="stmt"/>
      <line num="81" count="30" type="stmt"/>
      <line num="82" count="28" type="cond" truecount="2" falsecount="0"/>
      <line num="84" count="2" type="stmt"/>
      <line num="85" count="0" type="stmt"/>
      <line num="93" count="2" type="stmt"/>
      <line num="94" count="2" type="stmt"/>
      <line num="97" count="2" type="stmt"/>
      <line num="100" count="2" type="stmt"/>
      <line num="103" count="2" type="stmt"/>
      <line num="106" count="2" type="stmt"/>
      <line num="109" count="2" type="stmt"/>
      <line num="112" count="0" type="stmt"/>
      <line num="115" count="0" type="cond" truecount="0" falsecount="2"/>
      <line num="116" count="0" type="stmt"/>
      <line num="120" count="0" type="cond" truecount="0" falsecount="2"/>
      <line num="121" count="0" type="stmt"/>
      <line num="125" count="0" type="stmt"/>
      <line num="127" count="0" type="stmt"/>
      <line num="128" count="0" type="stmt"/>
      <line num="129" count="0" type="stmt"/>
      <line num="131" count="0" type="stmt"/>
      <line num="139" count="2" type="stmt"/>
      <line num="140" count="2" type="cond" truecount="1" falsecount="1"/>
      <line num="141" count="0" type="stmt"/>
      <line num="143" count="2" type="stmt"/>
      <line num="151" count="5" type="stmt"/>
      <line num="153" count="5" type="cond" truecount="4" falsecount="0"/>
      <line num="154" count="1" type="stmt"/>
      <line num="155" count="1" type="stmt"/>
      <line num="159" count="5" type="stmt"/>
      <line num="167" count="5" type="stmt"/>
      <line num="168" count="25" type="cond" truecount="2" falsecount="0"/>
      <line num="169" count="5" type="stmt"/>
      <line num="170" count="5" type="stmt"/>
      <line num="179" count="4" type="stmt"/>
      <line num="181" count="4" type="stmt"/>
      <line num="182" count="20" type="cond" truecount="2" falsecount="0"/>
      <line num="183" count="15" type="stmt"/>
      <line num="184" count="15" type="stmt"/>
      <line num="185" count="15" type="stmt"/>
      <line num="187" count="5" type="stmt"/>
      <line num="196" count="5" type="stmt"/>
      <line num="198" count="5" type="stmt"/>
      <line num="199" count="20" type="cond" truecount="2" falsecount="0"/>
      <line num="200" count="13" type="stmt"/>
      <line num="202" count="13" type="cond" truecount="2" falsecount="0"/>
      <line num="203" count="1" type="stmt"/>
      <line num="204" count="1" type="stmt"/>
      <line num="205" count="1" type="stmt"/>
      <line num="207" count="12" type="stmt"/>
      <line num="208" count="12" type="stmt"/>
      <line num="209" count="12" type="stmt"/>
      <line num="212" count="7" type="stmt"/>
      <line num="221" count="4" type="stmt"/>
      <line num="224" count="4" type="stmt"/>
      <line num="225" count="4" type="stmt"/>
      <line num="226" count="4" type="stmt"/>
      <line num="227" count="4" type="stmt"/>
      <line num="230" count="4" type="stmt"/>
      <line num="231" count="4" type="stmt"/>
      <line num="232" count="4" type="stmt"/>
      <line num="235" count="4" type="stmt"/>
      <line num="236" count="4" type="stmt"/>
      <line num="237" count="4" type="stmt"/>
      <line num="244" count="4" type="stmt"/>
      <line num="246" count="4" type="stmt"/>
      <line num="270" count="0" type="stmt"/>
      <line num="274" count="0" type="stmt"/>
      <line num="277" count="0" type="stmt"/>
      <line num="279" count="0" type="stmt"/>
      <line num="282" count="0" type="stmt"/>
      <line num="286" count="0" type="stmt"/>
      <line num="293" count="0" type="stmt"/>
      <line num="295" count="0" type="stmt"/>
      <line num="296" count="0" type="stmt"/>
      <line num="297" count="0" type="stmt"/>
      <line num="299" count="0" type="stmt"/>
      <line num="300" count="0" type="stmt"/>
      <line num="301" count="0" type="stmt"/>
      <line num="303" count="0" type="stmt"/>
      <line num="304" count="0" type="stmt"/>
      <line num="305" count="0" type="stmt"/>
      <line num="312" count="4" type="stmt"/>
      <line num="314" count="4" type="stmt"/>
      <line num="315" count="4" type="stmt"/>
      <line num="317" count="4" type="cond" truecount="2" falsecount="0"/>
      <line num="319" count="2" type="stmt"/>
      <line num="320" count="2" type="stmt"/>
      <line num="322" count="1" type="stmt"/>
      <line num="324" count="1" type="stmt"/>
      <line num="326" count="1" type="stmt"/>
      <line num="328" count="2" type="cond" truecount="2" falsecount="0"/>
      <line num="330" count="1" type="stmt"/>
      <line num="332" count="1" type="stmt"/>
      <line num="340" count="3" type="stmt"/>
      <line num="342" count="3" type="stmt"/>
      <line num="345" count="3" type="stmt"/>
      <line num="346" count="15" type="stmt"/>
      <line num="347" count="15" type="cond" truecount="2" falsecount="0"/>
      <line num="348" count="1" type="stmt"/>
      <line num="353" count="3" type="stmt"/>
      <line num="354" count="3" type="stmt"/>
      <line num="355" count="9" type="stmt"/>
      <line num="356" count="9" type="cond" truecount="1" falsecount="1"/>
      <line num="357" count="0" type="stmt"/>
      <line num="362" count="3" type="stmt"/>
      <line num="363" count="3" type="stmt"/>
      <line num="364" count="9" type="stmt"/>
      <line num="365" count="9" type="cond" truecount="1" falsecount="1"/>
      <line num="366" count="0" type="stmt"/>
      <line num="370" count="3" type="cond" truecount="2" falsecount="0"/>
      <line num="371" count="1" type="stmt"/>
      <line num="372" count="1" type="stmt"/>
      <line num="373" count="1" type="stmt"/>
      <line num="376" count="2" type="stmt"/>
      <line num="383" count="1" type="stmt"/>
      <line num="385" count="1" type="stmt"/>
      <line num="386" count="1" type="stmt"/>
      <line num="388" count="0" type="stmt"/>
      <line num="389" count="0" type="stmt"/>
      <line num="390" count="0" type="stmt"/>
      <line num="391" count="0" type="stmt"/>
      <line num="392" count="0" type="stmt"/>
      <line num="395" count="0" type="stmt"/>
      <line num="399" count="0" type="stmt"/>
      <line num="405" count="2" type="cond" truecount="1" falsecount="1"/>
      <line num="406" count="0" type="stmt"/>
      <line num="409" count="2" type="stmt"/>
      <line num="411" count="2" type="stmt"/>
      <line num="412" count="3" type="stmt"/>
      <line num="413" count="3" type="stmt"/>
      <line num="415" count="3" type="cond" truecount="2" falsecount="0"/>
      <line num="416" count="1" type="stmt"/>
      <line num="418" count="2" type="stmt"/>
      <line num="424" count="4" type="stmt"/>
      <line num="425" count="0" type="stmt"/>
      <line num="426" count="0" type="stmt"/>
      <line num="427" count="0" type="stmt"/>
      <line num="428" count="0" type="stmt"/>
      <line num="430" count="0" type="stmt"/>
      <line num="440" count="28830" type="stmt"/>
      <line num="441" count="28830" type="stmt"/>
      <line num="443" count="28828" type="stmt"/>
      <line num="444" count="86478" type="stmt"/>
      <line num="445" count="86475" type="cond" truecount="2" falsecount="0"/>
      <line num="446" count="28825" type="stmt"/>
      <line num="448" count="57650" type="stmt"/>
      <line num="452" count="0" type="stmt"/>
      <line num="456" count="4" type="stmt"/>
      <line num="498" count="4" type="stmt"/>
      <line num="542" count="4" type="stmt"/>
      <line num="592" count="0" type="stmt"/>
      <line num="670" count="0" type="stmt"/>
      <line num="703" count="0" type="stmt"/>
      <line num="729" count="1" type="stmt"/>
      <line num="731" count="1" type="stmt"/>
      <line num="735" count="221" type="cond" truecount="4" falsecount="0"/>
      <line num="736" count="212" type="stmt"/>
      <line num="743" count="0" type="stmt"/>
      <line num="744" count="0" type="stmt"/>
      <line num="746" count="0" type="stmt"/>
      <line num="747" count="0" type="stmt"/>
      <line num="749" count="0" type="cond" truecount="0" falsecount="8"/>
      <line num="751" count="0" type="stmt"/>
      <line num="752" count="0" type="stmt"/>
      <line num="754" count="0" type="stmt"/>
      <line num="755" count="0" type="stmt"/>
      <line num="757" count="0" type="stmt"/>
      <line num="758" count="0" type="cond" truecount="0" falsecount="2"/>
      <line num="759" count="0" type="stmt"/>
      <line num="760" count="0" type="stmt"/>
      <line num="762" count="0" type="stmt"/>
      <line num="763" count="0" type="stmt"/>
      <line num="765" count="0" type="stmt"/>
      <line num="766" count="0" type="stmt"/>
      <line num="768" count="0" type="stmt"/>
      <line num="769" count="0" type="stmt"/>
      <line num="771" count="0" type="stmt"/>
      <line num="772" count="0" type="stmt"/>
      <line num="774" count="0" type="stmt"/>
      <line num="775" count="0" type="stmt"/>
      <line num="776" count="0" type="stmt"/>
      <line num="778" count="0" type="stmt"/>
      <line num="779" count="0" type="stmt"/>
      <line num="783" count="0" type="stmt"/>
      <line num="787" count="0" type="stmt"/>
      <line num="812" count="0" type="stmt"/>
      <line num="813" count="0" type="stmt"/>
      <line num="814" count="0" type="stmt"/>
      <line num="815" count="0" type="stmt"/>
      <line num="817" count="0" type="stmt"/>
      <line num="818" count="0" type="stmt"/>
      <line num="819" count="0" type="stmt"/>
      <line num="821" count="0" type="stmt"/>
      <line num="824" count="0" type="stmt"/>
      <line num="825" count="0" type="stmt"/>
      <line num="830" count="1" type="cond" truecount="1" falsecount="1"/>
      <line num="831" count="0" type="stmt"/>
      <line num="834" count="1" type="stmt"/>
    </file>
    <file name="post-tool-linter-hook.js" path="/Users/jeremyparker/Desktop/Claude Coding Projects/post-tool-stop-hook/post-tool-linter-hook.js">
      <metrics statements="786" coveredstatements="342" conditionals="485" coveredconditionals="170" methods="121" coveredmethods="54"/>
      <line num="11" count="2" type="stmt"/>
      <line num="12" count="2" type="stmt"/>
      <line num="13" count="2" type="stmt"/>
      <line num="16" count="2" type="stmt"/>
      <line num="17" count="2" type="stmt"/>
      <line num="20" count="4" type="stmt"/>
      <line num="21" count="4" type="stmt"/>
      <line num="22" count="4" type="stmt"/>
      <line num="23" count="4" type="stmt"/>
      <line num="24" count="4" type="stmt"/>
      <line num="25" count="4" type="stmt"/>
      <line num="26" count="4" type="stmt"/>
      <line num="27" count="4" type="stmt"/>
      <line num="28" count="4" type="stmt"/>
      <line num="32" count="635" type="stmt"/>
      <line num="33" count="635" type="stmt"/>
      <line num="36" count="635" type="stmt"/>
      <line num="38" count="635" type="cond" truecount="1" falsecount="1"/>
      <line num="39" count="0" type="stmt"/>
      <line num="40" count="0" type="stmt"/>
      <line num="45" count="0" type="cond" truecount="0" falsecount="4"/>
      <line num="46" count="0" type="stmt"/>
      <line num="47" count="0" type="stmt"/>
      <line num="56" count="2" type="stmt"/>
      <line num="83" count="12" type="stmt"/>
      <line num="85" count="12" type="stmt"/>
      <line num="86" count="12" type="cond" truecount="1" falsecount="1"/>
      <line num="87" count="0" type="stmt"/>
      <line num="88" count="0" type="stmt"/>
      <line num="91" count="12" type="stmt"/>
      <line num="92" count="12" type="stmt"/>
      <line num="94" count="12" type="stmt"/>
      <line num="95" count="12" type="cond" truecount="2" falsecount="0"/>
      <line num="98" count="12" type="cond" truecount="1" falsecount="1"/>
      <line num="99" count="0" type="stmt"/>
      <line num="101" count="12" type="cond" truecount="1" falsecount="1"/>
      <line num="102" count="12" type="stmt"/>
      <line num="104" count="0" type="stmt"/>
      <line num="107" count="12" type="stmt"/>
      <line num="108" count="12" type="stmt"/>
      <line num="110" count="0" type="stmt"/>
      <line num="111" count="0" type="stmt"/>
      <line num="116" count="6" type="cond" truecount="3" falsecount="1"/>
      <line num="117" count="0" type="stmt"/>
      <line num="121" count="6" type="stmt"/>
      <line num="124" count="6" type="stmt"/>
      <line num="126" count="9" type="cond" truecount="1" falsecount="1"/>
      <line num="127" count="0" type="stmt"/>
      <line num="128" count="0" type="stmt"/>
      <line num="132" count="9" type="cond" truecount="2" falsecount="2"/>
      <line num="133" count="0" type="stmt"/>
      <line num="134" count="0" type="stmt"/>
      <line num="138" count="9" type="cond" truecount="3" falsecount="1"/>
      <line num="139" count="9" type="stmt"/>
      <line num="140" count="9" type="stmt"/>
      <line num="142" count="6" type="cond" truecount="1" falsecount="1"/>
      <line num="144" count="0" type="stmt"/>
      <line num="147" count="0" type="stmt"/>
      <line num="149" count="0" type="cond" truecount="0" falsecount="2"/>
      <line num="150" count="0" type="stmt"/>
      <line num="151" count="0" type="stmt"/>
      <line num="157" count="6" type="cond" truecount="1" falsecount="1"/>
      <line num="158" count="6" type="stmt"/>
      <line num="159" count="6" type="stmt"/>
      <line num="160" count="48" type="cond" truecount="3" falsecount="2"/>
      <line num="161" count="0" type="stmt"/>
      <line num="162" count="0" type="stmt"/>
      <line num="168" count="3" type="stmt"/>
      <line num="172" count="6" type="stmt"/>
      <line num="174" count="6" type="cond" truecount="1" falsecount="1"/>
      <line num="175" count="0" type="stmt"/>
      <line num="176" count="0" type="stmt"/>
      <line num="179" count="6" type="stmt"/>
      <line num="180" count="6" type="cond" truecount="3" falsecount="1"/>
      <line num="181" count="0" type="stmt"/>
      <line num="182" count="0" type="stmt"/>
      <line num="185" count="6" type="stmt"/>
      <line num="187" count="6" type="stmt"/>
      <line num="188" count="12" type="stmt"/>
      <line num="189" count="12" type="stmt"/>
      <line num="190" count="12" type="stmt"/>
      <line num="193" count="6" type="stmt"/>
      <line num="194" count="6" type="stmt"/>
      <line num="198" count="10" type="stmt"/>
      <line num="200" count="10" type="cond" truecount="1" falsecount="1"/>
      <line num="201" count="0" type="stmt"/>
      <line num="202" count="0" type="stmt"/>
      <line num="205" count="10" type="stmt"/>
      <line num="207" count="10" type="stmt"/>
      <line num="208" count="6" type="stmt"/>
      <line num="209" count="6" type="stmt"/>
      <line num="211" count="6" type="cond" truecount="1" falsecount="1"/>
      <line num="213" count="6" type="stmt"/>
      <line num="214" count="6" type="stmt"/>
      <line num="217" count="3" type="cond" truecount="1" falsecount="1"/>
      <line num="218" count="0" type="stmt"/>
      <line num="220" count="3" type="stmt"/>
      <line num="224" count="7" type="stmt"/>
      <line num="225" count="7" type="stmt"/>
      <line num="229" count="1" type="stmt"/>
      <line num="230" count="1" type="stmt"/>
      <line num="232" count="1" type="stmt"/>
      <line num="233" count="0" type="stmt"/>
      <line num="234" count="0" type="stmt"/>
      <line num="235" count="0" type="stmt"/>
      <line num="238" count="0" type="stmt"/>
      <line num="270" count="0" type="stmt"/>
      <line num="271" count="0" type="cond" truecount="0" falsecount="4"/>
      <line num="272" count="0" type="stmt"/>
      <line num="274" count="0" type="stmt"/>
      <line num="275" count="0" type="stmt"/>
      <line num="276" count="0" type="cond" truecount="0" falsecount="2"/>
      <line num="277" count="0" type="stmt"/>
      <line num="280" count="0" type="stmt"/>
      <line num="285" count="0" type="stmt"/>
      <line num="286" count="0" type="stmt"/>
      <line num="287" count="0" type="stmt"/>
      <line num="288" count="0" type="cond" truecount="0" falsecount="2"/>
      <line num="289" count="0" type="stmt"/>
      <line num="290" count="0" type="cond" truecount="0" falsecount="2"/>
      <line num="291" count="0" type="stmt"/>
      <line num="297" count="1" type="stmt"/>
      <line num="306" count="78" type="stmt"/>
      <line num="308" count="78" type="stmt"/>
      <line num="309" count="78" type="cond" truecount="2" falsecount="0"/>
      <line num="310" count="2" type="stmt"/>
      <line num="314" count="76" type="cond" truecount="2" falsecount="0"/>
      <line num="315" count="18" type="stmt"/>
      <line num="317" count="17" type="cond" truecount="4" falsecount="0"/>
      <line num="318" count="17" type="cond" truecount="2" falsecount="0"/>
      <line num="319" count="17" type="stmt"/>
      <line num="322" count="58" type="cond" truecount="2" falsecount="0"/>
      <line num="323" count="12" type="stmt"/>
      <line num="325" count="12" type="cond" truecount="3" falsecount="0"/>
      <line num="326" count="12" type="cond" truecount="2" falsecount="0"/>
      <line num="327" count="12" type="stmt"/>
      <line num="330" count="46" type="cond" truecount="2" falsecount="0"/>
      <line num="331" count="6" type="stmt"/>
      <line num="333" count="6" type="cond" truecount="2" falsecount="0"/>
      <line num="334" count="6" type="cond" truecount="1" falsecount="1"/>
      <line num="335" count="6" type="stmt"/>
      <line num="339" count="40" type="stmt"/>
      <line num="340" count="40" type="stmt"/>
      <line num="343" count="1" type="stmt"/>
      <line num="344" count="1" type="stmt"/>
      <line num="349" count="12" type="stmt"/>
      <line num="351" count="12" type="stmt"/>
      <line num="354" count="12" type="stmt"/>
      <line num="355" count="23" type="stmt"/>
      <line num="356" count="23" type="stmt"/>
      <line num="358" count="23" type="stmt"/>
      <line num="359" count="100" type="stmt"/>
      <line num="360" count="100" type="stmt"/>
      <line num="361" count="99" type="cond" truecount="2" falsecount="0"/>
      <line num="363" count="99" type="cond" truecount="4" falsecount="0"/>
      <line num="364" count="26" type="stmt"/>
      <line num="365" count="26" type="stmt"/>
      <line num="369" count="22" type="cond" truecount="2" falsecount="0"/>
      <line num="370" count="13" type="stmt"/>
      <line num="375" count="11" type="cond" truecount="2" falsecount="0"/>
      <line num="376" count="9" type="stmt"/>
      <line num="377" count="9" type="stmt"/>
      <line num="378" count="9" type="stmt"/>
      <line num="380" count="9" type="cond" truecount="2" falsecount="0"/>
      <line num="381" count="4" type="stmt"/>
      <line num="384" count="9" type="stmt"/>
      <line num="387" count="2" type="stmt"/>
      <line num="388" count="2" type="stmt"/>
      <line num="392" count="7" type="stmt"/>
      <line num="394" count="7" type="stmt"/>
      <line num="396" count="7" type="stmt"/>
      <line num="397" count="14" type="stmt"/>
      <line num="399" count="14" type="stmt"/>
      <line num="400" count="63" type="stmt"/>
      <line num="401" count="63" type="cond" truecount="4" falsecount="0"/>
      <line num="402" count="21" type="stmt"/>
      <line num="406" count="14" type="cond" truecount="2" falsecount="0"/>
      <line num="407" count="9" type="stmt"/>
      <line num="411" count="7" type="cond" truecount="2" falsecount="0"/>
      <line num="412" count="7" type="stmt"/>
      <line num="416" count="0" type="stmt"/>
      <line num="418" count="0" type="stmt"/>
      <line num="419" count="0" type="stmt"/>
      <line num="420" count="0" type="stmt"/>
      <line num="422" count="0" type="stmt"/>
      <line num="429" count="0" type="stmt"/>
      <line num="430" count="0" type="cond" truecount="0" falsecount="2"/>
      <line num="431" count="0" type="stmt"/>
      <line num="434" count="0" type="stmt"/>
      <line num="435" count="0" type="cond" truecount="0" falsecount="2"/>
      <line num="436" count="0" type="cond" truecount="0" falsecount="2"/>
      <line num="437" count="0" type="stmt"/>
      <line num="445" count="0" type="stmt"/>
      <line num="448" count="0" type="stmt"/>
      <line num="456" count="0" type="cond" truecount="0" falsecount="2"/>
      <line num="457" count="0" type="stmt"/>
      <line num="466" count="0" type="stmt"/>
      <line num="468" count="0" type="stmt"/>
      <line num="471" count="0" type="cond" truecount="0" falsecount="4"/>
      <line num="472" count="0" type="stmt"/>
      <line num="473" count="0" type="stmt"/>
      <line num="474" count="0" type="stmt"/>
      <line num="475" count="0" type="stmt"/>
      <line num="478" count="0" type="stmt"/>
      <line num="479" count="0" type="cond" truecount="0" falsecount="2"/>
      <line num="480" count="0" type="cond" truecount="0" falsecount="2"/>
      <line num="481" count="0" type="stmt"/>
      <line num="489" count="0" type="stmt"/>
      <line num="492" count="0" type="stmt"/>
      <line num="499" count="0" type="stmt"/>
      <line num="500" count="0" type="stmt"/>
      <line num="505" count="0" type="cond" truecount="0" falsecount="4"/>
      <line num="506" count="0" type="stmt"/>
      <line num="507" count="0" type="stmt"/>
      <line num="521" count="0" type="cond" truecount="0" falsecount="4"/>
      <line num="522" count="0" type="stmt"/>
      <line num="523" count="0" type="stmt"/>
      <line num="537" count="0" type="cond" truecount="0" falsecount="2"/>
      <line num="538" count="0" type="stmt"/>
      <line num="541" count="0" type="stmt"/>
      <line num="542" count="0" type="stmt"/>
      <line num="557" count="0" type="stmt"/>
      <line num="559" count="0" type="stmt"/>
      <line num="561" count="0" type="stmt"/>
      <line num="562" count="0" type="stmt"/>
      <line num="563" count="0" type="stmt"/>
      <line num="565" count="0" type="cond" truecount="0" falsecount="2"/>
      <line num="566" count="0" type="stmt"/>
      <line num="567" count="0" type="cond" truecount="0" falsecount="2"/>
      <line num="568" count="0" type="stmt"/>
      <line num="572" count="0" type="stmt"/>
      <line num="574" count="0" type="stmt"/>
      <line num="575" count="0" type="stmt"/>
      <line num="577" count="0" type="stmt"/>
      <line num="579" count="0" type="stmt"/>
      <line num="586" count="0" type="stmt"/>
      <line num="587" count="0" type="cond" truecount="0" falsecount="2"/>
      <line num="588" count="0" type="stmt"/>
      <line num="590" count="0" type="stmt"/>
      <line num="594" count="0" type="stmt"/>
      <line num="602" count="0" type="stmt"/>
      <line num="605" count="0" type="cond" truecount="0" falsecount="2"/>
      <line num="606" count="0" type="stmt"/>
      <line num="615" count="0" type="stmt"/>
      <line num="617" count="0" type="stmt"/>
      <line num="620" count="0" type="cond" truecount="0" falsecount="2"/>
      <line num="621" count="0" type="stmt"/>
      <line num="622" count="0" type="stmt"/>
      <line num="623" count="0" type="stmt"/>
      <line num="624" count="0" type="stmt"/>
      <line num="626" count="0" type="stmt"/>
      <line num="630" count="0" type="stmt"/>
      <line num="638" count="0" type="stmt"/>
      <line num="640" count="0" type="cond" truecount="0" falsecount="2"/>
      <line num="648" count="0" type="stmt"/>
      <line num="649" count="0" type="stmt"/>
      <line num="654" count="0" type="cond" truecount="0" falsecount="5"/>
      <line num="657" count="0" type="stmt"/>
      <line num="658" count="0" type="stmt"/>
      <line num="672" count="0" type="cond" truecount="0" falsecount="4"/>
      <line num="673" count="0" type="stmt"/>
      <line num="674" count="0" type="stmt"/>
      <line num="688" count="0" type="cond" truecount="0" falsecount="2"/>
      <line num="689" count="0" type="stmt"/>
      <line num="692" count="0" type="stmt"/>
      <line num="693" count="0" type="stmt"/>
      <line num="708" count="0" type="stmt"/>
      <line num="709" count="0" type="stmt"/>
      <line num="711" count="0" type="stmt"/>
      <line num="713" count="0" type="stmt"/>
      <line num="714" count="0" type="cond" truecount="0" falsecount="3"/>
      <line num="716" count="0" type="stmt"/>
      <line num="717" count="0" type="stmt"/>
      <line num="718" count="0" type="stmt"/>
      <line num="720" count="0" type="stmt"/>
      <line num="721" count="0" type="stmt"/>
      <line num="722" count="0" type="stmt"/>
      <line num="724" count="0" type="stmt"/>
      <line num="725" count="0" type="stmt"/>
      <line num="729" count="0" type="stmt"/>
      <line num="730" count="0" type="stmt"/>
      <line num="734" count="27" type="stmt"/>
      <line num="735" count="27" type="stmt"/>
      <line num="738" count="27" type="cond" truecount="2" falsecount="0"/>
      <line num="739" count="5" type="stmt"/>
      <line num="740" count="5" type="stmt"/>
      <line num="743" count="22" type="stmt"/>
      <line num="744" count="38" type="cond" truecount="2" falsecount="0"/>
      <line num="745" count="19" type="stmt"/>
      <line num="746" count="19" type="stmt"/>
      <line num="750" count="3" type="stmt"/>
      <line num="751" count="3" type="stmt"/>
      <line num="755" count="10" type="stmt"/>
      <line num="756" count="10" type="stmt"/>
      <line num="758" count="10" type="cond" truecount="4" falsecount="0"/>
      <line num="759" count="6" type="cond" truecount="2" falsecount="0"/>
      <line num="760" count="4" type="stmt"/>
      <line num="761" count="4" type="stmt"/>
      <line num="763" count="4" type="cond" truecount="2" falsecount="0"/>
      <line num="764" count="2" type="cond" truecount="1" falsecount="1"/>
      <line num="765" count="2" type="stmt"/>
      <line num="766" count="2" type="stmt"/>
      <line num="770" count="10" type="stmt"/>
      <line num="771" count="6" type="cond" truecount="2" falsecount="0"/>
      <line num="772" count="6" type="cond" truecount="1" falsecount="1"/>
      <line num="773" count="6" type="stmt"/>
      <line num="776" count="10" type="stmt"/>
      <line num="779" count="10" type="cond" truecount="2" falsecount="0"/>
      <line num="780" count="10" type="stmt"/>
      <line num="782" count="7" type="stmt"/>
      <line num="783" count="7" type="stmt"/>
      <line num="787" count="6" type="stmt"/>
      <line num="789" count="6" type="stmt"/>
      <line num="790" count="6" type="stmt"/>
      <line num="791" count="6" type="stmt"/>
      <line num="793" count="6" type="stmt"/>
      <line num="800" count="5" type="stmt"/>
      <line num="801" count="5" type="cond" truecount="2" falsecount="0"/>
      <line num="802" count="4" type="stmt"/>
      <line num="804" count="4" type="stmt"/>
      <line num="808" count="0" type="stmt"/>
      <line num="818" count="4" type="stmt"/>
      <line num="821" count="4" type="cond" truecount="4" falsecount="0"/>
      <line num="822" count="1" type="stmt"/>
      <line num="823" count="1" type="stmt"/>
      <line num="824" count="1" type="stmt"/>
      <line num="825" count="1" type="stmt"/>
      <line num="827" count="1" type="stmt"/>
      <line num="831" count="0" type="stmt"/>
      <line num="841" count="1" type="stmt"/>
      <line num="842" count="1" type="stmt"/>
      <line num="847" count="3" type="cond" truecount="3" falsecount="1"/>
      <line num="848" count="0" type="stmt"/>
      <line num="849" count="0" type="stmt"/>
      <line num="862" count="3" type="cond" truecount="3" falsecount="1"/>
      <line num="863" count="0" type="stmt"/>
      <line num="864" count="0" type="stmt"/>
      <line num="877" count="3" type="cond" truecount="1" falsecount="1"/>
      <line num="878" count="0" type="stmt"/>
      <line num="881" count="3" type="stmt"/>
      <line num="882" count="3" type="stmt"/>
      <line num="896" count="5" type="stmt"/>
      <line num="898" count="5" type="stmt"/>
      <line num="899" count="5" type="stmt"/>
      <line num="900" count="5" type="stmt"/>
      <line num="902" count="5" type="cond" truecount="2" falsecount="0"/>
      <line num="903" count="4" type="stmt"/>
      <line num="904" count="1" type="cond" truecount="1" falsecount="1"/>
      <line num="905" count="0" type="stmt"/>
      <line num="909" count="5" type="stmt"/>
      <line num="910" count="5" type="stmt"/>
      <line num="911" count="5" type="stmt"/>
      <line num="913" count="5" type="stmt"/>
      <line num="915" count="5" type="stmt"/>
      <line num="922" count="4" type="cond" truecount="2" falsecount="0"/>
      <line num="923" count="3" type="cond" truecount="2" falsecount="0"/>
      <line num="925" count="3" type="stmt"/>
      <line num="929" count="0" type="stmt"/>
      <line num="939" count="2" type="stmt"/>
      <line num="942" count="2" type="cond" truecount="2" falsecount="0"/>
      <line num="943" count="1" type="stmt"/>
      <line num="944" count="1" type="stmt"/>
      <line num="945" count="1" type="stmt"/>
      <line num="946" count="1" type="cond" truecount="1" falsecount="1"/>
      <line num="948" count="1" type="stmt"/>
      <line num="950" count="1" type="stmt"/>
      <line num="954" count="0" type="stmt"/>
      <line num="964" count="0" type="stmt"/>
      <line num="965" count="0" type="stmt"/>
      <line num="970" count="1" type="cond" truecount="4" falsecount="1"/>
      <line num="973" count="0" type="stmt"/>
      <line num="974" count="0" type="stmt"/>
      <line num="987" count="1" type="cond" truecount="3" falsecount="1"/>
      <line num="988" count="0" type="stmt"/>
      <line num="989" count="0" type="stmt"/>
      <line num="1002" count="1" type="cond" truecount="1" falsecount="1"/>
      <line num="1003" count="0" type="stmt"/>
      <line num="1006" count="1" type="stmt"/>
      <line num="1007" count="1" type="stmt"/>
      <line num="1021" count="3" type="stmt"/>
      <line num="1023" count="3" type="stmt"/>
      <line num="1024" count="3" type="stmt"/>
      <line num="1025" count="3" type="stmt"/>
      <line num="1026" count="3" type="stmt"/>
      <line num="1029" count="3" type="cond" truecount="2" falsecount="0"/>
      <line num="1031" count="3" type="stmt"/>
      <line num="1032" count="3" type="cond" truecount="2" falsecount="0"/>
      <line num="1033" count="3" type="cond" truecount="1" falsecount="1"/>
      <line num="1034" count="3" type="cond" truecount="1" falsecount="1"/>
      <line num="1035" count="3" type="cond" truecount="1" falsecount="1"/>
      <line num="1036" count="3" type="cond" truecount="3" falsecount="1"/>
      <line num="1038" count="3" type="cond" truecount="1" falsecount="1"/>
      <line num="1039" count="0" type="stmt"/>
      <line num="1040" count="0" type="stmt"/>
      <line num="1043" count="3" type="cond" truecount="2" falsecount="1"/>
      <line num="1045" count="2" type="stmt"/>
      <line num="1046" count="2" type="stmt"/>
      <line num="1048" count="1" type="stmt"/>
      <line num="1049" count="1" type="stmt"/>
      <line num="1051" count="0" type="stmt"/>
      <line num="1052" count="0" type="stmt"/>
      <line num="1057" count="3" type="stmt"/>
      <line num="1058" count="3" type="stmt"/>
      <line num="1061" count="3" type="stmt"/>
      <line num="1062" count="3" type="cond" truecount="1" falsecount="1"/>
      <line num="1063" count="0" type="stmt"/>
      <line num="1064" count="0" type="stmt"/>
      <line num="1067" count="0" type="stmt"/>
      <line num="1069" count="0" type="stmt"/>
      <line num="1070" count="0" type="stmt"/>
      <line num="1071" count="0" type="stmt"/>
      <line num="1075" count="3" type="stmt"/>
      <line num="1076" count="0" type="stmt"/>
      <line num="1077" count="0" type="stmt"/>
      <line num="1078" count="0" type="cond" truecount="0" falsecount="2"/>
      <line num="1079" count="0" type="stmt"/>
      <line num="1081" count="0" type="stmt"/>
      <line num="1084" count="3" type="stmt"/>
      <line num="1085" count="3" type="stmt"/>
      <line num="1086" count="3" type="stmt"/>
      <line num="1088" count="3" type="stmt"/>
      <line num="1089" count="3" type="stmt"/>
      <line num="1090" count="3" type="stmt"/>
      <line num="1091" count="3" type="stmt"/>
      <line num="1093" count="3" type="stmt"/>
      <line num="1094" count="2" type="cond" truecount="1" falsecount="1"/>
      <line num="1098" count="0" type="stmt"/>
      <line num="1099" count="0" type="stmt"/>
      <line num="1100" count="0" type="stmt"/>
      <line num="1103" count="0" type="stmt"/>
      <line num="1104" count="0" type="cond" truecount="0" falsecount="2"/>
      <line num="1105" count="0" type="cond" truecount="0" falsecount="2"/>
      <line num="1107" count="0" type="stmt"/>
      <line num="1110" count="0" type="stmt"/>
      <line num="1111" count="0" type="cond" truecount="0" falsecount="2"/>
      <line num="1112" count="0" type="cond" truecount="0" falsecount="2"/>
      <line num="1113" count="0" type="stmt"/>
      <line num="1114" count="0" type="cond" truecount="0" falsecount="2"/>
      <line num="1115" count="0" type="stmt"/>
      <line num="1117" count="0" type="stmt"/>
      <line num="1120" count="0" type="stmt"/>
      <line num="1124" count="1" type="stmt"/>
      <line num="1125" count="1" type="cond" truecount="1" falsecount="1"/>
      <line num="1126" count="0" type="stmt"/>
      <line num="1127" count="0" type="stmt"/>
      <line num="1129" count="0" type="cond" truecount="0" falsecount="4"/>
      <line num="1130" count="0" type="stmt"/>
      <line num="1131" count="0" type="stmt"/>
      <line num="1132" count="0" type="stmt"/>
      <line num="1133" count="0" type="cond" truecount="0" falsecount="3"/>
      <line num="1134" count="0" type="stmt"/>
      <line num="1135" count="0" type="stmt"/>
      <line num="1138" count="0" type="cond" truecount="0" falsecount="5"/>
      <line num="1139" count="0" type="stmt"/>
      <line num="1140" count="0" type="stmt"/>
      <line num="1141" count="0" type="stmt"/>
      <line num="1142" count="0" type="cond" truecount="0" falsecount="4"/>
      <line num="1143" count="0" type="stmt"/>
      <line num="1144" count="0" type="stmt"/>
      <line num="1148" count="0" type="stmt"/>
      <line num="1149" count="0" type="cond" truecount="0" falsecount="5"/>
      <line num="1151" count="0" type="cond" truecount="0" falsecount="2"/>
      <line num="1152" count="0" type="stmt"/>
      <line num="1153" count="0" type="stmt"/>
      <line num="1154" count="0" type="stmt"/>
      <line num="1155" count="0" type="stmt"/>
      <line num="1158" count="0" type="stmt"/>
      <line num="1161" count="1" type="stmt"/>
      <line num="1165" count="1" type="cond" truecount="1" falsecount="1"/>
      <line num="1167" count="0" type="stmt"/>
      <line num="1168" count="0" type="stmt"/>
      <line num="1169" count="0" type="stmt"/>
      <line num="1170" count="0" type="cond" truecount="0" falsecount="2"/>
      <line num="1171" count="0" type="stmt"/>
      <line num="1173" count="0" type="stmt"/>
      <line num="1176" count="0" type="stmt"/>
      <line num="1177" count="0" type="stmt"/>
      <line num="1178" count="0" type="stmt"/>
      <line num="1180" count="0" type="stmt"/>
      <line num="1181" count="0" type="stmt"/>
      <line num="1182" count="0" type="stmt"/>
      <line num="1183" count="0" type="stmt"/>
      <line num="1185" count="0" type="stmt"/>
      <line num="1186" count="0" type="cond" truecount="0" falsecount="2"/>
      <line num="1190" count="0" type="stmt"/>
      <line num="1191" count="0" type="stmt"/>
      <line num="1192" count="0" type="stmt"/>
      <line num="1195" count="0" type="stmt"/>
      <line num="1196" count="0" type="cond" truecount="0" falsecount="2"/>
      <line num="1197" count="0" type="cond" truecount="0" falsecount="2"/>
      <line num="1199" count="0" type="stmt"/>
      <line num="1202" count="0" type="stmt"/>
      <line num="1203" count="0" type="cond" truecount="0" falsecount="2"/>
      <line num="1204" count="0" type="cond" truecount="0" falsecount="2"/>
      <line num="1205" count="0" type="stmt"/>
      <line num="1206" count="0" type="cond" truecount="0" falsecount="2"/>
      <line num="1207" count="0" type="stmt"/>
      <line num="1209" count="0" type="stmt"/>
      <line num="1212" count="0" type="stmt"/>
      <line num="1217" count="1" type="stmt"/>
      <line num="1218" count="1" type="stmt"/>
      <line num="1219" count="1" type="stmt"/>
      <line num="1220" count="1" type="stmt"/>
      <line num="1222" count="0" type="stmt"/>
      <line num="1223" count="0" type="stmt"/>
      <line num="1229" count="0" type="cond" truecount="0" falsecount="2"/>
      <line num="1230" count="0" type="stmt"/>
      <line num="1233" count="0" type="stmt"/>
      <line num="1234" count="0" type="stmt"/>
      <line num="1236" count="0" type="stmt"/>
      <line num="1237" count="0" type="cond" truecount="0" falsecount="2"/>
      <line num="1238" count="0" type="stmt"/>
      <line num="1241" count="0" type="stmt"/>
      <line num="1242" count="0" type="cond" truecount="0" falsecount="2"/>
      <line num="1243" count="0" type="cond" truecount="0" falsecount="2"/>
      <line num="1244" count="0" type="stmt"/>
      <line num="1245" count="0" type="stmt"/>
      <line num="1248" count="0" type="stmt"/>
      <line num="1249" count="0" type="stmt"/>
      <line num="1251" count="0" type="stmt"/>
      <line num="1252" count="0" type="stmt"/>
      <line num="1253" count="0" type="cond" truecount="0" falsecount="2"/>
      <line num="1254" count="0" type="stmt"/>
      <line num="1256" count="0" type="stmt"/>
      <line num="1260" count="0" type="stmt"/>
      <line num="1261" count="0" type="stmt"/>
      <line num="1263" count="0" type="stmt"/>
      <line num="1267" count="2" type="cond" truecount="2" falsecount="0"/>
      <line num="1269" count="2" type="cond" truecount="2" falsecount="0"/>
      <line num="1270" count="1" type="stmt"/>
      <line num="1273" count="1" type="stmt"/>
      <line num="1274" count="1" type="stmt"/>
      <line num="1275" count="1" type="stmt"/>
      <line num="1277" count="1" type="stmt"/>
      <line num="1278" count="1" type="stmt"/>
      <line num="1282" count="1" type="stmt"/>
      <line num="1283" count="1" type="stmt"/>
      <line num="1284" count="0" type="stmt"/>
      <line num="1285" count="0" type="stmt"/>
      <line num="1286" count="0" type="stmt"/>
      <line num="1291" count="1" type="stmt"/>
      <line num="1292" count="0" type="stmt"/>
      <line num="1295" count="0" type="stmt"/>
      <line num="1296" count="0" type="stmt"/>
      <line num="1297" count="0" type="stmt"/>
      <line num="1298" count="0" type="stmt"/>
      <line num="1299" count="0" type="stmt"/>
      <line num="1300" count="0" type="cond" truecount="0" falsecount="4"/>
      <line num="1301" count="0" type="cond" truecount="0" falsecount="4"/>
      <line num="1302" count="0" type="stmt"/>
      <line num="1306" count="0" type="stmt"/>
      <line num="1323" count="0" type="cond" truecount="0" falsecount="2"/>
      <line num="1324" count="0" type="stmt"/>
      <line num="1325" count="0" type="stmt"/>
      <line num="1327" count="0" type="stmt"/>
      <line num="1328" count="0" type="stmt"/>
      <line num="1329" count="0" type="cond" truecount="0" falsecount="2"/>
      <line num="1330" count="0" type="stmt"/>
      <line num="1333" count="0" type="stmt"/>
      <line num="1334" count="0" type="cond" truecount="0" falsecount="2"/>
      <line num="1335" count="0" type="cond" truecount="0" falsecount="2"/>
      <line num="1337" count="0" type="stmt"/>
      <line num="1340" count="0" type="stmt"/>
      <line num="1341" count="0" type="cond" truecount="0" falsecount="2"/>
      <line num="1342" count="0" type="cond" truecount="0" falsecount="2"/>
      <line num="1343" count="0" type="stmt"/>
      <line num="1344" count="0" type="cond" truecount="0" falsecount="2"/>
      <line num="1345" count="0" type="stmt"/>
      <line num="1347" count="0" type="stmt"/>
      <line num="1349" count="0" type="stmt"/>
      <line num="1352" count="0" type="stmt"/>
      <line num="1353" count="0" type="stmt"/>
      <line num="1354" count="0" type="stmt"/>
      <line num="1355" count="0" type="stmt"/>
      <line num="1359" count="0" type="stmt"/>
      <line num="1360" count="0" type="cond" truecount="0" falsecount="2"/>
      <line num="1361" count="0" type="stmt"/>
      <line num="1362" count="0" type="stmt"/>
      <line num="1364" count="0" type="cond" truecount="0" falsecount="4"/>
      <line num="1365" count="0" type="stmt"/>
      <line num="1366" count="0" type="stmt"/>
      <line num="1367" count="0" type="stmt"/>
      <line num="1368" count="0" type="cond" truecount="0" falsecount="3"/>
      <line num="1369" count="0" type="stmt"/>
      <line num="1370" count="0" type="stmt"/>
      <line num="1373" count="0" type="cond" truecount="0" falsecount="5"/>
      <line num="1374" count="0" type="stmt"/>
      <line num="1375" count="0" type="stmt"/>
      <line num="1376" count="0" type="stmt"/>
      <line num="1377" count="0" type="cond" truecount="0" falsecount="4"/>
      <line num="1378" count="0" type="stmt"/>
      <line num="1379" count="0" type="stmt"/>
      <line num="1383" count="0" type="stmt"/>
      <line num="1384" count="0" type="cond" truecount="0" falsecount="5"/>
      <line num="1386" count="0" type="cond" truecount="0" falsecount="2"/>
      <line num="1387" count="0" type="stmt"/>
      <line num="1388" count="0" type="stmt"/>
      <line num="1389" count="0" type="stmt"/>
      <line num="1390" count="0" type="stmt"/>
      <line num="1393" count="0" type="stmt"/>
      <line num="1396" count="0" type="stmt"/>
      <line num="1412" count="0" type="stmt"/>
      <line num="1418" count="7" type="stmt"/>
      <line num="1421" count="7" type="cond" truecount="2" falsecount="0"/>
      <line num="1422" count="4" type="stmt"/>
      <line num="1425" count="7" type="stmt"/>
      <line num="1426" count="7" type="stmt"/>
      <line num="1429" count="7" type="stmt"/>
      <line num="1430" count="7" type="stmt"/>
      <line num="1431" count="6" type="cond" truecount="2" falsecount="0"/>
      <line num="1432" count="2" type="stmt"/>
      <line num="1433" count="2" type="stmt"/>
      <line num="1438" count="7" type="stmt"/>
      <line num="1439" count="7" type="stmt"/>
      <line num="1440" count="2" type="stmt"/>
      <line num="1441" count="2" type="stmt"/>
      <line num="1444" count="7" type="stmt"/>
      <line num="1445" count="7" type="stmt"/>
      <line num="1447" count="7" type="stmt"/>
      <line num="1450" count="7" type="cond" truecount="2" falsecount="2"/>
      <line num="1451" count="0" type="stmt"/>
      <line num="1452" count="0" type="stmt"/>
      <line num="1456" count="7" type="stmt"/>
      <line num="1461" count="7" type="stmt"/>
      <line num="1465" count="5" type="stmt"/>
      <line num="1466" count="5" type="stmt"/>
      <line num="1468" count="5" type="stmt"/>
      <line num="1469" count="5" type="stmt"/>
      <line num="1470" count="3" type="cond" truecount="2" falsecount="0"/>
      <line num="1473" count="3" type="cond" truecount="2" falsecount="0"/>
      <line num="1474" count="3" type="cond" truecount="2" falsecount="0"/>
      <line num="1475" count="3" type="stmt"/>
      <line num="1478" count="4" type="stmt"/>
      <line num="1479" count="4" type="cond" truecount="1" falsecount="1"/>
      <line num="1481" count="3" type="cond" truecount="2" falsecount="0"/>
      <line num="1482" count="3" type="stmt"/>
      <line num="1484" count="3" type="stmt"/>
      <line num="1493" count="2" type="stmt"/>
      <line num="1494" count="2" type="stmt"/>
      <line num="1499" count="8" type="cond" truecount="2" falsecount="0"/>
      <line num="1500" count="1" type="stmt"/>
      <line num="1501" count="1" type="stmt"/>
      <line num="1504" count="7" type="stmt"/>
      <line num="1508" count="7" type="stmt"/>
      <line num="1510" count="7" type="stmt"/>
      <line num="1511" count="7" type="stmt"/>
      <line num="1515" count="3" type="stmt"/>
      <line num="1517" count="3" type="cond" truecount="2" falsecount="0"/>
      <line num="1518" count="3" type="stmt"/>
      <line num="1519" count="3" type="stmt"/>
      <line num="1520" count="2" type="stmt"/>
      <line num="1522" count="3" type="stmt"/>
      <line num="1523" count="2" type="stmt"/>
      <line num="1527" count="3" type="stmt"/>
      <line num="1528" count="3" type="stmt"/>
      <line num="1532" count="3" type="stmt"/>
      <line num="1541" count="2" type="stmt"/>
      <line num="1542" count="4" type="stmt"/>
      <line num="1558" count="3" type="stmt"/>
      <line num="1559" count="3" type="stmt"/>
      <line num="1563" count="2" type="cond" truecount="1" falsecount="1"/>
      <line num="1564" count="0" type="stmt"/>
      <line num="1565" count="0" type="stmt"/>
      <line num="1568" count="2" type="stmt"/>
      <line num="1570" count="2" type="stmt"/>
      <line num="1572" count="2" type="stmt"/>
      <line num="1573" count="2" type="stmt"/>
      <line num="1574" count="2" type="stmt"/>
      <line num="1576" count="2" type="stmt"/>
      <line num="1579" count="2" type="stmt"/>
      <line num="1580" count="2" type="stmt"/>
      <line num="1583" count="2" type="stmt"/>
      <line num="1587" count="2" type="stmt"/>
      <line num="1589" count="2" type="cond" truecount="1" falsecount="1"/>
      <line num="1591" count="0" type="stmt"/>
      <line num="1592" count="0" type="stmt"/>
      <line num="1595" count="2" type="stmt"/>
      <line num="1596" count="2" type="stmt"/>
      <line num="1600" count="2" type="cond" truecount="2" falsecount="0"/>
      <line num="1601" count="2" type="stmt"/>
      <line num="1604" count="2" type="stmt"/>
      <line num="1605" count="1" type="stmt"/>
      <line num="1607" count="1" type="stmt"/>
      <line num="1609" count="1" type="stmt"/>
      <line num="1610" count="1" type="stmt"/>
      <line num="1616" count="0" type="stmt"/>
      <line num="1619" count="0" type="stmt"/>
      <line num="1620" count="0" type="stmt"/>
      <line num="1622" count="0" type="stmt"/>
      <line num="1623" count="0" type="stmt"/>
      <line num="1625" count="0" type="stmt"/>
      <line num="1627" count="0" type="stmt"/>
      <line num="1628" count="0" type="cond" truecount="0" falsecount="2"/>
      <line num="1631" count="0" type="stmt"/>
      <line num="1633" count="0" type="stmt"/>
      <line num="1634" count="0" type="stmt"/>
      <line num="1635" count="0" type="cond" truecount="0" falsecount="2"/>
      <line num="1636" count="0" type="stmt"/>
      <line num="1639" count="0" type="cond" truecount="0" falsecount="2"/>
      <line num="1640" count="0" type="stmt"/>
      <line num="1641" count="0" type="stmt"/>
      <line num="1642" count="0" type="stmt"/>
      <line num="1646" count="0" type="cond" truecount="0" falsecount="4"/>
      <line num="1647" count="0" type="stmt"/>
      <line num="1648" count="0" type="stmt"/>
      <line num="1649" count="0" type="stmt"/>
      <line num="1653" count="0" type="stmt"/>
      <line num="1655" count="0" type="cond" truecount="0" falsecount="2"/>
      <line num="1656" count="0" type="stmt"/>
      <line num="1657" count="0" type="stmt"/>
      <line num="1658" count="0" type="stmt"/>
      <line num="1661" count="0" type="stmt"/>
      <line num="1664" count="0" type="stmt"/>
      <line num="1665" count="0" type="stmt"/>
      <line num="1668" count="0" type="stmt"/>
      <line num="1670" count="0" type="cond" truecount="0" falsecount="2"/>
      <line num="1671" count="0" type="stmt"/>
      <line num="1672" count="0" type="cond" truecount="0" falsecount="4"/>
      <line num="1674" count="0" type="stmt"/>
      <line num="1675" count="0" type="cond" truecount="0" falsecount="2"/>
      <line num="1676" count="0" type="stmt"/>
      <line num="1678" count="0" type="stmt"/>
      <line num="1679" count="0" type="stmt"/>
      <line num="1684" count="0" type="cond" truecount="0" falsecount="2"/>
      <line num="1687" count="0" type="cond" truecount="0" falsecount="4"/>
      <line num="1688" count="0" type="stmt"/>
      <line num="1689" count="0" type="stmt"/>
      <line num="1691" count="0" type="stmt"/>
      <line num="1693" count="0" type="stmt"/>
      <line num="1694" count="0" type="stmt"/>
      <line num="1698" count="0" type="stmt"/>
      <line num="1699" count="0" type="stmt"/>
      <line num="1700" count="0" type="stmt"/>
      <line num="1701" count="0" type="stmt"/>
      <line num="1702" count="0" type="cond" truecount="0" falsecount="2"/>
      <line num="1703" count="0" type="cond" truecount="0" falsecount="2"/>
      <line num="1704" count="0" type="cond" truecount="0" falsecount="2"/>
      <line num="1705" count="0" type="cond" truecount="0" falsecount="2"/>
      <line num="1709" count="0" type="stmt"/>
      <line num="1710" count="0" type="cond" truecount="0" falsecount="3"/>
      <line num="1712" count="0" type="stmt"/>
      <line num="1713" count="0" type="stmt"/>
      <line num="1716" count="0" type="cond" truecount="0" falsecount="2"/>
      <line num="1717" count="0" type="stmt"/>
      <line num="1718" count="0" type="cond" truecount="0" falsecount="2"/>
      <line num="1719" count="0" type="stmt"/>
      <line num="1720" count="0" type="stmt"/>
      <line num="1721" count="0" type="stmt"/>
      <line num="1722" count="0" type="stmt"/>
      <line num="1723" count="0" type="stmt"/>
      <line num="1724" count="0" type="stmt"/>
      <line num="1729" count="0" type="cond" truecount="0" falsecount="2"/>
      <line num="1731" count="0" type="stmt"/>
      <line num="1732" count="0" type="stmt"/>
      <line num="1733" count="0" type="stmt"/>
      <line num="1735" count="0" type="cond" truecount="0" falsecount="2"/>
      <line num="1737" count="0" type="stmt"/>
      <line num="1738" count="0" type="stmt"/>
      <line num="1739" count="0" type="stmt"/>
      <line num="1741" count="0" type="stmt"/>
      <line num="1745" count="0" type="stmt"/>
      <line num="1746" count="0" type="cond" truecount="0" falsecount="2"/>
      <line num="1747" count="0" type="stmt"/>
      <line num="1748" count="0" type="stmt"/>
      <line num="1749" count="0" type="stmt"/>
      <line num="1750" count="0" type="stmt"/>
      <line num="1751" count="0" type="stmt"/>
      <line num="1752" count="0" type="stmt"/>
      <line num="1757" count="0" type="stmt"/>
      <line num="1758" count="0" type="cond" truecount="0" falsecount="2"/>
      <line num="1759" count="0" type="stmt"/>
      <line num="1762" count="0" type="stmt"/>
      <line num="1763" count="0" type="stmt"/>
      <line num="1764" count="0" type="stmt"/>
      <line num="1765" count="0" type="stmt"/>
      <line num="1768" count="0" type="stmt"/>
      <line num="1769" count="0" type="stmt"/>
      <line num="1770" count="0" type="stmt"/>
      <line num="1772" count="0" type="stmt"/>
      <line num="1777" count="0" type="stmt"/>
      <line num="1778" count="0" type="stmt"/>
      <line num="1779" count="0" type="stmt"/>
      <line num="1780" count="0" type="stmt"/>
      <line num="1785" count="2" type="cond" truecount="1" falsecount="1"/>
      <line num="1787" count="0" type="stmt"/>
      <line num="1790" count="2" type="stmt"/>
    </file>
    <file name="setup-linter-hook.js" path="/Users/jeremyparker/Desktop/Claude Coding Projects/post-tool-stop-hook/setup-linter-hook.js">
      <metrics statements="71" coveredstatements="69" conditionals="28" coveredconditionals="27" methods="9" coveredmethods="9"/>
      <line num="9" count="1" type="stmt"/>
      <line num="10" count="1" type="stmt"/>
      <line num="11" count="1" type="stmt"/>
      <line num="13" count="1" type="stmt"/>
      <line num="14" count="1" type="stmt"/>
      <line num="17" count="10" type="stmt"/>
      <line num="18" count="10" type="cond" truecount="2" falsecount="0"/>
      <line num="19" count="1" type="stmt"/>
      <line num="20" count="1" type="stmt"/>
      <line num="25" count="16" type="cond" truecount="2" falsecount="0"/>
      <line num="26" count="15" type="stmt"/>
      <line num="27" count="15" type="stmt"/>
      <line num="28" count="14" type="stmt"/>
      <line num="30" count="2" type="stmt"/>
      <line num="31" count="2" type="stmt"/>
      <line num="32" count="2" type="stmt"/>
      <line num="35" count="3" type="stmt"/>
      <line num="39" count="9" type="stmt"/>
      <line num="42" count="9" type="cond" truecount="2" falsecount="0"/>
      <line num="43" count="1" type="stmt"/>
      <line num="44" count="1" type="stmt"/>
      <line num="48" count="8" type="stmt"/>
      <line num="51" count="8" type="stmt"/>
      <line num="54" count="8" type="cond" truecount="2" falsecount="0"/>
      <line num="55" count="5" type="stmt"/>
      <line num="59" count="8" type="cond" truecount="2" falsecount="0"/>
      <line num="60" count="5" type="stmt"/>
      <line num="64" count="8" type="stmt"/>
      <line num="65" count="5" type="cond" truecount="2" falsecount="0"/>
      <line num="66" count="5" type="cond" truecount="2" falsecount="0"/>
      <line num="70" count="8" type="cond" truecount="2" falsecount="0"/>
      <line num="71" count="3" type="stmt"/>
      <line num="72" count="3" type="stmt"/>
      <line num="75" count="3" type="stmt"/>
      <line num="76" count="5" type="stmt"/>
      <line num="81" count="8" type="stmt"/>
      <line num="92" count="8" type="stmt"/>
      <line num="95" count="8" type="stmt"/>
      <line num="96" count="8" type="stmt"/>
      <line num="97" count="7" type="stmt"/>
      <line num="98" count="7" type="stmt"/>
      <line num="101" count="7" type="stmt"/>
      <line num="102" count="7" type="stmt"/>
      <line num="103" count="7" type="stmt"/>
      <line num="104" count="7" type="stmt"/>
      <line num="106" count="7" type="stmt"/>
      <line num="107" count="7" type="stmt"/>
      <line num="108" count="7" type="stmt"/>
      <line num="109" count="7" type="stmt"/>
      <line num="110" count="7" type="stmt"/>
      <line num="111" count="7" type="stmt"/>
      <line num="113" count="7" type="stmt"/>
      <line num="114" count="7" type="stmt"/>
      <line num="115" count="7" type="stmt"/>
      <line num="116" count="7" type="stmt"/>
      <line num="119" count="1" type="stmt"/>
      <line num="120" count="1" type="stmt"/>
      <line num="125" count="4" type="stmt"/>
      <line num="127" count="4" type="cond" truecount="4" falsecount="0"/>
      <line num="128" count="2" type="stmt"/>
      <line num="129" count="2" type="cond" truecount="2" falsecount="0"/>
      <line num="130" count="2" type="cond" truecount="2" falsecount="0"/>
      <line num="134" count="2" type="cond" truecount="2" falsecount="0"/>
      <line num="135" count="1" type="stmt"/>
      <line num="136" count="1" type="stmt"/>
      <line num="138" count="1" type="stmt"/>
      <line num="141" count="2" type="stmt"/>
      <line num="146" count="1" type="cond" truecount="1" falsecount="1"/>
      <line num="148" count="0" type="stmt"/>
      <line num="149" count="0" type="stmt"/>
      <line num="152" count="1" type="stmt"/>
    </file>
    <file name="setup-post-tool-hook.js" path="/Users/jeremyparker/Desktop/Claude Coding Projects/post-tool-stop-hook/setup-post-tool-hook.js">
      <metrics statements="260" coveredstatements="189" conditionals="132" coveredconditionals="77" methods="34" coveredmethods="21"/>
      <line num="17" count="1" type="stmt"/>
      <line num="18" count="1" type="stmt"/>
      <line num="19" count="1" type="stmt"/>
      <line num="20" count="1" type="stmt"/>
      <line num="23" count="1" type="stmt"/>
      <line num="27" count="16" type="stmt"/>
      <line num="31" count="32" type="stmt"/>
      <line num="39" count="30" type="stmt"/>
      <line num="40" count="30" type="cond" truecount="2" falsecount="0"/>
      <line num="44" count="1" type="stmt"/>
      <line num="45" count="1" type="stmt"/>
      <line num="46" count="1" type="stmt"/>
      <line num="49" count="1" type="stmt"/>
      <line num="50" count="1" type="stmt"/>
      <line num="63" count="5" type="stmt"/>
      <line num="64" count="5" type="stmt"/>
      <line num="65" count="5" type="cond" truecount="4" falsecount="0"/>
      <line num="66" count="1" type="stmt"/>
      <line num="68" count="4" type="stmt"/>
      <line num="72" count="0" type="stmt"/>
      <line num="111" count="4" type="stmt"/>
      <line num="112" count="4" type="cond" truecount="2" falsecount="0"/>
      <line num="113" count="1" type="stmt"/>
      <line num="114" count="1" type="stmt"/>
      <line num="115" count="1" type="stmt"/>
      <line num="117" count="3" type="stmt"/>
      <line num="121" count="12" type="stmt"/>
      <line num="122" count="12" type="cond" truecount="2" falsecount="0"/>
      <line num="123" count="11" type="stmt"/>
      <line num="124" count="11" type="stmt"/>
      <line num="125" count="10" type="stmt"/>
      <line num="127" count="3" type="stmt"/>
      <line num="128" count="3" type="stmt"/>
      <line num="131" count="3" type="stmt"/>
      <line num="132" count="3" type="stmt"/>
      <line num="133" count="3" type="stmt"/>
      <line num="135" count="3" type="stmt"/>
      <line num="138" count="4" type="stmt"/>
      <line num="142" count="4" type="stmt"/>
      <line num="143" count="4" type="stmt"/>
      <line num="145" count="4" type="cond" truecount="1" falsecount="1"/>
      <line num="146" count="4" type="stmt"/>
      <line num="147" count="4" type="stmt"/>
      <line num="148" count="4" type="stmt"/>
      <line num="151" count="4" type="stmt"/>
      <line num="152" count="3" type="stmt"/>
      <line num="154" count="1" type="stmt"/>
      <line num="156" count="1" type="stmt"/>
      <line num="161" count="10" type="stmt"/>
      <line num="162" count="10" type="cond" truecount="2" falsecount="0"/>
      <line num="163" count="3" type="stmt"/>
      <line num="164" count="3" type="stmt"/>
      <line num="165" count="3" type="stmt"/>
      <line num="169" count="6" type="stmt"/>
      <line num="170" count="6" type="cond" truecount="2" falsecount="0"/>
      <line num="171" count="1" type="stmt"/>
      <line num="172" count="1" type="stmt"/>
      <line num="176" count="5" type="stmt"/>
      <line num="177" count="5" type="stmt"/>
      <line num="179" count="0" type="stmt"/>
      <line num="180" count="0" type="stmt"/>
      <line num="183" count="5" type="stmt"/>
      <line num="184" count="5" type="stmt"/>
      <line num="188" count="2" type="stmt"/>
      <line num="189" count="2" type="stmt"/>
      <line num="192" count="2" type="cond" truecount="2" falsecount="0"/>
      <line num="193" count="1" type="stmt"/>
      <line num="194" count="1" type="stmt"/>
      <line num="197" count="2" type="stmt"/>
      <line num="198" count="2" type="cond" truecount="2" falsecount="0"/>
      <line num="199" count="1" type="stmt"/>
      <line num="200" count="1" type="stmt"/>
      <line num="202" count="0" type="stmt"/>
      <line num="203" count="0" type="stmt"/>
      <line num="208" count="2" type="cond" truecount="1" falsecount="1"/>
      <line num="209" count="2" type="stmt"/>
      <line num="211" count="2" type="cond" truecount="1" falsecount="1"/>
      <line num="212" count="2" type="stmt"/>
      <line num="216" count="2" type="stmt"/>
      <line num="217" count="0" type="cond" truecount="0" falsecount="2"/>
      <line num="218" count="0" type="cond" truecount="0" falsecount="2"/>
      <line num="223" count="2" type="stmt"/>
      <line num="234" count="2" type="stmt"/>
      <line num="237" count="2" type="stmt"/>
      <line num="238" count="2" type="stmt"/>
      <line num="239" count="2" type="stmt"/>
      <line num="240" count="2" type="stmt"/>
      <line num="242" count="0" type="stmt"/>
      <line num="243" count="0" type="stmt"/>
      <line num="248" count="3" type="stmt"/>
      <line num="251" count="3" type="cond" truecount="2" falsecount="0"/>
      <line num="252" count="1" type="stmt"/>
      <line num="255" count="2" type="cond" truecount="1" falsecount="1"/>
      <line num="257" count="0" type="stmt"/>
      <line num="259" count="0" type="cond" truecount="0" falsecount="2"/>
      <line num="260" count="0" type="stmt"/>
      <line num="261" count="0" type="stmt"/>
      <line num="264" count="0" type="stmt"/>
      <line num="267" count="2" type="stmt"/>
      <line num="270" count="2" type="stmt"/>
      <line num="273" count="2" type="stmt"/>
      <line num="276" count="2" type="cond" truecount="2" falsecount="0"/>
      <line num="277" count="1" type="stmt"/>
      <line num="279" count="2" type="cond" truecount="2" falsecount="0"/>
      <line num="280" count="1" type="stmt"/>
      <line num="284" count="2" type="stmt"/>
      <line num="285" count="1" type="cond" truecount="1" falsecount="1"/>
      <line num="286" count="0" type="cond" truecount="0" falsecount="2"/>
      <line num="290" count="2" type="cond" truecount="1" falsecount="1"/>
      <line num="291" count="0" type="cond" truecount="0" falsecount="2"/>
      <line num="292" count="0" type="stmt"/>
      <line num="293" count="0" type="stmt"/>
      <line num="294" count="0" type="stmt"/>
      <line num="295" count="0" type="stmt"/>
      <line num="298" count="0" type="stmt"/>
      <line num="299" count="0" type="stmt"/>
      <line num="303" count="2" type="stmt"/>
      <line num="314" count="2" type="stmt"/>
      <line num="317" count="2" type="cond" truecount="1" falsecount="1"/>
      <line num="318" count="2" type="stmt"/>
      <line num="319" count="2" type="stmt"/>
      <line num="320" count="2" type="stmt"/>
      <line num="321" count="2" type="stmt"/>
      <line num="323" count="0" type="stmt"/>
      <line num="329" count="3" type="stmt"/>
      <line num="332" count="3" type="cond" truecount="2" falsecount="0"/>
      <line num="333" count="1" type="stmt"/>
      <line num="337" count="2" type="stmt"/>
      <line num="338" count="2" type="stmt"/>
      <line num="339" count="2" type="stmt"/>
      <line num="341" count="2" type="cond" truecount="4" falsecount="0"/>
      <line num="342" count="1" type="stmt"/>
      <line num="344" count="1" type="stmt"/>
      <line num="345" count="1" type="cond" truecount="1" falsecount="1"/>
      <line num="346" count="0" type="cond" truecount="0" falsecount="2"/>
      <line num="350" count="1" type="cond" truecount="1" falsecount="1"/>
      <line num="351" count="1" type="stmt"/>
      <line num="353" count="0" type="stmt"/>
      <line num="354" count="0" type="stmt"/>
      <line num="355" count="0" type="stmt"/>
      <line num="356" count="0" type="stmt"/>
      <line num="357" count="0" type="stmt"/>
      <line num="358" count="0" type="stmt"/>
      <line num="359" count="0" type="stmt"/>
      <line num="360" count="0" type="stmt"/>
      <line num="367" count="2" type="stmt"/>
      <line num="368" count="2" type="stmt"/>
      <line num="369" count="2" type="cond" truecount="1" falsecount="1"/>
      <line num="370" count="2" type="stmt"/>
      <line num="371" count="2" type="stmt"/>
      <line num="372" count="2" type="stmt"/>
      <line num="373" count="2" type="cond" truecount="4" falsecount="0"/>
      <line num="374" count="1" type="stmt"/>
      <line num="375" count="1" type="cond" truecount="1" falsecount="1"/>
      <line num="376" count="0" type="cond" truecount="0" falsecount="2"/>
      <line num="380" count="1" type="cond" truecount="1" falsecount="1"/>
      <line num="381" count="0" type="stmt"/>
      <line num="382" count="0" type="stmt"/>
      <line num="384" count="1" type="stmt"/>
      <line num="387" count="1" type="stmt"/>
      <line num="390" count="0" type="stmt"/>
      <line num="395" count="2" type="stmt"/>
      <line num="396" count="2" type="stmt"/>
      <line num="399" count="2" type="cond" truecount="2" falsecount="0"/>
      <line num="400" count="2" type="cond" truecount="1" falsecount="1"/>
      <line num="401" count="0" type="stmt"/>
      <line num="403" count="2" type="stmt"/>
      <line num="406" count="2" type="stmt"/>
      <line num="411" count="6" type="stmt"/>
      <line num="412" count="6" type="stmt"/>
      <line num="413" count="4" type="stmt"/>
      <line num="415" count="2" type="stmt"/>
      <line num="419" count="6" type="stmt"/>
      <line num="420" count="6" type="stmt"/>
      <line num="421" count="5" type="stmt"/>
      <line num="423" count="1" type="stmt"/>
      <line num="428" count="3" type="stmt"/>
      <line num="430" count="3" type="stmt"/>
      <line num="433" count="3" type="stmt"/>
      <line num="434" count="3" type="cond" truecount="1" falsecount="1"/>
      <line num="435" count="3" type="stmt"/>
      <line num="437" count="3" type="cond" truecount="4" falsecount="0"/>
      <line num="438" count="2" type="stmt"/>
      <line num="439" count="2" type="stmt"/>
      <line num="440" count="3" type="cond" truecount="1" falsecount="1"/>
      <line num="441" count="0" type="cond" truecount="0" falsecount="2"/>
      <line num="445" count="2" type="cond" truecount="1" falsecount="1"/>
      <line num="446" count="0" type="cond" truecount="0" falsecount="2"/>
      <line num="447" count="0" type="stmt"/>
      <line num="448" count="0" type="stmt"/>
      <line num="450" count="0" type="stmt"/>
      <line num="453" count="2" type="stmt"/>
      <line num="459" count="3" type="stmt"/>
      <line num="460" count="3" type="cond" truecount="1" falsecount="1"/>
      <line num="461" count="3" type="stmt"/>
      <line num="462" count="3" type="stmt"/>
      <line num="464" count="3" type="cond" truecount="4" falsecount="0"/>
      <line num="465" count="2" type="stmt"/>
      <line num="466" count="2" type="stmt"/>
      <line num="467" count="3" type="cond" truecount="1" falsecount="1"/>
      <line num="468" count="0" type="cond" truecount="0" falsecount="2"/>
      <line num="472" count="2" type="cond" truecount="1" falsecount="1"/>
      <line num="473" count="0" type="stmt"/>
      <line num="474" count="0" type="stmt"/>
      <line num="475" count="0" type="stmt"/>
      <line num="477" count="2" type="stmt"/>
      <line num="481" count="0" type="stmt"/>
      <line num="485" count="3" type="cond" truecount="1" falsecount="1"/>
      <line num="486" count="0" type="stmt"/>
      <line num="488" count="3" type="stmt"/>
      <line num="491" count="3" type="stmt"/>
      <line num="495" count="2" type="cond" truecount="1" falsecount="1"/>
      <line num="496" count="0" type="stmt"/>
      <line num="499" count="2" type="stmt"/>
      <line num="501" count="2" type="cond" truecount="4" falsecount="0"/>
      <line num="502" count="1" type="stmt"/>
      <line num="503" count="2" type="cond" truecount="1" falsecount="1"/>
      <line num="504" count="0" type="cond" truecount="0" falsecount="2"/>
      <line num="508" count="1" type="cond" truecount="1" falsecount="1"/>
      <line num="509" count="0" type="stmt"/>
      <line num="511" count="1" type="stmt"/>
      <line num="514" count="1" type="stmt"/>
      <line num="519" count="3" type="stmt"/>
      <line num="520" count="3" type="stmt"/>
      <line num="521" count="3" type="stmt"/>
      <line num="522" count="3" type="stmt"/>
      <line num="523" count="3" type="stmt"/>
      <line num="525" count="3" type="stmt"/>
      <line num="526" count="3" type="stmt"/>
      <line num="527" count="3" type="stmt"/>
      <line num="528" count="3" type="stmt"/>
      <line num="529" count="3" type="stmt"/>
      <line num="530" count="3" type="stmt"/>
      <line num="532" count="3" type="stmt"/>
      <line num="533" count="3" type="stmt"/>
      <line num="534" count="3" type="stmt"/>
      <line num="535" count="3" type="stmt"/>
      <line num="539" count="0" type="cond" truecount="0" falsecount="2"/>
      <line num="540" count="0" type="stmt"/>
      <line num="541" count="0" type="stmt"/>
      <line num="544" count="0" type="cond" truecount="0" falsecount="2"/>
      <line num="545" count="0" type="stmt"/>
      <line num="546" count="0" type="stmt"/>
      <line num="549" count="0" type="cond" truecount="0" falsecount="2"/>
      <line num="550" count="0" type="stmt"/>
      <line num="551" count="0" type="stmt"/>
      <line num="555" count="0" type="stmt"/>
      <line num="557" count="0" type="cond" truecount="0" falsecount="2"/>
      <line num="558" count="0" type="stmt"/>
      <line num="559" count="0" type="stmt"/>
      <line num="560" count="0" type="stmt"/>
      <line num="562" count="0" type="stmt"/>
      <line num="563" count="0" type="stmt"/>
      <line num="568" count="1" type="stmt"/>
      <line num="569" count="0" type="stmt"/>
      <line num="570" count="0" type="stmt"/>
      <line num="571" count="0" type="stmt"/>
      <line num="575" count="1" type="cond" truecount="1" falsecount="1"/>
      <line num="577" count="0" type="stmt"/>
      <line num="580" count="1" type="stmt"/>
    </file>
  </project>
</coverage>
