{"/Users/jeremyparker/Desktop/Claude Coding Projects/post-tool-stop-hook/package-hook.js": {"path":"/Users/jeremyparker/Desktop/Claude Coding Projects/post-tool-stop-hook/package-hook.js","statementMap":{"0":{"start":{"line":29,"column":11},"end":{"line":29,"column":24}},"1":{"start":{"line":30,"column":13},"end":{"line":30,"column":28}},"2":{"start":{"line":31,"column":15},"end":{"line":31,"column":32}},"3":{"start":{"line":32,"column":21},"end":{"line":32,"column":45}},"4":{"start":{"line":35,"column":15},"end":{"line":54,"column":1}},"5":{"start":{"line":59,"column":4},"end":{"line":65,"column":6}},"6":{"start":{"line":68,"column":4},"end":{"line":68,"column":67}},"7":{"start":{"line":70,"column":4},"end":{"line":70,"column":103}},"8":{"start":{"line":71,"column":4},"end":{"line":71,"column":32}},"9":{"start":{"line":73,"column":4},"end":{"line":78,"column":5}},"10":{"start":{"line":74,"column":6},"end":{"line":74,"column":64}},"11":{"start":{"line":75,"column":6},"end":{"line":75,"column":51}},"12":{"start":{"line":76,"column":6},"end":{"line":76,"column":49}},"13":{"start":{"line":77,"column":6},"end":{"line":77,"column":49}},"14":{"start":{"line":85,"column":4},"end":{"line":91,"column":5}},"15":{"start":{"line":86,"column":26},"end":{"line":86,"column":77}},"16":{"start":{"line":87,"column":6},"end":{"line":87,"column":58}},"17":{"start":{"line":89,"column":6},"end":{"line":89,"column":103}},"18":{"start":{"line":90,"column":6},"end":{"line":90,"column":35}},"19":{"start":{"line":98,"column":4},"end":{"line":149,"column":5}},"20":{"start":{"line":99,"column":6},"end":{"line":99,"column":54}},"21":{"start":{"line":102,"column":6},"end":{"line":102,"column":42}},"22":{"start":{"line":105,"column":6},"end":{"line":105,"column":37}},"23":{"start":{"line":108,"column":6},"end":{"line":108,"column":37}},"24":{"start":{"line":111,"column":6},"end":{"line":111,"column":47}},"25":{"start":{"line":114,"column":6},"end":{"line":114,"column":41}},"26":{"start":{"line":117,"column":6},"end":{"line":117,"column":48}},"27":{"start":{"line":120,"column":6},"end":{"line":122,"column":7}},"28":{"start":{"line":121,"column":8},"end":{"line":121,"column":35}},"29":{"start":{"line":125,"column":6},"end":{"line":127,"column":7}},"30":{"start":{"line":126,"column":8},"end":{"line":126,"column":37}},"31":{"start":{"line":130,"column":6},"end":{"line":130,"column":37}},"32":{"start":{"line":132,"column":23},"end":{"line":132,"column":59}},"33":{"start":{"line":133,"column":6},"end":{"line":133,"column":67}},"34":{"start":{"line":134,"column":6},"end":{"line":134,"column":58}},"35":{"start":{"line":136,"column":6},"end":{"line":141,"column":8}},"36":{"start":{"line":144,"column":6},"end":{"line":144,"column":64}},"37":{"start":{"line":145,"column":6},"end":{"line":147,"column":7}},"38":{"start":{"line":146,"column":8},"end":{"line":146,"column":35}},"39":{"start":{"line":148,"column":6},"end":{"line":148,"column":18}},"40":{"start":{"line":156,"column":4},"end":{"line":156,"column":51}},"41":{"start":{"line":158,"column":4},"end":{"line":161,"column":5}},"42":{"start":{"line":159,"column":6},"end":{"line":159,"column":53}},"43":{"start":{"line":160,"column":6},"end":{"line":160,"column":71}},"44":{"start":{"line":164,"column":17},"end":{"line":170,"column":5}},"45":{"start":{"line":172,"column":4},"end":{"line":177,"column":7}},"46":{"start":{"line":173,"column":6},"end":{"line":176,"column":7}},"47":{"start":{"line":174,"column":8},"end":{"line":174,"column":47}},"48":{"start":{"line":175,"column":8},"end":{"line":175,"column":76}},"49":{"start":{"line":184,"column":4},"end":{"line":184,"column":47}},"50":{"start":{"line":186,"column":4},"end":{"line":194,"column":5}},"51":{"start":{"line":187,"column":6},"end":{"line":193,"column":7}},"52":{"start":{"line":188,"column":25},"end":{"line":188,"column":79}},"53":{"start":{"line":189,"column":8},"end":{"line":189,"column":40}},"54":{"start":{"line":190,"column":8},"end":{"line":190,"column":82}},"55":{"start":{"line":192,"column":8},"end":{"line":192,"column":55}},"56":{"start":{"line":201,"column":4},"end":{"line":201,"column":47}},"57":{"start":{"line":203,"column":4},"end":{"line":219,"column":5}},"58":{"start":{"line":204,"column":6},"end":{"line":218,"column":7}},"59":{"start":{"line":205,"column":22},"end":{"line":205,"column":39}},"60":{"start":{"line":207,"column":8},"end":{"line":215,"column":9}},"61":{"start":{"line":208,"column":26},"end":{"line":208,"column":81}},"62":{"start":{"line":209,"column":10},"end":{"line":209,"column":44}},"63":{"start":{"line":210,"column":10},"end":{"line":210,"column":93}},"64":{"start":{"line":212,"column":27},"end":{"line":212,"column":86}},"65":{"start":{"line":213,"column":10},"end":{"line":213,"column":42}},"66":{"start":{"line":214,"column":10},"end":{"line":214,"column":89}},"67":{"start":{"line":217,"column":8},"end":{"line":217,"column":57}},"68":{"start":{"line":226,"column":4},"end":{"line":226,"column":58}},"69":{"start":{"line":229,"column":26},"end":{"line":229,"column":54}},"70":{"start":{"line":230,"column":4},"end":{"line":230,"column":78}},"71":{"start":{"line":231,"column":4},"end":{"line":231,"column":66}},"72":{"start":{"line":232,"column":4},"end":{"line":232,"column":38}},"73":{"start":{"line":235,"column":29},"end":{"line":235,"column":60}},"74":{"start":{"line":236,"column":4},"end":{"line":236,"column":82}},"75":{"start":{"line":237,"column":4},"end":{"line":237,"column":39}},"76":{"start":{"line":240,"column":26},"end":{"line":240,"column":54}},"77":{"start":{"line":241,"column":4},"end":{"line":241,"column":78}},"78":{"start":{"line":242,"column":4},"end":{"line":242,"column":38}},"79":{"start":{"line":249,"column":4},"end":{"line":249,"column":50}},"80":{"start":{"line":251,"column":21},"end":{"line":273,"column":5}},"81":{"start":{"line":275,"column":4},"end":{"line":278,"column":6}},"82":{"start":{"line":279,"column":4},"end":{"line":279,"column":45}},"83":{"start":{"line":282,"column":21},"end":{"line":285,"column":5}},"84":{"start":{"line":284,"column":46},"end":{"line":284,"column":84}},"85":{"start":{"line":287,"column":4},"end":{"line":290,"column":6}},"86":{"start":{"line":291,"column":4},"end":{"line":291,"column":41}},"87":{"start":{"line":298,"column":4},"end":{"line":298,"column":57}},"88":{"start":{"line":300,"column":23},"end":{"line":300,"column":53}},"89":{"start":{"line":301,"column":4},"end":{"line":301,"column":78}},"90":{"start":{"line":302,"column":4},"end":{"line":302,"column":41}},"91":{"start":{"line":304,"column":22},"end":{"line":304,"column":46}},"92":{"start":{"line":305,"column":4},"end":{"line":305,"column":76}},"93":{"start":{"line":306,"column":4},"end":{"line":306,"column":40}},"94":{"start":{"line":308,"column":20},"end":{"line":308,"column":42}},"95":{"start":{"line":309,"column":4},"end":{"line":309,"column":69}},"96":{"start":{"line":310,"column":4},"end":{"line":310,"column":35}},"97":{"start":{"line":317,"column":4},"end":{"line":317,"column":64}},"98":{"start":{"line":319,"column":24},"end":{"line":319,"column":72}},"99":{"start":{"line":320,"column":23},"end":{"line":320,"column":66}},"100":{"start":{"line":322,"column":4},"end":{"line":346,"column":5}},"101":{"start":{"line":324,"column":6},"end":{"line":336,"column":7}},"102":{"start":{"line":325,"column":8},"end":{"line":326,"column":29}},"103":{"start":{"line":327,"column":8},"end":{"line":327,"column":50}},"104":{"start":{"line":329,"column":8},"end":{"line":329,"column":74}},"105":{"start":{"line":331,"column":8},"end":{"line":335,"column":9}},"106":{"start":{"line":332,"column":10},"end":{"line":332,"column":63}},"107":{"start":{"line":334,"column":10},"end":{"line":334,"column":85}},"108":{"start":{"line":337,"column":11},"end":{"line":346,"column":5}},"109":{"start":{"line":339,"column":6},"end":{"line":345,"column":7}},"110":{"start":{"line":340,"column":8},"end":{"line":341,"column":29}},"111":{"start":{"line":342,"column":8},"end":{"line":342,"column":53}},"112":{"start":{"line":344,"column":8},"end":{"line":344,"column":69}},"113":{"start":{"line":353,"column":4},"end":{"line":353,"column":43}},"114":{"start":{"line":355,"column":19},"end":{"line":355,"column":21}},"115":{"start":{"line":358,"column":4},"end":{"line":363,"column":5}},"116":{"start":{"line":359,"column":23},"end":{"line":359,"column":77}},"117":{"start":{"line":360,"column":6},"end":{"line":362,"column":7}},"118":{"start":{"line":361,"column":8},"end":{"line":361,"column":69}},"119":{"start":{"line":366,"column":23},"end":{"line":366,"column":66}},"120":{"start":{"line":367,"column":4},"end":{"line":372,"column":5}},"121":{"start":{"line":368,"column":28},"end":{"line":368,"column":65}},"122":{"start":{"line":369,"column":6},"end":{"line":371,"column":7}},"123":{"start":{"line":370,"column":8},"end":{"line":370,"column":55}},"124":{"start":{"line":375,"column":26},"end":{"line":375,"column":81}},"125":{"start":{"line":376,"column":4},"end":{"line":381,"column":5}},"126":{"start":{"line":377,"column":23},"end":{"line":377,"column":55}},"127":{"start":{"line":378,"column":6},"end":{"line":380,"column":7}},"128":{"start":{"line":379,"column":8},"end":{"line":379,"column":54}},"129":{"start":{"line":383,"column":4},"end":{"line":387,"column":5}},"130":{"start":{"line":384,"column":6},"end":{"line":384,"column":47}},"131":{"start":{"line":385,"column":6},"end":{"line":385,"column":57}},"132":{"start":{"line":385,"column":30},"end":{"line":385,"column":55}},"133":{"start":{"line":386,"column":6},"end":{"line":386,"column":80}},"134":{"start":{"line":389,"column":4},"end":{"line":389,"column":44}},"135":{"start":{"line":396,"column":4},"end":{"line":396,"column":45}},"136":{"start":{"line":398,"column":4},"end":{"line":417,"column":5}},"137":{"start":{"line":399,"column":24},"end":{"line":399,"column":26}},"138":{"start":{"line":400,"column":20},"end":{"line":400,"column":53}},"139":{"start":{"line":402,"column":6},"end":{"line":407,"column":7}},"140":{"start":{"line":403,"column":24},"end":{"line":403,"column":45}},"141":{"start":{"line":404,"column":21},"end":{"line":404,"column":78}},"142":{"start":{"line":405,"column":29},"end":{"line":405,"column":65}},"143":{"start":{"line":406,"column":8},"end":{"line":406,"column":39}},"144":{"start":{"line":409,"column":6},"end":{"line":412,"column":8}},"145":{"start":{"line":413,"column":6},"end":{"line":413,"column":83}},"146":{"start":{"line":415,"column":6},"end":{"line":415,"column":68}},"147":{"start":{"line":423,"column":4},"end":{"line":425,"column":5}},"148":{"start":{"line":424,"column":6},"end":{"line":424,"column":46}},"149":{"start":{"line":427,"column":20},"end":{"line":427,"column":64}},"150":{"start":{"line":429,"column":4},"end":{"line":438,"column":5}},"151":{"start":{"line":430,"column":22},"end":{"line":430,"column":48}},"152":{"start":{"line":431,"column":23},"end":{"line":431,"column":50}},"153":{"start":{"line":433,"column":6},"end":{"line":437,"column":7}},"154":{"start":{"line":434,"column":8},"end":{"line":434,"column":46}},"155":{"start":{"line":436,"column":8},"end":{"line":436,"column":43}},"156":{"start":{"line":442,"column":18},"end":{"line":442,"column":51}},"157":{"start":{"line":443,"column":4},"end":{"line":454,"column":7}},"158":{"start":{"line":444,"column":20},"end":{"line":444,"column":37}},"159":{"start":{"line":445,"column":22},"end":{"line":445,"column":43}},"160":{"start":{"line":446,"column":23},"end":{"line":446,"column":80}},"161":{"start":{"line":448,"column":6},"end":{"line":453,"column":8}},"162":{"start":{"line":458,"column":18},"end":{"line":458,"column":20}},"163":{"start":{"line":461,"column":4},"end":{"line":464,"column":5}},"164":{"start":{"line":462,"column":6},"end":{"line":462,"column":60}},"165":{"start":{"line":463,"column":6},"end":{"line":463,"column":19}},"166":{"start":{"line":467,"column":4},"end":{"line":470,"column":5}},"167":{"start":{"line":468,"column":6},"end":{"line":468,"column":89}},"168":{"start":{"line":469,"column":6},"end":{"line":469,"column":19}},"169":{"start":{"line":473,"column":4},"end":{"line":481,"column":5}},"170":{"start":{"line":474,"column":6},"end":{"line":477,"column":7}},"171":{"start":{"line":475,"column":8},"end":{"line":475,"column":56}},"172":{"start":{"line":476,"column":8},"end":{"line":476,"column":21}},"173":{"start":{"line":479,"column":6},"end":{"line":479,"column":82}},"174":{"start":{"line":480,"column":6},"end":{"line":480,"column":19}},"175":{"start":{"line":485,"column":4},"end":{"line":490,"column":5}},"176":{"start":{"line":486,"column":6},"end":{"line":486,"column":38}},"177":{"start":{"line":488,"column":6},"end":{"line":488,"column":101}},"178":{"start":{"line":489,"column":6},"end":{"line":489,"column":19}},"179":{"start":{"line":493,"column":4},"end":{"line":496,"column":5}},"180":{"start":{"line":494,"column":6},"end":{"line":494,"column":79}},"181":{"start":{"line":495,"column":6},"end":{"line":495,"column":19}},"182":{"start":{"line":499,"column":4},"end":{"line":499,"column":31}},"183":{"start":{"line":501,"column":4},"end":{"line":553,"column":5}},"184":{"start":{"line":504,"column":6},"end":{"line":509,"column":7}},"185":{"start":{"line":505,"column":8},"end":{"line":505,"column":63}},"186":{"start":{"line":507,"column":8},"end":{"line":507,"column":50}},"187":{"start":{"line":508,"column":8},"end":{"line":508,"column":21}},"188":{"start":{"line":512,"column":6},"end":{"line":545,"column":7}},"189":{"start":{"line":513,"column":8},"end":{"line":544,"column":9}},"190":{"start":{"line":514,"column":27},"end":{"line":514,"column":53}},"191":{"start":{"line":517,"column":10},"end":{"line":519,"column":11}},"192":{"start":{"line":518,"column":12},"end":{"line":518,"column":21}},"193":{"start":{"line":521,"column":10},"end":{"line":538,"column":11}},"194":{"start":{"line":523,"column":12},"end":{"line":529,"column":13}},"195":{"start":{"line":524,"column":31},"end":{"line":524,"column":99}},"196":{"start":{"line":525,"column":14},"end":{"line":525,"column":38}},"197":{"start":{"line":527,"column":14},"end":{"line":527,"column":89}},"198":{"start":{"line":530,"column":17},"end":{"line":538,"column":11}},"199":{"start":{"line":532,"column":12},"end":{"line":534,"column":13}},"200":{"start":{"line":533,"column":14},"end":{"line":533,"column":35}},"201":{"start":{"line":535,"column":17},"end":{"line":538,"column":11}},"202":{"start":{"line":537,"column":12},"end":{"line":537,"column":60}},"203":{"start":{"line":542,"column":10},"end":{"line":542,"column":90}},"204":{"start":{"line":549,"column":6},"end":{"line":549,"column":83}},"205":{"start":{"line":552,"column":6},"end":{"line":552,"column":36}},"206":{"start":{"line":555,"column":4},"end":{"line":555,"column":17}},"207":{"start":{"line":564,"column":4},"end":{"line":597,"column":5}},"208":{"start":{"line":566,"column":8},"end":{"line":566,"column":45}},"209":{"start":{"line":568,"column":8},"end":{"line":568,"column":64}},"210":{"start":{"line":570,"column":8},"end":{"line":570,"column":78}},"211":{"start":{"line":572,"column":8},"end":{"line":572,"column":60}},"212":{"start":{"line":574,"column":8},"end":{"line":574,"column":66}},"213":{"start":{"line":576,"column":8},"end":{"line":576,"column":69}},"214":{"start":{"line":578,"column":8},"end":{"line":578,"column":68}},"215":{"start":{"line":580,"column":8},"end":{"line":580,"column":71}},"216":{"start":{"line":582,"column":8},"end":{"line":582,"column":59}},"217":{"start":{"line":584,"column":8},"end":{"line":584,"column":41}},"218":{"start":{"line":586,"column":8},"end":{"line":586,"column":64}},"219":{"start":{"line":588,"column":8},"end":{"line":588,"column":39}},"220":{"start":{"line":590,"column":8},"end":{"line":590,"column":48}},"221":{"start":{"line":592,"column":8},"end":{"line":592,"column":37}},"222":{"start":{"line":594,"column":8},"end":{"line":594,"column":75}},"223":{"start":{"line":596,"column":8},"end":{"line":596,"column":68}},"224":{"start":{"line":606,"column":29},"end":{"line":606,"column":66}},"225":{"start":{"line":609,"column":4},"end":{"line":629,"column":5}},"226":{"start":{"line":612,"column":8},"end":{"line":612,"column":91}},"227":{"start":{"line":613,"column":8},"end":{"line":613,"column":14}},"228":{"start":{"line":615,"column":8},"end":{"line":615,"column":73}},"229":{"start":{"line":616,"column":8},"end":{"line":616,"column":14}},"230":{"start":{"line":619,"column":8},"end":{"line":619,"column":97}},"231":{"start":{"line":620,"column":8},"end":{"line":620,"column":14}},"232":{"start":{"line":622,"column":8},"end":{"line":622,"column":81}},"233":{"start":{"line":623,"column":8},"end":{"line":623,"column":14}},"234":{"start":{"line":625,"column":8},"end":{"line":625,"column":87}},"235":{"start":{"line":626,"column":8},"end":{"line":626,"column":14}},"236":{"start":{"line":628,"column":8},"end":{"line":628,"column":76}},"237":{"start":{"line":640,"column":4},"end":{"line":643,"column":5}},"238":{"start":{"line":641,"column":6},"end":{"line":641,"column":70}},"239":{"start":{"line":642,"column":6},"end":{"line":642,"column":19}},"240":{"start":{"line":646,"column":4},"end":{"line":648,"column":5}},"241":{"start":{"line":647,"column":6},"end":{"line":647,"column":19}},"242":{"start":{"line":651,"column":4},"end":{"line":654,"column":5}},"243":{"start":{"line":652,"column":6},"end":{"line":652,"column":77}},"244":{"start":{"line":653,"column":6},"end":{"line":653,"column":19}},"245":{"start":{"line":656,"column":4},"end":{"line":656,"column":16}},"246":{"start":{"line":665,"column":4},"end":{"line":672,"column":5}},"247":{"start":{"line":666,"column":6},"end":{"line":666,"column":49}},"248":{"start":{"line":667,"column":6},"end":{"line":667,"column":18}},"249":{"start":{"line":669,"column":31},"end":{"line":669,"column":68}},"250":{"start":{"line":670,"column":6},"end":{"line":670,"column":76}},"251":{"start":{"line":671,"column":6},"end":{"line":671,"column":19}},"252":{"start":{"line":682,"column":4},"end":{"line":705,"column":5}},"253":{"start":{"line":683,"column":20},"end":{"line":683,"column":42}},"254":{"start":{"line":684,"column":6},"end":{"line":702,"column":7}},"255":{"start":{"line":686,"column":8},"end":{"line":701,"column":9}},"256":{"start":{"line":687,"column":29},"end":{"line":687,"column":54}},"257":{"start":{"line":688,"column":31},"end":{"line":688,"column":79}},"258":{"start":{"line":691,"column":10},"end":{"line":698,"column":11}},"259":{"start":{"line":692,"column":32},"end":{"line":692,"column":57}},"260":{"start":{"line":693,"column":12},"end":{"line":695,"column":13}},"261":{"start":{"line":694,"column":14},"end":{"line":694,"column":35}},"262":{"start":{"line":697,"column":12},"end":{"line":697,"column":141}},"263":{"start":{"line":700,"column":10},"end":{"line":700,"column":115}},"264":{"start":{"line":704,"column":6},"end":{"line":704,"column":108}},"265":{"start":{"line":709,"column":4},"end":{"line":747,"column":2}},"266":{"start":{"line":751,"column":4},"end":{"line":791,"column":2}},"267":{"start":{"line":795,"column":4},"end":{"line":841,"column":2}},"268":{"start":{"line":845,"column":4},"end":{"line":919,"column":2}},"269":{"start":{"line":923,"column":4},"end":{"line":952,"column":2}},"270":{"start":{"line":956,"column":4},"end":{"line":977,"column":2}},"271":{"start":{"line":982,"column":4},"end":{"line":982,"column":57}},"272":{"start":{"line":984,"column":4},"end":{"line":984,"column":88}},"273":{"start":{"line":985,"column":4},"end":{"line":985,"column":64}},"274":{"start":{"line":990,"column":4},"end":{"line":992,"column":5}},"275":{"start":{"line":991,"column":6},"end":{"line":991,"column":27}},"276":{"start":{"line":999,"column":15},"end":{"line":999,"column":36}},"277":{"start":{"line":1000,"column":18},"end":{"line":1000,"column":20}},"278":{"start":{"line":1002,"column":2},"end":{"line":1037,"column":3}},"279":{"start":{"line":1002,"column":15},"end":{"line":1002,"column":16}},"280":{"start":{"line":1003,"column":16},"end":{"line":1003,"column":23}},"281":{"start":{"line":1005,"column":4},"end":{"line":1036,"column":5}},"282":{"start":{"line":1007,"column":8},"end":{"line":1007,"column":35}},"283":{"start":{"line":1008,"column":8},"end":{"line":1008,"column":14}},"284":{"start":{"line":1010,"column":8},"end":{"line":1010,"column":36}},"285":{"start":{"line":1011,"column":8},"end":{"line":1011,"column":14}},"286":{"start":{"line":1013,"column":23},"end":{"line":1013,"column":32}},"287":{"start":{"line":1014,"column":8},"end":{"line":1017,"column":9}},"288":{"start":{"line":1015,"column":10},"end":{"line":1015,"column":115}},"289":{"start":{"line":1016,"column":10},"end":{"line":1016,"column":26}},"290":{"start":{"line":1018,"column":8},"end":{"line":1018,"column":32}},"291":{"start":{"line":1019,"column":8},"end":{"line":1019,"column":14}},"292":{"start":{"line":1021,"column":8},"end":{"line":1021,"column":29}},"293":{"start":{"line":1022,"column":8},"end":{"line":1022,"column":14}},"294":{"start":{"line":1024,"column":8},"end":{"line":1024,"column":33}},"295":{"start":{"line":1025,"column":8},"end":{"line":1025,"column":14}},"296":{"start":{"line":1027,"column":8},"end":{"line":1027,"column":31}},"297":{"start":{"line":1028,"column":8},"end":{"line":1028,"column":14}},"298":{"start":{"line":1030,"column":8},"end":{"line":1030,"column":19}},"299":{"start":{"line":1031,"column":8},"end":{"line":1031,"column":24}},"300":{"start":{"line":1032,"column":8},"end":{"line":1032,"column":14}},"301":{"start":{"line":1034,"column":8},"end":{"line":1034,"column":56}},"302":{"start":{"line":1035,"column":8},"end":{"line":1035,"column":24}},"303":{"start":{"line":1039,"column":2},"end":{"line":1039,"column":17}},"304":{"start":{"line":1043,"column":2},"end":{"line":1063,"column":3}},"305":{"start":{"line":1068,"column":2},"end":{"line":1082,"column":3}},"306":{"start":{"line":1069,"column":20},"end":{"line":1069,"column":31}},"307":{"start":{"line":1070,"column":21},"end":{"line":1070,"column":46}},"308":{"start":{"line":1071,"column":19},"end":{"line":1071,"column":49}},"309":{"start":{"line":1073,"column":4},"end":{"line":1073,"column":59}},"310":{"start":{"line":1074,"column":4},"end":{"line":1074,"column":53}},"311":{"start":{"line":1075,"column":4},"end":{"line":1075,"column":53}},"312":{"start":{"line":1077,"column":4},"end":{"line":1077,"column":20}},"313":{"start":{"line":1080,"column":4},"end":{"line":1080,"column":60}},"314":{"start":{"line":1081,"column":4},"end":{"line":1081,"column":20}},"315":{"start":{"line":1086,"column":0},"end":{"line":1088,"column":1}},"316":{"start":{"line":1087,"column":2},"end":{"line":1087,"column":9}},"317":{"start":{"line":1090,"column":0},"end":{"line":1090,"column":42}}},"fnMap":{"0":{"name":"(anonymous_0)","decl":{"start":{"line":57,"column":2},"end":{"line":57,"column":3}},"loc":{"start":{"line":57,"column":28},"end":{"line":79,"column":3}},"line":57},"1":{"name":"(anonymous_1)","decl":{"start":{"line":84,"column":2},"end":{"line":84,"column":3}},"loc":{"start":{"line":84,"column":18},"end":{"line":92,"column":3}},"line":84},"2":{"name":"(anonymous_2)","decl":{"start":{"line":97,"column":2},"end":{"line":97,"column":3}},"loc":{"start":{"line":97,"column":24},"end":{"line":150,"column":3}},"line":97},"3":{"name":"(anonymous_3)","decl":{"start":{"line":155,"column":2},"end":{"line":155,"column":3}},"loc":{"start":{"line":155,"column":33},"end":{"line":178,"column":3}},"line":155},"4":{"name":"(anonymous_4)","decl":{"start":{"line":172,"column":17},"end":{"line":172,"column":18}},"loc":{"start":{"line":172,"column":24},"end":{"line":177,"column":5}},"line":172},"5":{"name":"(anonymous_5)","decl":{"start":{"line":183,"column":2},"end":{"line":183,"column":3}},"loc":{"start":{"line":183,"column":28},"end":{"line":195,"column":3}},"line":183},"6":{"name":"(anonymous_6)","decl":{"start":{"line":200,"column":2},"end":{"line":200,"column":3}},"loc":{"start":{"line":200,"column":28},"end":{"line":220,"column":3}},"line":200},"7":{"name":"(anonymous_7)","decl":{"start":{"line":225,"column":2},"end":{"line":225,"column":3}},"loc":{"start":{"line":225,"column":38},"end":{"line":243,"column":3}},"line":225},"8":{"name":"(anonymous_8)","decl":{"start":{"line":248,"column":2},"end":{"line":248,"column":3}},"loc":{"start":{"line":248,"column":32},"end":{"line":292,"column":3}},"line":248},"9":{"name":"(anonymous_9)","decl":{"start":{"line":284,"column":40},"end":{"line":284,"column":41}},"loc":{"start":{"line":284,"column":46},"end":{"line":284,"column":84}},"line":284},"10":{"name":"(anonymous_10)","decl":{"start":{"line":297,"column":2},"end":{"line":297,"column":3}},"loc":{"start":{"line":297,"column":39},"end":{"line":311,"column":3}},"line":297},"11":{"name":"(anonymous_11)","decl":{"start":{"line":316,"column":2},"end":{"line":316,"column":3}},"loc":{"start":{"line":316,"column":24},"end":{"line":347,"column":3}},"line":316},"12":{"name":"(anonymous_12)","decl":{"start":{"line":352,"column":2},"end":{"line":352,"column":3}},"loc":{"start":{"line":352,"column":26},"end":{"line":390,"column":3}},"line":352},"13":{"name":"(anonymous_13)","decl":{"start":{"line":385,"column":21},"end":{"line":385,"column":22}},"loc":{"start":{"line":385,"column":30},"end":{"line":385,"column":55}},"line":385},"14":{"name":"(anonymous_14)","decl":{"start":{"line":395,"column":2},"end":{"line":395,"column":3}},"loc":{"start":{"line":395,"column":28},"end":{"line":418,"column":3}},"line":395},"15":{"name":"(anonymous_15)","decl":{"start":{"line":422,"column":2},"end":{"line":422,"column":3}},"loc":{"start":{"line":422,"column":27},"end":{"line":439,"column":3}},"line":422},"16":{"name":"(anonymous_16)","decl":{"start":{"line":441,"column":2},"end":{"line":441,"column":3}},"loc":{"start":{"line":441,"column":20},"end":{"line":455,"column":3}},"line":441},"17":{"name":"(anonymous_17)","decl":{"start":{"line":443,"column":21},"end":{"line":443,"column":22}},"loc":{"start":{"line":443,"column":29},"end":{"line":454,"column":5}},"line":443},"18":{"name":"(anonymous_18)","decl":{"start":{"line":457,"column":2},"end":{"line":457,"column":3}},"loc":{"start":{"line":457,"column":78},"end":{"line":556,"column":3}},"line":457},"19":{"name":"(anonymous_19)","decl":{"start":{"line":563,"column":2},"end":{"line":563,"column":3}},"loc":{"start":{"line":563,"column":35},"end":{"line":598,"column":3}},"line":563},"20":{"name":"(anonymous_20)","decl":{"start":{"line":605,"column":2},"end":{"line":605,"column":3}},"loc":{"start":{"line":605,"column":39},"end":{"line":630,"column":3}},"line":605},"21":{"name":"(anonymous_21)","decl":{"start":{"line":638,"column":2},"end":{"line":638,"column":3}},"loc":{"start":{"line":638,"column":42},"end":{"line":657,"column":3}},"line":638},"22":{"name":"(anonymous_22)","decl":{"start":{"line":664,"column":2},"end":{"line":664,"column":3}},"loc":{"start":{"line":664,"column":29},"end":{"line":673,"column":3}},"line":664},"23":{"name":"(anonymous_23)","decl":{"start":{"line":681,"column":2},"end":{"line":681,"column":3}},"loc":{"start":{"line":681,"column":45},"end":{"line":706,"column":3}},"line":681},"24":{"name":"(anonymous_24)","decl":{"start":{"line":708,"column":2},"end":{"line":708,"column":3}},"loc":{"start":{"line":708,"column":26},"end":{"line":748,"column":3}},"line":708},"25":{"name":"(anonymous_25)","decl":{"start":{"line":750,"column":2},"end":{"line":750,"column":3}},"loc":{"start":{"line":750,"column":29},"end":{"line":792,"column":3}},"line":750},"26":{"name":"(anonymous_26)","decl":{"start":{"line":794,"column":2},"end":{"line":794,"column":3}},"loc":{"start":{"line":794,"column":26},"end":{"line":842,"column":3}},"line":794},"27":{"name":"(anonymous_27)","decl":{"start":{"line":844,"column":2},"end":{"line":844,"column":3}},"loc":{"start":{"line":844,"column":28},"end":{"line":920,"column":3}},"line":844},"28":{"name":"(anonymous_28)","decl":{"start":{"line":922,"column":2},"end":{"line":922,"column":3}},"loc":{"start":{"line":922,"column":22},"end":{"line":953,"column":3}},"line":922},"29":{"name":"(anonymous_29)","decl":{"start":{"line":955,"column":2},"end":{"line":955,"column":3}},"loc":{"start":{"line":955,"column":20},"end":{"line":978,"column":3}},"line":955},"30":{"name":"(anonymous_30)","decl":{"start":{"line":980,"column":2},"end":{"line":980,"column":3}},"loc":{"start":{"line":980,"column":42},"end":{"line":986,"column":3}},"line":980},"31":{"name":"(anonymous_31)","decl":{"start":{"line":988,"column":2},"end":{"line":988,"column":3}},"loc":{"start":{"line":988,"column":15},"end":{"line":994,"column":3}},"line":988},"32":{"name":"parseArgs","decl":{"start":{"line":998,"column":9},"end":{"line":998,"column":18}},"loc":{"start":{"line":998,"column":21},"end":{"line":1040,"column":1}},"line":998},"33":{"name":"showHelp","decl":{"start":{"line":1042,"column":9},"end":{"line":1042,"column":17}},"loc":{"start":{"line":1042,"column":20},"end":{"line":1064,"column":1}},"line":1042},"34":{"name":"main","decl":{"start":{"line":1067,"column":15},"end":{"line":1067,"column":19}},"loc":{"start":{"line":1067,"column":22},"end":{"line":1083,"column":1}},"line":1067}},"branchMap":{"0":{"loc":{"start":{"line":57,"column":14},"end":{"line":57,"column":26}},"type":"default-arg","locations":[{"start":{"line":57,"column":24},"end":{"line":57,"column":26}}],"line":57},"1":{"loc":{"start":{"line":60,"column":14},"end":{"line":60,"column":52}},"type":"binary-expr","locations":[{"start":{"line":60,"column":14},"end":{"line":60,"column":28}},{"start":{"line":60,"column":32},"end":{"line":60,"column":52}}],"line":60},"2":{"loc":{"start":{"line":61,"column":14},"end":{"line":61,"column":37}},"type":"binary-expr","locations":[{"start":{"line":61,"column":14},"end":{"line":61,"column":28}},{"start":{"line":61,"column":32},"end":{"line":61,"column":37}}],"line":61},"3":{"loc":{"start":{"line":62,"column":13},"end":{"line":62,"column":35}},"type":"binary-expr","locations":[{"start":{"line":62,"column":13},"end":{"line":62,"column":26}},{"start":{"line":62,"column":30},"end":{"line":62,"column":35}}],"line":62},"4":{"loc":{"start":{"line":63,"column":16},"end":{"line":63,"column":72}},"type":"cond-expr","locations":[{"start":{"line":63,"column":49},"end":{"line":63,"column":65}},{"start":{"line":63,"column":68},"end":{"line":63,"column":72}}],"line":63},"5":{"loc":{"start":{"line":68,"column":27},"end":{"line":68,"column":66}},"type":"binary-expr","locations":[{"start":{"line":68,"column":27},"end":{"line":68,"column":42}},{"start":{"line":68,"column":46},"end":{"line":68,"column":66}}],"line":68},"6":{"loc":{"start":{"line":73,"column":4},"end":{"line":78,"column":5}},"type":"if","locations":[{"start":{"line":73,"column":4},"end":{"line":78,"column":5}},{"start":{},"end":{}}],"line":73},"7":{"loc":{"start":{"line":87,"column":13},"end":{"line":87,"column":57}},"type":"binary-expr","locations":[{"start":{"line":87,"column":13},"end":{"line":87,"column":32}},{"start":{"line":87,"column":36},"end":{"line":87,"column":57}}],"line":87},"8":{"loc":{"start":{"line":120,"column":6},"end":{"line":122,"column":7}},"type":"if","locations":[{"start":{"line":120,"column":6},"end":{"line":122,"column":7}},{"start":{},"end":{}}],"line":120},"9":{"loc":{"start":{"line":125,"column":6},"end":{"line":127,"column":7}},"type":"if","locations":[{"start":{"line":125,"column":6},"end":{"line":127,"column":7}},{"start":{},"end":{}}],"line":125},"10":{"loc":{"start":{"line":145,"column":6},"end":{"line":147,"column":7}},"type":"if","locations":[{"start":{"line":145,"column":6},"end":{"line":147,"column":7}},{"start":{},"end":{}}],"line":145},"11":{"loc":{"start":{"line":158,"column":4},"end":{"line":161,"column":5}},"type":"if","locations":[{"start":{"line":158,"column":4},"end":{"line":161,"column":5}},{"start":{},"end":{}}],"line":158},"12":{"loc":{"start":{"line":158,"column":8},"end":{"line":158,"column":64}},"type":"binary-expr","locations":[{"start":{"line":158,"column":8},"end":{"line":158,"column":26}},{"start":{"line":158,"column":30},"end":{"line":158,"column":64}}],"line":158},"13":{"loc":{"start":{"line":173,"column":6},"end":{"line":176,"column":7}},"type":"if","locations":[{"start":{"line":173,"column":6},"end":{"line":176,"column":7}},{"start":{},"end":{}}],"line":173},"14":{"loc":{"start":{"line":187,"column":6},"end":{"line":193,"column":7}},"type":"if","locations":[{"start":{"line":187,"column":6},"end":{"line":193,"column":7}},{"start":{"line":191,"column":13},"end":{"line":193,"column":7}}],"line":187},"15":{"loc":{"start":{"line":204,"column":6},"end":{"line":218,"column":7}},"type":"if","locations":[{"start":{"line":204,"column":6},"end":{"line":218,"column":7}},{"start":{"line":216,"column":13},"end":{"line":218,"column":7}}],"line":204},"16":{"loc":{"start":{"line":207,"column":8},"end":{"line":215,"column":9}},"type":"if","locations":[{"start":{"line":207,"column":8},"end":{"line":215,"column":9}},{"start":{"line":211,"column":15},"end":{"line":215,"column":9}}],"line":207},"17":{"loc":{"start":{"line":322,"column":4},"end":{"line":346,"column":5}},"type":"if","locations":[{"start":{"line":322,"column":4},"end":{"line":346,"column":5}},{"start":{"line":337,"column":11},"end":{"line":346,"column":5}}],"line":322},"18":{"loc":{"start":{"line":337,"column":11},"end":{"line":346,"column":5}},"type":"if","locations":[{"start":{"line":337,"column":11},"end":{"line":346,"column":5}},{"start":{},"end":{}}],"line":337},"19":{"loc":{"start":{"line":360,"column":6},"end":{"line":362,"column":7}},"type":"if","locations":[{"start":{"line":360,"column":6},"end":{"line":362,"column":7}},{"start":{},"end":{}}],"line":360},"20":{"loc":{"start":{"line":369,"column":6},"end":{"line":371,"column":7}},"type":"if","locations":[{"start":{"line":369,"column":6},"end":{"line":371,"column":7}},{"start":{},"end":{}}],"line":369},"21":{"loc":{"start":{"line":378,"column":6},"end":{"line":380,"column":7}},"type":"if","locations":[{"start":{"line":378,"column":6},"end":{"line":380,"column":7}},{"start":{},"end":{}}],"line":378},"22":{"loc":{"start":{"line":383,"column":4},"end":{"line":387,"column":5}},"type":"if","locations":[{"start":{"line":383,"column":4},"end":{"line":387,"column":5}},{"start":{},"end":{}}],"line":383},"23":{"loc":{"start":{"line":423,"column":4},"end":{"line":425,"column":5}},"type":"if","locations":[{"start":{"line":423,"column":4},"end":{"line":425,"column":5}},{"start":{},"end":{}}],"line":423},"24":{"loc":{"start":{"line":433,"column":6},"end":{"line":437,"column":7}},"type":"if","locations":[{"start":{"line":433,"column":6},"end":{"line":437,"column":7}},{"start":{"line":435,"column":13},"end":{"line":437,"column":7}}],"line":433},"25":{"loc":{"start":{"line":457,"column":19},"end":{"line":457,"column":35}},"type":"default-arg","locations":[{"start":{"line":457,"column":34},"end":{"line":457,"column":35}}],"line":457},"26":{"loc":{"start":{"line":457,"column":37},"end":{"line":457,"column":50}},"type":"default-arg","locations":[{"start":{"line":457,"column":48},"end":{"line":457,"column":50}}],"line":457},"27":{"loc":{"start":{"line":457,"column":52},"end":{"line":457,"column":76}},"type":"default-arg","locations":[{"start":{"line":457,"column":67},"end":{"line":457,"column":76}}],"line":457},"28":{"loc":{"start":{"line":461,"column":4},"end":{"line":464,"column":5}},"type":"if","locations":[{"start":{"line":461,"column":4},"end":{"line":464,"column":5}},{"start":{},"end":{}}],"line":461},"29":{"loc":{"start":{"line":461,"column":8},"end":{"line":461,"column":39}},"type":"binary-expr","locations":[{"start":{"line":461,"column":8},"end":{"line":461,"column":12}},{"start":{"line":461,"column":16},"end":{"line":461,"column":39}}],"line":461},"30":{"loc":{"start":{"line":467,"column":4},"end":{"line":470,"column":5}},"type":"if","locations":[{"start":{"line":467,"column":4},"end":{"line":470,"column":5}},{"start":{},"end":{}}],"line":467},"31":{"loc":{"start":{"line":474,"column":6},"end":{"line":477,"column":7}},"type":"if","locations":[{"start":{"line":474,"column":6},"end":{"line":477,"column":7}},{"start":{},"end":{}}],"line":474},"32":{"loc":{"start":{"line":493,"column":4},"end":{"line":496,"column":5}},"type":"if","locations":[{"start":{"line":493,"column":4},"end":{"line":496,"column":5}},{"start":{},"end":{}}],"line":493},"33":{"loc":{"start":{"line":517,"column":10},"end":{"line":519,"column":11}},"type":"if","locations":[{"start":{"line":517,"column":10},"end":{"line":519,"column":11}},{"start":{},"end":{}}],"line":517},"34":{"loc":{"start":{"line":521,"column":10},"end":{"line":538,"column":11}},"type":"if","locations":[{"start":{"line":521,"column":10},"end":{"line":538,"column":11}},{"start":{"line":530,"column":17},"end":{"line":538,"column":11}}],"line":521},"35":{"loc":{"start":{"line":530,"column":17},"end":{"line":538,"column":11}},"type":"if","locations":[{"start":{"line":530,"column":17},"end":{"line":538,"column":11}},{"start":{"line":535,"column":17},"end":{"line":538,"column":11}}],"line":530},"36":{"loc":{"start":{"line":532,"column":12},"end":{"line":534,"column":13}},"type":"if","locations":[{"start":{"line":532,"column":12},"end":{"line":534,"column":13}},{"start":{},"end":{}}],"line":532},"37":{"loc":{"start":{"line":535,"column":17},"end":{"line":538,"column":11}},"type":"if","locations":[{"start":{"line":535,"column":17},"end":{"line":538,"column":11}},{"start":{},"end":{}}],"line":535},"38":{"loc":{"start":{"line":564,"column":4},"end":{"line":597,"column":5}},"type":"switch","locations":[{"start":{"line":565,"column":6},"end":{"line":566,"column":45}},{"start":{"line":567,"column":6},"end":{"line":568,"column":64}},{"start":{"line":569,"column":6},"end":{"line":570,"column":78}},{"start":{"line":571,"column":6},"end":{"line":572,"column":60}},{"start":{"line":573,"column":6},"end":{"line":574,"column":66}},{"start":{"line":575,"column":6},"end":{"line":576,"column":69}},{"start":{"line":577,"column":6},"end":{"line":578,"column":68}},{"start":{"line":579,"column":6},"end":{"line":580,"column":71}},{"start":{"line":581,"column":6},"end":{"line":582,"column":59}},{"start":{"line":583,"column":6},"end":{"line":584,"column":41}},{"start":{"line":585,"column":6},"end":{"line":586,"column":64}},{"start":{"line":587,"column":6},"end":{"line":588,"column":39}},{"start":{"line":589,"column":6},"end":{"line":590,"column":48}},{"start":{"line":591,"column":6},"end":{"line":592,"column":37}},{"start":{"line":593,"column":6},"end":{"line":594,"column":75}},{"start":{"line":595,"column":6},"end":{"line":596,"column":68}}],"line":564},"39":{"loc":{"start":{"line":596,"column":18},"end":{"line":596,"column":47}},"type":"binary-expr","locations":[{"start":{"line":596,"column":18},"end":{"line":596,"column":28}},{"start":{"line":596,"column":32},"end":{"line":596,"column":47}}],"line":596},"40":{"loc":{"start":{"line":609,"column":4},"end":{"line":629,"column":5}},"type":"switch","locations":[{"start":{"line":610,"column":6},"end":{"line":610,"column":20}},{"start":{"line":611,"column":6},"end":{"line":613,"column":14}},{"start":{"line":614,"column":6},"end":{"line":616,"column":14}},{"start":{"line":617,"column":6},"end":{"line":617,"column":20}},{"start":{"line":618,"column":6},"end":{"line":620,"column":14}},{"start":{"line":621,"column":6},"end":{"line":623,"column":14}},{"start":{"line":624,"column":6},"end":{"line":626,"column":14}},{"start":{"line":627,"column":6},"end":{"line":628,"column":76}}],"line":609},"41":{"loc":{"start":{"line":640,"column":4},"end":{"line":643,"column":5}},"type":"if","locations":[{"start":{"line":640,"column":4},"end":{"line":643,"column":5}},{"start":{},"end":{}}],"line":640},"42":{"loc":{"start":{"line":640,"column":8},"end":{"line":640,"column":46}},"type":"binary-expr","locations":[{"start":{"line":640,"column":8},"end":{"line":640,"column":19}},{"start":{"line":640,"column":23},"end":{"line":640,"column":46}}],"line":640},"43":{"loc":{"start":{"line":646,"column":4},"end":{"line":648,"column":5}},"type":"if","locations":[{"start":{"line":646,"column":4},"end":{"line":648,"column":5}},{"start":{},"end":{}}],"line":646},"44":{"loc":{"start":{"line":646,"column":8},"end":{"line":646,"column":81}},"type":"binary-expr","locations":[{"start":{"line":646,"column":8},"end":{"line":646,"column":34}},{"start":{"line":646,"column":39},"end":{"line":646,"column":58}},{"start":{"line":646,"column":62},"end":{"line":646,"column":80}}],"line":646},"45":{"loc":{"start":{"line":651,"column":4},"end":{"line":654,"column":5}},"type":"if","locations":[{"start":{"line":651,"column":4},"end":{"line":654,"column":5}},{"start":{},"end":{}}],"line":651},"46":{"loc":{"start":{"line":684,"column":6},"end":{"line":702,"column":7}},"type":"if","locations":[{"start":{"line":684,"column":6},"end":{"line":702,"column":7}},{"start":{},"end":{}}],"line":684},"47":{"loc":{"start":{"line":693,"column":12},"end":{"line":695,"column":13}},"type":"if","locations":[{"start":{"line":693,"column":12},"end":{"line":695,"column":13}},{"start":{},"end":{}}],"line":693},"48":{"loc":{"start":{"line":693,"column":16},"end":{"line":693,"column":75}},"type":"binary-expr","locations":[{"start":{"line":693,"column":16},"end":{"line":693,"column":36}},{"start":{"line":693,"column":40},"end":{"line":693,"column":75}}],"line":693},"49":{"loc":{"start":{"line":990,"column":4},"end":{"line":992,"column":5}},"type":"if","locations":[{"start":{"line":990,"column":4},"end":{"line":992,"column":5}},{"start":{},"end":{}}],"line":990},"50":{"loc":{"start":{"line":990,"column":8},"end":{"line":990,"column":53}},"type":"binary-expr","locations":[{"start":{"line":990,"column":8},"end":{"line":990,"column":20}},{"start":{"line":990,"column":24},"end":{"line":990,"column":53}}],"line":990},"51":{"loc":{"start":{"line":1005,"column":4},"end":{"line":1036,"column":5}},"type":"switch","locations":[{"start":{"line":1006,"column":6},"end":{"line":1008,"column":14}},{"start":{"line":1009,"column":6},"end":{"line":1011,"column":14}},{"start":{"line":1012,"column":6},"end":{"line":1019,"column":14}},{"start":{"line":1020,"column":6},"end":{"line":1022,"column":14}},{"start":{"line":1023,"column":6},"end":{"line":1025,"column":14}},{"start":{"line":1026,"column":6},"end":{"line":1028,"column":14}},{"start":{"line":1029,"column":6},"end":{"line":1032,"column":14}},{"start":{"line":1033,"column":6},"end":{"line":1035,"column":24}}],"line":1005},"52":{"loc":{"start":{"line":1014,"column":8},"end":{"line":1017,"column":9}},"type":"if","locations":[{"start":{"line":1014,"column":8},"end":{"line":1017,"column":9}},{"start":{},"end":{}}],"line":1014},"53":{"loc":{"start":{"line":1086,"column":0},"end":{"line":1088,"column":1}},"type":"if","locations":[{"start":{"line":1086,"column":0},"end":{"line":1088,"column":1}},{"start":{},"end":{}}],"line":1086}},"s":{"0":2,"1":2,"2":2,"3":2,"4":2,"5":73,"6":73,"7":73,"8":73,"9":73,"10":45,"11":45,"12":45,"13":45,"14":73,"15":73,"16":70,"17":3,"18":3,"19":2,"20":2,"21":2,"22":1,"23":1,"24":1,"25":1,"26":1,"27":1,"28":1,"29":1,"30":1,"31":1,"32":1,"33":1,"34":1,"35":1,"36":1,"37":1,"38":0,"39":1,"40":5,"41":5,"42":1,"43":1,"44":5,"45":5,"46":21,"47":6,"48":5,"49":3,"50":3,"51":15,"52":10,"53":10,"54":10,"55":5,"56":4,"57":4,"58":16,"59":9,"60":9,"61":1,"62":1,"63":1,"64":8,"65":8,"66":8,"67":7,"68":3,"69":3,"70":3,"71":3,"72":3,"73":3,"74":3,"75":3,"76":3,"77":3,"78":3,"79":3,"80":3,"81":3,"82":3,"83":3,"84":6,"85":3,"86":3,"87":1,"88":1,"89":1,"90":1,"91":1,"92":1,"93":1,"94":1,"95":1,"96":1,"97":5,"98":5,"99":5,"100":5,"101":3,"102":3,"103":2,"104":1,"105":1,"106":1,"107":1,"108":2,"109":1,"110":1,"111":1,"112":0,"113":4,"114":4,"115":4,"116":20,"117":20,"118":1,"119":4,"120":4,"121":12,"122":12,"123":0,"124":4,"125":4,"126":12,"127":12,"128":0,"129":4,"130":1,"131":1,"132":1,"133":1,"134":3,"135":3,"136":3,"137":3,"138":3,"139":3,"140":4,"141":4,"142":4,"143":4,"144":3,"145":3,"146":0,"147":2,"148":2,"149":2,"150":2,"151":3,"152":3,"153":3,"154":1,"155":2,"156":6,"157":6,"158":12,"159":12,"160":12,"161":12,"162":74,"163":74,"164":4,"165":4,"166":70,"167":3,"168":3,"169":67,"170":67,"171":1,"172":1,"173":1,"174":1,"175":65,"176":65,"177":1,"178":1,"179":64,"180":8,"181":8,"182":56,"183":56,"184":56,"185":56,"186":9,"187":9,"188":47,"189":96,"190":96,"191":96,"192":4,"193":92,"194":26,"195":26,"196":26,"197":0,"198":66,"199":42,"200":39,"201":24,"202":14,"203":0,"204":0,"205":56,"206":47,"207":33,"208":5,"209":4,"210":1,"211":2,"212":1,"213":2,"214":1,"215":1,"216":1,"217":1,"218":2,"219":1,"220":1,"221":1,"222":1,"223":8,"224":9,"225":9,"226":1,"227":1,"228":1,"229":1,"230":1,"231":1,"232":1,"233":1,"234":1,"235":1,"236":4,"237":96,"238":1,"239":1,"240":95,"241":2,"242":93,"243":1,"244":1,"245":92,"246":53,"247":53,"248":50,"249":3,"250":3,"251":3,"252":14,"253":14,"254":13,"255":13,"256":13,"257":12,"258":12,"259":12,"260":11,"261":11,"262":1,"263":1,"264":1,"265":3,"266":3,"267":3,"268":1,"269":1,"270":1,"271":1,"272":1,"273":1,"274":325,"275":214,"276":0,"277":0,"278":0,"279":0,"280":0,"281":0,"282":0,"283":0,"284":0,"285":0,"286":0,"287":0,"288":0,"289":0,"290":0,"291":0,"292":0,"293":0,"294":0,"295":0,"296":0,"297":0,"298":0,"299":0,"300":0,"301":0,"302":0,"303":0,"304":0,"305":0,"306":0,"307":0,"308":0,"309":0,"310":0,"311":0,"312":0,"313":0,"314":0,"315":2,"316":0,"317":2},"f":{"0":73,"1":73,"2":2,"3":5,"4":21,"5":3,"6":4,"7":3,"8":3,"9":6,"10":1,"11":5,"12":4,"13":1,"14":3,"15":2,"16":6,"17":12,"18":74,"19":33,"20":9,"21":96,"22":53,"23":14,"24":3,"25":3,"26":3,"27":1,"28":1,"29":1,"30":1,"31":325,"32":0,"33":0,"34":0},"b":{"0":[18],"1":[73,72],"2":[73,68],"3":[73,71],"4":[1,72],"5":[73,70],"6":[45,28],"7":[70,2],"8":[1,0],"9":[1,0],"10":[0,1],"11":[1,4],"12":[5,1],"13":[6,15],"14":[10,5],"15":[9,7],"16":[1,8],"17":[3,2],"18":[1,1],"19":[1,19],"20":[0,12],"21":[0,12],"22":[1,3],"23":[2,0],"24":[1,2],"25":[39],"26":[40],"27":[44],"28":[4,70],"29":[74,71],"30":[3,67],"31":[1,65],"32":[8,56],"33":[4,92],"34":[26,66],"35":[42,24],"36":[39,3],"37":[14,10],"38":[5,4,1,2,1,2,1,1,1,1,2,1,1,1,1,8],"39":[8,6],"40":[1,1,1,1,1,1,1,4],"41":[1,95],"42":[96,95],"43":[2,93],"44":[95,3,2],"45":[1,92],"46":[13,0],"47":[11,0],"48":[11,11],"49":[214,111],"50":[325,325],"51":[0,0,0,0,0,0,0,0],"52":[0,0],"53":[0,2]},"_coverageSchema":"1a1c01bbd47fc00a2c39e90264f33305004495a9","hash":"4517577295bef28a62137f88f857f2fedc4080f5"}
,"/Users/jeremyparker/Desktop/Claude Coding Projects/post-tool-stop-hook/post-tool-linter-hook.js": {"path":"/Users/jeremyparker/Desktop/Claude Coding Projects/post-tool-stop-hook/post-tool-linter-hook.js","statementMap":{"0":{"start":{"line":11,"column":11},"end":{"line":11,"column":24}},"1":{"start":{"line":12,"column":13},"end":{"line":12,"column":28}},"2":{"start":{"line":13,"column":21},"end":{"line":13,"column":45}},"3":{"start":{"line":16,"column":14},"end":{"line":16,"column":18}},"4":{"start":{"line":17,"column":17},"end":{"line":17,"column":19}},"5":{"start":{"line":20,"column":18},"end":{"line":20,"column":69}},"6":{"start":{"line":21,"column":2},"end":{"line":21,"column":20}},"7":{"start":{"line":22,"column":2},"end":{"line":22,"column":18}},"8":{"start":{"line":23,"column":2},"end":{"line":23,"column":43}},"9":{"start":{"line":24,"column":2},"end":{"line":24,"column":43}},"10":{"start":{"line":25,"column":2},"end":{"line":25,"column":33}},"11":{"start":{"line":26,"column":2},"end":{"line":26,"column":42}},"12":{"start":{"line":27,"column":2},"end":{"line":27,"column":39}},"13":{"start":{"line":28,"column":2},"end":{"line":28,"column":10}},"14":{"start":{"line":32,"column":20},"end":{"line":32,"column":44}},"15":{"start":{"line":33,"column":19},"end":{"line":33,"column":46}},"16":{"start":{"line":36,"column":2},"end":{"line":36,"column":28}},"17":{"start":{"line":38,"column":2},"end":{"line":41,"column":3}},"18":{"start":{"line":39,"column":20},"end":{"line":39,"column":49}},"19":{"start":{"line":40,"column":4},"end":{"line":40,"column":42}},"20":{"start":{"line":45,"column":2},"end":{"line":52,"column":3}},"21":{"start":{"line":46,"column":4},"end":{"line":51,"column":5}},"22":{"start":{"line":47,"column":6},"end":{"line":47,"column":62}},"23":{"start":{"line":56,"column":15},"end":{"line":86,"column":1}},"24":{"start":{"line":90,"column":2},"end":{"line":90,"column":48}},"25":{"start":{"line":92,"column":2},"end":{"line":119,"column":3}},"26":{"start":{"line":93,"column":4},"end":{"line":96,"column":5}},"27":{"start":{"line":94,"column":6},"end":{"line":94,"column":54}},"28":{"start":{"line":95,"column":6},"end":{"line":95,"column":16}},"29":{"start":{"line":98,"column":20},"end":{"line":98,"column":59}},"30":{"start":{"line":99,"column":21},"end":{"line":112,"column":8}},"31":{"start":{"line":101,"column":19},"end":{"line":101,"column":30}},"32":{"start":{"line":102,"column":22},"end":{"line":102,"column":51}},"33":{"start":{"line":105,"column":8},"end":{"line":107,"column":9}},"34":{"start":{"line":106,"column":10},"end":{"line":106,"column":32}},"35":{"start":{"line":108,"column":8},"end":{"line":110,"column":9}},"36":{"start":{"line":109,"column":10},"end":{"line":109,"column":33}},"37":{"start":{"line":111,"column":8},"end":{"line":111,"column":23}},"38":{"start":{"line":114,"column":4},"end":{"line":114,"column":76}},"39":{"start":{"line":115,"column":4},"end":{"line":115,"column":20}},"40":{"start":{"line":117,"column":4},"end":{"line":117,"column":74}},"41":{"start":{"line":118,"column":4},"end":{"line":118,"column":14}},"42":{"start":{"line":123,"column":2},"end":{"line":125,"column":3}},"43":{"start":{"line":124,"column":4},"end":{"line":124,"column":17}},"44":{"start":{"line":128,"column":23},"end":{"line":128,"column":59}},"45":{"start":{"line":131,"column":2},"end":{"line":173,"column":3}},"46":{"start":{"line":133,"column":4},"end":{"line":136,"column":5}},"47":{"start":{"line":134,"column":6},"end":{"line":134,"column":75}},"48":{"start":{"line":135,"column":6},"end":{"line":135,"column":18}},"49":{"start":{"line":139,"column":4},"end":{"line":142,"column":5}},"50":{"start":{"line":140,"column":6},"end":{"line":140,"column":79}},"51":{"start":{"line":141,"column":6},"end":{"line":141,"column":18}},"52":{"start":{"line":145,"column":4},"end":{"line":161,"column":5}},"53":{"start":{"line":146,"column":26},"end":{"line":146,"column":46}},"54":{"start":{"line":147,"column":23},"end":{"line":147,"column":50}},"55":{"start":{"line":149,"column":6},"end":{"line":160,"column":7}},"56":{"start":{"line":151,"column":29},"end":{"line":153,"column":31}},"57":{"start":{"line":154,"column":22},"end":{"line":154,"column":53}},"58":{"start":{"line":156,"column":8},"end":{"line":159,"column":9}},"59":{"start":{"line":157,"column":10},"end":{"line":157,"column":75}},"60":{"start":{"line":158,"column":10},"end":{"line":158,"column":22}},"61":{"start":{"line":164,"column":4},"end":{"line":172,"column":5}},"62":{"start":{"line":165,"column":24},"end":{"line":165,"column":47}},"63":{"start":{"line":166,"column":6},"end":{"line":171,"column":7}},"64":{"start":{"line":167,"column":8},"end":{"line":170,"column":9}},"65":{"start":{"line":168,"column":10},"end":{"line":168,"column":81}},"66":{"start":{"line":169,"column":10},"end":{"line":169,"column":22}},"67":{"start":{"line":175,"column":2},"end":{"line":175,"column":15}},"68":{"start":{"line":179,"column":2},"end":{"line":179,"column":58}},"69":{"start":{"line":181,"column":2},"end":{"line":184,"column":3}},"70":{"start":{"line":182,"column":4},"end":{"line":182,"column":60}},"71":{"start":{"line":183,"column":4},"end":{"line":183,"column":14}},"72":{"start":{"line":186,"column":23},"end":{"line":186,"column":49}},"73":{"start":{"line":187,"column":2},"end":{"line":190,"column":3}},"74":{"start":{"line":188,"column":4},"end":{"line":188,"column":56}},"75":{"start":{"line":189,"column":4},"end":{"line":189,"column":14}},"76":{"start":{"line":192,"column":20},"end":{"line":192,"column":22}},"77":{"start":{"line":194,"column":2},"end":{"line":198,"column":3}},"78":{"start":{"line":195,"column":27},"end":{"line":195,"column":61}},"79":{"start":{"line":196,"column":21},"end":{"line":196,"column":51}},"80":{"start":{"line":197,"column":4},"end":{"line":197,"column":47}},"81":{"start":{"line":200,"column":2},"end":{"line":200,"column":79}},"82":{"start":{"line":201,"column":2},"end":{"line":201,"column":21}},"83":{"start":{"line":205,"column":2},"end":{"line":205,"column":63}},"84":{"start":{"line":207,"column":2},"end":{"line":210,"column":3}},"85":{"start":{"line":208,"column":4},"end":{"line":208,"column":61}},"86":{"start":{"line":209,"column":4},"end":{"line":209,"column":21}},"87":{"start":{"line":212,"column":24},"end":{"line":212,"column":26}},"88":{"start":{"line":214,"column":2},"end":{"line":229,"column":3}},"89":{"start":{"line":215,"column":21},"end":{"line":215,"column":42}},"90":{"start":{"line":216,"column":23},"end":{"line":216,"column":28}},"91":{"start":{"line":218,"column":4},"end":{"line":222,"column":5}},"92":{"start":{"line":220,"column":29},"end":{"line":220,"column":79}},"93":{"start":{"line":221,"column":6},"end":{"line":221,"column":77}},"94":{"start":{"line":224,"column":4},"end":{"line":228,"column":5}},"95":{"start":{"line":225,"column":6},"end":{"line":225,"column":91}},"96":{"start":{"line":227,"column":6},"end":{"line":227,"column":35}},"97":{"start":{"line":231,"column":2},"end":{"line":231,"column":82}},"98":{"start":{"line":232,"column":2},"end":{"line":232,"column":23}},"99":{"start":{"line":236,"column":28},"end":{"line":236,"column":30}},"100":{"start":{"line":237,"column":27},"end":{"line":237,"column":36}},"101":{"start":{"line":239,"column":2},"end":{"line":302,"column":3}},"102":{"start":{"line":240,"column":21},"end":{"line":240,"column":32}},"103":{"start":{"line":241,"column":25},"end":{"line":241,"column":61}},"104":{"start":{"line":242,"column":21},"end":{"line":242,"column":44}},"105":{"start":{"line":245,"column":32},"end":{"line":274,"column":5}},"106":{"start":{"line":277,"column":4},"end":{"line":289,"column":5}},"107":{"start":{"line":278,"column":6},"end":{"line":288,"column":7}},"108":{"start":{"line":279,"column":8},"end":{"line":279,"column":39}},"109":{"start":{"line":281,"column":25},"end":{"line":281,"column":47}},"110":{"start":{"line":282,"column":8},"end":{"line":286,"column":9}},"111":{"start":{"line":283,"column":10},"end":{"line":285,"column":11}},"112":{"start":{"line":284,"column":12},"end":{"line":284,"column":38}},"113":{"start":{"line":287,"column":8},"end":{"line":287,"column":14}},"114":{"start":{"line":292,"column":29},"end":{"line":292,"column":104}},"115":{"start":{"line":293,"column":22},"end":{"line":293,"column":50}},"116":{"start":{"line":294,"column":4},"end":{"line":301,"column":5}},"117":{"start":{"line":295,"column":6},"end":{"line":300,"column":7}},"118":{"start":{"line":296,"column":8},"end":{"line":296,"column":39}},"119":{"start":{"line":297,"column":8},"end":{"line":299,"column":9}},"120":{"start":{"line":298,"column":10},"end":{"line":298,"column":44}},"121":{"start":{"line":304,"column":2},"end":{"line":308,"column":4}},"122":{"start":{"line":313,"column":2},"end":{"line":313,"column":55}},"123":{"start":{"line":315,"column":2},"end":{"line":352,"column":3}},"124":{"start":{"line":316,"column":4},"end":{"line":318,"column":5}},"125":{"start":{"line":317,"column":6},"end":{"line":317,"column":19}},"126":{"start":{"line":321,"column":4},"end":{"line":327,"column":5}},"127":{"start":{"line":322,"column":22},"end":{"line":322,"column":69}},"128":{"start":{"line":324,"column":22},"end":{"line":324,"column":108}},"129":{"start":{"line":325,"column":6},"end":{"line":325,"column":73}},"130":{"start":{"line":326,"column":6},"end":{"line":326,"column":21}},"131":{"start":{"line":329,"column":4},"end":{"line":335,"column":5}},"132":{"start":{"line":330,"column":22},"end":{"line":330,"column":57}},"133":{"start":{"line":332,"column":22},"end":{"line":332,"column":119}},"134":{"start":{"line":333,"column":6},"end":{"line":333,"column":75}},"135":{"start":{"line":334,"column":6},"end":{"line":334,"column":21}},"136":{"start":{"line":337,"column":4},"end":{"line":343,"column":5}},"137":{"start":{"line":338,"column":22},"end":{"line":338,"column":57}},"138":{"start":{"line":340,"column":22},"end":{"line":340,"column":87}},"139":{"start":{"line":341,"column":6},"end":{"line":341,"column":69}},"140":{"start":{"line":342,"column":6},"end":{"line":342,"column":21}},"141":{"start":{"line":346,"column":4},"end":{"line":346,"column":78}},"142":{"start":{"line":347,"column":4},"end":{"line":347,"column":16}},"143":{"start":{"line":350,"column":4},"end":{"line":350,"column":66}},"144":{"start":{"line":351,"column":4},"end":{"line":351,"column":17}},"145":{"start":{"line":356,"column":2},"end":{"line":356,"column":52}},"146":{"start":{"line":358,"column":2},"end":{"line":400,"column":3}},"147":{"start":{"line":359,"column":23},"end":{"line":359,"column":25}},"148":{"start":{"line":362,"column":4},"end":{"line":380,"column":5}},"149":{"start":{"line":363,"column":6},"end":{"line":363,"column":56}},"150":{"start":{"line":364,"column":22},"end":{"line":364,"column":23}},"151":{"start":{"line":366,"column":6},"end":{"line":375,"column":7}},"152":{"start":{"line":367,"column":27},"end":{"line":367,"column":61}},"153":{"start":{"line":368,"column":23},"end":{"line":368,"column":48}},"154":{"start":{"line":369,"column":8},"end":{"line":369,"column":66}},"155":{"start":{"line":371,"column":8},"end":{"line":374,"column":9}},"156":{"start":{"line":372,"column":10},"end":{"line":372,"column":22}},"157":{"start":{"line":373,"column":10},"end":{"line":373,"column":70}},"158":{"start":{"line":377,"column":6},"end":{"line":379,"column":7}},"159":{"start":{"line":378,"column":8},"end":{"line":378,"column":52}},"160":{"start":{"line":383,"column":4},"end":{"line":393,"column":5}},"161":{"start":{"line":384,"column":6},"end":{"line":384,"column":51}},"162":{"start":{"line":384,"column":32},"end":{"line":384,"column":49}},"163":{"start":{"line":385,"column":27},"end":{"line":385,"column":45}},"164":{"start":{"line":386,"column":6},"end":{"line":386,"column":84}},"165":{"start":{"line":388,"column":6},"end":{"line":390,"column":7}},"166":{"start":{"line":389,"column":8},"end":{"line":389,"column":105}},"167":{"start":{"line":389,"column":66},"end":{"line":389,"column":89}},"168":{"start":{"line":392,"column":6},"end":{"line":392,"column":26}},"169":{"start":{"line":395,"column":4},"end":{"line":395,"column":42}},"170":{"start":{"line":396,"column":4},"end":{"line":396,"column":16}},"171":{"start":{"line":398,"column":4},"end":{"line":398,"column":58}},"172":{"start":{"line":399,"column":4},"end":{"line":399,"column":16}},"173":{"start":{"line":404,"column":2},"end":{"line":404,"column":57}},"174":{"start":{"line":406,"column":21},"end":{"line":406,"column":23}},"175":{"start":{"line":408,"column":2},"end":{"line":421,"column":3}},"176":{"start":{"line":409,"column":20},"end":{"line":409,"column":21}},"177":{"start":{"line":411,"column":4},"end":{"line":416,"column":5}},"178":{"start":{"line":412,"column":25},"end":{"line":412,"column":59}},"179":{"start":{"line":413,"column":6},"end":{"line":415,"column":7}},"180":{"start":{"line":414,"column":8},"end":{"line":414,"column":20}},"181":{"start":{"line":418,"column":4},"end":{"line":420,"column":5}},"182":{"start":{"line":419,"column":6},"end":{"line":419,"column":28}},"183":{"start":{"line":423,"column":2},"end":{"line":423,"column":95}},"184":{"start":{"line":424,"column":2},"end":{"line":424,"column":20}},"185":{"start":{"line":428,"column":2},"end":{"line":428,"column":73}},"186":{"start":{"line":431,"column":2},"end":{"line":442,"column":3}},"187":{"start":{"line":432,"column":4},"end":{"line":432,"column":64}},"188":{"start":{"line":433,"column":4},"end":{"line":441,"column":6}},"189":{"start":{"line":444,"column":2},"end":{"line":529,"column":3}},"190":{"start":{"line":445,"column":20},"end":{"line":445,"column":60}},"191":{"start":{"line":446,"column":4},"end":{"line":446,"column":58}},"192":{"start":{"line":448,"column":19},"end":{"line":453,"column":6}},"193":{"start":{"line":455,"column":4},"end":{"line":455,"column":55}},"194":{"start":{"line":456,"column":4},"end":{"line":463,"column":6}},"195":{"start":{"line":465,"column":4},"end":{"line":465,"column":79}},"196":{"start":{"line":468,"column":4},"end":{"line":478,"column":5}},"197":{"start":{"line":469,"column":6},"end":{"line":469,"column":92}},"198":{"start":{"line":470,"column":6},"end":{"line":477,"column":8}},"199":{"start":{"line":481,"column":4},"end":{"line":494,"column":5}},"200":{"start":{"line":482,"column":6},"end":{"line":482,"column":42}},"201":{"start":{"line":483,"column":6},"end":{"line":493,"column":8}},"202":{"start":{"line":497,"column":4},"end":{"line":510,"column":5}},"203":{"start":{"line":498,"column":6},"end":{"line":498,"column":62}},"204":{"start":{"line":499,"column":6},"end":{"line":509,"column":8}},"205":{"start":{"line":513,"column":4},"end":{"line":515,"column":5}},"206":{"start":{"line":514,"column":6},"end":{"line":514,"column":59}},"207":{"start":{"line":517,"column":4},"end":{"line":517,"column":76}},"208":{"start":{"line":518,"column":4},"end":{"line":528,"column":6}},"209":{"start":{"line":533,"column":2},"end":{"line":533,"column":65}},"210":{"start":{"line":535,"column":2},"end":{"line":670,"column":3}},"211":{"start":{"line":536,"column":20},"end":{"line":536,"column":75}},"212":{"start":{"line":537,"column":4},"end":{"line":537,"column":49}},"213":{"start":{"line":539,"column":19},"end":{"line":544,"column":6}},"214":{"start":{"line":546,"column":4},"end":{"line":546,"column":73}},"215":{"start":{"line":547,"column":23},"end":{"line":547,"column":49}},"216":{"start":{"line":548,"column":4},"end":{"line":548,"column":63}},"217":{"start":{"line":551,"column":29},"end":{"line":563,"column":10}},"218":{"start":{"line":552,"column":23},"end":{"line":552,"column":46}},"219":{"start":{"line":553,"column":6},"end":{"line":553,"column":45}},"220":{"start":{"line":553,"column":26},"end":{"line":553,"column":45}},"221":{"start":{"line":554,"column":6},"end":{"line":561,"column":9}},"222":{"start":{"line":562,"column":6},"end":{"line":562,"column":17}},"223":{"start":{"line":565,"column":20},"end":{"line":570,"column":7}},"224":{"start":{"line":565,"column":90},"end":{"line":570,"column":5}},"225":{"start":{"line":573,"column":4},"end":{"line":581,"column":5}},"226":{"start":{"line":574,"column":6},"end":{"line":580,"column":9}},"227":{"start":{"line":583,"column":4},"end":{"line":583,"column":19}},"228":{"start":{"line":585,"column":4},"end":{"line":585,"column":70}},"229":{"start":{"line":588,"column":4},"end":{"line":619,"column":5}},"230":{"start":{"line":589,"column":6},"end":{"line":618,"column":7}},"231":{"start":{"line":590,"column":8},"end":{"line":590,"column":62}},"232":{"start":{"line":591,"column":27},"end":{"line":591,"column":51}},"233":{"start":{"line":592,"column":8},"end":{"line":592,"column":79}},"234":{"start":{"line":595,"column":33},"end":{"line":607,"column":14}},"235":{"start":{"line":596,"column":27},"end":{"line":596,"column":50}},"236":{"start":{"line":597,"column":10},"end":{"line":597,"column":49}},"237":{"start":{"line":597,"column":30},"end":{"line":597,"column":49}},"238":{"start":{"line":598,"column":10},"end":{"line":605,"column":13}},"239":{"start":{"line":606,"column":10},"end":{"line":606,"column":21}},"240":{"start":{"line":609,"column":8},"end":{"line":614,"column":12}},"241":{"start":{"line":609,"column":85},"end":{"line":614,"column":9}},"242":{"start":{"line":616,"column":8},"end":{"line":616,"column":74}},"243":{"start":{"line":617,"column":8},"end":{"line":617,"column":105}},"244":{"start":{"line":622,"column":4},"end":{"line":635,"column":5}},"245":{"start":{"line":623,"column":6},"end":{"line":623,"column":42}},"246":{"start":{"line":624,"column":6},"end":{"line":634,"column":9}},"247":{"start":{"line":638,"column":4},"end":{"line":651,"column":5}},"248":{"start":{"line":639,"column":6},"end":{"line":639,"column":53}},"249":{"start":{"line":640,"column":6},"end":{"line":650,"column":9}},"250":{"start":{"line":654,"column":4},"end":{"line":656,"column":5}},"251":{"start":{"line":655,"column":6},"end":{"line":655,"column":50}},"252":{"start":{"line":658,"column":4},"end":{"line":658,"column":67}},"253":{"start":{"line":659,"column":4},"end":{"line":669,"column":7}},"254":{"start":{"line":674,"column":2},"end":{"line":674,"column":79}},"255":{"start":{"line":677,"column":2},"end":{"line":688,"column":3}},"256":{"start":{"line":678,"column":4},"end":{"line":678,"column":68}},"257":{"start":{"line":679,"column":4},"end":{"line":687,"column":6}},"258":{"start":{"line":690,"column":2},"end":{"line":793,"column":3}},"259":{"start":{"line":692,"column":24},"end":{"line":692,"column":32}},"260":{"start":{"line":693,"column":24},"end":{"line":693,"column":80}},"261":{"start":{"line":694,"column":27},"end":{"line":694,"column":87}},"262":{"start":{"line":696,"column":4},"end":{"line":700,"column":5}},"263":{"start":{"line":697,"column":6},"end":{"line":697,"column":34}},"264":{"start":{"line":698,"column":11},"end":{"line":700,"column":5}},"265":{"start":{"line":699,"column":6},"end":{"line":699,"column":37}},"266":{"start":{"line":703,"column":26},"end":{"line":703,"column":46}},"267":{"start":{"line":705,"column":27},"end":{"line":705,"column":102}},"268":{"start":{"line":705,"column":60},"end":{"line":705,"column":91}},"269":{"start":{"line":706,"column":24},"end":{"line":706,"column":86}},"270":{"start":{"line":708,"column":4},"end":{"line":708,"column":69}},"271":{"start":{"line":710,"column":19},"end":{"line":715,"column":6}},"272":{"start":{"line":717,"column":4},"end":{"line":717,"column":57}},"273":{"start":{"line":718,"column":4},"end":{"line":725,"column":6}},"274":{"start":{"line":727,"column":4},"end":{"line":727,"column":70}},"275":{"start":{"line":730,"column":4},"end":{"line":740,"column":5}},"276":{"start":{"line":731,"column":6},"end":{"line":731,"column":94}},"277":{"start":{"line":732,"column":6},"end":{"line":739,"column":8}},"278":{"start":{"line":743,"column":4},"end":{"line":758,"column":5}},"279":{"start":{"line":746,"column":6},"end":{"line":746,"column":67}},"280":{"start":{"line":747,"column":6},"end":{"line":757,"column":8}},"281":{"start":{"line":761,"column":4},"end":{"line":774,"column":5}},"282":{"start":{"line":762,"column":6},"end":{"line":762,"column":64}},"283":{"start":{"line":763,"column":6},"end":{"line":773,"column":8}},"284":{"start":{"line":777,"column":4},"end":{"line":779,"column":5}},"285":{"start":{"line":778,"column":6},"end":{"line":778,"column":61}},"286":{"start":{"line":781,"column":4},"end":{"line":781,"column":70}},"287":{"start":{"line":782,"column":4},"end":{"line":792,"column":6}},"288":{"start":{"line":797,"column":2},"end":{"line":797,"column":71}},"289":{"start":{"line":799,"column":2},"end":{"line":944,"column":3}},"290":{"start":{"line":801,"column":24},"end":{"line":801,"column":32}},"291":{"start":{"line":802,"column":24},"end":{"line":802,"column":80}},"292":{"start":{"line":803,"column":27},"end":{"line":803,"column":87}},"293":{"start":{"line":805,"column":4},"end":{"line":809,"column":5}},"294":{"start":{"line":806,"column":6},"end":{"line":806,"column":34}},"295":{"start":{"line":807,"column":11},"end":{"line":809,"column":5}},"296":{"start":{"line":808,"column":6},"end":{"line":808,"column":37}},"297":{"start":{"line":812,"column":26},"end":{"line":812,"column":46}},"298":{"start":{"line":814,"column":27},"end":{"line":814,"column":102}},"299":{"start":{"line":814,"column":60},"end":{"line":814,"column":91}},"300":{"start":{"line":815,"column":24},"end":{"line":815,"column":94}},"301":{"start":{"line":817,"column":4},"end":{"line":817,"column":60}},"302":{"start":{"line":819,"column":19},"end":{"line":824,"column":6}},"303":{"start":{"line":826,"column":4},"end":{"line":826,"column":75}},"304":{"start":{"line":827,"column":20},"end":{"line":827,"column":46}},"305":{"start":{"line":828,"column":4},"end":{"line":828,"column":67}},"306":{"start":{"line":830,"column":20},"end":{"line":842,"column":54}},"307":{"start":{"line":830,"column":43},"end":{"line":842,"column":5}},"308":{"start":{"line":834,"column":44},"end":{"line":841,"column":7}},"309":{"start":{"line":842,"column":25},"end":{"line":842,"column":53}},"310":{"start":{"line":845,"column":4},"end":{"line":853,"column":5}},"311":{"start":{"line":846,"column":6},"end":{"line":852,"column":9}},"312":{"start":{"line":855,"column":4},"end":{"line":855,"column":19}},"313":{"start":{"line":857,"column":4},"end":{"line":857,"column":61}},"314":{"start":{"line":860,"column":4},"end":{"line":891,"column":5}},"315":{"start":{"line":861,"column":6},"end":{"line":890,"column":7}},"316":{"start":{"line":862,"column":8},"end":{"line":862,"column":63}},"317":{"start":{"line":863,"column":24},"end":{"line":863,"column":48}},"318":{"start":{"line":864,"column":8},"end":{"line":864,"column":77}},"319":{"start":{"line":866,"column":24},"end":{"line":878,"column":58}},"320":{"start":{"line":866,"column":47},"end":{"line":878,"column":9}},"321":{"start":{"line":870,"column":48},"end":{"line":877,"column":11}},"322":{"start":{"line":878,"column":29},"end":{"line":878,"column":57}},"323":{"start":{"line":880,"column":8},"end":{"line":886,"column":11}},"324":{"start":{"line":888,"column":8},"end":{"line":888,"column":76}},"325":{"start":{"line":889,"column":8},"end":{"line":889,"column":107}},"326":{"start":{"line":894,"column":4},"end":{"line":909,"column":5}},"327":{"start":{"line":897,"column":6},"end":{"line":897,"column":58}},"328":{"start":{"line":898,"column":6},"end":{"line":908,"column":9}},"329":{"start":{"line":912,"column":4},"end":{"line":925,"column":5}},"330":{"start":{"line":913,"column":6},"end":{"line":913,"column":55}},"331":{"start":{"line":914,"column":6},"end":{"line":924,"column":9}},"332":{"start":{"line":928,"column":4},"end":{"line":930,"column":5}},"333":{"start":{"line":929,"column":6},"end":{"line":929,"column":52}},"334":{"start":{"line":932,"column":4},"end":{"line":932,"column":61}},"335":{"start":{"line":933,"column":4},"end":{"line":943,"column":7}},"336":{"start":{"line":948,"column":2},"end":{"line":948,"column":62}},"337":{"start":{"line":949,"column":2},"end":{"line":949,"column":49}},"338":{"start":{"line":951,"column":21},"end":{"line":951,"column":23}},"339":{"start":{"line":953,"column":2},"end":{"line":967,"column":3}},"340":{"start":{"line":954,"column":4},"end":{"line":966,"column":5}},"341":{"start":{"line":956,"column":29},"end":{"line":956,"column":71}},"342":{"start":{"line":957,"column":8},"end":{"line":957,"column":38}},"343":{"start":{"line":958,"column":8},"end":{"line":958,"column":14}},"344":{"start":{"line":960,"column":25},"end":{"line":960,"column":71}},"345":{"start":{"line":961,"column":8},"end":{"line":961,"column":34}},"346":{"start":{"line":962,"column":8},"end":{"line":962,"column":14}},"347":{"start":{"line":964,"column":8},"end":{"line":964,"column":64}},"348":{"start":{"line":965,"column":8},"end":{"line":965,"column":14}},"349":{"start":{"line":969,"column":2},"end":{"line":969,"column":72}},"350":{"start":{"line":970,"column":2},"end":{"line":970,"column":20}},"351":{"start":{"line":974,"column":2},"end":{"line":974,"column":57}},"352":{"start":{"line":976,"column":21},"end":{"line":1018,"column":3}},"353":{"start":{"line":978,"column":23},"end":{"line":978,"column":44}},"354":{"start":{"line":979,"column":26},"end":{"line":979,"column":56}},"355":{"start":{"line":983,"column":6},"end":{"line":989,"column":7}},"356":{"start":{"line":984,"column":8},"end":{"line":984,"column":26}},"357":{"start":{"line":985,"column":13},"end":{"line":989,"column":7}},"358":{"start":{"line":986,"column":8},"end":{"line":986,"column":30}},"359":{"start":{"line":988,"column":8},"end":{"line":988,"column":33}},"360":{"start":{"line":991,"column":6},"end":{"line":1000,"column":7}},"361":{"start":{"line":992,"column":8},"end":{"line":992,"column":68}},"362":{"start":{"line":993,"column":8},"end":{"line":999,"column":10}},"363":{"start":{"line":1002,"column":6},"end":{"line":1016,"column":7}},"364":{"start":{"line":1004,"column":10},"end":{"line":1004,"column":63}},"365":{"start":{"line":1006,"column":10},"end":{"line":1006,"column":67}},"366":{"start":{"line":1008,"column":10},"end":{"line":1008,"column":63}},"367":{"start":{"line":1009,"column":10},"end":{"line":1015,"column":12}},"368":{"start":{"line":1020,"column":2},"end":{"line":1020,"column":69}},"369":{"start":{"line":1021,"column":2},"end":{"line":1021,"column":20}},"370":{"start":{"line":1025,"column":2},"end":{"line":1025,"column":58}},"371":{"start":{"line":1026,"column":2},"end":{"line":1026,"column":49}},"372":{"start":{"line":1028,"column":21},"end":{"line":1028,"column":23}},"373":{"start":{"line":1030,"column":2},"end":{"line":1044,"column":3}},"374":{"start":{"line":1031,"column":4},"end":{"line":1043,"column":5}},"375":{"start":{"line":1033,"column":30},"end":{"line":1033,"column":71}},"376":{"start":{"line":1034,"column":8},"end":{"line":1034,"column":42}},"377":{"start":{"line":1035,"column":8},"end":{"line":1035,"column":14}},"378":{"start":{"line":1037,"column":26},"end":{"line":1037,"column":71}},"379":{"start":{"line":1038,"column":8},"end":{"line":1038,"column":38}},"380":{"start":{"line":1039,"column":8},"end":{"line":1039,"column":14}},"381":{"start":{"line":1041,"column":8},"end":{"line":1041,"column":62}},"382":{"start":{"line":1042,"column":8},"end":{"line":1042,"column":14}},"383":{"start":{"line":1046,"column":2},"end":{"line":1046,"column":71}},"384":{"start":{"line":1047,"column":2},"end":{"line":1047,"column":20}},"385":{"start":{"line":1051,"column":14},"end":{"line":1051,"column":50}},"386":{"start":{"line":1052,"column":2},"end":{"line":1052,"column":49}},"387":{"start":{"line":1055,"column":2},"end":{"line":1058,"column":3}},"388":{"start":{"line":1056,"column":4},"end":{"line":1056,"column":73}},"389":{"start":{"line":1057,"column":4},"end":{"line":1057,"column":16}},"390":{"start":{"line":1060,"column":2},"end":{"line":1065,"column":3}},"391":{"start":{"line":1061,"column":4},"end":{"line":1064,"column":5}},"392":{"start":{"line":1062,"column":6},"end":{"line":1062,"column":41}},"393":{"start":{"line":1063,"column":6},"end":{"line":1063,"column":18}},"394":{"start":{"line":1067,"column":2},"end":{"line":1067,"column":52}},"395":{"start":{"line":1068,"column":2},"end":{"line":1068,"column":19}},"396":{"start":{"line":1072,"column":16},"end":{"line":1072,"column":18}},"397":{"start":{"line":1073,"column":2},"end":{"line":1073,"column":64}},"398":{"start":{"line":1075,"column":2},"end":{"line":1085,"column":3}},"399":{"start":{"line":1076,"column":4},"end":{"line":1079,"column":5}},"400":{"start":{"line":1077,"column":6},"end":{"line":1077,"column":48}},"401":{"start":{"line":1078,"column":6},"end":{"line":1078,"column":63}},"402":{"start":{"line":1080,"column":9},"end":{"line":1085,"column":3}},"403":{"start":{"line":1081,"column":4},"end":{"line":1084,"column":5}},"404":{"start":{"line":1082,"column":6},"end":{"line":1082,"column":48}},"405":{"start":{"line":1083,"column":6},"end":{"line":1083,"column":63}},"406":{"start":{"line":1087,"column":24},"end":{"line":1091,"column":4}},"407":{"start":{"line":1088,"column":19},"end":{"line":1088,"column":40}},"408":{"start":{"line":1089,"column":4},"end":{"line":1089,"column":78}},"409":{"start":{"line":1090,"column":4},"end":{"line":1090,"column":18}},"410":{"start":{"line":1093,"column":2},"end":{"line":1093,"column":69}},"411":{"start":{"line":1096,"column":22},"end":{"line":1096,"column":51}},"412":{"start":{"line":1097,"column":24},"end":{"line":1097,"column":78}},"413":{"start":{"line":1099,"column":2},"end":{"line":1099,"column":69}},"414":{"start":{"line":1100,"column":2},"end":{"line":1100,"column":23}},"415":{"start":{"line":1104,"column":2},"end":{"line":1104,"column":62}},"416":{"start":{"line":1107,"column":2},"end":{"line":1116,"column":3}},"417":{"start":{"line":1108,"column":4},"end":{"line":1108,"column":51}},"418":{"start":{"line":1109,"column":4},"end":{"line":1115,"column":6}},"419":{"start":{"line":1119,"column":2},"end":{"line":1129,"column":3}},"420":{"start":{"line":1120,"column":4},"end":{"line":1120,"column":56}},"421":{"start":{"line":1121,"column":4},"end":{"line":1128,"column":6}},"422":{"start":{"line":1131,"column":2},"end":{"line":1211,"column":3}},"423":{"start":{"line":1132,"column":20},"end":{"line":1132,"column":72}},"424":{"start":{"line":1133,"column":4},"end":{"line":1133,"column":50}},"425":{"start":{"line":1135,"column":19},"end":{"line":1140,"column":6}},"426":{"start":{"line":1142,"column":4},"end":{"line":1142,"column":47}},"427":{"start":{"line":1143,"column":4},"end":{"line":1149,"column":6}},"428":{"start":{"line":1151,"column":4},"end":{"line":1151,"column":71}},"429":{"start":{"line":1154,"column":4},"end":{"line":1163,"column":5}},"430":{"start":{"line":1155,"column":6},"end":{"line":1155,"column":84}},"431":{"start":{"line":1156,"column":6},"end":{"line":1162,"column":8}},"432":{"start":{"line":1166,"column":4},"end":{"line":1178,"column":5}},"433":{"start":{"line":1167,"column":6},"end":{"line":1167,"column":42}},"434":{"start":{"line":1168,"column":6},"end":{"line":1177,"column":8}},"435":{"start":{"line":1181,"column":4},"end":{"line":1193,"column":5}},"436":{"start":{"line":1182,"column":6},"end":{"line":1182,"column":54}},"437":{"start":{"line":1183,"column":6},"end":{"line":1192,"column":8}},"438":{"start":{"line":1196,"column":4},"end":{"line":1198,"column":5}},"439":{"start":{"line":1197,"column":6},"end":{"line":1197,"column":51}},"440":{"start":{"line":1200,"column":4},"end":{"line":1200,"column":68}},"441":{"start":{"line":1201,"column":4},"end":{"line":1210,"column":6}},"442":{"start":{"line":1215,"column":2},"end":{"line":1215,"column":54}},"443":{"start":{"line":1218,"column":2},"end":{"line":1227,"column":3}},"444":{"start":{"line":1219,"column":4},"end":{"line":1219,"column":51}},"445":{"start":{"line":1220,"column":4},"end":{"line":1226,"column":6}},"446":{"start":{"line":1229,"column":2},"end":{"line":1343,"column":3}},"447":{"start":{"line":1230,"column":20},"end":{"line":1230,"column":87}},"448":{"start":{"line":1231,"column":4},"end":{"line":1231,"column":41}},"449":{"start":{"line":1233,"column":19},"end":{"line":1238,"column":6}},"450":{"start":{"line":1240,"column":4},"end":{"line":1240,"column":57}},"451":{"start":{"line":1241,"column":4},"end":{"line":1267,"column":5}},"452":{"start":{"line":1242,"column":25},"end":{"line":1242,"column":51}},"453":{"start":{"line":1243,"column":6},"end":{"line":1243,"column":51}},"454":{"start":{"line":1245,"column":6},"end":{"line":1257,"column":8}},"455":{"start":{"line":1249,"column":41},"end":{"line":1256,"column":9}},"456":{"start":{"line":1259,"column":6},"end":{"line":1259,"column":64}},"457":{"start":{"line":1260,"column":6},"end":{"line":1266,"column":8}},"458":{"start":{"line":1269,"column":4},"end":{"line":1269,"column":62}},"459":{"start":{"line":1272,"column":4},"end":{"line":1295,"column":5}},"460":{"start":{"line":1273,"column":6},"end":{"line":1294,"column":7}},"461":{"start":{"line":1274,"column":8},"end":{"line":1274,"column":54}},"462":{"start":{"line":1275,"column":27},"end":{"line":1275,"column":51}},"463":{"start":{"line":1276,"column":8},"end":{"line":1276,"column":71}},"464":{"start":{"line":1278,"column":8},"end":{"line":1290,"column":10}},"465":{"start":{"line":1282,"column":43},"end":{"line":1289,"column":11}},"466":{"start":{"line":1292,"column":8},"end":{"line":1292,"column":66}},"467":{"start":{"line":1293,"column":8},"end":{"line":1293,"column":81}},"468":{"start":{"line":1298,"column":4},"end":{"line":1310,"column":5}},"469":{"start":{"lin
[...]
{"line":445,"column":41}},"loc":{"start":{"line":446,"column":10},"end":{"line":446,"column":66}},"line":446},"26":{"name":"(anonymous_26)","decl":{"start":{"line":471,"column":81},"end":{"line":471,"column":82}},"loc":{"start":{"line":472,"column":10},"end":{"line":474,"column":12}},"line":472},"27":{"name":"(anonymous_27)","decl":{"start":{"line":472,"column":42},"end":{"line":472,"column":43}},"loc":{"start":{"line":473,"column":12},"end":{"line":473,"column":68}},"line":473},"28":{"name":"showCurrentConfig","decl":{"start":{"line":499,"column":9},"end":{"line":499,"column":26}},"loc":{"start":{"line":499,"column":44},"end":{"line":521,"column":1}},"line":499},"29":{"name":"(anonymous_29)","decl":{"start":{"line":507,"column":58},"end":{"line":507,"column":59}},"loc":{"start":{"line":508,"column":6},"end":{"line":510,"column":7}},"line":508},"30":{"name":"(anonymous_30)","decl":{"start":{"line":508,"column":36},"end":{"line":508,"column":37}},"loc":{"start":{"line":509,"column":8},"end":{"line":509,"column":64}},"line":509},"31":{"name":"showHookInfo","decl":{"start":{"line":523,"column":9},"end":{"line":523,"column":21}},"loc":{"start":{"line":523,"column":24},"end":{"line":541,"column":1}},"line":523},"32":{"name":"main","decl":{"start":{"line":543,"column":9},"end":{"line":543,"column":13}},"loc":{"start":{"line":543,"column":16},"end":{"line":570,"column":1}},"line":543},"33":{"name":"(anonymous_33)","decl":{"start":{"line":573,"column":32},"end":{"line":573,"column":33}},"loc":{"start":{"line":573,"column":43},"end":{"line":577,"column":1}},"line":573}},"branchMap":{"0":{"loc":{"start":{"line":40,"column":9},"end":{"line":40,"column":44}},"type":"binary-expr","locations":[{"start":{"line":40,"column":9},"end":{"line":40,"column":29}},{"start":{"line":40,"column":33},"end":{"line":40,"column":44}}],"line":40},"1":{"loc":{"start":{"line":56,"column":8},"end":{"line":56,"column":54}},"type":"binary-expr","locations":[{"start":{"line":56,"column":8},"end":{"line":56,"column":31}},{"start":{"line":56,"column":35},"end":{"line":56,"column":54}}],"line":56},"2":{"loc":{"start":{"line":58,"column":15},"end":{"line":58,"column":56}},"type":"binary-expr","locations":[{"start":{"line":58,"column":15},"end":{"line":58,"column":39}},{"start":{"line":58,"column":43},"end":{"line":58,"column":56}}],"line":58},"3":{"loc":{"start":{"line":61,"column":27},"end":{"line":61,"column":46}},"type":"default-arg","locations":[{"start":{"line":61,"column":42},"end":{"line":61,"column":46}}],"line":61},"4":{"loc":{"start":{"line":65,"column":2},"end":{"line":67,"column":3}},"type":"if","locations":[{"start":{"line":65,"column":2},"end":{"line":67,"column":3}},{"start":{},"end":{}}],"line":65},"5":{"loc":{"start":{"line":65,"column":6},"end":{"line":65,"column":43}},"type":"binary-expr","locations":[{"start":{"line":65,"column":6},"end":{"line":65,"column":16}},{"start":{"line":65,"column":20},"end":{"line":65,"column":43}}],"line":65},"6":{"loc":{"start":{"line":112,"column":2},"end":{"line":116,"column":3}},"type":"if","locations":[{"start":{"line":112,"column":2},"end":{"line":116,"column":3}},{"start":{},"end":{}}],"line":112},"7":{"loc":{"start":{"line":122,"column":2},"end":{"line":137,"column":3}},"type":"if","locations":[{"start":{"line":122,"column":2},"end":{"line":137,"column":3}},{"start":{},"end":{}}],"line":122},"8":{"loc":{"start":{"line":145,"column":4},"end":{"line":149,"column":5}},"type":"if","locations":[{"start":{"line":145,"column":4},"end":{"line":149,"column":5}},{"start":{},"end":{}}],"line":145},"9":{"loc":{"start":{"line":163,"column":4},"end":{"line":167,"column":5}},"type":"if","locations":[{"start":{"line":163,"column":4},"end":{"line":167,"column":5}},{"start":{},"end":{}}],"line":163},"10":{"loc":{"start":{"line":171,"column":4},"end":{"line":174,"column":5}},"type":"if","locations":[{"start":{"line":171,"column":4},"end":{"line":174,"column":5}},{"start":{},"end":{}}],"line":171},"11":{"loc":{"start":{"line":197,"column":2},"end":{"line":200,"column":3}},"type":"if","locations":[{"start":{"line":197,"column":2},"end":{"line":200,"column":3}},{"start":{},"end":{}}],"line":197},"12":{"loc":{"start":{"line":203,"column":2},"end":{"line":210,"column":3}},"type":"if","locations":[{"start":{"line":203,"column":2},"end":{"line":210,"column":3}},{"start":{},"end":{}}],"line":203},"13":{"loc":{"start":{"line":213,"column":2},"end":{"line":215,"column":3}},"type":"if","locations":[{"start":{"line":213,"column":2},"end":{"line":215,"column":3}},{"start":{},"end":{}}],"line":213},"14":{"loc":{"start":{"line":216,"column":2},"end":{"line":218,"column":3}},"type":"if","locations":[{"start":{"line":216,"column":2},"end":{"line":218,"column":3}},{"start":{},"end":{}}],"line":216},"15":{"loc":{"start":{"line":222,"column":6},"end":{"line":224,"column":5}},"type":"binary-expr","locations":[{"start":{"line":222,"column":6},"end":{"line":222,"column":16}},{"start":{"line":222,"column":20},"end":{"line":224,"column":5}}],"line":222},"16":{"loc":{"start":{"line":223,"column":6},"end":{"line":223,"column":62}},"type":"binary-expr","locations":[{"start":{"line":223,"column":6},"end":{"line":223,"column":15}},{"start":{"line":223,"column":19},"end":{"line":223,"column":62}}],"line":223},"17":{"loc":{"start":{"line":256,"column":2},"end":{"line":258,"column":3}},"type":"if","locations":[{"start":{"line":256,"column":2},"end":{"line":258,"column":3}},{"start":{},"end":{}}],"line":256},"18":{"loc":{"start":{"line":260,"column":2},"end":{"line":330,"column":3}},"type":"if","locations":[{"start":{"line":260,"column":2},"end":{"line":330,"column":3}},{"start":{"line":270,"column":9},"end":{"line":330,"column":3}}],"line":260},"19":{"loc":{"start":{"line":264,"column":4},"end":{"line":267,"column":5}},"type":"if","locations":[{"start":{"line":264,"column":4},"end":{"line":267,"column":5}},{"start":{},"end":{}}],"line":264},"20":{"loc":{"start":{"line":281,"column":4},"end":{"line":283,"column":5}},"type":"if","locations":[{"start":{"line":281,"column":4},"end":{"line":283,"column":5}},{"start":{},"end":{}}],"line":281},"21":{"loc":{"start":{"line":284,"column":4},"end":{"line":286,"column":5}},"type":"if","locations":[{"start":{"line":284,"column":4},"end":{"line":286,"column":5}},{"start":{},"end":{}}],"line":284},"22":{"loc":{"start":{"line":290,"column":6},"end":{"line":292,"column":7}},"type":"binary-expr","locations":[{"start":{"line":290,"column":6},"end":{"line":290,"column":16}},{"start":{"line":290,"column":20},"end":{"line":292,"column":7}}],"line":290},"23":{"loc":{"start":{"line":291,"column":8},"end":{"line":291,"column":64}},"type":"binary-expr","locations":[{"start":{"line":291,"column":8},"end":{"line":291,"column":17}},{"start":{"line":291,"column":21},"end":{"line":291,"column":64}}],"line":291},"24":{"loc":{"start":{"line":295,"column":4},"end":{"line":305,"column":5}},"type":"if","locations":[{"start":{"line":295,"column":4},"end":{"line":305,"column":5}},{"start":{},"end":{}}],"line":295},"25":{"loc":{"start":{"line":296,"column":6},"end":{"line":301,"column":7}},"type":"if","locations":[{"start":{"line":296,"column":6},"end":{"line":301,"column":7}},{"start":{},"end":{}}],"line":296},"26":{"loc":{"start":{"line":322,"column":4},"end":{"line":329,"column":5}},"type":"if","locations":[{"start":{"line":322,"column":4},"end":{"line":329,"column":5}},{"start":{"line":327,"column":11},"end":{"line":329,"column":5}}],"line":322},"27":{"loc":{"start":{"line":337,"column":2},"end":{"line":339,"column":3}},"type":"if","locations":[{"start":{"line":337,"column":2},"end":{"line":339,"column":3}},{"start":{},"end":{}}],"line":337},"28":{"loc":{"start":{"line":346,"column":2},"end":{"line":369,"column":3}},"type":"if","locations":[{"start":{"line":346,"column":2},"end":{"line":369,"column":3}},{"start":{"line":348,"column":9},"end":{"line":369,"column":3}}],"line":346},"29":{"loc":{"start":{"line":346,"column":6},"end":{"line":346,"column":52}},"type":"binary-expr","locations":[{"start":{"line":346,"column":6},"end":{"line":346,"column":21}},{"start":{"line":346,"column":25},"end":{"line":346,"column":52}}],"line":346},"30":{"loc":{"start":{"line":350,"column":6},"end":{"line":352,"column":7}},"type":"binary-expr","locations":[{"start":{"line":350,"column":6},"end":{"line":350,"column":16}},{"start":{"line":350,"column":20},"end":{"line":352,"column":7}}],"line":350},"31":{"loc":{"start":{"line":351,"column":8},"end":{"line":351,"column":64}},"type":"binary-expr","locations":[{"start":{"line":351,"column":8},"end":{"line":351,"column":17}},{"start":{"line":351,"column":21},"end":{"line":351,"column":64}}],"line":351},"32":{"loc":{"start":{"line":355,"column":4},"end":{"line":368,"column":5}},"type":"if","locations":[{"start":{"line":355,"column":4},"end":{"line":368,"column":5}},{"start":{"line":357,"column":11},"end":{"line":368,"column":5}}],"line":355},"33":{"loc":{"start":{"line":374,"column":2},"end":{"line":397,"column":3}},"type":"if","locations":[{"start":{"line":374,"column":2},"end":{"line":397,"column":3}},{"start":{},"end":{}}],"line":374},"34":{"loc":{"start":{"line":378,"column":6},"end":{"line":393,"column":7}},"type":"if","locations":[{"start":{"line":378,"column":6},"end":{"line":393,"column":7}},{"start":{"line":391,"column":13},"end":{"line":393,"column":7}}],"line":378},"35":{"loc":{"start":{"line":378,"column":10},"end":{"line":378,"column":64}},"type":"binary-expr","locations":[{"start":{"line":378,"column":10},"end":{"line":378,"column":29}},{"start":{"line":378,"column":33},"end":{"line":378,"column":64}}],"line":378},"36":{"loc":{"start":{"line":380,"column":10},"end":{"line":382,"column":11}},"type":"binary-expr","locations":[{"start":{"line":380,"column":10},"end":{"line":380,"column":20}},{"start":{"line":380,"column":24},"end":{"line":382,"column":11}}],"line":380},"37":{"loc":{"start":{"line":381,"column":12},"end":{"line":381,"column":68}},"type":"binary-expr","locations":[{"start":{"line":381,"column":12},"end":{"line":381,"column":21}},{"start":{"line":381,"column":25},"end":{"line":381,"column":68}}],"line":381},"38":{"loc":{"start":{"line":385,"column":8},"end":{"line":390,"column":9}},"type":"if","locations":[{"start":{"line":385,"column":8},"end":{"line":390,"column":9}},{"start":{"line":388,"column":15},"end":{"line":390,"column":9}}],"line":385},"39":{"loc":{"start":{"line":404,"column":32},"end":{"line":404,"column":63}},"type":"binary-expr","locations":[{"start":{"line":404,"column":32},"end":{"line":404,"column":46}},{"start":{"line":404,"column":50},"end":{"line":404,"column":63}}],"line":404},"40":{"loc":{"start":{"line":405,"column":2},"end":{"line":409,"column":3}},"type":"if","locations":[{"start":{"line":405,"column":2},"end":{"line":409,"column":3}},{"start":{"line":407,"column":9},"end":{"line":409,"column":3}}],"line":405},"41":{"loc":{"start":{"line":439,"column":2},"end":{"line":461,"column":3}},"type":"if","locations":[{"start":{"line":439,"column":2},"end":{"line":461,"column":3}},{"start":{},"end":{}}],"line":439},"42":{"loc":{"start":{"line":442,"column":4},"end":{"line":460,"column":5}},"type":"if","locations":[{"start":{"line":442,"column":4},"end":{"line":460,"column":5}},{"start":{},"end":{}}],"line":442},"43":{"loc":{"start":{"line":442,"column":8},"end":{"line":442,"column":52}},"type":"binary-expr","locations":[{"start":{"line":442,"column":8},"end":{"line":442,"column":22}},{"start":{"line":442,"column":26},"end":{"line":442,"column":52}}],"line":442},"44":{"loc":{"start":{"line":445,"column":10},"end":{"line":447,"column":9}},"type":"binary-expr","locations":[{"start":{"line":445,"column":10},"end":{"line":445,"column":20}},{"start":{"line":445,"column":24},"end":{"line":447,"column":9}}],"line":445},"45":{"loc":{"start":{"line":446,"column":10},"end":{"line":446,"column":66}},"type":"binary-expr","locations":[{"start":{"line":446,"column":10},"end":{"line":446,"column":19}},{"start":{"line":446,"column":23},"end":{"line":446,"column":66}}],"line":446},"46":{"loc":{"start":{"line":450,"column":6},"end":{"line":459,"column":7}},"type":"if","locations":[{"start":{"line":450,"column":6},"end":{"line":459,"column":7}},{"start":{"line":457,"column":13},"end":{"line":459,"column":7}}],"line":450},"47":{"loc":{"start":{"line":451,"column":8},"end":{"line":456,"column":9}},"type":"if","locations":[{"start":{"line":451,"column":8},"end":{"line":456,"column":9}},{"start":{"line":454,"column":15},"end":{"line":456,"column":9}}],"line":451},"48":{"loc":{"start":{"line":465,"column":2},"end":{"line":488,"column":3}},"type":"if","locations":[{"start":{"line":465,"column":2},"end":{"line":488,"column":3}},{"start":{},"end":{}}],"line":465},"49":{"loc":{"start":{"line":469,"column":6},"end":{"line":484,"column":7}},"type":"if","locations":[{"start":{"line":469,"column":6},"end":{"line":484,"column":7}},{"start":{},"end":{}}],"line":469},"50":{"loc":{"start":{"line":469,"column":10},"end":{"line":469,"column":64}},"type":"binary-expr","locations":[{"start":{"line":469,"column":10},"end":{"line":469,"column":29}},{"start":{"line":469,"column":33},"end":{"line":469,"column":64}}],"line":469},"51":{"loc":{"start":{"line":472,"column":12},"end":{"line":474,"column":11}},"type":"binary-expr","locations":[{"start":{"line":472,"column":12},"end":{"line":472,"column":22}},{"start":{"line":472,"column":26},"end":{"line":474,"column":11}}],"line":472},"52":{"loc":{"start":{"line":473,"column":12},"end":{"line":473,"column":68}},"type":"binary-expr","locations":[{"start":{"line":473,"column":12},"end":{"line":473,"column":21}},{"start":{"line":473,"column":25},"end":{"line":473,"column":68}}],"line":473},"53":{"loc":{"start":{"line":477,"column":8},"end":{"line":483,"column":9}},"type":"if","locations":[{"start":{"line":477,"column":8},"end":{"line":483,"column":9}},{"start":{"line":481,"column":15},"end":{"line":483,"column":9}}],"line":477},"54":{"loc":{"start":{"line":490,"column":2},"end":{"line":494,"column":3}},"type":"if","locations":[{"start":{"line":490,"column":2},"end":{"line":494,"column":3}},{"start":{"line":492,"column":9},"end":{"line":494,"column":3}}],"line":490},"55":{"loc":{"start":{"line":499,"column":27},"end":{"line":499,"column":42}},"type":"default-arg","locations":[{"start":{"line":499,"column":38},"end":{"line":499,"column":42}}],"line":499},"56":{"loc":{"start":{"line":500,"column":2},"end":{"line":502,"column":3}},"type":"if","locations":[{"start":{"line":500,"column":2},"end":{"line":502,"column":3}},{"start":{},"end":{}}],"line":500},"57":{"loc":{"start":{"line":506,"column":2},"end":{"line":520,"column":3}},"type":"if","locations":[{"start":{"line":506,"column":2},"end":{"line":520,"column":3}},{"start":{"line":518,"column":9},"end":{"line":520,"column":3}}],"line":506},"58":{"loc":{"start":{"line":506,"column":6},"end":{"line":506,"column":50}},"type":"binary-expr","locations":[{"start":{"line":506,"column":6},"end":{"line":506,"column":20}},{"start":{"line":506,"column":24},"end":{"line":506,"column":50}}],"line":506},"59":{"loc":{"start":{"line":508,"column":6},"end":{"line":510,"column":7}},"type":"binary-expr","locations":[{"start":{"line":508,"column":6},"end":{"line":508,"column":16}},{"start":{"line":508,"column":20},"end":{"line":510,"column":7}}],"line":508},"60":{"loc":{"start":{"line":509,"column":8},"end":{"line":509,"column":64}},"type":"binary-expr","locations":[{"start":{"line":509,"column":8},"end":{"line":509,"column":17}},{"start":{"line":509,"column":21},"end":{"line":509,"column":64}}],"line":509},"61":{"loc":{"start":{"line":513,"column":4},"end":{"line":517,"column":5}},"type":"if","locations":[{"start":{"line":513,"column":4},"end":{"line":517,"column":5}},{"start":{"line":515,"column":11},"end":{"line":517,"column":5}}],"line":513},"62":{"loc":{"start":{"line":544,"column":2},"end":{"line":547,"column":3}},"type":"if","locations":[{"start":{"line":544,"column":2},"end":{"line":547,"column":3}},{"start":{},"end":{}}],"line":544},"63":{"loc":{"start":{"line":549,"column":2},"end":{"line":552,"column":3}},"type":"if","locations":[{"start":{"line":549,"column":2},"end":{"line":552,"column":3}},{"start":{},"end":{}}],"line":549},"64":{"loc":{"start":{"line":554,"column":2},"end":{"line":557,"column":3}},"type":"if","locations":[{"start":{"line":554,"column":2},"end":{"line":557,"column":3}},{"start":{},"end":{}}],"line":554},"65":{"loc":{"start":{"line":562,"column":2},"end":{"line":569,"column":3}},"type":"if","locations":[{"start":{"line":562,"column":2},"end":{"line":569,"column":3}},{"start":{"line":566,"column":9},"end":{"line":569,"column":3}}],"line":562},"66":{"loc":{"start":{"line":580,"column":0},"end":{"line":610,"column":1}},"type":"if","locations":[{"start":{"line":580,"column":0},"end":{"line":610,"column":1}},{"start":{"line":583,"column":7},"end":{"line":610,"column":1}}],"line":580}},"s":{"0":1,"1":1,"2":1,"3":1,"4":1,"5":16,"6":34,"7":32,"8":32,"9":1,"10":1,"11":1,"12":1,"13":1,"14":5,"15":5,"16":5,"17":1,"18":4,"19":0,"20":4,"21":4,"22":1,"23":1,"24":1,"25":3,"26":12,"27":12,"28":11,"29":11,"30":10,"31":3,"32":3,"33":3,"34":3,"35":3,"36":3,"37":4,"38":6,"39":6,"40":6,"41":6,"42":6,"43":6,"44":6,"45":5,"46":1,"47":1,"48":10,"49":10,"50":10,"51":3,"52":3,"53":3,"54":6,"55":6,"56":1,"57":1,"58":5,"59":5,"60":0,"61":0,"62":5,"63":5,"64":1,"65":1,"66":2,"67":2,"68":2,"69":1,"70":1,"71":2,"72":2,"73":1,"74":1,"75":0,"76":0,"77":2,"78":2,"79":2,"80":2,"81":2,"82":0,"83":0,"84":2,"85":2,"86":2,"87":2,"88":2,"89":2,"90":0,"91":0,"92":3,"93":3,"94":1,"95":2,"96":0,"97":0,"98":0,"99":0,"100":0,"101":2,"102":2,"103":2,"104":2,"105":1,"106":2,"107":1,"108":2,"109":1,"110":0,"111":2,"112":0,"113":0,"114":0,"115":0,"116":0,"117":0,"118":0,"119":2,"120":2,"121":2,"122":2,"123":2,"124":2,"125":2,"126":0,"127":3,"128":3,"129":1,"130":2,"131":2,"132":2,"133":2,"134":1,"135":1,"136":1,"137":1,"138":1,"139":0,"140":1,"141":1,"142":1,"143":1,"144":1,"145":1,"146":1,"147":1,"148":2,"149":2,"150":2,"151":2,"152":2,"153":2,"154":2,"155":1,"156":1,"157":1,"158":1,"159":1,"160":1,"161":0,"162":1,"163":0,"164":2,"165":2,"166":2,"167":2,"168":1,"169":1,"170":2,"171":6,"172":6,"173":4,"174":2,"175":6,"176":6,"177":5,"178":1,"179":3,"180":3,"181":3,"182":3,"183":3,"184":3,"185":2,"186":2,"187":3,"188":3,"189":2,"190":2,"191":2,"192":2,"193":0,"194":0,"195":3,"196":3,"197":3,"198":3,"199":3,"200":2,"201":2,"202":3,"203":3,"204":2,"205":2,"206":2,"207":2,"208":0,"209":0,"210":3,"211":2,"212":1,"213":3,"214":2,"215":0,"216":2,"217":2,"218":1,"219":1,"220":2,"221":1,"222":1,"223":0,"224":1,"225":3,"226":3,"227":3,"228":3,"229":3,"230":3,"231":3,"232":3,"233":3,"234":3,"235":3,"236":3,"237":3,"238":3,"239":3,"240":0,"241":0,"242":0,"243":0,"244":0,"245":0,"246":0,"247":0,"248":0,"249":0,"250":0,"251":0,"252":0,"253":0,"254":0,"255":0,"256":1,"257":0,"258":0,"259":0,"260":1,"261":0,"262":1},"f":{"0":16,"1":34,"2":32,"3":5,"4":0,"5":4,"6":12,"7":6,"8":10,"9":2,"10":0,"11":0,"12":3,"13":1,"14":0,"15":3,"16":1,"17":1,"18":1,"19":1,"20":1,"21":1,"22":6,"23":3,"24":3,"25":3,"26":3,"27":3,"28":2,"29":1,"30":2,"31":3,"32":0,"33":0},"b":{"0":[32,2],"1":[1,1],"2":[1,1],"3":[1],"4":[1,4],"5":[5,2],"6":[1,3],"7":[11,1],"8":[6,0],"9":[3,6],"10":[1,5],"11":[1,1],"12":[1,1],"13":[2,0],"14":[2,0],"15":[0,0],"16":[0,0],"17":[1,2],"18":[0,2],"19":[0,0],"20":[1,1],"21":[1,1],"22":[1,0],"23":[0,0],"24":[0,2],"25":[0,0],"26":[2,0],"27":[1,2],"28":[1,1],"29":[2,1],"30":[1,1],"31":[1,1],"32":[0,1],"33":[2,0],"34":[1,1],"35":[2,1],"36":[1,1],"37":[1,1],"38":[1,0],"39":[2,1],"40":[1,1],"41":[3,0],"42":[2,1],"43":[3,2],"44":[3,3],"45":[3,3],"46":[2,0],"47":[2,0],"48":[3,0],"49":[2,1],"50":[3,2],"51":[3,3],"52":[3,3],"53":[2,0],"54":[2,1],"55":[0],"56":[0,2],"57":[1,1],"58":[2,2],"59":[1,1],"60":[2,2],"61":[1,0],"62":[0,0],"63":[0,0],"64":[0,0],"65":[0,0],"66":[0,1]},"_coverageSchema":"1a1c01bbd47fc00a2c39e90264f33305004495a9","hash":"9189d3b2259176cadbc2ca94aedac1f5831ca1a9"}
}
