{"/Users/jeremyparker/Desktop/Claude Coding Projects/post-tool-stop-hook/package-hook.js": {"path":"/Users/jeremyparker/Desktop/Claude Coding Projects/post-tool-stop-hook/package-hook.js","statementMap":{"0":{"start":{"line":29,"column":11},"end":{"line":29,"column":24}},"1":{"start":{"line":30,"column":13},"end":{"line":30,"column":28}},"2":{"start":{"line":31,"column":15},"end":{"line":31,"column":32}},"3":{"start":{"line":32,"column":21},"end":{"line":32,"column":45}},"4":{"start":{"line":35,"column":15},"end":{"line":54,"column":1}},"5":{"start":{"line":58,"column":4},"end":{"line":65,"column":6}},"6":{"start":{"line":67,"column":4},"end":{"line":67,"column":103}},"7":{"start":{"line":68,"column":4},"end":{"line":68,"column":32}},"8":{"start":{"line":70,"column":4},"end":{"line":70,"column":62}},"9":{"start":{"line":71,"column":4},"end":{"line":71,"column":49}},"10":{"start":{"line":72,"column":4},"end":{"line":72,"column":47}},"11":{"start":{"line":73,"column":4},"end":{"line":73,"column":47}},"12":{"start":{"line":80,"column":4},"end":{"line":86,"column":5}},"13":{"start":{"line":81,"column":26},"end":{"line":81,"column":77}},"14":{"start":{"line":82,"column":6},"end":{"line":82,"column":58}},"15":{"start":{"line":84,"column":6},"end":{"line":84,"column":103}},"16":{"start":{"line":85,"column":6},"end":{"line":85,"column":35}},"17":{"start":{"line":93,"column":4},"end":{"line":144,"column":5}},"18":{"start":{"line":94,"column":6},"end":{"line":94,"column":54}},"19":{"start":{"line":97,"column":6},"end":{"line":97,"column":42}},"20":{"start":{"line":100,"column":6},"end":{"line":100,"column":37}},"21":{"start":{"line":103,"column":6},"end":{"line":103,"column":37}},"22":{"start":{"line":106,"column":6},"end":{"line":106,"column":47}},"23":{"start":{"line":109,"column":6},"end":{"line":109,"column":41}},"24":{"start":{"line":112,"column":6},"end":{"line":112,"column":48}},"25":{"start":{"line":115,"column":6},"end":{"line":117,"column":7}},"26":{"start":{"line":116,"column":8},"end":{"line":116,"column":35}},"27":{"start":{"line":120,"column":6},"end":{"line":122,"column":7}},"28":{"start":{"line":121,"column":8},"end":{"line":121,"column":37}},"29":{"start":{"line":125,"column":6},"end":{"line":125,"column":37}},"30":{"start":{"line":127,"column":23},"end":{"line":127,"column":59}},"31":{"start":{"line":128,"column":6},"end":{"line":128,"column":67}},"32":{"start":{"line":129,"column":6},"end":{"line":129,"column":58}},"33":{"start":{"line":131,"column":6},"end":{"line":136,"column":8}},"34":{"start":{"line":139,"column":6},"end":{"line":139,"column":64}},"35":{"start":{"line":140,"column":6},"end":{"line":142,"column":7}},"36":{"start":{"line":141,"column":8},"end":{"line":141,"column":35}},"37":{"start":{"line":143,"column":6},"end":{"line":143,"column":18}},"38":{"start":{"line":151,"column":4},"end":{"line":151,"column":51}},"39":{"start":{"line":153,"column":4},"end":{"line":156,"column":5}},"40":{"start":{"line":154,"column":6},"end":{"line":154,"column":53}},"41":{"start":{"line":155,"column":6},"end":{"line":155,"column":71}},"42":{"start":{"line":159,"column":17},"end":{"line":165,"column":5}},"43":{"start":{"line":167,"column":4},"end":{"line":172,"column":7}},"44":{"start":{"line":168,"column":6},"end":{"line":171,"column":7}},"45":{"start":{"line":169,"column":8},"end":{"line":169,"column":47}},"46":{"start":{"line":170,"column":8},"end":{"line":170,"column":76}},"47":{"start":{"line":179,"column":4},"end":{"line":179,"column":47}},"48":{"start":{"line":181,"column":4},"end":{"line":189,"column":5}},"49":{"start":{"line":182,"column":6},"end":{"line":188,"column":7}},"50":{"start":{"line":183,"column":25},"end":{"line":183,"column":79}},"51":{"start":{"line":184,"column":8},"end":{"line":184,"column":40}},"52":{"start":{"line":185,"column":8},"end":{"line":185,"column":82}},"53":{"start":{"line":187,"column":8},"end":{"line":187,"column":55}},"54":{"start":{"line":196,"column":4},"end":{"line":196,"column":47}},"55":{"start":{"line":198,"column":4},"end":{"line":214,"column":5}},"56":{"start":{"line":199,"column":6},"end":{"line":213,"column":7}},"57":{"start":{"line":200,"column":22},"end":{"line":200,"column":39}},"58":{"start":{"line":202,"column":8},"end":{"line":210,"column":9}},"59":{"start":{"line":203,"column":26},"end":{"line":203,"column":81}},"60":{"start":{"line":204,"column":10},"end":{"line":204,"column":44}},"61":{"start":{"line":205,"column":10},"end":{"line":205,"column":93}},"62":{"start":{"line":207,"column":27},"end":{"line":207,"column":86}},"63":{"start":{"line":208,"column":10},"end":{"line":208,"column":42}},"64":{"start":{"line":209,"column":10},"end":{"line":209,"column":89}},"65":{"start":{"line":212,"column":8},"end":{"line":212,"column":57}},"66":{"start":{"line":221,"column":4},"end":{"line":221,"column":58}},"67":{"start":{"line":224,"column":26},"end":{"line":224,"column":54}},"68":{"start":{"line":225,"column":4},"end":{"line":225,"column":78}},"69":{"start":{"line":226,"column":4},"end":{"line":226,"column":66}},"70":{"start":{"line":227,"column":4},"end":{"line":227,"column":38}},"71":{"start":{"line":230,"column":29},"end":{"line":230,"column":60}},"72":{"start":{"line":231,"column":4},"end":{"line":231,"column":82}},"73":{"start":{"line":232,"column":4},"end":{"line":232,"column":39}},"74":{"start":{"line":235,"column":26},"end":{"line":235,"column":54}},"75":{"start":{"line":236,"column":4},"end":{"line":236,"column":78}},"76":{"start":{"line":237,"column":4},"end":{"line":237,"column":38}},"77":{"start":{"line":244,"column":4},"end":{"line":244,"column":50}},"78":{"start":{"line":246,"column":21},"end":{"line":268,"column":5}},"79":{"start":{"line":270,"column":4},"end":{"line":273,"column":6}},"80":{"start":{"line":274,"column":4},"end":{"line":274,"column":45}},"81":{"start":{"line":277,"column":21},"end":{"line":280,"column":5}},"82":{"start":{"line":279,"column":46},"end":{"line":279,"column":84}},"83":{"start":{"line":282,"column":4},"end":{"line":285,"column":6}},"84":{"start":{"line":286,"column":4},"end":{"line":286,"column":41}},"85":{"start":{"line":293,"column":4},"end":{"line":293,"column":57}},"86":{"start":{"line":295,"column":23},"end":{"line":295,"column":53}},"87":{"start":{"line":296,"column":4},"end":{"line":296,"column":78}},"88":{"start":{"line":297,"column":4},"end":{"line":297,"column":41}},"89":{"start":{"line":299,"column":22},"end":{"line":299,"column":46}},"90":{"start":{"line":300,"column":4},"end":{"line":300,"column":76}},"91":{"start":{"line":301,"column":4},"end":{"line":301,"column":40}},"92":{"start":{"line":303,"column":20},"end":{"line":303,"column":42}},"93":{"start":{"line":304,"column":4},"end":{"line":304,"column":69}},"94":{"start":{"line":305,"column":4},"end":{"line":305,"column":35}},"95":{"start":{"line":312,"column":4},"end":{"line":312,"column":64}},"96":{"start":{"line":314,"column":24},"end":{"line":314,"column":72}},"97":{"start":{"line":315,"column":23},"end":{"line":315,"column":66}},"98":{"start":{"line":317,"column":4},"end":{"line":333,"column":5}},"99":{"start":{"line":319,"column":6},"end":{"line":327,"column":7}},"100":{"start":{"line":320,"column":8},"end":{"line":321,"column":29}},"101":{"start":{"line":322,"column":8},"end":{"line":322,"column":50}},"102":{"start":{"line":324,"column":8},"end":{"line":324,"column":74}},"103":{"start":{"line":326,"column":8},"end":{"line":326,"column":61}},"104":{"start":{"line":328,"column":11},"end":{"line":333,"column":5}},"105":{"start":{"line":330,"column":6},"end":{"line":331,"column":27}},"106":{"start":{"line":332,"column":6},"end":{"line":332,"column":51}},"107":{"start":{"line":340,"column":4},"end":{"line":340,"column":43}},"108":{"start":{"line":342,"column":19},"end":{"line":342,"column":21}},"109":{"start":{"line":345,"column":4},"end":{"line":350,"column":5}},"110":{"start":{"line":346,"column":23},"end":{"line":346,"column":77}},"111":{"start":{"line":347,"column":6},"end":{"line":349,"column":7}},"112":{"start":{"line":348,"column":8},"end":{"line":348,"column":69}},"113":{"start":{"line":353,"column":23},"end":{"line":353,"column":66}},"114":{"start":{"line":354,"column":4},"end":{"line":359,"column":5}},"115":{"start":{"line":355,"column":28},"end":{"line":355,"column":65}},"116":{"start":{"line":356,"column":6},"end":{"line":358,"column":7}},"117":{"start":{"line":357,"column":8},"end":{"line":357,"column":55}},"118":{"start":{"line":362,"column":26},"end":{"line":362,"column":81}},"119":{"start":{"line":363,"column":4},"end":{"line":368,"column":5}},"120":{"start":{"line":364,"column":23},"end":{"line":364,"column":55}},"121":{"start":{"line":365,"column":6},"end":{"line":367,"column":7}},"122":{"start":{"line":366,"column":8},"end":{"line":366,"column":54}},"123":{"start":{"line":370,"column":4},"end":{"line":374,"column":5}},"124":{"start":{"line":371,"column":6},"end":{"line":371,"column":47}},"125":{"start":{"line":372,"column":6},"end":{"line":372,"column":57}},"126":{"start":{"line":372,"column":30},"end":{"line":372,"column":55}},"127":{"start":{"line":373,"column":6},"end":{"line":373,"column":80}},"128":{"start":{"line":376,"column":4},"end":{"line":376,"column":44}},"129":{"start":{"line":383,"column":4},"end":{"line":383,"column":45}},"130":{"start":{"line":385,"column":22},"end":{"line":385,"column":24}},"131":{"start":{"line":386,"column":18},"end":{"line":386,"column":51}},"132":{"start":{"line":388,"column":4},"end":{"line":393,"column":5}},"133":{"start":{"line":389,"column":22},"end":{"line":389,"column":43}},"134":{"start":{"line":390,"column":19},"end":{"line":390,"column":76}},"135":{"start":{"line":391,"column":27},"end":{"line":391,"column":63}},"136":{"start":{"line":392,"column":6},"end":{"line":392,"column":37}},"137":{"start":{"line":395,"column":4},"end":{"line":398,"column":6}},"138":{"start":{"line":399,"column":4},"end":{"line":399,"column":81}},"139":{"start":{"line":405,"column":4},"end":{"line":407,"column":5}},"140":{"start":{"line":406,"column":6},"end":{"line":406,"column":46}},"141":{"start":{"line":409,"column":20},"end":{"line":409,"column":64}},"142":{"start":{"line":411,"column":4},"end":{"line":420,"column":5}},"143":{"start":{"line":412,"column":22},"end":{"line":412,"column":48}},"144":{"start":{"line":413,"column":23},"end":{"line":413,"column":50}},"145":{"start":{"line":415,"column":6},"end":{"line":419,"column":7}},"146":{"start":{"line":416,"column":8},"end":{"line":416,"column":46}},"147":{"start":{"line":418,"column":8},"end":{"line":418,"column":43}},"148":{"start":{"line":424,"column":18},"end":{"line":424,"column":51}},"149":{"start":{"line":425,"column":4},"end":{"line":436,"column":7}},"150":{"start":{"line":426,"column":20},"end":{"line":426,"column":37}},"151":{"start":{"line":427,"column":22},"end":{"line":427,"column":43}},"152":{"start":{"line":428,"column":23},"end":{"line":428,"column":80}},"153":{"start":{"line":430,"column":6},"end":{"line":435,"column":8}},"154":{"start":{"line":440,"column":18},"end":{"line":440,"column":20}},"155":{"start":{"line":441,"column":20},"end":{"line":441,"column":64}},"156":{"start":{"line":443,"column":4},"end":{"line":450,"column":5}},"157":{"start":{"line":444,"column":23},"end":{"line":444,"column":49}},"158":{"start":{"line":445,"column":6},"end":{"line":449,"column":7}},"159":{"start":{"line":446,"column":8},"end":{"line":446,"column":50}},"160":{"start":{"line":448,"column":8},"end":{"line":448,"column":29}},"161":{"start":{"line":452,"column":4},"end":{"line":452,"column":17}},"162":{"start":{"line":456,"column":4},"end":{"line":494,"column":2}},"163":{"start":{"line":498,"column":4},"end":{"line":538,"column":2}},"164":{"start":{"line":542,"column":4},"end":{"line":588,"column":2}},"165":{"start":{"line":592,"column":4},"end":{"line":666,"column":2}},"166":{"start":{"line":670,"column":4},"end":{"line":699,"column":2}},"167":{"start":{"line":703,"column":4},"end":{"line":724,"column":2}},"168":{"start":{"line":729,"column":4},"end":{"line":729,"column":57}},"169":{"start":{"line":731,"column":4},"end":{"line":731,"column":88}},"170":{"start":{"line":735,"column":4},"end":{"line":737,"column":5}},"171":{"start":{"line":736,"column":6},"end":{"line":736,"column":27}},"172":{"start":{"line":743,"column":15},"end":{"line":743,"column":36}},"173":{"start":{"line":744,"column":18},"end":{"line":744,"column":20}},"174":{"start":{"line":746,"column":2},"end":{"line":781,"column":3}},"175":{"start":{"line":746,"column":15},"end":{"line":746,"column":16}},"176":{"start":{"line":747,"column":16},"end":{"line":747,"column":23}},"177":{"start":{"line":749,"column":4},"end":{"line":780,"column":5}},"178":{"start":{"line":751,"column":8},"end":{"line":751,"column":35}},"179":{"start":{"line":752,"column":8},"end":{"line":752,"column":14}},"180":{"start":{"line":754,"column":8},"end":{"line":754,"column":36}},"181":{"start":{"line":755,"column":8},"end":{"line":755,"column":14}},"182":{"start":{"line":757,"column":23},"end":{"line":757,"column":32}},"183":{"start":{"line":758,"column":8},"end":{"line":761,"column":9}},"184":{"start":{"line":759,"column":10},"end":{"line":759,"column":115}},"185":{"start":{"line":760,"column":10},"end":{"line":760,"column":26}},"186":{"start":{"line":762,"column":8},"end":{"line":762,"column":32}},"187":{"start":{"line":763,"column":8},"end":{"line":763,"column":14}},"188":{"start":{"line":765,"column":8},"end":{"line":765,"column":29}},"189":{"start":{"line":766,"column":8},"end":{"line":766,"column":14}},"190":{"start":{"line":768,"column":8},"end":{"line":768,"column":33}},"191":{"start":{"line":769,"column":8},"end":{"line":769,"column":14}},"192":{"start":{"line":771,"column":8},"end":{"line":771,"column":31}},"193":{"start":{"line":772,"column":8},"end":{"line":772,"column":14}},"194":{"start":{"line":774,"column":8},"end":{"line":774,"column":19}},"195":{"start":{"line":775,"column":8},"end":{"line":775,"column":24}},"196":{"start":{"line":776,"column":8},"end":{"line":776,"column":14}},"197":{"start":{"line":778,"column":8},"end":{"line":778,"column":56}},"198":{"start":{"line":779,"column":8},"end":{"line":779,"column":24}},"199":{"start":{"line":783,"column":2},"end":{"line":783,"column":17}},"200":{"start":{"line":787,"column":2},"end":{"line":807,"column":3}},"201":{"start":{"line":812,"column":2},"end":{"line":826,"column":3}},"202":{"start":{"line":813,"column":20},"end":{"line":813,"column":31}},"203":{"start":{"line":814,"column":21},"end":{"line":814,"column":46}},"204":{"start":{"line":815,"column":19},"end":{"line":815,"column":49}},"205":{"start":{"line":817,"column":4},"end":{"line":817,"column":59}},"206":{"start":{"line":818,"column":4},"end":{"line":818,"column":53}},"207":{"start":{"line":819,"column":4},"end":{"line":819,"column":53}},"208":{"start":{"line":821,"column":4},"end":{"line":821,"column":20}},"209":{"start":{"line":824,"column":4},"end":{"line":824,"column":60}},"210":{"start":{"line":825,"column":4},"end":{"line":825,"column":20}},"211":{"start":{"line":830,"column":0},"end":{"line":832,"column":1}},"212":{"start":{"line":831,"column":2},"end":{"line":831,"column":9}},"213":{"start":{"line":834,"column":0},"end":{"line":834,"column":42}}},"fnMap":{"0":{"name":"(anonymous_0)","decl":{"start":{"line":57,"column":2},"end":{"line":57,"column":3}},"loc":{"start":{"line":57,"column":28},"end":{"line":74,"column":3}},"line":57},"1":{"name":"(anonymous_1)","decl":{"start":{"line":79,"column":2},"end":{"line":79,"column":3}},"loc":{"start":{"line":79,"column":18},"end":{"line":87,"column":3}},"line":79},"2":{"name":"(anonymous_2)","decl":{"start":{"line":92,"column":2},"end":{"line":92,"column":3}},"loc":{"start":{"line":92,"column":24},"end":{"line":145,"column":3}},"line":92},"3":{"name":"(anonymous_3)","decl":{"start":{"line":150,"column":2},"end":{"line":150,"column":3}},"loc":{"start":{"line":150,"column":33},"end":{"line":173,"column":3}},"line":150},"4":{"name":"(anonymous_4)","decl":{"start":{"line":167,"column":17},"end":{"line":167,"column":18}},"loc":{"start":{"line":167,"column":24},"end":{"line":172,"column":5}},"line":167},"5":{"name":"(anonymous_5)","decl":{"start":{"line":178,"column":2},"end":{"line":178,"column":3}},"loc":{"start":{"line":178,"column":28},"end":{"line":190,"column":3}},"line":178},"6":{"name":"(anonymous_6)","decl":{"start":{"line":195,"column":2},"end":{"line":195,"column":3}},"loc":{"start":{"line":195,"column":28},"end":{"line":215,"column":3}},"line":195},"7":{"name":"(anonymous_7)","decl":{"start":{"line":220,"column":2},"end":{"line":220,"column":3}},"loc":{"start":{"line":220,"column":38},"end":{"line":238,"column":3}},"line":220},"8":{"name":"(anonymous_8)","decl":{"start":{"line":243,"column":2},"end":{"line":243,"column":3}},"loc":{"start":{"line":243,"column":32},"end":{"line":287,"column":3}},"line":243},"9":{"name":"(anonymous_9)","decl":{"start":{"line":279,"column":40},"end":{"line":279,"column":41}},"loc":{"start":{"line":279,"column":46},"end":{"line":279,"column":84}},"line":279},"10":{"name":"(anonymous_10)","decl":{"start":{"line":292,"column":2},"end":{"line":292,"column":3}},"loc":{"start":{"line":292,"column":39},"end":{"line":306,"column":3}},"line":292},"11":{"name":"(anonymous_11)","decl":{"start":{"line":311,"column":2},"end":{"line":311,"column":3}},"loc":{"start":{"line":311,"column":24},"end":{"line":334,"column":3}},"line":311},"12":{"name":"(anonymous_12)","decl":{"start":{"line":339,"column":2},"end":{"line":339,"column":3}},"loc":{"start":{"line":339,"column":26},"end":{"line":377,"column":3}},"line":339},"13":{"name":"(anonymous_13)","decl":{"start":{"line":372,"column":21},"end":{"line":372,"column":22}},"loc":{"start":{"line":372,"column":30},"end":{"line":372,"column":55}},"line":372},"14":{"name":"(anonymous_14)","decl":{"start":{"line":382,"column":2},"end":{"line":382,"column":3}},"loc":{"start":{"line":382,"column":28},"end":{"line":400,"column":3}},"line":382},"15":{"name":"(anonymous_15)","decl":{"start":{"line":404,"column":2},"end":{"line":404,"column":3}},"loc":{"start":{"line":404,"column":27},"end":{"line":421,"column":3}},"line":404},"16":{"name":"(anonymous_16)","decl":{"start":{"line":423,"column":2},"end":{"line":423,"column":3}},"loc":{"start":{"line":423,"column":20},"end":{"line":437,"column":3}},"line":423},"17":{"name":"(anonymous_17)","decl":{"start":{"line":425,"column":21},"end":{"line":425,"column":22}},"loc":{"start":{"line":425,"column":29},"end":{"line":436,"column":5}},"line":425},"18":{"name":"(anonymous_18)","decl":{"start":{"line":439,"column":2},"end":{"line":439,"column":3}},"loc":{"start":{"line":439,"column":19},"end":{"line":453,"column":3}},"line":439},"19":{"name":"(anonymous_19)","decl":{"start":{"line":455,"column":2},"end":{"line":455,"column":3}},"loc":{"start":{"line":455,"column":26},"end":{"line":495,"column":3}},"line":455},"20":{"name":"(anonymous_20)","decl":{"start":{"line":497,"column":2},"end":{"line":497,"column":3}},"loc":{"start":{"line":497,"column":29},"end":{"line":539,"column":3}},"line":497},"21":{"name":"(anonymous_21)","decl":{"start":{"line":541,"column":2},"end":{"line":541,"column":3}},"loc":{"start":{"line":541,"column":26},"end":{"line":589,"column":3}},"line":541},"22":{"name":"(anonymous_22)","decl":{"start":{"line":591,"column":2},"end":{"line":591,"column":3}},"loc":{"start":{"line":591,"column":28},"end":{"line":667,"column":3}},"line":591},"23":{"name":"(anonymous_23)","decl":{"start":{"line":669,"column":2},"end":{"line":669,"column":3}},"loc":{"start":{"line":669,"column":22},"end":{"line":700,"column":3}},"line":669},"24":{"name":"(anonymous_24)","decl":{"start":{"line":702,"column":2},"end":{"line":702,"column":3}},"loc":{"start":{"line":702,"column":20},"end":{"line":725,"column":3}},"line":702},"25":{"name":"(anonymous_25)","decl":{"start":{"line":727,"column":2},"end":{"line":727,"column":3}},"loc":{"start":{"line":727,"column":42},"end":{"line":732,"column":3}},"line":727},"26":{"name":"(anonymous_26)","decl":{"start":{"line":734,"column":2},"end":{"line":734,"column":3}},"loc":{"start":{"line":734,"column":15},"end":{"line":738,"column":3}},"line":734},"27":{"name":"parseArgs","decl":{"start":{"line":742,"column":9},"end":{"line":742,"column":18}},"loc":{"start":{"line":742,"column":21},"end":{"line":784,"column":1}},"line":742},"28":{"name":"showHelp","decl":{"start":{"line":786,"column":9},"end":{"line":786,"column":17}},"loc":{"start":{"line":786,"column":20},"end":{"line":808,"column":1}},"line":786},"29":{"name":"main","decl":{"start":{"line":811,"column":15},"end":{"line":811,"column":19}},"loc":{"start":{"line":811,"column":22},"end":{"line":827,"column":1}},"line":811}},"branchMap":{"0":{"loc":{"start":{"line":57,"column":14},"end":{"line":57,"column":26}},"type":"default-arg","locations":[{"start":{"line":57,"column":24},"end":{"line":57,"column":26}}],"line":57},"1":{"loc":{"start":{"line":59,"column":14},"end":{"line":59,"column":52}},"type":"binary-expr","locations":[{"start":{"line":59,"column":14},"end":{"line":59,"column":28}},{"start":{"line":59,"column":32},"end":{"line":59,"column":52}}],"line":59},"2":{"loc":{"start":{"line":60,"column":15},"end":{"line":60,"column":54}},"type":"binary-expr","locations":[{"start":{"line":60,"column":15},"end":{"line":60,"column":30}},{"start":{"line":60,"column":34},"end":{"line":60,"column":54}}],"line":60},"3":{"loc":{"start":{"line":61,"column":14},"end":{"line":61,"column":37}},"type":"binary-expr","locations":[{"start":{"line":61,"column":14},"end":{"line":61,"column":28}},{"start":{"line":61,"column":32},"end":{"line":61,"column":37}}],"line":61},"4":{"loc":{"start":{"line":62,"column":13},"end":{"line":62,"column":35}},"type":"binary-expr","locations":[{"start":{"line":62,"column":13},"end":{"line":62,"column":26}},{"start":{"line":62,"column":30},"end":{"line":62,"column":35}}],"line":62},"5":{"loc":{"start":{"line":63,"column":16},"end":{"line":63,"column":40}},"type":"binary-expr","locations":[{"start":{"line":63,"column":16},"end":{"line":63,"column":32}},{"start":{"line":63,"column":36},"end":{"line":63,"column":40}}],"line":63},"6":{"loc":{"start":{"line":64,"column":15},"end":{"line":64,"column":39}},"type":"binary-expr","locations":[{"start":{"line":64,"column":15},"end":{"line":64,"column":30}},{"start":{"line":64,"column":34},"end":{"line":64,"column":39}}],"line":64},"7":{"loc":{"start":{"line":82,"column":13},"end":{"line":82,"column":57}},"type":"binary-expr","locations":[{"start":{"line":82,"column":13},"end":{"line":82,"column":32}},{"start":{"line":82,"column":36},"end":{"line":82,"column":57}}],"line":82},"8":{"loc":{"start":{"line":115,"column":6},"end":{"line":117,"column":7}},"type":"if","locations":[{"start":{"line":115,"column":6},"end":{"line":117,"column":7}},{"start":{},"end":{}}],"line":115},"9":{"loc":{"start":{"line":120,"column":6},"end":{"line":122,"column":7}},"type":"if","locations":[{"start":{"line":120,"column":6},"end":{"line":122,"column":7}},{"start":{},"end":{}}],"line":120},"10":{"loc":{"start":{"line":140,"column":6},"end":{"line":142,"column":7}},"type":"if","locations":[{"start":{"line":140,"column":6},"end":{"line":142,"column":7}},{"start":{},"end":{}}],"line":140},"11":{"loc":{"start":{"line":153,"column":4},"end":{"line":156,"column":5}},"type":"if","locations":[{"start":{"line":153,"column":4},"end":{"line":156,"column":5}},{"start":{},"end":{}}],"line":153},"12":{"loc":{"start":{"line":153,"column":8},"end":{"line":153,"column":64}},"type":"binary-expr","locations":[{"start":{"line":153,"column":8},"end":{"line":153,"column":26}},{"start":{"line":153,"column":30},"end":{"line":153,"column":64}}],"line":153},"13":{"loc":{"start":{"line":168,"column":6},"end":{"line":171,"column":7}},"type":"if","locations":[{"start":{"line":168,"column":6},"end":{"line":171,"column":7}},{"start":{},"end":{}}],"line":168},"14":{"loc":{"start":{"line":182,"column":6},"end":{"line":188,"column":7}},"type":"if","locations":[{"start":{"line":182,"column":6},"end":{"line":188,"column":7}},{"start":{"line":186,"column":13},"end":{"line":188,"column":7}}],"line":182},"15":{"loc":{"start":{"line":199,"column":6},"end":{"line":213,"column":7}},"type":"if","locations":[{"start":{"line":199,"column":6},"end":{"line":213,"column":7}},{"start":{"line":211,"column":13},"end":{"line":213,"column":7}}],"line":199},"16":{"loc":{"start":{"line":202,"column":8},"end":{"line":210,"column":9}},"type":"if","locations":[{"start":{"line":202,"column":8},"end":{"line":210,"column":9}},{"start":{"line":206,"column":15},"end":{"line":210,"column":9}}],"line":202},"17":{"loc":{"start":{"line":317,"column":4},"end":{"line":333,"column":5}},"type":"if","locations":[{"start":{"line":317,"column":4},"end":{"line":333,"column":5}},{"start":{"line":328,"column":11},"end":{"line":333,"column":5}}],"line":317},"18":{"loc":{"start":{"line":328,"column":11},"end":{"line":333,"column":5}},"type":"if","locations":[{"start":{"line":328,"column":11},"end":{"line":333,"column":5}},{"start":{},"end":{}}],"line":328},"19":{"loc":{"start":{"line":347,"column":6},"end":{"line":349,"column":7}},"type":"if","locations":[{"start":{"line":347,"column":6},"end":{"line":349,"column":7}},{"start":{},"end":{}}],"line":347},"20":{"loc":{"start":{"line":356,"column":6},"end":{"line":358,"column":7}},"type":"if","locations":[{"start":{"line":356,"column":6},"end":{"line":358,"column":7}},{"start":{},"end":{}}],"line":356},"21":{"loc":{"start":{"line":365,"column":6},"end":{"line":367,"column":7}},"type":"if","locations":[{"start":{"line":365,"column":6},"end":{"line":367,"column":7}},{"start":{},"end":{}}],"line":365},"22":{"loc":{"start":{"line":370,"column":4},"end":{"line":374,"column":5}},"type":"if","locations":[{"start":{"line":370,"column":4},"end":{"line":374,"column":5}},{"start":{},"end":{}}],"line":370},"23":{"loc":{"start":{"line":405,"column":4},"end":{"line":407,"column":5}},"type":"if","locations":[{"start":{"line":405,"column":4},"end":{"line":407,"column":5}},{"start":{},"end":{}}],"line":405},"24":{"loc":{"start":{"line":415,"column":6},"end":{"line":419,"column":7}},"type":"if","locations":[{"start":{"line":415,"column":6},"end":{"line":419,"column":7}},{"start":{"line":417,"column":13},"end":{"line":419,"column":7}}],"line":415},"25":{"loc":{"start":{"line":445,"column":6},"end":{"line":449,"column":7}},"type":"if","locations":[{"start":{"line":445,"column":6},"end":{"line":449,"column":7}},{"start":{"line":447,"column":13},"end":{"line":449,"column":7}}],"line":445},"26":{"loc":{"start":{"line":735,"column":4},"end":{"line":737,"column":5}},"type":"if","locations":[{"start":{"line":735,"column":4},"end":{"line":737,"column":5}},{"start":{},"end":{}}],"line":735},"27":{"loc":{"start":{"line":735,"column":8},"end":{"line":735,"column":57}},"type":"binary-expr","locations":[{"start":{"line":735,"column":8},"end":{"line":735,"column":28}},{"start":{"line":735,"column":32},"end":{"line":735,"column":57}}],"line":735},"28":{"loc":{"start":{"line":749,"column":4},"end":{"line":780,"column":5}},"type":"switch","locations":[{"start":{"line":750,"column":6},"end":{"line":752,"column":14}},{"start":{"line":753,"column":6},"end":{"line":755,"column":14}},{"start":{"line":756,"column":6},"end":{"line":763,"column":14}},{"start":{"line":764,"column":6},"end":{"line":766,"column":14}},{"start":{"line":767,"column":6},"end":{"line":769,"column":14}},{"start":{"line":770,"column":6},"end":{"line":772,"column":14}},{"start":{"line":773,"column":6},"end":{"line":776,"column":14}},{"start":{"line":777,"column":6},"end":{"line":779,"column":24}}],"line":749},"29":{"loc":{"start":{"line":758,"column":8},"end":{"line":761,"column":9}},"type":"if","locations":[{"start":{"line":758,"column":8},"end":{"line":761,"column":9}},{"start":{},"end":{}}],"line":758},"30":{"loc":{"start":{"line":830,"column":0},"end":{"line":832,"column":1}},"type":"if","locations":[{"start":{"line":830,"column":0},"end":{"line":832,"column":1}},{"start":{},"end":{}}],"line":830}},"s":{"0":0,"1":0,"2":0,"3":0,"4":0,"5":0,"6":0,"7":0,"8":0,"9":0,"10":0,"11":0,"12":0,"13":0,"14":0,"15":0,"16":0,"17":0,"18":0,"19":0,"20":0,"21":0,"22":0,"23":0,"24":0,"25":0,"26":0,"27":0,"28":0,"29":0,"30":0,"31":0,"32":0,"33":0,"34":0,"35":0,"36":0,"37":0,"38":0,"39":0,"40":0,"41":0,"42":0,"43":0,"44":0,"45":0,"46":0,"47":0,"48":0,"49":0,"50":0,"51":0,"52":0,"53":0,"54":0,"55":0,"56":0,"57":0,"58":0,"59":0,"60":0,"61":0,"62":0,"63":0,"64":0,"65":0,"66":0,"67":0,"68":0,"69":0,"70":0,"71":0,"72":0,"73":0,"74":0,"75":0,"76":0,"77":0,"78":0,"79":0,"80":0,"81":0,"82":0,"83":0,"84":0,"85":0,"86":0,"87":0,"88":0,"89":0,"90":0,"91":0,"92":0,"93":0,"94":0,"95":0,"96":0,"97":0,"98":0,"99":0,"100":0,"101":0,"102":0,"103":0,"104":0,"105":0,"106":0,"107":0,"108":0,"109":0,"110":0,"111":0,"112":0,"113":0,"114":0,"115":0,"116":0,"117":0,"118":0,"119":0,"120":0,"121":0,"122":0,"123":0,"124":0,"125":0,"126":0,"127":0,"128":0,"129":0,"130":0,"131":0,"132":0,"133":0,"134":0,"135":0,"136":0,"137":0,"138":0,"139":0,"140":0,"141":0,"142":0,"143":0,"144":0,"145":0,"146":0,"147":0,"148":0,"149":0,"150":0,"151":0,"152":0,"153":0,"154":0,"155":0,"156":0,"157":0,"158":0,"159":0,"160":0,"161":0,"162":0,"163":0,"164":0,"165":0,"166":0,"167":0,"168":0,"169":0,"170":0,"171":0,"172":0,"173":0,"174":0,"175":0,"176":0,"177":0,"178":0,"179":0,"180":0,"181":0,"182":0,"183":0,"184":0,"185":0,"186":0,"187":0,"188":0,"189":0,"190":0,"191":0,"192":0,"193":0,"194":0,"195":0,"196":0,"197":0,"198":0,"199":0,"200":0,"201":0,"202":0,"203":0,"204":0,"205":0,"206":0,"207":0,"208":0,"209":0,"210":0,"211":0,"212":0,"213":0},"f":{"0":0,"1":0,"2":0,"3":0,"4":0,"5":0,"6":0,"7":0,"8":0,"9":0,"10":0,"11":0,"12":0,"13":0,"14":0,"15":0,"16":0,"17":0,"18":0,"19":0,"20":0,"21":0,"22":0,"23":0,"24":0,"25":0,"26":0,"27":0,"28":0,"29":0},"b":{"0":[0],"1":[0,0],"2":[0,0],"3":[0,0],"4":[0,0],"5":[0,0],"6":[0,0],"7":[0,0],"8":[0,0],"9":[0,0],"10":[0,0],"11":[0,0],"12":[0,0],"13":[0,0],"14":[0,0],"15":[0,0],"16":[0,0],"17":[0,0],"18":[0,0],"19":[0,0],"20":[0,0],"21":[0,0],"22":[0,0],"23":[0,0],"24":[0,0],"25":[0,0],"26":[0,0],"27":[0,0],"28":[0,0,0,0,0,0,0,0],"29":[0,0],"30":[0,0]}}
,"/Users/jeremyparker/Desktop/Claude Coding Projects/post-tool-stop-hook/post-tool-linter-hook.js": {"path":"/Users/jeremyparker/Desktop/Claude Coding Projects/post-tool-stop-hook/post-tool-linter-hook.js","statementMap":{"0":{"start":{"line":11,"column":11},"end":{"line":11,"column":24}},"1":{"start":{"line":12,"column":13},"end":{"line":12,"column":28}},"2":{"start":{"line":13,"column":21},"end":{"line":13,"column":45}},"3":{"start":{"line":16,"column":14},"end":{"line":16,"column":18}},"4":{"start":{"line":17,"column":17},"end":{"line":17,"column":19}},"5":{"start":{"line":20,"column":18},"end":{"line":20,"column":69}},"6":{"start":{"line":21,"column":2},"end":{"line":21,"column":20}},"7":{"start":{"line":22,"column":2},"end":{"line":22,"column":18}},"8":{"start":{"line":23,"column":2},"end":{"line":23,"column":43}},"9":{"start":{"line":24,"column":2},"end":{"line":24,"column":43}},"10":{"start":{"line":25,"column":2},"end":{"line":25,"column":33}},"11":{"start":{"line":26,"column":2},"end":{"line":26,"column":42}},"12":{"start":{"line":27,"column":2},"end":{"line":27,"column":39}},"13":{"start":{"line":28,"column":2},"end":{"line":28,"column":10}},"14":{"start":{"line":32,"column":20},"end":{"line":32,"column":44}},"15":{"start":{"line":33,"column":19},"end":{"line":33,"column":46}},"16":{"start":{"line":36,"column":2},"end":{"line":36,"column":28}},"17":{"start":{"line":38,"column":2},"end":{"line":41,"column":3}},"18":{"start":{"line":39,"column":20},"end":{"line":39,"column":49}},"19":{"start":{"line":40,"column":4},"end":{"line":40,"column":42}},"20":{"start":{"line":45,"column":2},"end":{"line":52,"column":3}},"21":{"start":{"line":46,"column":4},"end":{"line":51,"column":5}},"22":{"start":{"line":47,"column":6},"end":{"line":47,"column":62}},"23":{"start":{"line":56,"column":15},"end":{"line":79,"column":1}},"24":{"start":{"line":83,"column":2},"end":{"line":83,"column":55}},"25":{"start":{"line":85,"column":2},"end":{"line":122,"column":3}},"26":{"start":{"line":86,"column":4},"end":{"line":88,"column":5}},"27":{"start":{"line":87,"column":6},"end":{"line":87,"column":19}},"28":{"start":{"line":91,"column":4},"end":{"line":97,"column":5}},"29":{"start":{"line":92,"column":22},"end":{"line":92,"column":69}},"30":{"start":{"line":94,"column":22},"end":{"line":94,"column":104}},"31":{"start":{"line":95,"column":6},"end":{"line":95,"column":73}},"32":{"start":{"line":96,"column":6},"end":{"line":96,"column":21}},"33":{"start":{"line":99,"column":4},"end":{"line":105,"column":5}},"34":{"start":{"line":100,"column":22},"end":{"line":100,"column":57}},"35":{"start":{"line":102,"column":22},"end":{"line":102,"column":119}},"36":{"start":{"line":103,"column":6},"end":{"line":103,"column":75}},"37":{"start":{"line":104,"column":6},"end":{"line":104,"column":21}},"38":{"start":{"line":107,"column":4},"end":{"line":113,"column":5}},"39":{"start":{"line":108,"column":22},"end":{"line":108,"column":57}},"40":{"start":{"line":110,"column":22},"end":{"line":110,"column":87}},"41":{"start":{"line":111,"column":6},"end":{"line":111,"column":69}},"42":{"start":{"line":112,"column":6},"end":{"line":112,"column":21}},"43":{"start":{"line":116,"column":4},"end":{"line":116,"column":78}},"44":{"start":{"line":117,"column":4},"end":{"line":117,"column":16}},"45":{"start":{"line":120,"column":4},"end":{"line":120,"column":66}},"46":{"start":{"line":121,"column":4},"end":{"line":121,"column":17}},"47":{"start":{"line":126,"column":2},"end":{"line":126,"column":52}},"48":{"start":{"line":128,"column":21},"end":{"line":128,"column":23}},"49":{"start":{"line":131,"column":2},"end":{"line":149,"column":3}},"50":{"start":{"line":132,"column":4},"end":{"line":132,"column":54}},"51":{"start":{"line":133,"column":20},"end":{"line":133,"column":21}},"52":{"start":{"line":135,"column":4},"end":{"line":144,"column":5}},"53":{"start":{"line":136,"column":25},"end":{"line":136,"column":59}},"54":{"start":{"line":137,"column":21},"end":{"line":137,"column":46}},"55":{"start":{"line":138,"column":6},"end":{"line":138,"column":64}},"56":{"start":{"line":140,"column":6},"end":{"line":143,"column":7}},"57":{"start":{"line":141,"column":8},"end":{"line":141,"column":20}},"58":{"start":{"line":142,"column":8},"end":{"line":142,"column":68}},"59":{"start":{"line":146,"column":4},"end":{"line":148,"column":5}},"60":{"start":{"line":147,"column":6},"end":{"line":147,"column":50}},"61":{"start":{"line":152,"column":2},"end":{"line":162,"column":3}},"62":{"start":{"line":153,"column":4},"end":{"line":153,"column":49}},"63":{"start":{"line":153,"column":30},"end":{"line":153,"column":47}},"64":{"start":{"line":154,"column":25},"end":{"line":154,"column":43}},"65":{"start":{"line":155,"column":4},"end":{"line":155,"column":82}},"66":{"start":{"line":157,"column":4},"end":{"line":159,"column":5}},"67":{"start":{"line":158,"column":6},"end":{"line":158,"column":103}},"68":{"start":{"line":158,"column":64},"end":{"line":158,"column":87}},"69":{"start":{"line":161,"column":4},"end":{"line":161,"column":24}},"70":{"start":{"line":164,"column":2},"end":{"line":164,"column":40}},"71":{"start":{"line":165,"column":2},"end":{"line":165,"column":14}},"72":{"start":{"line":169,"column":2},"end":{"line":169,"column":57}},"73":{"start":{"line":171,"column":21},"end":{"line":171,"column":23}},"74":{"start":{"line":173,"column":2},"end":{"line":186,"column":3}},"75":{"start":{"line":174,"column":20},"end":{"line":174,"column":21}},"76":{"start":{"line":176,"column":4},"end":{"line":181,"column":5}},"77":{"start":{"line":177,"column":25},"end":{"line":177,"column":59}},"78":{"start":{"line":178,"column":6},"end":{"line":180,"column":7}},"79":{"start":{"line":179,"column":8},"end":{"line":179,"column":20}},"80":{"start":{"line":183,"column":4},"end":{"line":185,"column":5}},"81":{"start":{"line":184,"column":6},"end":{"line":184,"column":28}},"82":{"start":{"line":188,"column":2},"end":{"line":188,"column":95}},"83":{"start":{"line":189,"column":2},"end":{"line":189,"column":20}},"84":{"start":{"line":193,"column":2},"end":{"line":193,"column":65}},"85":{"start":{"line":195,"column":2},"end":{"line":330,"column":3}},"86":{"start":{"line":196,"column":20},"end":{"line":196,"column":55}},"87":{"start":{"line":197,"column":4},"end":{"line":197,"column":49}},"88":{"start":{"line":199,"column":19},"end":{"line":204,"column":6}},"89":{"start":{"line":206,"column":4},"end":{"line":206,"column":73}},"90":{"start":{"line":207,"column":23},"end":{"line":207,"column":49}},"91":{"start":{"line":208,"column":4},"end":{"line":208,"column":63}},"92":{"start":{"line":211,"column":29},"end":{"line":223,"column":10}},"93":{"start":{"line":212,"column":23},"end":{"line":212,"column":46}},"94":{"start":{"line":213,"column":6},"end":{"line":213,"column":45}},"95":{"start":{"line":213,"column":26},"end":{"line":213,"column":45}},"96":{"start":{"line":214,"column":6},"end":{"line":221,"column":9}},"97":{"start":{"line":222,"column":6},"end":{"line":222,"column":17}},"98":{"start":{"line":225,"column":20},"end":{"line":230,"column":7}},"99":{"start":{"line":225,"column":90},"end":{"line":230,"column":5}},"100":{"start":{"line":233,"column":4},"end":{"line":241,"column":5}},"101":{"start":{"line":234,"column":6},"end":{"line":240,"column":9}},"102":{"start":{"line":243,"column":4},"end":{"line":243,"column":19}},"103":{"start":{"line":245,"column":4},"end":{"line":245,"column":70}},"104":{"start":{"line":248,"column":4},"end":{"line":279,"column":5}},"105":{"start":{"line":249,"column":6},"end":{"line":278,"column":7}},"106":{"start":{"line":250,"column":8},"end":{"line":250,"column":62}},"107":{"start":{"line":251,"column":27},"end":{"line":251,"column":51}},"108":{"start":{"line":252,"column":8},"end":{"line":252,"column":79}},"109":{"start":{"line":255,"column":33},"end":{"line":267,"column":14}},"110":{"start":{"line":256,"column":27},"end":{"line":256,"column":50}},"111":{"start":{"line":257,"column":10},"end":{"line":257,"column":49}},"112":{"start":{"line":257,"column":30},"end":{"line":257,"column":49}},"113":{"start":{"line":258,"column":10},"end":{"line":265,"column":13}},"114":{"start":{"line":266,"column":10},"end":{"line":266,"column":21}},"115":{"start":{"line":269,"column":8},"end":{"line":274,"column":12}},"116":{"start":{"line":269,"column":85},"end":{"line":274,"column":9}},"117":{"start":{"line":276,"column":8},"end":{"line":276,"column":74}},"118":{"start":{"line":277,"column":8},"end":{"line":277,"column":105}},"119":{"start":{"line":282,"column":4},"end":{"line":295,"column":5}},"120":{"start":{"line":283,"column":6},"end":{"line":283,"column":42}},"121":{"start":{"line":284,"column":6},"end":{"line":294,"column":9}},"122":{"start":{"line":298,"column":4},"end":{"line":311,"column":5}},"123":{"start":{"line":299,"column":6},"end":{"line":299,"column":53}},"124":{"start":{"line":300,"column":6},"end":{"line":310,"column":9}},"125":{"start":{"line":314,"column":4},"end":{"line":316,"column":5}},"126":{"start":{"line":315,"column":6},"end":{"line":315,"column":50}},"127":{"start":{"line":318,"column":4},"end":{"line":318,"column":67}},"128":{"start":{"line":319,"column":4},"end":{"line":329,"column":7}},"129":{"start":{"line":334,"column":2},"end":{"line":334,"column":71}},"130":{"start":{"line":336,"column":2},"end":{"line":481,"column":3}},"131":{"start":{"line":338,"column":24},"end":{"line":338,"column":32}},"132":{"start":{"line":339,"column":24},"end":{"line":339,"column":80}},"133":{"start":{"line":340,"column":27},"end":{"line":340,"column":87}},"134":{"start":{"line":342,"column":4},"end":{"line":346,"column":5}},"135":{"start":{"line":343,"column":6},"end":{"line":343,"column":34}},"136":{"start":{"line":344,"column":11},"end":{"line":346,"column":5}},"137":{"start":{"line":345,"column":6},"end":{"line":345,"column":37}},"138":{"start":{"line":349,"column":26},"end":{"line":349,"column":46}},"139":{"start":{"line":351,"column":27},"end":{"line":351,"column":102}},"140":{"start":{"line":351,"column":60},"end":{"line":351,"column":91}},"141":{"start":{"line":352,"column":24},"end":{"line":352,"column":94}},"142":{"start":{"line":354,"column":4},"end":{"line":354,"column":60}},"143":{"start":{"line":356,"column":19},"end":{"line":361,"column":6}},"144":{"start":{"line":363,"column":4},"end":{"line":363,"column":75}},"145":{"start":{"line":364,"column":20},"end":{"line":364,"column":46}},"146":{"start":{"line":365,"column":4},"end":{"line":365,"column":67}},"147":{"start":{"line":367,"column":20},"end":{"line":379,"column":54}},"148":{"start":{"line":367,"column":43},"end":{"line":379,"column":5}},"149":{"start":{"line":371,"column":44},"end":{"line":378,"column":7}},"150":{"start":{"line":379,"column":25},"end":{"line":379,"column":53}},"151":{"start":{"line":382,"column":4},"end":{"line":390,"column":5}},"152":{"start":{"line":383,"column":6},"end":{"line":389,"column":9}},"153":{"start":{"line":392,"column":4},"end":{"line":392,"column":19}},"154":{"start":{"line":394,"column":4},"end":{"line":394,"column":61}},"155":{"start":{"line":397,"column":4},"end":{"line":428,"column":5}},"156":{"start":{"line":398,"column":6},"end":{"line":427,"column":7}},"157":{"start":{"line":399,"column":8},"end":{"line":399,"column":63}},"158":{"start":{"line":400,"column":24},"end":{"line":400,"column":48}},"159":{"start":{"line":401,"column":8},"end":{"line":401,"column":77}},"160":{"start":{"line":403,"column":24},"end":{"line":415,"column":58}},"161":{"start":{"line":403,"column":47},"end":{"line":415,"column":9}},"162":{"start":{"line":407,"column":48},"end":{"line":414,"column":11}},"163":{"start":{"line":415,"column":29},"end":{"line":415,"column":57}},"164":{"start":{"line":417,"column":8},"end":{"line":423,"column":11}},"165":{"start":{"line":425,"column":8},"end":{"line":425,"column":76}},"166":{"start":{"line":426,"column":8},"end":{"line":426,"column":107}},"167":{"start":{"line":431,"column":4},"end":{"line":446,"column":5}},"168":{"start":{"line":434,"column":6},"end":{"line":434,"column":58}},"169":{"start":{"line":435,"column":6},"end":{"line":445,"column":9}},"170":{"start":{"line":449,"column":4},"end":{"line":462,"column":5}},"171":{"start":{"line":450,"column":6},"end":{"line":450,"column":55}},"172":{"start":{"line":451,"column":6},"end":{"line":461,"column":9}},"173":{"start":{"line":465,"column":4},"end":{"line":467,"column":5}},"174":{"start":{"line":466,"column":6},"end":{"line":466,"column":52}},"175":{"start":{"line":469,"column":4},"end":{"line":469,"column":61}},"176":{"start":{"line":470,"column":4},"end":{"line":480,"column":7}},"177":{"start":{"line":485,"column":2},"end":{"line":485,"column":58}},"178":{"start":{"line":486,"column":2},"end":{"line":486,"column":49}},"179":{"start":{"line":488,"column":21},"end":{"line":488,"column":23}},"180":{"start":{"line":490,"column":2},"end":{"line":504,"column":3}},"181":{"start":{"line":491,"column":4},"end":{"line":503,"column":5}},"182":{"start":{"line":493,"column":30},"end":{"line":493,"column":71}},"183":{"start":{"line":494,"column":8},"end":{"line":494,"column":42}},"184":{"start":{"line":495,"column":8},"end":{"line":495,"column":14}},"185":{"start":{"line":497,"column":26},"end":{"line":497,"column":71}},"186":{"start":{"line":498,"column":8},"end":{"line":498,"column":38}},"187":{"start":{"line":499,"column":8},"end":{"line":499,"column":14}},"188":{"start":{"line":501,"column":8},"end":{"line":501,"column":62}},"189":{"start":{"line":502,"column":8},"end":{"line":502,"column":14}},"190":{"start":{"line":506,"column":2},"end":{"line":506,"column":71}},"191":{"start":{"line":507,"column":2},"end":{"line":507,"column":20}},"192":{"start":{"line":511,"column":14},"end":{"line":511,"column":50}},"193":{"start":{"line":512,"column":2},"end":{"line":512,"column":49}},"194":{"start":{"line":515,"column":2},"end":{"line":518,"column":3}},"195":{"start":{"line":516,"column":4},"end":{"line":516,"column":64}},"196":{"start":{"line":517,"column":4},"end":{"line":517,"column":16}},"197":{"start":{"line":520,"column":2},"end":{"line":525,"column":3}},"198":{"start":{"line":521,"column":4},"end":{"line":524,"column":5}},"199":{"start":{"line":522,"column":6},"end":{"line":522,"column":41}},"200":{"start":{"line":523,"column":6},"end":{"line":523,"column":18}},"201":{"start":{"line":527,"column":2},"end":{"line":527,"column":52}},"202":{"start":{"line":528,"column":2},"end":{"line":528,"column":14}},"203":{"start":{"line":532,"column":16},"end":{"line":532,"column":18}},"204":{"start":{"line":533,"column":2},"end":{"line":533,"column":64}},"205":{"start":{"line":535,"column":2},"end":{"line":545,"column":3}},"206":{"start":{"line":536,"column":4},"end":{"line":539,"column":5}},"207":{"start":{"line":537,"column":6},"end":{"line":537,"column":48}},"208":{"start":{"line":538,"column":6},"end":{"line":538,"column":63}},"209":{"start":{"line":540,"column":9},"end":{"line":545,"column":3}},"210":{"start":{"line":541,"column":4},"end":{"line":544,"column":5}},"211":{"start":{"line":542,"column":6},"end":{"line":542,"column":48}},"212":{"start":{"line":543,"column":6},"end":{"line":543,"column":63}},"213":{"start":{"line":547,"column":24},"end":{"line":551,"column":4}},"214":{"start":{"line":548,"column":19},"end":{"line":548,"column":40}},"215":{"start":{"line":549,"column":4},"end":{"line":549,"column":78}},"216":{"start":{"line":550,"column":4},"end":{"line":550,"column":18}},"217":{"start":{"line":553,"column":2},"end":{"line":553,"column":52}},"218":{"start":{"line":554,"column":2},"end":{"line":554,"column":23}},"219":{"start":{"line":558,"column":2},"end":{"line":558,"column":54}},"220":{"start":{"line":560,"column":2},"end":{"line":663,"column":3}},"221":{"start":{"line":561,"column":20},"end":{"line":561,"column":67}},"222":{"start":{"line":562,"column":4},"end":{"line":562,"column":41}},"223":{"start":{"line":564,"column":19},"end":{"line":569,"column":6}},"224":{"start":{"line":571,"column":4},"end":{"line":571,"column":57}},"225":{"start":{"line":572,"column":23},"end":{"line":572,"column":49}},"226":{"start":{"line":573,"column":4},"end":{"line":573,"column":49}},"227":{"start":{"line":575,"column":4},"end":{"line":587,"column":6}},"228":{"start":{"line":579,"column":39},"end":{"line":586,"column":7}},"229":{"start":{"line":589,"column":4},"end":{"line":589,"column":62}},"230":{"start":{"line":592,"column":4},"end":{"line":615,"column":5}},"231":{"start":{"line":593,"column":6},"end":{"line":614,"column":7}},"232":{"start":{"line":594,"column":8},"end":{"line":594,"column":54}},"233":{"start":{"line":595,"column":27},"end":{"line":595,"column":51}},"234":{"start":{"line":596,"column":8},"end":{"line":596,"column":71}},"235":{"start":{"line":598,"column":8},"end":{"line":610,"column":10}},"236":{"start":{"line":602,"column":43},"end":{"line":609,"column":11}},"237":{"start":{"line":612,"column":8},"end":{"line":612,"column":66}},"238":{"start":{"line":613,"column":8},"end":{"line":613,"column":81}},"239":{"start":{"line":618,"column":4},"end":{"line":630,"column":5}},"240":{"start":{"line":619,"column":6},"end":{"line":619,"column":42}},"241":{"start":{"line":620,"column":6},"end":{"line":629,"column":8}},"242":{"start":{"line":633,"column":4},"end":{"line":645,"column":5}},"243":{"start":{"line":634,"column":6},"end":{"line":634,"column":45}},"244":{"start":{"line":635,"column":6},"end":{"line":644,"column":8}},"245":{"start":{"line":648,"column":4},"end":{"line":650,"column":5}},"246":{"start":{"line":649,"column":6},"end":{"line":649,"column":42}},"247":{"start":{"line":652,"column":4},"end":{"line":652,"column":59}},"248":{"start":{"line":653,"column":4},"end":{"line":662,"column":6}},"249":{"start":{"line":667,"column":2},"end":{"line":788,"column":3}},"250":{"start":{"line":669,"column":24},"end":{"line":669,"column":32}},"251":{"start":{"line":670,"column":24},"end":{"line":670,"column":80}},"252":{"start":{"line":671,"column":27},"end":{"line":671,"column":87}},"253":{"start":{"line":673,"column":4},"end":{"line":677,"column":5}},"254":{"start":{"line":674,"column":6},"end":{"line":674,"column":34}},"255":{"start":{"line":675,"column":11},"end":{"line":677,"column":5}},"256":{"start":{"line":676,"column":6},"end":{"line":676,"column":37}},"257":{"start":{"line":680,"column":26},"end":{"line":680,"column":46}},"258":{"start":{"line":681,"column":23},"end":{"line":681,"column":38}},"259":{"start":{"line":682,"column":24},"end":{"line":682,"column":88}},"260":{"start":{"line":684,"column":4},"end":{"line":684,"column":52}},"261":{"start":{"line":686,"column":19},"end":{"line":691,"column":6}},"262":{"start":{"line":693,"column":20},"end":{"line":693,"column":46}},"263":{"start":{"line":694,"column":23},"end":{"line":694,"column":53}},"264":{"start":{"line":696,"column":4},"end":{"line":708,"column":6}},"265":{"start":{"line":700,"column":48},"end":{"line":707,"column":7}},"266":{"start":{"line":710,"column":4},"end":{"line":710,"column":53}},"267":{"start":{"line":713,"column":4},"end":{"line":738,"column":5}},"268":{"start":{"line":714,"column":6},"end":{"line":737,"column":7}},"269":{"start":{"line":715,"column":8},"end":{"line":715,"column":55}},"270":{"start":{"line":716,"column":24},"end":{"line":716,"column":48}},"271":{"start":{"line":717,"column":27},"end":{"line":717,"column":57}},"272":{"start":{"line":719,"column":8},"end":{"line":719,"column":69}},"273":{"start":{"line":721,"column":8},"end":{"line":733,"column":10}},"274":{"start":{"line":725,"column":52},"end":{"line":732,"column":11}},"275":{"start":{"line":735,"column":8},"end":{"line":735,"column":68}},"276":{"start":{"line":736,"column":8},"end":{"line":736,"column":83}},"277":{"start":{"line":741,"column":4},"end":{"line":755,"column":5}},"278":{"start":{"line":744,"column":6},"end":{"line":744,"column":50}},"279":{"start":{"line":745,"column":6},"end":{"line":754,"column":8}},"280":{"start":{"line":758,"column":4},"end":{"line":770,"column":5}},"281":{"start":{"line":759,"column":6},"end":{"line":759,"column":47}},"282":{"start":{"line":760,"column":6},"end":{"line":769,"column":8}},"283":{"start":{"line":773,"column":4},"end":{"line":775,"column":5}},"284":{"start":{"line":774,"column":6},"end":{"line":774,"column":44}},"285":{"start":{"line":777,"column":4},"end":{"line":777,"column":53}},"286":{"start":{"line":778,"column":4},"end":{"line":787,"column":6}},"287":{"start":{"line":792,"column":2},"end":{"line":792,"column":45}},"288":{"start":{"line":794,"column":24},"end":{"line":794,"column":60}},"289":{"start":{"line":795,"column":19},"end":{"line":795,"column":40}},"290":{"start":{"line":796,"column":22},"end":{"line":796,"column":52}},"291":{"start":{"line":797,"column":26},"end":{"line":797,"column":57}},"292":{"start":{"line":800,"column":19},"end":{"line":800,"column":42}},"293":{"start":{"line":802,"column":2},"end":{"line":802,"column":42}},"294":{"start":{"line":803,"column":2},"end":{"line":803,"column":51}},"295":{"start":{"line":804,"column":2},"end":{"line":804,"column":57}},"296":{"start":{"line":805,"column":2},"end":{"line":805,"column":96}},"297":{"start":{"line":806,"column":2},"end":{"line":806,"column":55}},"298":{"start":{"line":807,"column":2},"end":{"line":807,"column":133}},"299":{"start":{"line":809,"column":2},"end":{"line":812,"column":3}},"300":{"start":{"line":810,"column":4},"end":{"line":810,"column":59}},"301":{"start":{"line":811,"column":4},"end":{"line":811,"column":96}},"302":{"start":{"line":814,"column":2},"end":{"line":824,"column":3}},"303":{"start":{"line":816,"column":6},"end":{"line":816,"column":75}},"304":{"start":{"line":817,"column":6},"end":{"line":817,"column":58}},"305":{"start":{"line":819,"column":6},"end":{"line":819,"column":81}},"306":{"start":{"line":820,"column":6},"end":{"line":820,"column":62}},"307":{"start":{"line":822,"column":6},"end":{"line":822,"column":52}},"308":{"start":{"line":823,"column":6},"end":{"line":823,"column":80}},"309":{"start":{"line":828,"column":25},"end":{"line":828,"column":62}},"310":{"start":{"line":829,"column":25},"end":{"line":829,"column":70}},"311":{"start":{"line":832,"column":2},"end":{"line":843,"column":3}},"312":{"start":{"line":833,"column":4},"end":{"line":836,"column":5}},"313":{"start":{"line":834,"column":6},"end":{"line":834,"column":56}},"314":{"start":{"line":835,"column":6},"end":{"line":835,"column":62}},"315":{"start":{"line":838,"column":4},"end":{"line":838,"column":68}},"316":{"start":{"line":840,"column":25},"end":{"line":840,"column":67}},"317":{"start":{"line":841,"column":4},"end":{"line":841,"column":48}},"318":{"start":{"line":842,"column":4},"end":{"line":842,"column":72}},"319":{"start":{"line":846,"column":24},"end":{"line":853,"column":4}},"320":{"start":{"line":847,"column":20},"end":{"line":847,"column":75}},"321":{"start":{"line":847,"column":45},"end":{"line":847,"column":67}},"322":{"start":{"line":848,"column":20},"end":{"line":848,"column":75}},"323":{"start":{"line":848,"column":45},"end":{"line":848,"column":67}},"324":{"start":{"line":849,"column":4},"end":{"line":851,"column":5}},"325":{"start":{"line":850,"column":6},"end":{"line":850,"column":31}},"326":{"start":{"line":852,"column":4},"end":{"line":852,"column":53}},"327":{"start":{"line":855,"column":26},"end":{"line":855,"column":96}},"328":{"start":{"line":855,"column":67},"end":{"line":855,"column":92}},"329":{"start":{"line":856,"column":17},"end":{"line":856,"column":101}},"330":{"start":{"line":856,"column":52},"end":{"line":856,"column":100}},"331":{"start":{"line":856,"column":77},"end":{"line":856,"column":99}},"332":{"start":{"line":857,"column":19},"end":{"line":857,"column":105}},"333":{"start":{"line":857,"column":54},"end":{"line":857,"column":104}},"334":{"start":{"line":857,"column":79},"end":{"line":857,"column":103}},"335":{"start":{"line":859,"column":16},"end":{"line":859,"column":44}},"336":{"start":{"line":860,"column":2},"end":{"line":860,"column":60}},"337":{"start":{"line":861,"column":2},"end":{"line":861,"column":109}},"338":{"start":{"line":862,"column":2},"end":{"line":862,"column":62}},"339":{"start":{"line":864,"column":2},"end":{"line":892,"column":3}},"340":{"start":{"line":865,"column":21},"end":{"line":867,"column":56}},"341":{"start":{"line":869,"column":4},"end":{"line":869,"column":36}},"342":{"start":{"line":870,"column":4},"end":{"line":870,"column":53}},"343":{"start":{"line":871,"column":4},"end":{"line":871,"column":61}},"344":{"start":{"line":874,"column":29},"end":{"line":879,"column":6}},"345":{"start":{"line":875,"column":6},"end":{"line":877,"column":7}},"346":{"start":{"line":876,"column":8},"end":{"line":876,"column":47}},"347":{"start":{"line":878,"column":6},"end":{"line":878,"column":29}},"348":{"start":{"line":881,"column":4},"end":{"line":889,"column":5}},"349":{"start":{"line":882,"column":19},"end":{"line":882,"column":62}},"350":{"start":{"line":883,"column":22},"end":{"line":883,"column":64}},"351":{"start":{"line":884,"column":6},"end":{"line":884,"column":97}},"352":{"start":{"line":885,"column":6},"end":{"line":887,"column":7}},"353":{"start":{"line":886,"column":8},"end":{"line":886,"column":46}},"354":{"start":{"line":888,"column":6},"end":{"line":888,"column":34}},"355":{"start":{"line":891,"column":4},"end":{"line":891,"column":25}},"356":{"start":{"line":894,"column":2},"end":{"line":894,"column":81}},"357":{"start":{"line":898,"column":2},"end":{"line":947,"column":3}},"358":{"start":{"line":900,"column":26},"end":{"line":907,"column":6}},"359":{"start":{"line":901,"column":22},"end":{"line":901,"column":77}},"360":{"start":{"line":901,"column":47},"end":{"line":901,"column":69}},"361":{"start":{"line":902,"column":22},"end":{"line":902,"column":77}},"362":{"start":{"line":902,"column":47},"end":{"line":902,"column":69}},"363":{"start":{"line":903,"column":6},"end":{"line":905,"column":7}},"364":{"start":{"line":904,"column":8},"end":{"line":904,"column":33}},"365":{"start":{"line":906,"column":6},"end":{"line":906,"column":55}},"366":{"start":{"line":909,"column":28},"end":{"line":909,"column":98}},"367":{"start":{"line":909,"column":69},"end":{"line":909,"column":94}},"368":{"start":{"line":910,"column":19},"end":{"line":910,"column":103}},"369":{"start":{"line":910,"column":54},"end":{"line":910,"column":102}},"370":{"start":{"line":910,"column":79},"end":{"line":910,"column":101}},"371":{"start":{"line":911,"column":21},"end":{"line":911,"column":107}},"372":{"start":{"line":911,"column":56},"end":{"line":911,"column":106}},"373":{"start":{"line":911,"column":81},"end":{"line":911,"column":105}},"374":{"start":{"line":913,"column":4},"end":{"line":913,"column":43}},"375":{"start":{"line":914,"column":4},"end":{"line":914,"column":62}},"376":{"start":{"line":915,"column":4},"end":{"line":915,"column":111}},"377":{"start":{"line":916,"column":4},"end":{"line":916,"column":64}},"378":{"start":{"line":918,"column":4},"end":{"line":946,"column":5}},"379":{"start":{"line":919,"column":23},"end":{"line":921,"column":58}},"380":{"start":{"line":923,"column":6},"end":{"line":923,"column":38}},"381":{"start":{"line":924,"column":6},"end":{"line":924,"column":55}},"382":{"start":{"line":925,"column":6},"end":{"line":925,"column":63}},"383":{"start":{"line":928,"column":31},"end":{"line":933,"column":8}},"384":{"start":{"line":929,"column":8},"end":{"line":931,"column":9}},"385":{"start":{"line":930,"column":10},"end":{"line":930,"column":49}},"386":{"start":{"line":932,"column":8},"end":{"line":932,"column":31}},"387":{"start":{"line":935,"column":6},"end":{"line":943,"column":7}},"388":{"start":{"line":936,"column":21},"end":{"line":936,"column":64}},"389":{"start":{"line":937,"column":24},"end":{"line":937,"column":66}},"390":{"start":{"line":938,"column":8},"end":{"line":938,"column":99}},"391":{"start":{"line":939,"column":8},"end":{"line":941,"column":9}},"392":{"start":{"line":940,"column":10},"end":{"line":940,"column":48}},"393":{"start":{"line":942,"column":8},"end":{"line":942,"column":36}},"394":{"start":{"line":945,"column":6},"end":{"line":945,"column":27}},"395":{"start":{"line":950,"column":2},"end":{"line":957,"column":3}},"396":{"start":{"line":951,"column":4},"end":{"line":951,"column":48}},"397":{"start":{"line":952,"column":4},"end":{"line":952,"column":57}},"398":{"start":{"line":953,"column":4},"end":{"line":953,"column":20}},"399":{"start":{"line":955,"column":4},"end":{"line":955,"column":64}},"400":{"start":{"line":956,"column":4},"end":{"line":956,"column":16}},"401":{"start":{"line":962,"column":2},"end":{"line":964,"column":3}},"402":{"start":{"line":963,"column":4},"end":{"line":963,"column":14}},"403":{"start":{"line":966,"column":18},"end":{"line":966,"column":69}},"404":{"start":{"line":967,"column":26},"end":{"line":967,"column":61}},"405":{"start":{"line":969,"column":15},"end":{"line":969,"column":71}},"406":{"start":{"line":970,"column":2},"end":{"line":970,"column":105}},"407":{"start":{"line":971,"column":2},"end":{"line":971,"column":89}},"408":{"start":{"line":974,"column":25},"end":{"line":979,"column":8}},"409":{"start":{"line":975,"column":17},"end":{"line":975,"column":49}},"410":{"start":{"line":976,"column":4},"end":{"line":976,"column":35}},"411":{"start":{"line":976,"column":20},"end":{"line":976,"column":35}},"412":{"start":{"line":977,"column":4},"end":{"line":977,"column":28}},"413":{"start":{"line":978,"column":4},"end":{"line":978,"column":15}},"414":{"start":{"line":981,"column":2},"end":{"line":991,"column":3}},"415":{"start":{"line":982,"column":4},"end":{"line":982,"column":92}},"416":{"start":{"line":984,"column":4},"end":{"line":990,"column":5}},"417":{"start":{"line":985,"column":6},"end":{"line":985,"column":62}},"418":{"start":{"line":986,"column":6},"end":{"line":988,"column":7}},"419":{"start":{"line":987,"column":8},"end":{"line":987,"column":49}},"420":{"start":{"line":989,"column":6},"end":{"line":989,"column":21}},"421":{"start":{"line":993,"column":2},"end":{"line":993,"column":63}},"422":{"start":{"line":994,"column":2},"end":{"line":994,"column":134}},"423":{"start":{"line":996,"column":2},"end":{"line":996,"column":16}},"424":{"start":{"line":1000,"column":32},"end":{"line":1000,"column":92}},"425":{"start":{"line":1000,"column":52},"end":{"line":1000,"column":91}},"426":{"start":{"line":1002,"column":2},"end":{"line":1004,"column":3}},"427":{"start":{"line":1003,"column":4},"end":{"line":1003,"column":14}},"428":{"start":{"line":1006,"column":26},"end":{"line":1006,"column":96}},"429":{"start":{"line":1006,"column":67},"end":{"line":1006,"column":92}},"430":{"start":{"line":1007,"column":17},"end":{"line":1009,"column":3}},"431":{"start":{"line":1008,"column":4},"end":{"line":1008,"column":52}},"432":{"start":{"line":1008,"column":29},"end":{"line":1008,"column":51}},"433":{"start":{"line":1010,"column":19},"end":{"line":1012,"column":3}},"434":{"start":{"line":1011,"column":4},"end":{"line":1011,"column":54}},"435":{"start":{"line":1011,"column":29},"end":{"line":1011,"column":53}},"436":{"start":{"line":1015,"column":36},"end":{"line":1021,"column":3}},"437":{"start":{"line":1016,"column":4},"end":{"line":1020,"column":6}},"438":{"start":{"line":1017,"column":35},"end":{"line":1017,"column":55}},"439":{"start":{"line":1018,"column":35},"end":{"line":1018,"column":59}},"440":{"start":{"line":1019,"column":6},"end":{"line":1019,"column":59}},"441":{"start":{"line":1024,"column":25},"end":{"line":1024,"column":82}},"442":{"start":{"line":1025,"column":29},"end":{"line":1025,"column":71}},"443":{"start":{"line":1028,"column":29},"end":{"line":1036,"column":15}},"444":{"start":{"line":1029,"column":21},"end":{"line":1029,"column":47}},"445":{"start":{"line":1030,"column":23},"end":{"line":1030,"column":83}},"446":{"start":{"line":1030,"column":53},"end":{"line":1030,"column":75}},"447":{"start":{"line":1031,"column":25},"end":{"line":1031,"column":87}},"448":{"start":{"line":1031,"column":55},"end":{"line":1031,"column":79}},"449":{"start":{"line":1032,"column":18},"end":{"line":1032,"column":20}},"450":{"start":{"line":1033,"column":4},"end":{"line":1033,"column":88}},"451":{"start":{"line":1033,"column":24},"end":{"line":1033,"column":88}},"452":{"start":{"line":1034,"column":4},"end":{"line":1034,"column":96}},"453":{"start":{"line":1034,"column":26},"end":{"line":1034,"column":96}},"454":{"start":{"line":1035,"column":4},"end":{"line":1035,"column":47}},"455":{"start":{"line":1039,"column":15},"end":{"line":1053,"column":1}},"456":{"start":{"line":1056,"column":2},"end":{"line":1089,"column":3}},"457":{"start":{"line":1057,"column":4},"end":{"line":1057,"column":65}},"458":{"start":{"line":1058,"column":4},"end":{"line":1058,"column":85}},"459":{"start":{"line":1060,"column":4},"end":{"line":1083,"column":5}},"460":{"start":{"line":1061,"column":23},"end":{"line":1061,"column":49}},"461":{"start":{"line":1062,"column":25},"end":{"line":1062,"column":51}},"462":{"start":{"line":1063,"column":6},"end":{"line":1063,"column":52}},"463":{"start":{"line":1066,"column":31},"end":{"line":1071,"column":8}},"464":{"start":{"line":1067,"column":8},"end":{"line":1069,"column":9}},"465":{"start":{"line":1068,"column":10},"end":{"line":1068,"column":49}},"466":{"start":{"line":1070,"column":8},"end":{"line":1070,"column":31}},"467":{"start":{"line":1073,"column":6},"end":{"line":1081,"column":7}},"468":{"start":{"line":1074,"column":21},"end":{"line":1074,"column":64}},"469":{"start":{"line":1075,"column":24},"end":{"line":1075,"column":66}},"470":{"start":{"line":1076,"column":8},"end":{"line":1076,"column":94}},"471":{"start":{"line":1077,"column":8},"end":{"line":1079,"column":9}},"472":{"start":{"line":1078,"column":10},"end":{"line":1078,"column":43}},"473":{"start":{"line":1080,"column":8},"end":{"line":1080,"column":33}},"474":{"start":{"line":1082,"column":6},"end":{"line":1082,"column":21}},"475":{"start":{"line":1085,"column":4},"end":{"line":1085,"column":61}},"476":{"start":{"line":1086,"column":4},"end":{"line":1086,"column":86}},"477":{"start":{"line":1087,"column":4},"end":{"line":1087,"column":98}},"478":{"start":{"line":1088,"column":4},"end":{"line":1088,"column":84}},"479":{"start":{"line":1091,"column":2},"end":{"line":1105,"column":2}},"480":{"start":{"line":1107,"column":2},"end":{"line":1107,"column":16}},"481":{"start":{"line":1113,"column":2},"end":{"line":1113,"column":67}},"482":{"start":{"line":1115,"column":16},"end":{"line":1115,"column":36}},"483":{"start":{"line":1116,"column":27},"end":{"line":1116,"column":39}},"484":{"start":{"line":1119,"column":28},"end":{"line":1119,"column":30}},"485":{"start":{"line":1120,"column":2},"end":{"line":1125,"column":5}},"486":{"start":{"line":1121,"column":4},"end":{"line":1124,"column":5}},"487":{"start":{"line":1122,"column":6},"end":{"line":1122,"column":36}},"488":{"start":{"line":1123,"column":6},"end":{"line":1123,"column":88}},"489":{"start":{"line":1128,"column":2},"end":{"line":1128,"column":42}},"490":{"start":{"line":1128,"column":35},"end":{"line":1128,"column":40}},"491":{"start":{"line":1129,"column":2},"end":{"line":1132,"column":5}},"492":{"start":{"line":1130,"column":24},"end":{"line":1130,"column":49}},"493":{"start":{"line":1131,"column":4},"end":{"line":1131,"column":74}},"494":{"start":{"line":1134,"column":25},"end":{"line":1134,"column":37}},"495":{"start":{"line":1135,"column":23},"end":{"line":1135,"column":56}},"496":{"start":{"line":1137,"column":2},"end":{"line":1137,"column":78}},"497":{"start":{"line":1140,"column":2},"end":{"line":1143,"column":3}},"498":{"start":{"line":1141,"column":4},"end":{"line":1141,"column":53}},"499":{"start":{"line":1142,"column":4},"end":{"line":1142,"column":73}},"500":{"start":{"line":1145,"column":2},"end":{"line":1149,"column":4}},"501":{"start":{"line":1153,"column":2},"end":{"line":1153,"column":63}},"502":{"start":{"line":1154,"column":19},"end":{"line":1154,"column":54}},"503":{"start":{"line":1156,"column":2},"end":{"line":1183,"column":3}},"504":{"start":{"line":1157,"column":21},"end":{"line":1157,"column":66}},"505":{"start":{"line":1158,"column":4},"end":{"line":1158,"column":63}},"506":{"start":{"line":1161,"column":29},"end":{"line":1161,"column":61}},"507":{"start":{"line":1162,"column":18},"end":{"line":1162,"column":38}},"508":{"start":{"line":1163,"column":24},"end":{"line":1163,"column":47}},"509":{"start":{"line":1166,"column":25},"end":{"line":1166,"column":66}},"510":{"start":{"line":1166,"column":43},"end":{"line":1166,"column":65}},"511":{"start":{"line":1167,"column":30},"end":{"line":1167,"column":96}},"512":{"start":{"line":1167,"column":48},"end":{"line":1167,"column":95}},"513":{"start":{"line":1169,"column":4},"end":{"line":1169,"column":98}},"514":{"start":{"line":1170,"column":4},"end":{"line":1170,"column":93}},"515":{"start":{"line":1172,"column":4},"end":{"line":1179,"column":6}},"516":{"start":{"line":1181,"column":4},"end":{"line":1181,"column":57}},"517":{"start":{"line":1182,"column":4},"end":{"line":1182,"column":16}},"518":{"start":{"line":1187,"column":2},"end":{"line":1190,"column":3}},"519":{"start":{"line":1188,"column":4},"end":{"line":1188,"column":56}},"520":{"start":{"line":1189,"column":4},"end":{"line":1189,"column":14}},"521":{"start":{"line":1192,"column":31},"end":{"line":1192,"column":39}},"522":{"start":{"line":1196,"column":25},"end":{"line":1196,"column":45}},"523":{"start":{"line":1198,"column":2},"end":{"line":1198,"column":82}},"524":{"start":{"line":1199,"column":2},"end":{"line":1199,"column":24}},"525":{"start":{"line":1203,"column":2},"end":{"line":1203,"column":52}},"526":{"start":{"line":1205,"column":32},"end":{"line":1205,"column":92}},"527":{"start":{"line":1205,"column":52},"end":{"line":1205,"column":91}},"528":{"start":{"line":1206,"column":26},"end":{"line":1206,"column":96}},"529":{"start":{"line":1206,"column":67},"end":{"line":1206,"column":92}},"530":{"start":{"line":1207,"column":17},"end":{"line":1209,"column":3}},"531":{"start":{"line":1208,"column":4},"end":{"line":1208,"column":52}},"532":{"start":{"line":1208,"column":29},"end":{"line":1208,"column":51}},"533":{"start":{"line":1210,"column":19},"end":{"line":1212,"column":3}},"534":{"start":{"line":1211,"column":4},"end":{"line":1211,"column":54}},"535":{"start":{"line":1211,"column":29},"end":{"line":1211,"column":53}},"536":{"start":{"line":1215,"column":17},"end":{"line":1215,"column":37}},"537":{"start":{"line":1216,"column":19},"end":{"line":1216,"column":68}},"538":{"start":{"line":1216,"column":39},"end":{"line":1216,"column":56}},"539":{"start":{"line":1219,"column":21},"end":{"line":1243,"column":3}},"540":{"start":{"line":1228,"column":29},"end":{"line":1228,"column":59}},"541":{"start":{"line":1229,"column":35},"end":{"line":1229,"column":62}},"542":{"start":{"line":1245,"column":2},"end":{"line":1245,"column":145}},"543":{"start":{"line":1246,"column":2},"end":{"line":1246,"column":20}},"544":{"start":{"line":1250,"column":2},"end":{"line":1253,"column":3}},"545":{"start":{"line":1251,"column":4},"end":{"line":1251,"column":53}},"546":{"start":{"line":1252,"column":4},"end":{"line":1252,"column":17}},"547":{"start":{"line":1255,"column":19},"end":{"line":1255,"column":54}},"548":{"start":{"line":1257,"column":2},"end":{"line":1298,"column":3}},"549":{"start":{"line":1259,"column":23},"end":{"line":1259,"column":57}},"550":{"start":{"line":1260,"column":4},"end":{"line":1260,"column":42}},"551":{"start":{"line":1261,"column":4},"end":{"line":1261,"column":41}},"552":{"start":{"line":1263,"column":21},"end":{"line":1263,"column":45}},"553":{"start":{"line":1266,"column":26},"end":{"line":1266,"column":53}},"554":{"start":{"line":1267,"column":4},"end":{"line":1267,"column":95}},"555":{"start":{"line":1270,"column":28},"end":{"line":1273,"column":5}},"556":{"start":{"line":1274,"column":27},"end":{"line":1274,"column":67}},"557":{"start":{"line":1276,"column":4},"end":{"line":1284,"column":5}},"558":{"start":{"line":1278,"column":6},"end":{"line":1278,"column":38}},"559":{"start":{"line":1279,"column":6},"end":{"line":1279,"column":54}},"560":{"start":{"line":1282,"column":6},"end":{"line":1282,"column":59}},"561":{"start":{"line":1283,"column":6},"end":{"line":1283,"column":61}},"562":{"start":{"line":1287,"column":4},"end":{"line":1287,"column":67}},"563":{"start":{"line":1288,"column":4},"end":{"line":1288,"column":47}},"564":{"start":{"line":1291,"column":4},"end":{"line":1291,"column":66}},"565":{"start":{"line":1292,"column":4},"end":{"line":1292,"column":82}},"566":{"start":{"line":1294,"column":4},"end":{"line":1294,"column":16}},"567":{"start":{"line":1296,"column":4},"end":{"line":1296,"column":58}},"568":{"start":{"line":1297,"column":4},"end":{"line":1297,"column":17}},"569":{"start":{"line":1303,"column":18},"end":{"line":1303,"column":20}},"570":{"start":{"line":1306,"column":2},"end":{"line":1306,"column":36}},"571":{"start":{"line":1307,"column":2},"end":{"line":1307,"column":56}},"572":{"start":{"line":1307,"column":36},"end":{"line":1307,"column":54}},"573":{"start":{"line":1309,"column":2},"end":{"line":1461,"column":5}},"574":{"start":{"line":1310,"column":22},"end":{"line":1310,"column":35}},"575":{"start":{"line":1312,"column":4},"end":{"line":1460,"column":5}},"576":{"start":{"line":1314,"column":23},"end":{"line":1314,"column":44}},"577":{"start":{"line":1315,"column":6},"end":{"line":1315,"column":50}},"578":{"start":{"line":1318,"column":6},"end":{"line":1318,"column":37}},"579":{"start":{"line":1320,"column":6},"end":{"line":1320,"column":42}},"580":{"start":{"line":1321,"column":6},"end":{"line":1321,"column":41}},"581":{"start":{"line":1322,"column":6},"end":{"line":1322,"column":61}},"582":{"start":{"line":1323,"column":6},"end":{"line":1323,"column":35}},"583":{"start":{"line":1326,"column":6},"end":{"line":1330,"column":7}},"584":{"start":{"line":1327,"column":8},"end":{"line":1327,"column":81}},"585":{"start":{"line":1328,"column":8},"end":{"line":1328,"column":23}},"586":{"start":{"line":1329,"column":8},"end":{"line":1329,"column":24}},"587":{"start":{"line":1333,"column":6},"end":{"line":1337,"column":7}},"588":{"start":{"line":1334,"column":8},"end":{"line":1334,"column":55}},"589":{"start":{"line":1335,"column":8},"end":{"line":1335,"column":23}},"590":{"start":{"line":1336,"column":8},"end":{"line":1336,"column":24}},"591":{"start":{"line":1340,"column":24},"end":{"line":1340,"column":50}},"592":{"start":{"line":1342,"column":6},"end":{"line":1346,"column":7}},"593":{"start":{"line":1343,"column":8},"end":{"line":1343,"column":56}},"594":{"start":{"line":1344,"column":8},"end":{"line":1344,"column":23}},"595":{"start":{"line":1345,"column":8},"end":{"line":1345,"column":24}},"596":{"start":{"line":1348,"column":6},"end":{"line":1348,"column":67}},"597":{"start":{"line":1351,"column":20},"end":{"line":1351,"column":22}},"598":{"start":{"line":1352,"column":30},"end":{"line":1352,"column":61}},"599":{"start":{"line":1355,"column":33},"end":{"line":1355,"column":38}},"600":{"start":{"line":1357,"column":6},"end":{"line":1372,"column":7}},"601":{"start":{"line":1358,"column":8},"end":{"line":1358,"column":58}},"602":{"start":{"line":1359,"column":13},"end":{"line":1372,"column":7}},"603":{"start":{"line":1361,"column":32},"end":{"line":1361,"column":84}},"604":{"start":{"line":1361,"column":52},"end":{"line":1361,"column":67}},"605":{"start":{"line":1362,"column":41},"end":{"line":1363,"column":79}},"606":{"start":{"line":1363,"column":44},"end":{"line":1363,"column":78}},"607":{"start":{"line":1365,"column":8},"end":{"line":1365,"column":134}},"608":{"start":{"line":1366,"column":8},"end":{"line":1366,"column":73}},"609":{"start":{"line":1371,"column":8},"end":{"line":1371,"column":105}},"610":{"start":{"line":1374,"column":6},"end":{"line":1383,"column":7}},"611":{"start":{"line":1375,"column":8},"end":{"line":1375,"column":113}},"612":{"start":{"line":1376,"column":8},"end":{"line":1376,"column":66}},"613":{"start":{"line":1378,"column":8},"end":{"line":1378,"column":75}},"614":{"start":{"line":1380,"column":8},"end":{"line":1382,"column":10}},"615":{"start":{"line":1381,"column":30},"end":{"line":1381,"column":55}},"616":{"start":{"line":1385,"column":6},"end":{"line":1385,"column":39}},"617":{"start":{"line":1386,"column":6},"end":{"line":1393,"column":9}},"618":{"start":{"line":1387,"column":8},"end":{"line":1387,"column":49}},"619":{"start":{"line":1388,"column":8},"end":{"line":1388,"column":44}},"620":{"start":{"line":1389,"column":8},"end":{"line":1389,"column":52}},"621":{"start":{"line":1390,"column":8},"end":{"line":1390,"column":63}},"622":{"start":{"line":1391,"column":8},"end":{"line":1391,"column":67}},"623":{"start":{"line":1391,"column":28},"end":{"line":1391,"column":67}},"624":{"start":{"line":1392,"column":8},"end":{"line":1392,"column":61}},"625":{"start":{"line":1392,"column":27},"end":{"line":1392,"column":61}},"626":{"start":{"line":1396,"column":32},"end":{"line":1396,"column":71}},"627":{"start":{"line":1396,"column":52},"end":{"line":1396,"column":70}},"628":{"start":{"line":1397,"column":28},"end":{"line":1397,"column":94}},"629":{"start":{"line":1397,"column":46},"end":{"line":1397,"column":93}},"630":{"start":{"line":1399,"column":6},"end":{"line":1399,"column":63}},"631":{"start":{"line":1400,"column":6},"end":{"line":1400,"column":54}},"632":{"start":{"line":1403,"column":6},"end":{"line":1413,"column":7}},"633":{"start":{"line":1404,"column":30},"end":{"line":1404,"column":87}},"634":{"start":{"line":1405,"column":8},"end":{"line":1412,"column":9}},"635":{"start":{"line":1406,"column":10},"end":{"line":1406,"column":69}},"636":{"start":{"line":1407,"column":10},"end":{"line":1407,"column":75}},"637":{"start":{"line":1408,"column":10},"end":{"line":1408,"column":46}},"638":{"start":{"line":1409,"column":10},"end":{"line":1409,"column":84}},"639":{"start":{"line":1410,"column":10},"end":{"line":1410,"column":25}},"640":{"start":{"line":1411,"column":10},"end":{"line":1411,"column":26}},"641":{"start":{"line":1416,"column":6},"end":{"line":1441,"column":7}},"642":{"start":{"line":1418,"column":8},"end":{"line":1418,"column":59}},"643":{"start":{"line":1419,"column":25},"end":{"line":1419,"column":60}},"644":{"start":{"line":1420,"column":26},"end":{"line":1420,"column":31}},"645":{"start":{"line":1422,"column":8},"end":{"line":1429,"column":9}},"646":{"start":{"line":1424,"column":29},"end":{"line":1424,"column":99}},"647":{"start":{"line":1425,"column":10},"end":{"line":1425,"column":87}},"648":{"start":{"line":1426,"column":10},"end":{"line":1426,"column":60}},"649":{"start":{"line":1428,"column":10},"end":{"line":1428,"column":73}},"650":{"start":{"line":1432,"column":23},"end":{"line":1432,"column":87}},"651":{"start":{"line":1433,"column":8},"end":{"line":1440,"column":9}},"652":{"start":{"line":1434,"column":10},"end":{"line":1434,"column":62}},"653":{"start":{"line":1435,"column":10},"end":{"line":1435,"column":60}},"654":{"start":{"line":1436,"column":10},"end":{"line":1436,"column":39}},"655":{"start":{"line":1437,"column":10},"end":{"line":1437,"column":76}},"656":{"start":{"line":1438,"column":10},"end":{"line":1438,"column":25}},"657":{"start":{"line":1439,"column":10},"end":{"line":1439,"column":26}},"658":{"start":{"line":1444,"column":29},"end":{"line":1444,"column":59}},"659":{"start":{"line":1444,"column":49},"end":{"line":1444,"column":58}},"660":{"start":{"line":1445,"column":6},"end":{"line":1447,"column":7}},"661":{"start":{"line":1446,"column":8},"end":{"line":1446,"column":87}},"662":{"start":{"line":1449,"column":6},"end":{"line":1449,"column":54}},"663":{"start":{"line":1450,"column":6},"end":{"line":1450,"column":43}},"664":{"start":{"line":1451,"column":6},"end":{"line":1451,"column":21}},"665":{"start":{"line":1452,"column":6},"end":{"line":1452,"column":22}},"666":{"start":{"line":1455,"column":6},"end":{"line":1455,"column":39}},"667":{"start":{"line":1456,"column":6},"end":{"line":1456,"column":23}},"668":{"start":{"line":1457,"column":6},"end":{"line":1457,"column":21}},"669":{"start":{"line":1459,"column":6},"end":{"line":1459,"column":22}},"670":{"start":{"line":1464,"column":2},"end":{"line":1468,"column":28}},"671":{"start":{"line":1465,"column":4},"end":{"line":1465,"column":42}},"672":{"start":{"line":1466,"column":4},"end":{"line":1466,"column":19}},"673":{"start":{"line":1467,"column":4},"end":{"line":1467,"column":20}},"674":{"start":{"line":1472,"column":0},"end":{"line":1504,"column":1}},"675":{"start":{"line":1474,"column":2},"end":{"line":1474,"column":9}},"676":{"start":{"line":1477,"column":2},"end":{"line":1503,"column":4}}},"fnMap":{"0":{"name":"initializeLogging","decl":{"start":{"line":19,"column":9},"end":{"line":19,"column":26}},"loc":{"start":{"line":19,"column":40},"end":{"line":29,"column":1}},"line":19},"1":{"name":"log","decl":{"start":{"line":31,"column":9},"end":{"line":31,"column":12}},"loc":{"start":{"line":31,"column":35},"end":{"line":42,"column":1}},"line":31},"2":{"name":"writeLogFile","decl":{"start":{"line":44,"column":9},"end":{"line":44,"column":21}},"loc":{"start":{"line":44,"column":24},"end":{"line":53,"column":1}},"line":44},"3":{"name":"validateConfigFile","decl":{"start":{"line":82,"column":9},"end":{"line":82,"column":27}},"loc":{"start":{"line":82,"column":46},"end":{"line":123,"column":1}},"line":82},"4":{"name":"detectProjectType","decl":{"start":{"line":125,"column":9},"end":{"line":125,"column":26}},"loc":{"start":{"line":125,"column":40},"end":{"line":166,"column":1}},"line":125},"5":{"name":"(anonymous_5)","decl":{"start":{"line":153,"column":20},"end":{"line":153,"column":21}
[...]
:330,"column":42},"end":{"line":333,"column":9}},"line":330},"17":{"name":"(anonymous_17)","decl":{"start":{"line":345,"column":72},"end":{"line":345,"column":73}},"loc":{"start":{"line":346,"column":10},"end":{"line":348,"column":11}},"line":346},"18":{"name":"(anonymous_18)","decl":{"start":{"line":346,"column":40},"end":{"line":346,"column":41}},"loc":{"start":{"line":347,"column":12},"end":{"line":347,"column":68}},"line":347},"19":{"name":"checkLinterAvailability","decl":{"start":{"line":371,"column":9},"end":{"line":371,"column":32}},"loc":{"start":{"line":371,"column":35},"end":{"line":387,"column":1}},"line":371},"20":{"name":"uninstallHook","decl":{"start":{"line":389,"column":9},"end":{"line":389,"column":22}},"loc":{"start":{"line":389,"column":25},"end":{"line":453,"column":1}},"line":389},"21":{"name":"(anonymous_21)","decl":{"start":{"line":400,"column":69},"end":{"line":400,"column":70}},"loc":{"start":{"line":401,"column":8},"end":{"line":403,"column":10}},"line":401},"22":{"name":"(anonymous_22)","decl":{"start":{"line":401,"column":40},"end":{"line":401,"column":41}},"loc":{"start":{"line":402,"column":10},"end":{"line":402,"column":66}},"line":402},"23":{"name":"(anonymous_23)","decl":{"start":{"line":427,"column":81},"end":{"line":427,"column":82}},"loc":{"start":{"line":428,"column":10},"end":{"line":430,"column":12}},"line":428},"24":{"name":"(anonymous_24)","decl":{"start":{"line":428,"column":42},"end":{"line":428,"column":43}},"loc":{"start":{"line":429,"column":12},"end":{"line":429,"column":68}},"line":429},"25":{"name":"showCurrentConfig","decl":{"start":{"line":455,"column":9},"end":{"line":455,"column":26}},"loc":{"start":{"line":455,"column":44},"end":{"line":477,"column":1}},"line":455},"26":{"name":"(anonymous_26)","decl":{"start":{"line":463,"column":58},"end":{"line":463,"column":59}},"loc":{"start":{"line":464,"column":6},"end":{"line":466,"column":7}},"line":464},"27":{"name":"(anonymous_27)","decl":{"start":{"line":464,"column":36},"end":{"line":464,"column":37}},"loc":{"start":{"line":465,"column":8},"end":{"line":465,"column":64}},"line":465},"28":{"name":"showHookInfo","decl":{"start":{"line":479,"column":9},"end":{"line":479,"column":21}},"loc":{"start":{"line":479,"column":24},"end":{"line":497,"column":1}},"line":479},"29":{"name":"main","decl":{"start":{"line":499,"column":9},"end":{"line":499,"column":13}},"loc":{"start":{"line":499,"column":16},"end":{"line":526,"column":1}},"line":499},"30":{"name":"(anonymous_30)","decl":{"start":{"line":529,"column":32},"end":{"line":529,"column":33}},"loc":{"start":{"line":529,"column":43},"end":{"line":533,"column":1}},"line":529}},"branchMap":{"0":{"loc":{"start":{"line":33,"column":22},"end":{"line":33,"column":89}},"type":"binary-expr","locations":[{"start":{"line":33,"column":22},"end":{"line":33,"column":58}},{"start":{"line":33,"column":62},"end":{"line":33,"column":89}}],"line":33},"1":{"loc":{"start":{"line":43,"column":8},"end":{"line":43,"column":54}},"type":"binary-expr","locations":[{"start":{"line":43,"column":8},"end":{"line":43,"column":31}},{"start":{"line":43,"column":35},"end":{"line":43,"column":54}}],"line":43},"2":{"loc":{"start":{"line":45,"column":15},"end":{"line":45,"column":56}},"type":"binary-expr","locations":[{"start":{"line":45,"column":15},"end":{"line":45,"column":39}},{"start":{"line":45,"column":43},"end":{"line":45,"column":56}}],"line":45},"3":{"loc":{"start":{"line":48,"column":27},"end":{"line":48,"column":46}},"type":"default-arg","locations":[{"start":{"line":48,"column":42},"end":{"line":48,"column":46}}],"line":48},"4":{"loc":{"start":{"line":50,"column":2},"end":{"line":52,"column":3}},"type":"if","locations":[{"start":{"line":50,"column":2},"end":{"line":52,"column":3}},{"start":{},"end":{}}],"line":50},"5":{"loc":{"start":{"line":50,"column":6},"end":{"line":50,"column":43}},"type":"binary-expr","locations":[{"start":{"line":50,"column":6},"end":{"line":50,"column":16}},{"start":{"line":50,"column":20},"end":{"line":50,"column":43}}],"line":50},"6":{"loc":{"start":{"line":97,"column":2},"end":{"line":101,"column":3}},"type":"if","locations":[{"start":{"line":97,"column":2},"end":{"line":101,"column":3}},{"start":{},"end":{}}],"line":97},"7":{"loc":{"start":{"line":106,"column":2},"end":{"line":121,"column":3}},"type":"if","locations":[{"start":{"line":106,"column":2},"end":{"line":121,"column":3}},{"start":{},"end":{}}],"line":106},"8":{"loc":{"start":{"line":128,"column":4},"end":{"line":132,"column":5}},"type":"if","locations":[{"start":{"line":128,"column":4},"end":{"line":132,"column":5}},{"start":{},"end":{}}],"line":128},"9":{"loc":{"start":{"line":143,"column":2},"end":{"line":147,"column":3}},"type":"if","locations":[{"start":{"line":143,"column":2},"end":{"line":147,"column":3}},{"start":{},"end":{}}],"line":143},"10":{"loc":{"start":{"line":166,"column":2},"end":{"line":169,"column":3}},"type":"if","locations":[{"start":{"line":166,"column":2},"end":{"line":169,"column":3}},{"start":{},"end":{}}],"line":166},"11":{"loc":{"start":{"line":172,"column":2},"end":{"line":179,"column":3}},"type":"if","locations":[{"start":{"line":172,"column":2},"end":{"line":179,"column":3}},{"start":{},"end":{}}],"line":172},"12":{"loc":{"start":{"line":182,"column":2},"end":{"line":184,"column":3}},"type":"if","locations":[{"start":{"line":182,"column":2},"end":{"line":184,"column":3}},{"start":{},"end":{}}],"line":182},"13":{"loc":{"start":{"line":185,"column":2},"end":{"line":187,"column":3}},"type":"if","locations":[{"start":{"line":185,"column":2},"end":{"line":187,"column":3}},{"start":{},"end":{}}],"line":185},"14":{"loc":{"start":{"line":191,"column":6},"end":{"line":193,"column":5}},"type":"binary-expr","locations":[{"start":{"line":191,"column":6},"end":{"line":191,"column":16}},{"start":{"line":191,"column":20},"end":{"line":193,"column":5}}],"line":191},"15":{"loc":{"start":{"line":192,"column":6},"end":{"line":192,"column":62}},"type":"binary-expr","locations":[{"start":{"line":192,"column":6},"end":{"line":192,"column":15}},{"start":{"line":192,"column":19},"end":{"line":192,"column":62}}],"line":192},"16":{"loc":{"start":{"line":225,"column":2},"end":{"line":227,"column":3}},"type":"if","locations":[{"start":{"line":225,"column":2},"end":{"line":227,"column":3}},{"start":{},"end":{}}],"line":225},"17":{"loc":{"start":{"line":229,"column":2},"end":{"line":299,"column":3}},"type":"if","locations":[{"start":{"line":229,"column":2},"end":{"line":299,"column":3}},{"start":{"line":239,"column":9},"end":{"line":299,"column":3}}],"line":229},"18":{"loc":{"start":{"line":233,"column":4},"end":{"line":236,"column":5}},"type":"if","locations":[{"start":{"line":233,"column":4},"end":{"line":236,"column":5}},{"start":{},"end":{}}],"line":233},"19":{"loc":{"start":{"line":250,"column":4},"end":{"line":252,"column":5}},"type":"if","locations":[{"start":{"line":250,"column":4},"end":{"line":252,"column":5}},{"start":{},"end":{}}],"line":250},"20":{"loc":{"start":{"line":253,"column":4},"end":{"line":255,"column":5}},"type":"if","locations":[{"start":{"line":253,"column":4},"end":{"line":255,"column":5}},{"start":{},"end":{}}],"line":253},"21":{"loc":{"start":{"line":259,"column":6},"end":{"line":261,"column":7}},"type":"binary-expr","locations":[{"start":{"line":259,"column":6},"end":{"line":259,"column":16}},{"start":{"line":259,"column":20},"end":{"line":261,"column":7}}],"line":259},"22":{"loc":{"start":{"line":260,"column":8},"end":{"line":260,"column":64}},"type":"binary-expr","locations":[{"start":{"line":260,"column":8},"end":{"line":260,"column":17}},{"start":{"line":260,"column":21},"end":{"line":260,"column":64}}],"line":260},"23":{"loc":{"start":{"line":264,"column":4},"end":{"line":274,"column":5}},"type":"if","locations":[{"start":{"line":264,"column":4},"end":{"line":274,"column":5}},{"start":{},"end":{}}],"line":264},"24":{"loc":{"start":{"line":265,"column":6},"end":{"line":270,"column":7}},"type":"if","locations":[{"start":{"line":265,"column":6},"end":{"line":270,"column":7}},{"start":{},"end":{}}],"line":265},"25":{"loc":{"start":{"line":291,"column":4},"end":{"line":298,"column":5}},"type":"if","locations":[{"start":{"line":291,"column":4},"end":{"line":298,"column":5}},{"start":{"line":296,"column":11},"end":{"line":298,"column":5}}],"line":291},"26":{"loc":{"start":{"line":306,"column":2},"end":{"line":308,"column":3}},"type":"if","locations":[{"start":{"line":306,"column":2},"end":{"line":308,"column":3}},{"start":{},"end":{}}],"line":306},"27":{"loc":{"start":{"line":314,"column":2},"end":{"line":336,"column":3}},"type":"if","locations":[{"start":{"line":314,"column":2},"end":{"line":336,"column":3}},{"start":{"line":316,"column":9},"end":{"line":336,"column":3}}],"line":314},"28":{"loc":{"start":{"line":314,"column":6},"end":{"line":314,"column":52}},"type":"binary-expr","locations":[{"start":{"line":314,"column":6},"end":{"line":314,"column":21}},{"start":{"line":314,"column":25},"end":{"line":314,"column":52}}],"line":314},"29":{"loc":{"start":{"line":318,"column":6},"end":{"line":320,"column":7}},"type":"binary-expr","locations":[{"start":{"line":318,"column":6},"end":{"line":318,"column":16}},{"start":{"line":318,"column":20},"end":{"line":320,"column":7}}],"line":318},"30":{"loc":{"start":{"line":319,"column":8},"end":{"line":319,"column":64}},"type":"binary-expr","locations":[{"start":{"line":319,"column":8},"end":{"line":319,"column":17}},{"start":{"line":319,"column":21},"end":{"line":319,"column":64}}],"line":319},"31":{"loc":{"start":{"line":323,"column":4},"end":{"line":335,"column":5}},"type":"if","locations":[{"start":{"line":323,"column":4},"end":{"line":335,"column":5}},{"start":{"line":325,"column":11},"end":{"line":335,"column":5}}],"line":323},"32":{"loc":{"start":{"line":340,"column":2},"end":{"line":362,"column":3}},"type":"if","locations":[{"start":{"line":340,"column":2},"end":{"line":362,"column":3}},{"start":{},"end":{}}],"line":340},"33":{"loc":{"start":{"line":344,"column":6},"end":{"line":358,"column":7}},"type":"if","locations":[{"start":{"line":344,"column":6},"end":{"line":358,"column":7}},{"start":{"line":356,"column":13},"end":{"line":358,"column":7}}],"line":344},"34":{"loc":{"start":{"line":344,"column":10},"end":{"line":344,"column":64}},"type":"binary-expr","locations":[{"start":{"line":344,"column":10},"end":{"line":344,"column":29}},{"start":{"line":344,"column":33},"end":{"line":344,"column":64}}],"line":344},"35":{"loc":{"start":{"line":346,"column":10},"end":{"line":348,"column":11}},"type":"binary-expr","locations":[{"start":{"line":346,"column":10},"end":{"line":346,"column":20}},{"start":{"line":346,"column":24},"end":{"line":348,"column":11}}],"line":346},"36":{"loc":{"start":{"line":347,"column":12},"end":{"line":347,"column":68}},"type":"binary-expr","locations":[{"start":{"line":347,"column":12},"end":{"line":347,"column":21}},{"start":{"line":347,"column":25},"end":{"line":347,"column":68}}],"line":347},"37":{"loc":{"start":{"line":351,"column":8},"end":{"line":355,"column":9}},"type":"if","locations":[{"start":{"line":351,"column":8},"end":{"line":355,"column":9}},{"start":{"line":353,"column":15},"end":{"line":355,"column":9}}],"line":351},"38":{"loc":{"start":{"line":395,"column":2},"end":{"line":417,"column":3}},"type":"if","locations":[{"start":{"line":395,"column":2},"end":{"line":417,"column":3}},{"start":{},"end":{}}],"line":395},"39":{"loc":{"start":{"line":398,"column":4},"end":{"line":416,"column":5}},"type":"if","locations":[{"start":{"line":398,"column":4},"end":{"line":416,"column":5}},{"start":{},"end":{}}],"line":398},"40":{"loc":{"start":{"line":398,"column":8},"end":{"line":398,"column":52}},"type":"binary-expr","locations":[{"start":{"line":398,"column":8},"end":{"line":398,"column":22}},{"start":{"line":398,"column":26},"end":{"line":398,"column":52}}],"line":398},"41":{"loc":{"start":{"line":401,"column":10},"end":{"line":403,"column":9}},"type":"binary-expr","locations":[{"start":{"line":401,"column":10},"end":{"line":401,"column":20}},{"start":{"line":401,"column":24},"end":{"line":403,"column":9}}],"line":401},"42":{"loc":{"start":{"line":402,"column":10},"end":{"line":402,"column":66}},"type":"binary-expr","locations":[{"start":{"line":402,"column":10},"end":{"line":402,"column":19}},{"start":{"line":402,"column":23},"end":{"line":402,"column":66}}],"line":402},"43":{"loc":{"start":{"line":406,"column":6},"end":{"line":415,"column":7}},"type":"if","locations":[{"start":{"line":406,"column":6},"end":{"line":415,"column":7}},{"start":{"line":413,"column":13},"end":{"line":415,"column":7}}],"line":406},"44":{"loc":{"start":{"line":407,"column":8},"end":{"line":412,"column":9}},"type":"if","locations":[{"start":{"line":407,"column":8},"end":{"line":412,"column":9}},{"start":{"line":410,"column":15},"end":{"line":412,"column":9}}],"line":407},"45":{"loc":{"start":{"line":421,"column":2},"end":{"line":444,"column":3}},"type":"if","locations":[{"start":{"line":421,"column":2},"end":{"line":444,"column":3}},{"start":{},"end":{}}],"line":421},"46":{"loc":{"start":{"line":425,"column":6},"end":{"line":440,"column":7}},"type":"if","locations":[{"start":{"line":425,"column":6},"end":{"line":440,"column":7}},{"start":{},"end":{}}],"line":425},"47":{"loc":{"start":{"line":425,"column":10},"end":{"line":425,"column":64}},"type":"binary-expr","locations":[{"start":{"line":425,"column":10},"end":{"line":425,"column":29}},{"start":{"line":425,"column":33},"end":{"line":425,"column":64}}],"line":425},"48":{"loc":{"start":{"line":428,"column":12},"end":{"line":430,"column":11}},"type":"binary-expr","locations":[{"start":{"line":428,"column":12},"end":{"line":428,"column":22}},{"start":{"line":428,"column":26},"end":{"line":430,"column":11}}],"line":428},"49":{"loc":{"start":{"line":429,"column":12},"end":{"line":429,"column":68}},"type":"binary-expr","locations":[{"start":{"line":429,"column":12},"end":{"line":429,"column":21}},{"start":{"line":429,"column":25},"end":{"line":429,"column":68}}],"line":429},"50":{"loc":{"start":{"line":433,"column":8},"end":{"line":439,"column":9}},"type":"if","locations":[{"start":{"line":433,"column":8},"end":{"line":439,"column":9}},{"start":{"line":437,"column":15},"end":{"line":439,"column":9}}],"line":433},"51":{"loc":{"start":{"line":446,"column":2},"end":{"line":450,"column":3}},"type":"if","locations":[{"start":{"line":446,"column":2},"end":{"line":450,"column":3}},{"start":{"line":448,"column":9},"end":{"line":450,"column":3}}],"line":446},"52":{"loc":{"start":{"line":455,"column":27},"end":{"line":455,"column":42}},"type":"default-arg","locations":[{"start":{"line":455,"column":38},"end":{"line":455,"column":42}}],"line":455},"53":{"loc":{"start":{"line":456,"column":2},"end":{"line":458,"column":3}},"type":"if","locations":[{"start":{"line":456,"column":2},"end":{"line":458,"column":3}},{"start":{},"end":{}}],"line":456},"54":{"loc":{"start":{"line":462,"column":2},"end":{"line":476,"column":3}},"type":"if","locations":[{"start":{"line":462,"column":2},"end":{"line":476,"column":3}},{"start":{"line":474,"column":9},"end":{"line":476,"column":3}}],"line":462},"55":{"loc":{"start":{"line":462,"column":6},"end":{"line":462,"column":50}},"type":"binary-expr","locations":[{"start":{"line":462,"column":6},"end":{"line":462,"column":20}},{"start":{"line":462,"column":24},"end":{"line":462,"column":50}}],"line":462},"56":{"loc":{"start":{"line":464,"column":6},"end":{"line":466,"column":7}},"type":"binary-expr","locations":[{"start":{"line":464,"column":6},"end":{"line":464,"column":16}},{"start":{"line":464,"column":20},"end":{"line":466,"column":7}}],"line":464},"57":{"loc":{"start":{"line":465,"column":8},"end":{"line":465,"column":64}},"type":"binary-expr","locations":[{"start":{"line":465,"column":8},"end":{"line":465,"column":17}},{"start":{"line":465,"column":21},"end":{"line":465,"column":64}}],"line":465},"58":{"loc":{"start":{"line":469,"column":4},"end":{"line":473,"column":5}},"type":"if","locations":[{"start":{"line":469,"column":4},"end":{"line":473,"column":5}},{"start":{"line":471,"column":11},"end":{"line":473,"column":5}}],"line":469},"59":{"loc":{"start":{"line":500,"column":2},"end":{"line":503,"column":3}},"type":"if","locations":[{"start":{"line":500,"column":2},"end":{"line":503,"column":3}},{"start":{},"end":{}}],"line":500},"60":{"loc":{"start":{"line":505,"column":2},"end":{"line":508,"column":3}},"type":"if","locations":[{"start":{"line":505,"column":2},"end":{"line":508,"column":3}},{"start":{},"end":{}}],"line":505},"61":{"loc":{"start":{"line":510,"column":2},"end":{"line":513,"column":3}},"type":"if","locations":[{"start":{"line":510,"column":2},"end":{"line":513,"column":3}},{"start":{},"end":{}}],"line":510},"62":{"loc":{"start":{"line":518,"column":2},"end":{"line":525,"column":3}},"type":"if","locations":[{"start":{"line":518,"column":2},"end":{"line":525,"column":3}},{"start":{"line":522,"column":9},"end":{"line":525,"column":3}}],"line":518},"63":{"loc":{"start":{"line":536,"column":0},"end":{"line":561,"column":1}},"type":"if","locations":[{"start":{"line":536,"column":0},"end":{"line":561,"column":1}},{"start":{"line":539,"column":7},"end":{"line":561,"column":1}}],"line":536}},"s":{"0":0,"1":0,"2":0,"3":0,"4":0,"5":0,"6":0,"7":0,"8":0,"9":0,"10":0,"11":0,"12":0,"13":0,"14":0,"15":0,"16":0,"17":0,"18":0,"19":0,"20":0,"21":0,"22":0,"23":0,"24":0,"25":0,"26":0,"27":0,"28":0,"29":0,"30":0,"31":0,"32":0,"33":0,"34":0,"35":0,"36":0,"37":0,"38":0,"39":0,"40":0,"41":0,"42":0,"43":0,"44":0,"45":0,"46":0,"47":0,"48":0,"49":0,"50":0,"51":0,"52":0,"53":0,"54":0,"55":0,"56":0,"57":0,"58":0,"59":0,"60":0,"61":0,"62":0,"63":0,"64":0,"65":0,"66":0,"67":0,"68":0,"69":0,"70":0,"71":0,"72":0,"73":0,"74":0,"75":0,"76":0,"77":0,"78":0,"79":0,"80":0,"81":0,"82":0,"83":0,"84":0,"85":0,"86":0,"87":0,"88":0,"89":0,"90":0,"91":0,"92":0,"93":0,"94":0,"95":0,"96":0,"97":0,"98":0,"99":0,"100":0,"101":0,"102":0,"103":0,"104":0,"105":0,"106":0,"107":0,"108":0,"109":0,"110":0,"111":0,"112":0,"113":0,"114":0,"115":0,"116":0,"117":0,"118":0,"119":0,"120":0,"121":0,"122":0,"123":0,"124":0,"125":0,"126":0,"127":0,"128":0,"129":0,"130":0,"131":0,"132":0,"133":0,"134":0,"135":0,"136":0,"137":0,"138":0,"139":0,"140":0,"141":0,"142":0,"143":0,"144":0,"145":0,"146":0,"147":0,"148":0,"149":0,"150":0,"151":0,"152":0,"153":0,"154":0,"155":0,"156":0,"157":0,"158":0,"159":0,"160":0,"161":0,"162":0,"163":0,"164":0,"165":0,"166":0,"167":0,"168":0,"169":0,"170":0,"171":0,"172":0,"173":0,"174":0,"175":0,"176":0,"177":0,"178":0,"179":0,"180":0,"181":0,"182":0,"183":0,"184":0,"185":0,"186":0,"187":0,"188":0,"189":0,"190":0,"191":0,"192":0,"193":0,"194":0,"195":0,"196":0,"197":0,"198":0,"199":0,"200":0,"201":0,"202":0,"203":0,"204":0,"205":0,"206":0,"207":0,"208":0,"209":0,"210":0,"211":0,"212":0,"213":0,"214":0,"215":0,"216":0,"217":0,"218":0,"219":0,"220":0,"221":0,"222":0,"223":0,"224":0,"225":0,"226":0,"227":0,"228":0,"229":0,"230":0,"231":0,"232":0,"233":0,"234":0,"235":0,"236":0,"237":0,"238":0},"f":{"0":0,"1":0,"2":0,"3":0,"4":0,"5":0,"6":0,"7":0,"8":0,"9":0,"10":0,"11":0,"12":0,"13":0,"14":0,"15":0,"16":0,"17":0,"18":0,"19":0,"20":0,"21":0,"22":0,"23":0,"24":0,"25":0,"26":0,"27":0,"28":0,"29":0,"30":0},"b":{"0":[0,0],"1":[0,0],"2":[0,0],"3":[0],"4":[0,0],"5":[0,0],"6":[0,0],"7":[0,0],"8":[0,0],"9":[0,0],"10":[0,0],"11":[0,0],"12":[0,0],"13":[0,0],"14":[0,0],"15":[0,0],"16":[0,0],"17":[0,0],"18":[0,0],"19":[0,0],"20":[0,0],"21":[0,0],"22":[0,0],"23":[0,0],"24":[0,0],"25":[0,0],"26":[0,0],"27":[0,0],"28":[0,0],"29":[0,0],"30":[0,0],"31":[0,0],"32":[0,0],"33":[0,0],"34":[0,0],"35":[0,0],"36":[0,0],"37":[0,0],"38":[0,0],"39":[0,0],"40":[0,0],"41":[0,0],"42":[0,0],"43":[0,0],"44":[0,0],"45":[0,0],"46":[0,0],"47":[0,0],"48":[0,0],"49":[0,0],"50":[0,0],"51":[0,0],"52":[0],"53":[0,0],"54":[0,0],"55":[0,0],"56":[0,0],"57":[0,0],"58":[0,0],"59":[0,0],"60":[0,0],"61":[0,0],"62":[0,0],"63":[0,0]}}
}
