TN:
SF:package-hook.js
FN:57,(anonymous_0)
FN:79,(anonymous_1)
FN:92,(anonymous_2)
FN:150,(anonymous_3)
FN:167,(anonymous_4)
FN:178,(anonymous_5)
FN:195,(anonymous_6)
FN:220,(anonymous_7)
FN:243,(anonymous_8)
FN:279,(anonymous_9)
FN:292,(anonymous_10)
FN:311,(anonymous_11)
FN:339,(anonymous_12)
FN:372,(anonymous_13)
FN:382,(anonymous_14)
FN:404,(anonymous_15)
FN:423,(anonymous_16)
FN:425,(anonymous_17)
FN:439,(anonymous_18)
FN:455,(anonymous_19)
FN:497,(anonymous_20)
FN:541,(anonymous_21)
FN:591,(anonymous_22)
FN:669,(anonymous_23)
FN:702,(anonymous_24)
FN:727,(anonymous_25)
FN:734,(anonymous_26)
FN:742,parseArgs
FN:786,showHelp
FN:811,main
FNF:30
FNH:0
FNDA:0,(anonymous_0)
FNDA:0,(anonymous_1)
FNDA:0,(anonymous_2)
FNDA:0,(anonymous_3)
FNDA:0,(anonymous_4)
FNDA:0,(anonymous_5)
FNDA:0,(anonymous_6)
FNDA:0,(anonymous_7)
FNDA:0,(anonymous_8)
FNDA:0,(anonymous_9)
FNDA:0,(anonymous_10)
FNDA:0,(anonymous_11)
FNDA:0,(anonymous_12)
FNDA:0,(anonymous_13)
FNDA:0,(anonymous_14)
FNDA:0,(anonymous_15)
FNDA:0,(anonymous_16)
FNDA:0,(anonymous_17)
FNDA:0,(anonymous_18)
FNDA:0,(anonymous_19)
FNDA:0,(anonymous_20)
FNDA:0,(anonymous_21)
FNDA:0,(anonymous_22)
FNDA:0,(anonymous_23)
FNDA:0,(anonymous_24)
FNDA:0,(anonymous_25)
FNDA:0,(anonymous_26)
FNDA:0,parseArgs
FNDA:0,showHelp
FNDA:0,main
DA:29,0
DA:30,0
DA:31,0
DA:32,0
DA:35,0
DA:58,0
DA:67,0
DA:68,0
DA:70,0
DA:71,0
DA:72,0
DA:73,0
DA:80,0
DA:81,0
DA:82,0
DA:84,0
DA:85,0
DA:93,0
DA:94,0
DA:97,0
DA:100,0
DA:103,0
DA:106,0
DA:109,0
DA:112,0
DA:115,0
DA:116,0
DA:120,0
DA:121,0
DA:125,0
DA:127,0
DA:128,0
DA:129,0
DA:131,0
DA:139,0
DA:140,0
DA:141,0
DA:143,0
DA:151,0
DA:153,0
DA:154,0
DA:155,0
DA:159,0
DA:167,0
DA:168,0
DA:169,0
DA:170,0
DA:179,0
DA:181,0
DA:182,0
DA:183,0
DA:184,0
DA:185,0
DA:187,0
DA:196,0
DA:198,0
DA:199,0
DA:200,0
DA:202,0
DA:203,0
DA:204,0
DA:205,0
DA:207,0
DA:208,0
DA:209,0
DA:212,0
DA:221,0
DA:224,0
DA:225,0
DA:226,0
DA:227,0
DA:230,0
DA:231,0
DA:232,0
DA:235,0
DA:236,0
DA:237,0
DA:244,0
DA:246,0
DA:270,0
DA:274,0
DA:277,0
DA:279,0
DA:282,0
DA:286,0
DA:293,0
DA:295,0
DA:296,0
DA:297,0
DA:299,0
DA:300,0
DA:301,0
DA:303,0
DA:304,0
DA:305,0
DA:312,0
DA:314,0
DA:315,0
DA:317,0
DA:319,0
DA:320,0
DA:322,0
DA:324,0
DA:326,0
DA:328,0
DA:330,0
DA:332,0
DA:340,0
DA:342,0
DA:345,0
DA:346,0
DA:347,0
DA:348,0
DA:353,0
DA:354,0
DA:355,0
DA:356,0
DA:357,0
DA:362,0
DA:363,0
DA:364,0
DA:365,0
DA:366,0
DA:370,0
DA:371,0
DA:372,0
DA:373,0
DA:376,0
DA:383,0
DA:385,0
DA:386,0
DA:388,0
DA:389,0
DA:390,0
DA:391,0
DA:392,0
DA:395,0
DA:399,0
DA:405,0
DA:406,0
DA:409,0
DA:411,0
DA:412,0
DA:413,0
DA:415,0
DA:416,0
DA:418,0
DA:424,0
DA:425,0
DA:426,0
DA:427,0
DA:428,0
DA:430,0
DA:440,0
DA:441,0
DA:443,0
DA:444,0
DA:445,0
DA:446,0
DA:448,0
DA:452,0
DA:456,0
DA:498,0
DA:542,0
DA:592,0
DA:670,0
DA:703,0
DA:729,0
DA:731,0
DA:735,0
DA:736,0
DA:743,0
DA:744,0
DA:746,0
DA:747,0
DA:749,0
DA:751,0
DA:752,0
DA:754,0
DA:755,0
DA:757,0
DA:758,0
DA:759,0
DA:760,0
DA:762,0
DA:763,0
DA:765,0
DA:766,0
DA:768,0
DA:769,0
DA:771,0
DA:772,0
DA:774,0
DA:775,0
DA:776,0
DA:778,0
DA:779,0
DA:783,0
DA:787,0
DA:812,0
DA:813,0
DA:814,0
DA:815,0
DA:817,0
DA:818,0
DA:819,0
DA:821,0
DA:824,0
DA:825,0
DA:830,0
DA:831,0
DA:834,0
LF:212
LH:0
BRDA:57,0,0,0
BRDA:59,1,0,0
BRDA:59,1,1,0
BRDA:60,2,0,0
BRDA:60,2,1,0
BRDA:61,3,0,0
BRDA:61,3,1,0
BRDA:62,4,0,0
BRDA:62,4,1,0
BRDA:63,5,0,0
BRDA:63,5,1,0
BRDA:64,6,0,0
BRDA:64,6,1,0
BRDA:82,7,0,0
BRDA:82,7,1,0
BRDA:115,8,0,0
BRDA:115,8,1,0
BRDA:120,9,0,0
BRDA:120,9,1,0
BRDA:140,10,0,0
BRDA:140,10,1,0
BRDA:153,11,0,0
BRDA:153,11,1,0
BRDA:153,12,0,0
BRDA:153,12,1,0
BRDA:168,13,0,0
BRDA:168,13,1,0
BRDA:182,14,0,0
BRDA:182,14,1,0
BRDA:199,15,0,0
BRDA:199,15,1,0
BRDA:202,16,0,0
BRDA:202,16,1,0
BRDA:317,17,0,0
BRDA:317,17,1,0
BRDA:328,18,0,0
BRDA:328,18,1,0
BRDA:347,19,0,0
BRDA:347,19,1,0
BRDA:356,20,0,0
BRDA:356,20,1,0
BRDA:365,21,0,0
BRDA:365,21,1,0
BRDA:370,22,0,0
BRDA:370,22,1,0
BRDA:405,23,0,0
BRDA:405,23,1,0
BRDA:415,24,0,0
BRDA:415,24,1,0
BRDA:445,25,0,0
BRDA:445,25,1,0
BRDA:735,26,0,0
BRDA:735,26,1,0
BRDA:735,27,0,0
BRDA:735,27,1,0
BRDA:749,28,0,0
BRDA:749,28,1,0
BRDA:749,28,2,0
BRDA:749,28,3,0
BRDA:749,28,4,0
BRDA:749,28,5,0
BRDA:749,28,6,0
BRDA:749,28,7,0
BRDA:758,29,0,0
BRDA:758,29,1,0
BRDA:830,30,0,0
BRDA:830,30,1,0
BRF:67
BRH:0
end_of_record
TN:
SF:post-tool-linter-hook.js
FN:19,initializeLogging
FN:31,log
FN:44,writeLogFile
FN:82,validateConfigFile
FN:125,detectProjectType
FN:153,(anonymous_5)
FN:158,(anonymous_6)
FN:168,detectProjectTypes
FN:192,runPythonProjectLinter
FN:211,(anonymous_9)
FN:225,(anonymous_10)
FN:255,(anonymous_11)
FN:269,(anonymous_12)
FN:333,runJavaScriptProjectLinter
FN:351,(anonymous_14)
FN:367,(anonymous_15)
FN:371,(anonymous_16)
FN:379,(anonymous_17)
FN:403,(anonymous_18)
FN:407,(anonymous_19)
FN:415,(anonymous_20)
FN:484,lintProject
FN:510,getFileType
FN:531,extractFilePaths
FN:547,(anonymous_24)
FN:557,runPythonLinter
FN:579,(anonymous_26)
FN:602,(anonymous_27)
FN:666,runJavaScriptLinter
FN:700,(anonymous_29)
FN:725,(anonymous_30)
FN:791,lintFile
FN:827,writeLinterErrorsFile
FN:846,(anonymous_33)
FN:847,(anonymous_34)
FN:848,(anonymous_35)
FN:855,(anonymous_36)
FN:856,(anonymous_37)
FN:856,(anonymous_38)
FN:857,(anonymous_39)
FN:857,(anonymous_40)
FN:874,(anonymous_41)
FN:897,writeLinterErrorsToPath
FN:900,(anonymous_43)
FN:901,(anonymous_44)
FN:902,(anonymous_45)
FN:909,(anonymous_46)
FN:910,(anonymous_47)
FN:910,(anonymous_48)
FN:911,(anonymous_49)
FN:911,(anonymous_50)
FN:928,(anonymous_51)
FN:961,formatLinterFailurePrompt
FN:974,(anonymous_53)
FN:999,formatLinterPrompt
FN:1000,(anonymous_55)
FN:1006,(anonymous_56)
FN:1007,(anonymous_57)
FN:1008,(anonymous_58)
FN:1010,(anonymous_59)
FN:1011,(anonymous_60)
FN:1015,(anonymous_61)
FN:1016,(anonymous_62)
FN:1028,(anonymous_63)
FN:1030,(anonymous_64)
FN:1031,(anonymous_65)
FN:1066,(anonymous_66)
FN:1112,removeLinterTasks
FN:1120,(anonymous_68)
FN:1128,(anonymous_69)
FN:1129,(anonymous_70)
FN:1152,analyzeTodoState
FN:1166,(anonymous_72)
FN:1167,(anonymous_73)
FN:1186,determineInsertionPoint
FN:1202,createSmartLinterTask
FN:1205,(anonymous_76)
FN:1206,(anonymous_77)
FN:1207,(anonymous_78)
FN:1208,(anonymous_79)
FN:1210,(anonymous_80)
FN:1211,(anonymous_81)
FN:1216,(anonymous_82)
FN:1228,(anonymous_83)
FN:1229,(anonymous_84)
FN:1249,insertLinterTaskSmart
FN:1302,main
FN:1307,(anonymous_87)
FN:1309,(anonymous_88)
FN:1361,(anonymous_89)
FN:1363,(anonymous_90)
FN:1381,(anonymous_91)
FN:1386,(anonymous_92)
FN:1396,(anonymous_93)
FN:1397,(anonymous_94)
FN:1444,(anonymous_95)
FN:1464,(anonymous_96)
FNF:97
FNH:0
FNDA:0,initializeLogging
FNDA:0,log
FNDA:0,writeLogFile
FNDA:0,validateConfigFile
FNDA:0,detectProjectType
FNDA:0,(anonymous_5)
FNDA:0,(anonymous_6)
FNDA:0,detectProjectTypes
FNDA:0,runPythonProjectLinter
FNDA:0,(anonymous_9)
FNDA:0,(anonymous_10)
FNDA:0,(anonymous_11)
FNDA:0,(anonymous_12)
FNDA:0,runJavaScriptProjectLinter
FNDA:0,(anonymous_14)
FNDA:0,(anonymous_15)
FNDA:0,(anonymous_16)
FNDA:0,(anonymous_17)
FNDA:0,(anonymous_18)
FNDA:0,(anonymous_19)
FNDA:0,(anonymous_20)
FNDA:0,lintProject
FNDA:0,getFileType
FNDA:0,extractFilePaths
FNDA:0,(anonymous_24)
FNDA:0,runPythonLinter
FNDA:0,(anonymous_26)
FNDA:0,(anonymous_27)
FNDA:0,runJavaScriptLinter
FNDA:0,(anonymous_29)
FNDA:0,(anonymous_30)
FNDA:0,lintFile
FNDA:0,writeLinterErrorsFile
FNDA:0,(anonymous_33)
FNDA:0,(anonymous_34)
FNDA:0,(anonymous_35)
FNDA:0,(anonymous_36)
FNDA:0,(anonymous_37)
FNDA:0,(anonymous_38)
FNDA:0,(anonymous_39)
FNDA:0,(anonymous_40)
FNDA:0,(anonymous_41)
FNDA:0,writeLinterErrorsToPath
FNDA:0,(anonymous_43)
FNDA:0,(anonymous_44)
FNDA:0,(anonymous_45)
FNDA:0,(anonymous_46)
FNDA:0,(anonymous_47)
FNDA:0,(anonymous_48)
FNDA:0,(anonymous_49)
FNDA:0,(anonymous_50)
FNDA:0,(anonymous_51)
FNDA:0,formatLinterFailurePrompt
FNDA:0,(anonymous_53)
FNDA:0,formatLinterPrompt
FNDA:0,(anonymous_55)
FNDA:0,(anonymous_56)
FNDA:0,(anonymous_57)
FNDA:0,(anonymous_58)
FNDA:0,(anonymous_59)
FNDA:0,(anonymous_60)
FNDA:0,(anonymous_61)
FNDA:0,(anonymous_62)
FNDA:0,(anonymous_63)
FNDA:0,(anonymous_64)
FNDA:0,(anonymous_65)
FNDA:0,(anonymous_66)
FNDA:0,removeLinterTasks
FNDA:0,(anonymous_68)
FNDA:0,(anonymous_69)
FNDA:0,(anonymous_70)
FNDA:0,analyzeTodoState
FNDA:0,(anonymous_72)
FNDA:0,(anonymous_73)
FNDA:0,determineInsertionPoint
FNDA:0,createSmartLinterTask
FNDA:0,(anonymous_76)
FNDA:0,(anonymous_77)
FNDA:0,(anonymous_78)
FNDA:0,(anonymous_79)
FNDA:0,(anonymous_80)
FNDA:0,(anonymous_81)
FNDA:0,(anonymous_82)
FNDA:0,(anonymous_83)
FNDA:0,(anonymous_84)
FNDA:0,insertLinterTaskSmart
FNDA:0,main
FNDA:0,(anonymous_87)
FNDA:0,(anonymous_88)
FNDA:0,(anonymous_89)
FNDA:0,(anonymous_90)
FNDA:0,(anonymous_91)
FNDA:0,(anonymous_92)
FNDA:0,(anonymous_93)
FNDA:0,(anonymous_94)
FNDA:0,(anonymous_95)
FNDA:0,(anonymous_96)
DA:11,0
DA:12,0
DA:13,0
DA:16,0
DA:17,0
DA:20,0
DA:21,0
DA:22,0
DA:23,0
DA:24,0
DA:25,0
DA:26,0
DA:27,0
DA:28,0
DA:32,0
DA:33,0
DA:36,0
DA:38,0
DA:39,0
DA:40,0
DA:45,0
DA:46,0
DA:47,0
DA:56,0
DA:83,0
DA:85,0
DA:86,0
DA:87,0
DA:91,0
DA:92,0
DA:94,0
DA:95,0
DA:96,0
DA:99,0
DA:100,0
DA:102,0
DA:103,0
DA:104,0
DA:107,0
DA:108,0
DA:110,0
DA:111,0
DA:112,0
DA:116,0
DA:117,0
DA:120,0
DA:121,0
DA:126,0
DA:128,0
DA:131,0
DA:132,0
DA:133,0
DA:135,0
DA:136,0
DA:137,0
DA:138,0
DA:140,0
DA:141,0
DA:142,0
DA:146,0
DA:147,0
DA:152,0
DA:153,0
DA:154,0
DA:155,0
DA:157,0
DA:158,0
DA:161,0
DA:164,0
DA:165,0
DA:169,0
DA:171,0
DA:173,0
DA:174,0
DA:176,0
DA:177,0
DA:178,0
DA:179,0
DA:183,0
DA:184,0
DA:188,0
DA:189,0
DA:193,0
DA:195,0
DA:196,0
DA:197,0
DA:199,0
DA:206,0
DA:207,0
DA:208,0
DA:211,0
DA:212,0
DA:213,0
DA:214,0
DA:222,0
DA:225,0
DA:233,0
DA:234,0
DA:243,0
DA:245,0
DA:248,0
DA:249,0
DA:250,0
DA:251,0
DA:252,0
DA:255,0
DA:256,0
DA:257,0
DA:258,0
DA:266,0
DA:269,0
DA:276,0
DA:277,0
DA:282,0
DA:283,0
DA:284,0
DA:298,0
DA:299,0
DA:300,0
DA:314,0
DA:315,0
DA:318,0
DA:319,0
DA:334,0
DA:336,0
DA:338,0
DA:339,0
DA:340,0
DA:342,0
DA:343,0
DA:344,0
DA:345,0
DA:349,0
DA:351,0
DA:352,0
DA:354,0
DA:356,0
DA:363,0
DA:364,0
DA:365,0
DA:367,0
DA:371,0
DA:379,0
DA:382,0
DA:383,0
DA:392,0
DA:394,0
DA:397,0
DA:398,0
DA:399,0
DA:400,0
DA:401,0
DA:403,0
DA:407,0
DA:415,0
DA:417,0
DA:425,0
DA:426,0
DA:431,0
DA:434,0
DA:435,0
DA:449,0
DA:450,0
DA:451,0
DA:465,0
DA:466,0
DA:469,0
DA:470,0
DA:485,0
DA:486,0
DA:488,0
DA:490,0
DA:491,0
DA:493,0
DA:494,0
DA:495,0
DA:497,0
DA:498,0
DA:499,0
DA:501,0
DA:502,0
DA:506,0
DA:507,0
DA:511,0
DA:512,0
DA:515,0
DA:516,0
DA:517,0
DA:520,0
DA:521,0
DA:522,0
DA:523,0
DA:527,0
DA:528,0
DA:532,0
DA:533,0
DA:535,0
DA:536,0
DA:537,0
DA:538,0
DA:540,0
DA:541,0
DA:542,0
DA:543,0
DA:547,0
DA:548,0
DA:549,0
DA:550,0
DA:553,0
DA:554,0
DA:558,0
DA:560,0
DA:561,0
DA:562,0
DA:564,0
DA:571,0
DA:572,0
DA:573,0
DA:575,0
DA:579,0
DA:589,0
DA:592,0
DA:593,0
DA:594,0
DA:595,0
DA:596,0
DA:598,0
DA:602,0
DA:612,0
DA:613,0
DA:618,0
DA:619,0
DA:620,0
DA:633,0
DA:634,0
DA:635,0
DA:648,0
DA:649,0
DA:652,0
DA:653,0
DA:667,0
DA:669,0
DA:670,0
DA:671,0
DA:673,0
DA:674,0
DA:675,0
DA:676,0
DA:680,0
DA:681,0
DA:682,0
DA:684,0
DA:686,0
DA:693,0
DA:694,0
DA:696,0
DA:700,0
DA:710,0
DA:713,0
DA:714,0
DA:715,0
DA:716,0
DA:717,0
DA:719,0
DA:721,0
DA:725,0
DA:735,0
DA:736,0
DA:741,0
DA:744,0
DA:745,0
DA:758,0
DA:759,0
DA:760,0
DA:773,0
DA:774,0
DA:777,0
DA:778,0
DA:792,0
DA:794,0
DA:795,0
DA:796,0
DA:797,0
DA:800,0
DA:802,0
DA:803,0
DA:804,0
DA:805,0
DA:806,0
DA:807,0
DA:809,0
DA:810,0
DA:811,0
DA:814,0
DA:816,0
DA:817,0
DA:819,0
DA:820,0
DA:822,0
DA:823,0
DA:828,0
DA:829,0
DA:832,0
DA:833,0
DA:834,0
DA:835,0
DA:838,0
DA:840,0
DA:841,0
DA:842,0
DA:846,0
DA:847,0
DA:848,0
DA:849,0
DA:850,0
DA:852,0
DA:855,0
DA:856,0
DA:857,0
DA:859,0
DA:860,0
DA:861,0
DA:862,0
DA:864,0
DA:865,0
DA:869,0
DA:870,0
DA:871,0
DA:874,0
DA:875,0
DA:876,0
DA:878,0
DA:881,0
DA:882,0
DA:883,0
DA:884,0
DA:885,0
DA:886,0
DA:888,0
DA:891,0
DA:894,0
DA:898,0
DA:900,0
DA:901,0
DA:902,0
DA:903,0
DA:904,0
DA:906,0
DA:909,0
DA:910,0
DA:911,0
DA:913,0
DA:914,0
DA:915,0
DA:916,0
DA:918,0
DA:919,0
DA:923,0
DA:924,0
DA:925,0
DA:928,0
DA:929,0
DA:930,0
DA:932,0
DA:935,0
DA:936,0
DA:937,0
DA:938,0
DA:939,0
DA:940,0
DA:942,0
DA:945,0
DA:950,0
DA:951,0
DA:952,0
DA:953,0
DA:955,0
DA:956,0
DA:962,0
DA:963,0
DA:966,0
DA:967,0
DA:969,0
DA:970,0
DA:971,0
DA:974,0
DA:975,0
DA:976,0
DA:977,0
DA:978,0
DA:981,0
DA:982,0
DA:984,0
DA:985,0
DA:986,0
DA:987,0
DA:989,0
DA:993,0
DA:994,0
DA:996,0
DA:1000,0
DA:1002,0
DA:1003,0
DA:1006,0
DA:1007,0
DA:1008,0
DA:1010,0
DA:1011,0
DA:1015,0
DA:1016,0
DA:1017,0
DA:1018,0
DA:1019,0
DA:1024,0
DA:1025,0
DA:1028,0
DA:1029,0
DA:1030,0
DA:1031,0
DA:1032,0
DA:1033,0
DA:1034,0
DA:1035,0
DA:1039,0
DA:1056,0
DA:1057,0
DA:1058,0
DA:1060,0
DA:1061,0
DA:1062,0
DA:1063,0
DA:1066,0
DA:1067,0
DA:1068,0
DA:1070,0
DA:1073,0
DA:1074,0
DA:1075,0
DA:1076,0
DA:1077,0
DA:1078,0
DA:1080,0
DA:1082,0
DA:1085,0
DA:1086,0
DA:1087,0
DA:1088,0
DA:1091,0
DA:1107,0
DA:1113,0
DA:1115,0
DA:1116,0
DA:1119,0
DA:1120,0
DA:1121,0
DA:1122,0
DA:1123,0
DA:1128,0
DA:1129,0
DA:1130,0
DA:1131,0
DA:1134,0
DA:1135,0
DA:1137,0
DA:1140,0
DA:1141,0
DA:1142,0
DA:1145,0
DA:1153,0
DA:1154,0
DA:1156,0
DA:1157,0
DA:1158,0
DA:1161,0
DA:1162,0
DA:1163,0
DA:1166,0
DA:1167,0
DA:1169,0
DA:1170,0
DA:1172,0
DA:1181,0
DA:1182,0
DA:1187,0
DA:1188,0
DA:1189,0
DA:1192,0
DA:1196,0
DA:1198,0
DA:1199,0
DA:1203,0
DA:1205,0
DA:1206,0
DA:1207,0
DA:1208,0
DA:1210,0
DA:1211,0
DA:1215,0
DA:1216,0
DA:1219,0
DA:1228,0
DA:1229,0
DA:1245,0
DA:1246,0
DA:1250,0
DA:1251,0
DA:1252,0
DA:1255,0
DA:1257,0
DA:1259,0
DA:1260,0
DA:1261,0
DA:1263,0
DA:1266,0
DA:1267,0
DA:1270,0
DA:1274,0
DA:1276,0
DA:1278,0
DA:1279,0
DA:1282,0
DA:1283,0
DA:1287,0
DA:1288,0
DA:1291,0
DA:1292,0
DA:1294,0
DA:1296,0
DA:1297,0
DA:1303,0
DA:1306,0
DA:1307,0
DA:1309,0
DA:1310,0
DA:1312,0
DA:1314,0
DA:1315,0
DA:1318,0
DA:1320,0
DA:1321,0
DA:1322,0
DA:1323,0
DA:1326,0
DA:1327,0
DA:1328,0
DA:1329,0
DA:1333,0
DA:1334,0
DA:1335,0
DA:1336,0
DA:1340,0
DA:1342,0
DA:1343,0
DA:1344,0
DA:1345,0
DA:1348,0
DA:1351,0
DA:1352,0
DA:1355,0
DA:1357,0
DA:1358,0
DA:1359,0
DA:1361,0
DA:1362,0
DA:1363,0
DA:1365,0
DA:1366,0
DA:1371,0
DA:1374,0
DA:1375,0
DA:1376,0
DA:1378,0
DA:1380,0
DA:1381,0
DA:1385,0
DA:1386,0
DA:1387,0
DA:1388,0
DA:1389,0
DA:1390,0
DA:1391,0
DA:1392,0
DA:1396,0
DA:1397,0
DA:1399,0
DA:1400,0
DA:1403,0
DA:1404,0
DA:1405,0
DA:1406,0
DA:1407,0
DA:1408,0
DA:1409,0
DA:1410,0
DA:1411,0
DA:1416,0
DA:1418,0
DA:1419,0
DA:1420,0
DA:1422,0
DA:1424,0
DA:1425,0
DA:1426,0
DA:1428,0
DA:1432,0
DA:1433,0
DA:1434,0
DA:1435,0
DA:1436,0
DA:1437,0
DA:1438,0
DA:1439,0
DA:1444,0
DA:1445,0
DA:1446,0
DA:1449,0
DA:1450,0
DA:1451,0
DA:1452,0
DA:1455,0
DA:1456,0
DA:1457,0
DA:1459,0
DA:1464,0
DA:1465,0
DA:1466,0
DA:1467,0
DA:1472,0
LF:628
LH:0
BRDA:31,0,0,0
BRDA:38,1,0,0
BRDA:38,1,1,0
BRDA:45,2,0,0
BRDA:45,2,1,0
BRDA:45,3,0,0
BRDA:45,3,1,0
BRDA:86,4,0,0
BRDA:86,4,1,0
BRDA:91,5,0,0
BRDA:91,5,1,0
BRDA:94,6,0,0
BRDA:94,6,1,0
BRDA:94,6,2,0
BRDA:94,6,3,0
BRDA:95,7,0,0
BRDA:95,7,1,0
BRDA:99,8,0,0
BRDA:99,8,1,0
BRDA:102,9,0,0
BRDA:102,9,1,0
BRDA:102,9,2,0
BRDA:103,10,0,0
BRDA:103,10,1,0
BRDA:107,11,0,0
BRDA:107,11,1,0
BRDA:110,12,0,0
BRDA:110,12,1,0
BRDA:111,13,0,0
BRDA:111,13,1,0
BRDA:138,14,0,0
BRDA:138,14,1,0
BRDA:140,15,0,0
BRDA:140,15,1,0
BRDA:140,16,0,0
BRDA:140,16,1,0
BRDA:146,17,0,0
BRDA:146,17,1,0
BRDA:152,18,0,0
BRDA:152,18,1,0
BRDA:157,19,0,0
BRDA:157,19,1,0
BRDA:178,20,0,0
BRDA:178,20,1,0
BRDA:178,21,0,0
BRDA:178,21,1,0
BRDA:183,22,0,0
BRDA:183,22,1,0
BRDA:188,23,0,0
BRDA:188,23,1,0
BRDA:207,24,0,0
BRDA:207,24,1,0
BRDA:212,25,0,0
BRDA:212,25,1,0
BRDA:213,26,0,0
BRDA:213,26,1,0
BRDA:215,27,0,0
BRDA:215,27,1,0
BRDA:215,27,2,0
BRDA:216,28,0,0
BRDA:216,28,1,0
BRDA:216,28,2,0
BRDA:220,29,0,0
BRDA:220,29,1,0
BRDA:233,30,0,0
BRDA:233,30,1,0
BRDA:248,31,0,0
BRDA:248,31,1,0
BRDA:248,32,0,0
BRDA:248,32,1,0
BRDA:256,33,0,0
BRDA:256,33,1,0
BRDA:257,34,0,0
BRDA:257,34,1,0
BRDA:259,35,0,0
BRDA:259,35,1,0
BRDA:259,35,2,0
BRDA:260,36,0,0
BRDA:260,36,1,0
BRDA:260,36,2,0
BRDA:264,37,0,0
BRDA:264,37,1,0
BRDA:282,38,0,0
BRDA:282,38,1,0
BRDA:282,39,0,0
BRDA:282,39,1,0
BRDA:298,40,0,0
BRDA:298,40,1,0
BRDA:298,41,0,0
BRDA:298,41,1,0
BRDA:314,42,0,0
BRDA:314,42,1,0
BRDA:342,43,0,0
BRDA:342,43,1,0
BRDA:344,44,0,0
BRDA:344,44,1,0
BRDA:364,45,0,0
BRDA:364,45,1,0
BRDA:368,46,0,0
BRDA:368,46,1,0
BRDA:374,47,0,0
BRDA:374,47,1,0
BRDA:382,48,0,0
BRDA:382,48,1,0
BRDA:397,49,0,0
BRDA:397,49,1,0
BRDA:410,50,0,0
BRDA:410,50,1,0
BRDA:417,51,0,0
BRDA:417,51,1,0
BRDA:431,52,0,0
BRDA:431,52,1,0
BRDA:431,53,0,0
BRDA:431,53,1,0
BRDA:431,53,2,0
BRDA:449,54,0,0
BRDA:449,54,1,0
BRDA:449,55,0,0
BRDA:449,55,1,0
BRDA:465,56,0,0
BRDA:465,56,1,0
BRDA:491,57,0,0
BRDA:491,57,1,0
BRDA:491,57,2,0
BRDA:515,58,0,0
BRDA:515,58,1,0
BRDA:521,59,0,0
BRDA:521,59,1,0
BRDA:535,60,0,0
BRDA:535,60,1,0
BRDA:535,61,0,0
BRDA:535,61,1,0
BRDA:536,62,0,0
BRDA:536,62,1,0
BRDA:540,63,0,0
BRDA:540,63,1,0
BRDA:541,64,0,0
BRDA:541,64,1,0
BRDA:548,65,0,0
BRDA:548,65,1,0
BRDA:549,66,0,0
BRDA:549,66,1,0
BRDA:572,67,0,0
BRDA:572,67,1,0
BRDA:580,68,0,0
BRDA:580,68,1,0
BRDA:580,68,2,0
BRDA:581,69,0,0
BRDA:581,69,1,0
BRDA:581,69,2,0
BRDA:585,70,0,0
BRDA:585,70,1,0
BRDA:592,71,0,0
BRDA:592,71,1,0
BRDA:592,72,0,0
BRDA:592,72,1,0
BRDA:603,73,0,0
BRDA:603,73,1,0
BRDA:603,73,2,0
BRDA:604,74,0,0
BRDA:604,74,1,0
BRDA:604,74,2,0
BRDA:608,75,0,0
BRDA:608,75,1,0
BRDA:618,76,0,0
BRDA:618,76,1,0
BRDA:618,77,0,0
BRDA:618,77,1,0
BRDA:633,78,0,0
BRDA:633,78,1,0
BRDA:633,79,0,0
BRDA:633,79,1,0
BRDA:648,80,0,0
BRDA:648,80,1,0
BRDA:673,81,0,0
BRDA:673,81,1,0
BRDA:675,82,0,0
BRDA:675,82,1,0
BRDA:693,83,0,0
BRDA:693,83,1,0
BRDA:694,84,0,0
BRDA:694,84,1,0
BRDA:697,85,0,0
BRDA:697,85,1,0
BRDA:703,86,0,0
BRDA:703,86,1,0
BRDA:713,87,0,0
BRDA:713,87,1,0
BRDA:717,88,0,0
BRDA:717,88,1,0
BRDA:728,89,0,0
BRDA:728,89,1,0
BRDA:741,90,0,0
BRDA:741,90,1,0
BRDA:741,91,0,0
BRDA:741,91,1,0
BRDA:741,91,2,0
BRDA:758,92,0,0
BRDA:758,92,1,0
BRDA:758,93,0,0
BRDA:758,93,1,0
BRDA:773,94,0,0
BRDA:773,94,1,0
BRDA:800,95,0,0
BRDA:800,95,1,0
BRDA:803,96,0,0
BRDA:803,96,1,0
BRDA:804,97,0,0
BRDA:804,97,1,0
BRDA:805,98,0,0
BRDA:805,98,1,0
BRDA:806,99,0,0
BRDA:806,99,1,0
BRDA:807,100,0,0
BRDA:807,100,1,0
BRDA:807,101,0,0
BRDA:807,101,1,0
BRDA:809,102,0,0
BRDA:809,102,1,0
BRDA:814,103,0,0
BRDA:814,103,1,0
BRDA:814,103,2,0
BRDA:833,104,0,0
BRDA:833,104,1,0
BRDA:849,105,0,0
BRDA:849,105,1,0
BRDA:865,106,0,0
BRDA:865,106,1,0
BRDA:875,107,0,0
BRDA:875,107,1,0
BRDA:876,108,0,0
BRDA:876,108,1,0
BRDA:882,109,0,0
BRDA:882,109,1,0
BRDA:883,110,0,0
BRDA:883,110,1,0
BRDA:885,111,0,0
BRDA:885,111,1,0
BRDA:897,112,0,0
BRDA:898,113,0,0
BRDA:898,113,1,0
BRDA:903,114,0,0
BRDA:903,114,1,0
BRDA:919,115,0,0
BRDA:919,115,1,0
BRDA:929,116,0,0
BRDA:929,116,1,0
BRDA:930,117,0,0
BRDA:930,117,1,0
BRDA:936,118,0,0
BRDA:936,118,1,0
BRDA:937,119,0,0
BRDA:937,119,1,0
BRDA:939,120,0,0
BRDA:939,120,1,0
BRDA:962,121,0,0
BRDA:962,121,1,0
BRDA:970,122,0,0
BRDA:970,122,1,0
BRDA:975,123,0,0
BRDA:975,123,1,0
BRDA:976,124,0,0
BRDA:976,124,1,0
BRDA:986,125,0,0
BRDA:986,125,1,0
BRDA:999,126,0,0
BRDA:999,127,0,0
BRDA:1000,128,0,0
BRDA:1000,128,1,0
BRDA:1002,129,0,0
BRDA:1002,129,1,0
BRDA:1033,130,0,0
BRDA:1033,130,1,0
BRDA:1033,131,0,0
BRDA:1033,131,1,0
BRDA:1034,132,0,0
BRDA:1034,132,1,0
BRDA:1034,133,0,0
BRDA:1034,133,1,0
BRDA:1048,134,0,0
BRDA:1048,134,1,0
BRDA:1056,135,0,0
BRDA:1056,135,1,0
BRDA:1062,136,0,0
BRDA:1062,136,1,0
BRDA:1067,137,0,0
BRDA:1067,137,1,0
BRDA:1068,138,0,0
BRDA:1068,138,1,0
BRDA:1074,139,0,0
BRDA:1074,139,1,0
BRDA:1075,140,0,0
BRDA:1075,140,1,0
BRDA:1077,141,0,0
BRDA:1077,141,1,0
BRDA:1115,142,0,0
BRDA:1115,142,1,0
BRDA:1121,143,0,0
BRDA:1121,143,1,0
BRDA:1140,144,0,0
BRDA:1140,144,1,0
BRDA:1140,145,0,0
BRDA:1140,145,1,0
BRDA:1158,146,0,0
BRDA:1158,146,1,0
BRDA:1161,147,0,0
BRDA:1161,147,1,0
BRDA:1162,148,0,0
BRDA:1162,148,1,0
BRDA:1167,149,0,0
BRDA:1167,149,1,0
BRDA:1169,150,0,0
BRDA:1169,150,1,0
BRDA:1187,151,0,0
BRDA:1187,151,1,0
BRDA:1205,152,0,0
BRDA:1205,152,1,0
BRDA:1222,153,0,0
BRDA:1222,153,1,0
BRDA:1222,154,0,0
BRDA:1222,154,1,0
BRDA:1250,155,0,0
BRDA:1250,155,1,0
BRDA:1276,156,0,0
BRDA:1276,156,1,0
BRDA:1287,157,0,0
BRDA:1287,157,1,0
BRDA:1315,158,0,0
BRDA:1315,158,1,0
BRDA:1322,159,0,0
BRDA:1322,159,1,0
BRDA:1326,160,0,0
BRDA:1326,160,1,0
BRDA:1333,161,0,0
BRDA:1333,161,1,0
BRDA:1333,162,0,0
BRDA:1333,162,1,0
BRDA:1342,163,0,0
BRDA:1342,163,1,0
BRDA:1357,164,0,0
BRDA:1357,164,1,0
BRDA:1359,165,0,0
BRDA:1359,165,1,0
BRDA:1359,166,0,0
BRDA:1359,166,1,0
BRDA:1362,167,0,0
BRDA:1362,167,1,0
BRDA:1371,168,0,0
BRDA:1371,168,1,0
BRDA:1374,169,0,0
BRDA:1374,169,1,0
BRDA:1374,170,0,0
BRDA:1374,170,1,0
BRDA:1389,171,0,0
BRDA:1389,171,1,0
BRDA:1390,172,0,0
BRDA:1390,172,1,0
BRDA:1391,173,0,0
BRDA:1391,173,1,0
BRDA:1392,174,0,0
BRDA:1392,174,1,0
BRDA:1397,175,0,0
BRDA:1397,175,1,0
BRDA:1397,175,2,0
BRDA:1403,176,0,0
BRDA:1403,176,1,0
BRDA:1405,177,0,0
BRDA:1405,177,1,0
BRDA:1416,178,0,0
BRDA:1416,178,1,0
BRDA:1422,179,0,0
BRDA:1422,179,1,0
BRDA:1433,180,0,0
BRDA:1433,180,1,0
BRDA:1445,181,0,0
BRDA:1445,181,1,0
BRF:376
BRH:0
end_of_record
TN:
SF:setup-linter-hook.js
FN:16,ensureSettingsDirectory
FN:24,loadSettings
FN:38,setupHook
FN:64,(anonymous_3)
FN:65,(anonymous_4)
FN:75,(anonymous_5)
FN:124,showCurrentConfig
FN:128,(anonymous_7)
FN:129,(anonymous_8)
FNF:9
FNH:0
FNDA:0,ensureSettingsDirectory
FNDA:0,loadSettings
FNDA:0,setupHook
FNDA:0,(anonymous_3)
FNDA:0,(anonymous_4)
FNDA:0,(anonymous_5)
FNDA:0,showCurrentConfig
FNDA:0,(anonymous_7)
FNDA:0,(anonymous_8)
DA:9,0
DA:10,0
DA:11,0
DA:13,0
DA:14,0
DA:17,0
DA:18,0
DA:19,0
DA:20,0
DA:25,0
DA:26,0
DA:27,0
DA:28,0
DA:30,0
DA:31,0
DA:32,0
DA:35,0
DA:39,0
DA:42,0
DA:43,0
DA:44,0
DA:48,0
DA:51,0
DA:54,0
DA:55,0
DA:59,0
DA:60,0
DA:64,0
DA:65,0
DA:66,0
DA:70,0
DA:71,0
DA:72,0
DA:75,0
DA:76,0
DA:81,0
DA:92,0
DA:95,0
DA:96,0
DA:97,0
DA:98,0
DA:101,0
DA:102,0
DA:103,0
DA:104,0
DA:106,0
DA:107,0
DA:108,0
DA:109,0
DA:110,0
DA:111,0
DA:113,0
DA:114,0
DA:115,0
DA:116,0
DA:119,0
DA:120,0
DA:125,0
DA:127,0
DA:128,0
DA:129,0
DA:130,0
DA:134,0
DA:135,0
DA:136,0
DA:138,0
DA:141,0
DA:146,0
DA:147,0
LF:69
LH:0
BRDA:18,0,0,0
BRDA:18,0,1,0
BRDA:25,1,0,0
BRDA:25,1,1,0
BRDA:42,2,0,0
BRDA:42,2,1,0
BRDA:54,3,0,0
BRDA:54,3,1,0
BRDA:59,4,0,0
BRDA:59,4,1,0
BRDA:65,5,0,0
BRDA:65,5,1,0
BRDA:66,6,0,0
BRDA:66,6,1,0
BRDA:70,7,0,0
BRDA:70,7,1,0
BRDA:127,8,0,0
BRDA:127,8,1,0
BRDA:127,9,0,0
BRDA:127,9,1,0
BRDA:129,10,0,0
BRDA:129,10,1,0
BRDA:130,11,0,0
BRDA:130,11,1,0
BRDA:134,12,0,0
BRDA:134,12,1,0
BRF:26
BRH:0
end_of_record
TN:
SF:setup-post-tool-hook.js
FN:48,getArgValue
FN:56,showHelp
FN:95,ensureSettingsDirectory
FN:105,loadSettings
FN:125,saveSettings
FN:142,validateHookScript
FN:161,createLocalSettings
FN:190,(anonymous_7)
FN:191,(anonymous_8)
FN:221,installHook
FN:258,(anonymous_10)
FN:259,(anonymous_11)
FN:302,validateConfiguration
FN:317,(anonymous_13)
FN:318,(anonymous_14)
FN:327,(anonymous_15)
FN:330,(anonymous_16)
FN:345,(anonymous_17)
FN:346,(anonymous_18)
FN:371,checkLinterAvailability
FN:389,uninstallHook
FN:400,(anonymous_21)
FN:401,(anonymous_22)
FN:427,(anonymous_23)
FN:428,(anonymous_24)
FN:455,showCurrentConfig
FN:463,(anonymous_26)
FN:464,(anonymous_27)
FN:479,showHookInfo
FN:499,main
FN:529,(anonymous_30)
FNF:31
FNH:0
FNDA:0,getArgValue
FNDA:0,showHelp
FNDA:0,ensureSettingsDirectory
FNDA:0,loadSettings
FNDA:0,saveSettings
FNDA:0,validateHookScript
FNDA:0,createLocalSettings
FNDA:0,(anonymous_7)
FNDA:0,(anonymous_8)
FNDA:0,installHook
FNDA:0,(anonymous_10)
FNDA:0,(anonymous_11)
FNDA:0,validateConfiguration
FNDA:0,(anonymous_13)
FNDA:0,(anonymous_14)
FNDA:0,(anonymous_15)
FNDA:0,(anonymous_16)
FNDA:0,(anonymous_17)
FNDA:0,(anonymous_18)
FNDA:0,checkLinterAvailability
FNDA:0,uninstallHook
FNDA:0,(anonymous_21)
FNDA:0,(anonymous_22)
FNDA:0,(anonymous_23)
FNDA:0,(anonymous_24)
FNDA:0,showCurrentConfig
FNDA:0,(anonymous_26)
FNDA:0,(anonymous_27)
FNDA:0,showHookInfo
FNDA:0,main
FNDA:0,(anonymous_30)
DA:17,0
DA:18,0
DA:19,0
DA:20,0
DA:23,0
DA:24,0
DA:27,0
DA:33,0
DA:36,0
DA:37,0
DA:49,0
DA:50,0
DA:51,0
DA:53,0
DA:57,0
DA:96,0
DA:97,0
DA:98,0
DA:99,0
DA:100,0
DA:102,0
DA:106,0
DA:107,0
DA:108,0
DA:109,0
DA:111,0
DA:112,0
DA:115,0
DA:116,0
DA:117,0
DA:119,0
DA:122,0
DA:126,0
DA:128,0
DA:129,0
DA:130,0
DA:131,0
DA:134,0
DA:135,0
DA:137,0
DA:138,0
DA:143,0
DA:144,0
DA:145,0
DA:146,0
DA:150,0
DA:151,0
DA:153,0
DA:154,0
DA:157,0
DA:158,0
DA:162,0
DA:163,0
DA:166,0
DA:167,0
DA:168,0
DA:171,0
DA:172,0
DA:173,0
DA:174,0
DA:176,0
DA:177,0
DA:182,0
DA:183,0
DA:185,0
DA:186,0
DA:190,0
DA:191,0
DA:192,0
DA:197,0
DA:208,0
DA:211,0
DA:212,0
DA:213,0
DA:214,0
DA:216,0
DA:217,0
DA:222,0
DA:225,0
DA:226,0
DA:229,0
DA:231,0
DA:233,0
DA:234,0
DA:235,0
DA:238,0
DA:241,0
DA:244,0
DA:247,0
DA:250,0
DA:251,0
DA:253,0
DA:254,0
DA:258,0
DA:259,0
DA:260,0
DA:264,0
DA:265,0
DA:266,0
DA:267,0
DA:268,0
DA:269,0
DA:272,0
DA:273,0
DA:277,0
DA:288,0
DA:291,0
DA:292,0
DA:293,0
DA:294,0
DA:295,0
DA:297,0
DA:303,0
DA:306,0
DA:307,0
DA:311,0
DA:312,0
DA:314,0
DA:315,0
DA:317,0
DA:318,0
DA:319,0
DA:323,0
DA:324,0
DA:326,0
DA:327,0
DA:328,0
DA:329,0
DA:330,0
DA:331,0
DA:332,0
DA:339,0
DA:340,0
DA:341,0
DA:342,0
DA:343,0
DA:344,0
DA:345,0
DA:346,0
DA:347,0
DA:351,0
DA:352,0
DA:354,0
DA:357,0
DA:360,0
DA:365,0
DA:366,0
DA:368,0
DA:373,0
DA:374,0
DA:375,0
DA:377,0
DA:381,0
DA:382,0
DA:383,0
DA:385,0
DA:390,0
DA:392,0
DA:395,0
DA:396,0
DA:398,0
DA:399,0
DA:400,0
DA:401,0
DA:402,0
DA:406,0
DA:407,0
DA:408,0
DA:409,0
DA:411,0
DA:414,0
DA:420,0
DA:421,0
DA:422,0
DA:423,0
DA:425,0
DA:426,0
DA:427,0
DA:428,0
DA:429,0
DA:433,0
DA:434,0
DA:435,0
DA:436,0
DA:438,0
DA:442,0
DA:446,0
DA:447,0
DA:449,0
DA:452,0
DA:456,0
DA:457,0
DA:460,0
DA:462,0
DA:463,0
DA:464,0
DA:465,0
DA:469,0
DA:470,0
DA:472,0
DA:475,0
DA:480,0
DA:481,0
DA:482,0
DA:483,0
DA:484,0
DA:486,0
DA:487,0
DA:488,0
DA:489,0
DA:490,0
DA:491,0
DA:493,0
DA:494,0
DA:495,0
DA:496,0
DA:500,0
DA:501,0
DA:502,0
DA:505,0
DA:506,0
DA:507,0
DA:510,0
DA:511,0
DA:512,0
DA:516,0
DA:518,0
DA:519,0
DA:520,0
DA:521,0
DA:523,0
DA:524,0
DA:529,0
DA:530,0
DA:531,0
DA:532,0
DA:536,0
LF:237
LH:0
BRDA:33,0,0,0
BRDA:33,0,1,0
BRDA:43,1,0,0
BRDA:43,1,1,0
BRDA:45,2,0,0
BRDA:45,2,1,0
BRDA:48,3,0,0
BRDA:50,4,0,0
BRDA:50,4,1,0
BRDA:50,5,0,0
BRDA:50,5,1,0
BRDA:97,6,0,0
BRDA:97,6,1,0
BRDA:106,7,0,0
BRDA:106,7,1,0
BRDA:128,8,0,0
BRDA:128,8,1,0
BRDA:143,9,0,0
BRDA:143,9,1,0
BRDA:166,10,0,0
BRDA:166,10,1,0
BRDA:172,11,0,0
BRDA:172,11,1,0
BRDA:182,12,0,0
BRDA:182,12,1,0
BRDA:185,13,0,0
BRDA:185,13,1,0
BRDA:191,14,0,0
BRDA:191,14,1,0
BRDA:192,15,0,0
BRDA:192,15,1,0
BRDA:225,16,0,0
BRDA:225,16,1,0
BRDA:229,17,0,0
BRDA:229,17,1,0
BRDA:233,18,0,0
BRDA:233,18,1,0
BRDA:250,19,0,0
BRDA:250,19,1,0
BRDA:253,20,0,0
BRDA:253,20,1,0
BRDA:259,21,0,0
BRDA:259,21,1,0
BRDA:260,22,0,0
BRDA:260,22,1,0
BRDA:264,23,0,0
BRDA:264,23,1,0
BRDA:265,24,0,0
BRDA:265,24,1,0
BRDA:291,25,0,0
BRDA:291,25,1,0
BRDA:306,26,0,0
BRDA:306,26,1,0
BRDA:314,27,0,0
BRDA:314,27,1,0
BRDA:314,28,0,0
BRDA:314,28,1,0
BRDA:318,29,0,0
BRDA:318,29,1,0
BRDA:319,30,0,0
BRDA:319,30,1,0
BRDA:323,31,0,0
BRDA:323,31,1,0
BRDA:340,32,0,0
BRDA:340,32,1,0
BRDA:344,33,0,0
BRDA:344,33,1,0
BRDA:344,34,0,0
BRDA:344,34,1,0
BRDA:346,35,0,0
BRDA:346,35,1,0
BRDA:347,36,0,0
BRDA:347,36,1,0
BRDA:351,37,0,0
BRDA:351,37,1,0
BRDA:395,38,0,0
BRDA:395,38,1,0
BRDA:398,39,0,0
BRDA:398,39,1,0
BRDA:398,40,0,0
BRDA:398,40,1,0
BRDA:401,41,0,0
BRDA:401,41,1,0
BRDA:402,42,0,0
BRDA:402,42,1,0
BRDA:406,43,0,0
BRDA:406,43,1,0
BRDA:407,44,0,0
BRDA:407,44,1,0
BRDA:421,45,0,0
BRDA:421,45,1,0
BRDA:425,46,0,0
BRDA:425,46,1,0
BRDA:425,47,0,0
BRDA:425,47,1,0
BRDA:428,48,0,0
BRDA:428,48,1,0
BRDA:429,49,0,0
BRDA:429,49,1,0
BRDA:433,50,0,0
BRDA:433,50,1,0
BRDA:446,51,0,0
BRDA:446,51,1,0
BRDA:455,52,0,0
BRDA:456,53,0,0
BRDA:456,53,1,0
BRDA:462,54,0,0
BRDA:462,54,1,0
BRDA:462,55,0,0
BRDA:462,55,1,0
BRDA:464,56,0,0
BRDA:464,56,1,0
BRDA:465,57,0,0
BRDA:465,57,1,0
BRDA:469,58,0,0
BRDA:469,58,1,0
BRDA:500,59,0,0
BRDA:500,59,1,0
BRDA:505,60,0,0
BRDA:505,60,1,0
BRDA:510,61,0,0
BRDA:510,61,1,0
BRDA:518,62,0,0
BRDA:518,62,1,0
BRF:124
BRH:0
end_of_record
