TN:
SF:package-hook.js
FN:57,(anonymous_0)
FN:84,(anonymous_1)
FN:97,(anonymous_2)
FN:155,(anonymous_3)
FN:172,(anonymous_4)
FN:183,(anonymous_5)
FN:200,(anonymous_6)
FN:225,(anonymous_7)
FN:248,(anonymous_8)
FN:284,(anonymous_9)
FN:297,(anonymous_10)
FN:316,(anonymous_11)
FN:352,(anonymous_12)
FN:385,(anonymous_13)
FN:395,(anonymous_14)
FN:422,(anonymous_15)
FN:441,(anonymous_16)
FN:443,(anonymous_17)
FN:457,(anonymous_18)
FN:563,(anonymous_19)
FN:605,(anonymous_20)
FN:638,(anonymous_21)
FN:664,(anonymous_22)
FN:681,(anonymous_23)
FN:708,(anonymous_24)
FN:750,(anonymous_25)
FN:794,(anonymous_26)
FN:844,(anonymous_27)
FN:922,(anonymous_28)
FN:955,(anonymous_29)
FN:980,(anonymous_30)
FN:988,(anonymous_31)
FN:998,parseArgs
FN:1042,showHelp
FN:1067,main
FNF:35
FNH:31
FNDA:31,(anonymous_0)
FNDA:31,(anonymous_1)
FNDA:2,(anonymous_2)
FNDA:5,(anonymous_3)
FNDA:21,(anonymous_4)
FNDA:3,(anonymous_5)
FNDA:4,(anonymous_6)
FNDA:3,(anonymous_7)
FNDA:3,(anonymous_8)
FNDA:6,(anonymous_9)
FNDA:1,(anonymous_10)
FNDA:5,(anonymous_11)
FNDA:4,(anonymous_12)
FNDA:1,(anonymous_13)
FNDA:3,(anonymous_14)
FNDA:2,(anonymous_15)
FNDA:6,(anonymous_16)
FNDA:12,(anonymous_17)
FNDA:16,(anonymous_18)
FNDA:1,(anonymous_19)
FNDA:1,(anonymous_20)
FNDA:23,(anonymous_21)
FNDA:16,(anonymous_22)
FNDA:0,(anonymous_23)
FNDA:3,(anonymous_24)
FNDA:3,(anonymous_25)
FNDA:3,(anonymous_26)
FNDA:1,(anonymous_27)
FNDA:1,(anonymous_28)
FNDA:1,(anonymous_29)
FNDA:1,(anonymous_30)
FNDA:130,(anonymous_31)
FNDA:0,parseArgs
FNDA:0,showHelp
FNDA:0,main
DA:29,1
DA:30,1
DA:31,1
DA:32,1
DA:35,1
DA:59,31
DA:68,31
DA:70,31
DA:71,31
DA:73,31
DA:74,3
DA:75,3
DA:76,3
DA:77,3
DA:85,31
DA:86,31
DA:87,28
DA:89,3
DA:90,3
DA:98,2
DA:99,2
DA:102,2
DA:105,1
DA:108,1
DA:111,1
DA:114,1
DA:117,1
DA:120,1
DA:121,1
DA:125,1
DA:126,1
DA:130,1
DA:132,1
DA:133,1
DA:134,1
DA:136,1
DA:144,1
DA:145,1
DA:146,0
DA:148,1
DA:156,5
DA:158,5
DA:159,1
DA:160,1
DA:164,5
DA:172,5
DA:173,21
DA:174,6
DA:175,5
DA:184,3
DA:186,3
DA:187,15
DA:188,10
DA:189,10
DA:190,10
DA:192,5
DA:201,4
DA:203,4
DA:204,16
DA:205,9
DA:207,9
DA:208,1
DA:209,1
DA:210,1
DA:212,8
DA:213,8
DA:214,8
DA:217,7
DA:226,3
DA:229,3
DA:230,3
DA:231,3
DA:232,3
DA:235,3
DA:236,3
DA:237,3
DA:240,3
DA:241,3
DA:242,3
DA:249,3
DA:251,3
DA:275,3
DA:279,3
DA:282,3
DA:284,6
DA:287,3
DA:291,3
DA:298,1
DA:300,1
DA:301,1
DA:302,1
DA:304,1
DA:305,1
DA:306,1
DA:308,1
DA:309,1
DA:310,1
DA:317,5
DA:319,5
DA:320,5
DA:322,5
DA:324,3
DA:325,3
DA:327,2
DA:329,1
DA:331,1
DA:332,1
DA:334,1
DA:337,2
DA:339,1
DA:340,1
DA:342,1
DA:344,0
DA:353,4
DA:355,4
DA:358,4
DA:359,20
DA:360,20
DA:361,1
DA:366,4
DA:367,4
DA:368,12
DA:369,12
DA:370,0
DA:375,4
DA:376,4
DA:377,12
DA:378,12
DA:379,0
DA:383,4
DA:384,1
DA:385,1
DA:386,1
DA:389,3
DA:396,3
DA:398,3
DA:399,3
DA:400,3
DA:402,3
DA:403,4
DA:404,4
DA:405,4
DA:406,4
DA:409,3
DA:413,3
DA:415,0
DA:423,2
DA:424,2
DA:427,2
DA:429,2
DA:430,3
DA:431,3
DA:433,3
DA:434,1
DA:436,2
DA:442,6
DA:443,6
DA:444,12
DA:445,12
DA:446,12
DA:448,12
DA:458,16
DA:461,16
DA:462,0
DA:463,0
DA:467,16
DA:468,0
DA:469,0
DA:473,16
DA:474,16
DA:475,0
DA:476,0
DA:479,0
DA:480,0
DA:485,16
DA:486,16
DA:488,0
DA:489,0
DA:493,16
DA:494,7
DA:495,7
DA:499,9
DA:501,9
DA:504,9
DA:505,9
DA:507,1
DA:508,1
DA:512,8
DA:513,23
DA:514,23
DA:517,23
DA:518,0
DA:521,23
DA:523,7
DA:524,7
DA:525,7
DA:527,0
DA:530,16
DA:532,16
DA:533,16
DA:535,0
DA:537,0
DA:542,0
DA:549,0
DA:552,9
DA:555,8
DA:564,1
DA:566,0
DA:568,0
DA:570,0
DA:572,0
DA:574,0
DA:576,0
DA:578,0
DA:580,0
DA:582,0
DA:584,0
DA:586,0
DA:588,0
DA:590,0
DA:592,0
DA:594,0
DA:596,1
DA:606,1
DA:609,1
DA:612,0
DA:613,0
DA:615,0
DA:616,0
DA:619,0
DA:620,0
DA:622,0
DA:623,0
DA:625,0
DA:626,0
DA:628,1
DA:640,23
DA:641,0
DA:642,0
DA:646,23
DA:647,0
DA:651,23
DA:652,0
DA:653,0
DA:656,23
DA:665,16
DA:666,16
DA:667,16
DA:669,0
DA:670,0
DA:671,0
DA:682,0
DA:683,0
DA:684,0
DA:686,0
DA:687,0
DA:688,0
DA:691,0
DA:692,0
DA:693,0
DA:694,0
DA:697,0
DA:700,0
DA:704,0
DA:709,3
DA:751,3
DA:795,3
DA:845,1
DA:923,1
DA:956,1
DA:982,1
DA:984,1
DA:985,1
DA:990,130
DA:991,19
DA:999,0
DA:1000,0
DA:1002,0
DA:1003,0
DA:1005,0
DA:1007,0
DA:1008,0
DA:1010,0
DA:1011,0
DA:1013,0
DA:1014,0
DA:1015,0
DA:1016,0
DA:1018,0
DA:1019,0
DA:1021,0
DA:1022,0
DA:1024,0
DA:1025,0
DA:1027,0
DA:1028,0
DA:1030,0
DA:1031,0
DA:1032,0
DA:1034,0
DA:1035,0
DA:1039,0
DA:1043,0
DA:1068,0
DA:1069,0
DA:1070,0
DA:1071,0
DA:1073,0
DA:1074,0
DA:1075,0
DA:1077,0
DA:1080,0
DA:1081,0
DA:1086,1
DA:1087,0
DA:1090,1
LF:316
LH:210
BRDA:57,0,0,18
BRDA:60,1,0,31
BRDA:60,1,1,30
BRDA:61,2,0,31
BRDA:61,2,1,26
BRDA:62,3,0,31
BRDA:62,3,1,29
BRDA:63,4,0,1
BRDA:63,4,1,30
BRDA:68,5,0,31
BRDA:68,5,1,28
BRDA:73,6,0,3
BRDA:73,6,1,28
BRDA:87,7,0,28
BRDA:87,7,1,2
BRDA:120,8,0,1
BRDA:120,8,1,0
BRDA:125,9,0,1
BRDA:125,9,1,0
BRDA:145,10,0,0
BRDA:145,10,1,1
BRDA:158,11,0,1
BRDA:158,11,1,4
BRDA:158,12,0,5
BRDA:158,12,1,1
BRDA:173,13,0,6
BRDA:173,13,1,15
BRDA:187,14,0,10
BRDA:187,14,1,5
BRDA:204,15,0,9
BRDA:204,15,1,7
BRDA:207,16,0,1
BRDA:207,16,1,8
BRDA:322,17,0,3
BRDA:322,17,1,2
BRDA:337,18,0,1
BRDA:337,18,1,1
BRDA:360,19,0,1
BRDA:360,19,1,19
BRDA:369,20,0,0
BRDA:369,20,1,12
BRDA:378,21,0,0
BRDA:378,21,1,12
BRDA:383,22,0,1
BRDA:383,22,1,3
BRDA:423,23,0,2
BRDA:423,23,1,0
BRDA:433,24,0,1
BRDA:433,24,1,2
BRDA:457,25,0,9
BRDA:457,26,0,9
BRDA:457,27,0,9
BRDA:461,28,0,0
BRDA:461,28,1,16
BRDA:461,29,0,16
BRDA:461,29,1,16
BRDA:467,30,0,0
BRDA:467,30,1,16
BRDA:474,31,0,0
BRDA:474,31,1,16
BRDA:493,32,0,7
BRDA:493,32,1,9
BRDA:517,33,0,0
BRDA:517,33,1,23
BRDA:521,34,0,7
BRDA:521,34,1,16
BRDA:530,35,0,16
BRDA:530,35,1,0
BRDA:532,36,0,16
BRDA:532,36,1,0
BRDA:535,37,0,0
BRDA:535,37,1,0
BRDA:564,38,0,0
BRDA:564,38,1,0
BRDA:564,38,2,0
BRDA:564,38,3,0
BRDA:564,38,4,0
BRDA:564,38,5,0
BRDA:564,38,6,0
BRDA:564,38,7,0
BRDA:564,38,8,0
BRDA:564,38,9,0
BRDA:564,38,10,0
BRDA:564,38,11,0
BRDA:564,38,12,0
BRDA:564,38,13,0
BRDA:564,38,14,0
BRDA:564,38,15,1
BRDA:596,39,0,1
BRDA:596,39,1,1
BRDA:609,40,0,0
BRDA:609,40,1,0
BRDA:609,40,2,0
BRDA:609,40,3,0
BRDA:609,40,4,0
BRDA:609,40,5,0
BRDA:609,40,6,0
BRDA:609,40,7,1
BRDA:640,41,0,0
BRDA:640,41,1,23
BRDA:640,42,0,23
BRDA:640,42,1,23
BRDA:646,43,0,0
BRDA:646,43,1,23
BRDA:646,44,0,23
BRDA:646,44,1,0
BRDA:646,44,2,0
BRDA:651,45,0,0
BRDA:651,45,1,23
BRDA:684,46,0,0
BRDA:684,46,1,0
BRDA:693,47,0,0
BRDA:693,47,1,0
BRDA:693,48,0,0
BRDA:693,48,1,0
BRDA:990,49,0,19
BRDA:990,49,1,111
BRDA:990,50,0,130
BRDA:990,50,1,130
BRDA:1005,51,0,0
BRDA:1005,51,1,0
BRDA:1005,51,2,0
BRDA:1005,51,3,0
BRDA:1005,51,4,0
BRDA:1005,51,5,0
BRDA:1005,51,6,0
BRDA:1005,51,7,0
BRDA:1014,52,0,0
BRDA:1014,52,1,0
BRDA:1086,53,0,0
BRDA:1086,53,1,1
BRF:131
BRH:73
end_of_record
TN:
SF:post-tool-linter-hook.js
FN:19,initializeLogging
FN:31,log
FN:44,writeLogFile
FN:82,readIgnoreFile
FN:94,(anonymous_4)
FN:95,(anonymous_5)
FN:96,(anonymous_6)
FN:115,shouldIgnoreFile
FN:171,loadIgnorePatternsForLinter
FN:197,filterFilesWithIgnoreRules
FN:228,generateIgnoreFileSuggestions
FN:305,validateConfigFile
FN:348,detectProjectType
FN:377,(anonymous_13)
FN:382,(anonymous_14)
FN:396,detectProjectTypes
FN:420,runPythonProjectLinter
FN:439,(anonymous_17)
FN:453,(anonymous_18)
FN:483,(anonymous_19)
FN:497,(anonymous_20)
FN:561,runJavaScriptProjectLinter
FN:579,(anonymous_22)
FN:595,(anonymous_23)
FN:599,(anonymous_24)
FN:607,(anonymous_25)
FN:631,(anonymous_26)
FN:635,(anonymous_27)
FN:643,(anonymous_28)
FN:712,lintProject
FN:738,getFileType
FN:759,extractFilePaths
FN:775,(anonymous_32)
FN:791,runPythonLinter
FN:826,(anonymous_34)
FN:859,(anonymous_35)
FN:923,runJavaScriptLinter
FN:970,(anonymous_37)
FN:1005,(anonymous_38)
FN:1071,lintFile
FN:1118,writeLinterErrorsFile
FN:1137,(anonymous_41)
FN:1138,(anonymous_42)
FN:1139,(anonymous_43)
FN:1146,(anonymous_44)
FN:1147,(anonymous_45)
FN:1147,(anonymous_46)
FN:1148,(anonymous_47)
FN:1148,(anonymous_48)
FN:1165,(anonymous_49)
FN:1191,(anonymous_50)
FN:1195,(anonymous_51)
FN:1196,(anonymous_52)
FN:1200,(anonymous_53)
FN:1204,(anonymous_54)
FN:1205,(anonymous_55)
FN:1211,(anonymous_56)
FN:1216,(anonymous_57)
FN:1226,writeLinterErrorsToPath
FN:1229,(anonymous_59)
FN:1230,(anonymous_60)
FN:1231,(anonymous_61)
FN:1238,(anonymous_62)
FN:1239,(anonymous_63)
FN:1239,(anonymous_64)
FN:1240,(anonymous_65)
FN:1240,(anonymous_66)
FN:1257,(anonymous_67)
FN:1290,formatLinterFailurePrompt
FN:1303,(anonymous_69)
FN:1328,formatLinterPrompt
FN:1329,(anonymous_71)
FN:1335,(anonymous_72)
FN:1336,(anonymous_73)
FN:1337,(anonymous_74)
FN:1339,(anonymous_75)
FN:1340,(anonymous_76)
FN:1344,(anonymous_77)
FN:1345,(anonymous_78)
FN:1357,(anonymous_79)
FN:1359,(anonymous_80)
FN:1360,(anonymous_81)
FN:1395,(anonymous_82)
FN:1426,(anonymous_83)
FN:1430,(anonymous_84)
FN:1431,(anonymous_85)
FN:1435,(anonymous_86)
FN:1439,(anonymous_87)
FN:1440,(anonymous_88)
FN:1446,(anonymous_89)
FN:1451,(anonymous_90)
FN:1479,removeLinterTasks
FN:1492,(anonymous_92)
FN:1500,(anonymous_93)
FN:1501,(anonymous_94)
FN:1526,analyzeTodoState
FN:1551,(anonymous_96)
FN:1552,(anonymous_97)
FN:1580,determineInsertionPoint
FN:1602,createSmartLinterTask
FN:1605,(anonymous_100)
FN:1606,(anonymous_101)
FN:1607,(anonymous_102)
FN:1608,(anonymous_103)
FN:1610,(anonymous_104)
FN:1611,(anonymous_105)
FN:1616,(anonymous_106)
FN:1629,(anonymous_107)
FN:1630,(anonymous_108)
FN:1650,insertLinterTaskSmart
FN:1703,main
FN:1708,(anonymous_111)
FN:1710,(anonymous_112)
FN:1762,(anonymous_113)
FN:1764,(anonymous_114)
FN:1782,(anonymous_115)
FN:1787,(anonymous_116)
FN:1797,(anonymous_117)
FN:1798,(anonymous_118)
FN:1845,(anonymous_119)
FN:1865,(anonymous_120)
FNF:121
FNH:59
FNDA:4,initializeLogging
FNDA:638,log
FNDA:0,writeLogFile
FNDA:12,readIgnoreFile
FNDA:12,(anonymous_4)
FNDA:12,(anonymous_5)
FNDA:12,(anonymous_6)
FNDA:6,shouldIgnoreFile
FNDA:6,loadIgnorePatternsForLinter
FNDA:10,filterFilesWithIgnoreRules
FNDA:4,generateIgnoreFileSuggestions
FNDA:78,validateConfigFile
FNDA:12,detectProjectType
FNDA:4,(anonymous_13)
FNDA:4,(anonymous_14)
FNDA:7,detectProjectTypes
FNDA:0,runPythonProjectLinter
FNDA:0,(anonymous_17)
FNDA:0,(anonymous_18)
FNDA:0,(anonymous_19)
FNDA:0,(anonymous_20)
FNDA:0,runJavaScriptProjectLinter
FNDA:0,(anonymous_22)
FNDA:0,(anonymous_23)
FNDA:0,(anonymous_24)
FNDA:0,(anonymous_25)
FNDA:0,(anonymous_26)
FNDA:0,(anonymous_27)
FNDA:0,(anonymous_28)
FNDA:0,lintProject
FNDA:31,getFileType
FNDA:10,extractFilePaths
FNDA:6,(anonymous_32)
FNDA:5,runPythonLinter
FNDA:0,(anonymous_34)
FNDA:1,(anonymous_35)
FNDA:5,runJavaScriptLinter
FNDA:0,(anonymous_37)
FNDA:0,(anonymous_38)
FNDA:3,lintFile
FNDA:3,writeLinterErrorsFile
FNDA:0,(anonymous_41)
FNDA:0,(anonymous_42)
FNDA:0,(anonymous_43)
FNDA:2,(anonymous_44)
FNDA:2,(anonymous_45)
FNDA:2,(anonymous_46)
FNDA:2,(anonymous_47)
FNDA:2,(anonymous_48)
FNDA:0,(anonymous_49)
FNDA:0,(anonymous_50)
FNDA:0,(anonymous_51)
FNDA:0,(anonymous_52)
FNDA:0,(anonymous_53)
FNDA:0,(anonymous_54)
FNDA:0,(anonymous_55)
FNDA:0,(anonymous_56)
FNDA:0,(anonymous_57)
FNDA:3,writeLinterErrorsToPath
FNDA:0,(anonymous_59)
FNDA:0,(anonymous_60)
FNDA:0,(anonymous_61)
FNDA:0,(anonymous_62)
FNDA:0,(anonymous_63)
FNDA:0,(anonymous_64)
FNDA:0,(anonymous_65)
FNDA:0,(anonymous_66)
FNDA:0,(anonymous_67)
FNDA:0,formatLinterFailurePrompt
FNDA:0,(anonymous_69)
FNDA:2,formatLinterPrompt
FNDA:1,(anonymous_71)
FNDA:1,(anonymous_72)
FNDA:1,(anonymous_73)
FNDA:1,(anonymous_74)
FNDA:1,(anonymous_75)
FNDA:1,(anonymous_76)
FNDA:1,(anonymous_77)
FNDA:1,(anonymous_78)
FNDA:1,(anonymous_79)
FNDA:1,(anonymous_80)
FNDA:1,(anonymous_81)
FNDA:0,(anonymous_82)
FNDA:0,(anonymous_83)
FNDA:0,(anonymous_84)
FNDA:0,(anonymous_85)
FNDA:0,(anonymous_86)
FNDA:0,(anonymous_87)
FNDA:0,(anonymous_88)
FNDA:0,(anonymous_89)
FNDA:0,(anonymous_90)
FNDA:7,removeLinterTasks
FNDA:6,(anonymous_92)
FNDA:0,(anonymous_93)
FNDA:2,(anonymous_94)
FNDA:5,analyzeTodoState
FNDA:4,(anonymous_96)
FNDA:4,(anonymous_97)
FNDA:8,determineInsertionPoint
FNDA:3,createSmartLinterTask
FNDA:2,(anonymous_100)
FNDA:2,(anonymous_101)
FNDA:2,(anonymous_102)
FNDA:2,(anonymous_103)
FNDA:2,(anonymous_104)
FNDA:2,(anonymous_105)
FNDA:2,(anonymous_106)
FNDA:2,(anonymous_107)
FNDA:5,(anonymous_108)
FNDA:2,insertLinterTaskSmart
FNDA:0,main
FNDA:0,(anonymous_111)
FNDA:0,(anonymous_112)
FNDA:0,(anonymous_113)
FNDA:0,(anonymous_114)
FNDA:0,(anonymous_115)
FNDA:0,(anonymous_116)
FNDA:0,(anonymous_117)
FNDA:0,(anonymous_118)
FNDA:0,(anonymous_119)
FNDA:0,(anonymous_120)
DA:11,2
DA:12,2
DA:13,2
DA:16,2
DA:17,2
DA:20,4
DA:21,4
DA:22,4
DA:23,4
DA:24,4
DA:25,4
DA:26,4
DA:27,4
DA:28,4
DA:32,638
DA:33,638
DA:36,638
DA:38,638
DA:39,0
DA:40,0
DA:45,0
DA:46,0
DA:47,0
DA:56,2
DA:83,12
DA:85,12
DA:86,12
DA:87,0
DA:88,0
DA:91,12
DA:92,12
DA:94,12
DA:95,12
DA:98,12
DA:99,0
DA:101,12
DA:102,12
DA:104,0
DA:107,12
DA:108,12
DA:110,0
DA:111,0
DA:116,6
DA:117,0
DA:121,6
DA:124,6
DA:126,12
DA:127,0
DA:128,0
DA:132,12
DA:133,0
DA:134,0
DA:138,12
DA:139,12
DA:140,12
DA:142,12
DA:144,0
DA:147,0
DA:149,0
DA:150,0
DA:151,0
DA:157,12
DA:158,12
DA:159,12
DA:160,66
DA:161,0
DA:162,0
DA:168,6
DA:172,6
DA:174,6
DA:175,0
DA:176,0
DA:179,6
DA:180,6
DA:181,0
DA:182,0
DA:185,6
DA:187,6
DA:188,12
DA:189,12
DA:190,12
DA:193,6
DA:194,6
DA:198,10
DA:200,10
DA:201,0
DA:202,0
DA:205,10
DA:207,10
DA:208,6
DA:209,6
DA:211,6
DA:213,6
DA:214,6
DA:217,6
DA:218,0
DA:220,6
DA:224,10
DA:225,10
DA:229,4
DA:230,4
DA:232,4
DA:233,3
DA:234,3
DA:235,3
DA:238,3
DA:270,3
DA:271,57
DA:272,0
DA:274,0
DA:275,0
DA:276,0
DA:277,0
DA:280,0
DA:285,3
DA:286,3
DA:287,3
DA:288,21
DA:289,0
DA:290,0
DA:291,0
DA:297,4
DA:306,78
DA:308,78
DA:309,78
DA:310,2
DA:314,76
DA:315,19
DA:317,17
DA:318,17
DA:319,17
DA:322,57
DA:323,12
DA:325,12
DA:326,12
DA:327,12
DA:330,45
DA:331,6
DA:333,6
DA:334,6
DA:335,6
DA:339,39
DA:340,39
DA:343,2
DA:344,2
DA:349,12
DA:351,12
DA:352,12
DA:355,12
DA:356,23
DA:357,23
DA:359,23
DA:360,100
DA:361,100
DA:362,99
DA:364,99
DA:365,26
DA:366,26
DA:370,22
DA:371,13
DA:376,11
DA:377,9
DA:378,9
DA:379,9
DA:381,9
DA:382,4
DA:385,9
DA:388,2
DA:389,2
DA:391,1
DA:392,1
DA:397,7
DA:399,7
DA:401,7
DA:402,14
DA:404,14
DA:405,63
DA:406,63
DA:407,21
DA:411,14
DA:412,9
DA:416,7
DA:417,7
DA:421,0
DA:423,0
DA:424,0
DA:425,0
DA:427,0
DA:434,0
DA:435,0
DA:436,0
DA:439,0
DA:440,0
DA:441,0
DA:442,0
DA:450,0
DA:453,0
DA:461,0
DA:462,0
DA:471,0
DA:473,0
DA:476,0
DA:477,0
DA:478,0
DA:479,0
DA:480,0
DA:483,0
DA:484,0
DA:485,0
DA:486,0
DA:494,0
DA:497,0
DA:504,0
DA:505,0
DA:510,0
DA:511,0
DA:512,0
DA:526,0
DA:527,0
DA:528,0
DA:542,0
DA:543,0
DA:546,0
DA:547,0
DA:562,0
DA:564,0
DA:566,0
DA:567,0
DA:568,0
DA:570,0
DA:571,0
DA:572,0
DA:573,0
DA:577,0
DA:579,0
DA:580,0
DA:582,0
DA:584,0
DA:591,0
DA:592,0
DA:593,0
DA:595,0
DA:599,0
DA:607,0
DA:610,0
DA:611,0
DA:620,0
DA:622,0
DA:625,0
DA:626,0
DA:627,0
DA:628,0
DA:629,0
DA:631,0
DA:635,0
DA:643,0
DA:645,0
DA:653,0
DA:654,0
DA:659,0
DA:662,0
DA:663,0
DA:677,0
DA:678,0
DA:679,0
DA:693,0
DA:694,0
DA:697,0
DA:698,0
DA:713,0
DA:714,0
DA:716,0
DA:718,0
DA:719,0
DA:721,0
DA:722,0
DA:723,0
DA:725,0
DA:726,0
DA:727,0
DA:729,0
DA:730,0
DA:734,0
DA:735,0
DA:739,31
DA:740,31
DA:743,31
DA:744,9
DA:745,9
DA:748,22
DA:749,36
DA:750,21
DA:751,21
DA:755,1
DA:756,1
DA:760,10
DA:761,10
DA:763,10
DA:764,6
DA:765,4
DA:766,4
DA:768,4
DA:769,2
DA:770,2
DA:771,2
DA:775,10
DA:776,6
DA:777,6
DA:778,6
DA:781,10
DA:784,10
DA:785,10
DA:787,10
DA:788,10
DA:792,5
DA:795,5
DA:796,1
DA:797,1
DA:806,4
DA:807,4
DA:808,4
DA:810,4
DA:817,3
DA:818,3
DA:819,3
DA:820,2
DA:822,2
DA:826,0
DA:836,1
DA:837,1
DA:846,1
DA:849,1
DA:850,1
DA:851,1
DA:852,1
DA:853,1
DA:855,1
DA:859,1
DA:869,0
DA:870,0
DA:875,0
DA:876,0
DA:877,0
DA:890,0
DA:891,0
DA:892,0
DA:905,0
DA:906,0
DA:909,0
DA:910,0
DA:925,5
DA:926,1
DA:927,1
DA:936,4
DA:938,4
DA:939,4
DA:940,4
DA:942,4
DA:943,4
DA:944,0
DA:945,0
DA:949,4
DA:950,4
DA:951,4
DA:953,4
DA:955,4
DA:962,3
DA:963,3
DA:964,2
DA:966,2
DA:970,0
DA:980,1
DA:981,1
DA:990,1
DA:993,1
DA:994,1
DA:995,1
DA:996,1
DA:997,1
DA:999,1
DA:1001,1
DA:1005,0
DA:1015,0
DA:1016,0
DA:1021,0
DA:1024,0
DA:1025,0
DA:1038,0
DA:1039,0
DA:1040,0
DA:1053,0
DA:1054,0
DA:1057,0
DA:1058,0
DA:1072,3
DA:1074,3
DA:1075,3
DA:1076,3
DA:1077,3
DA:1082,3
DA:1084,1
DA:1085,2
DA:1087,2
DA:1090,0
DA:1093,3
DA:1094,3
DA:1095,3
DA:1096,3
DA:1097,3
DA:1098,3
DA:1100,3
DA:1101,1
DA:1102,1
DA:1105,2
DA:1107,1
DA:1108,1
DA:1110,1
DA:1111,1
DA:1113,0
DA:1114,0
DA:1119,3
DA:1120,3
DA:1123,3
DA:1124,3
DA:1125,1
DA:1126,1
DA:1129,0
DA:1131,0
DA:1132,0
DA:1133,0
DA:1137,3
DA:1138,0
DA:1139,0
DA:1140,0
DA:1141,0
DA:1143,0
DA:1146,3
DA:1147,3
DA:1148,3
DA:1150,3
DA:1151,3
DA:1152,3
DA:1153,3
DA:1155,3
DA:1156,2
DA:1160,2
DA:1161,2
DA:1162,2
DA:1165,2
DA:1166,0
DA:1167,0
DA:1169,0
DA:1172,2
DA:1173,2
DA:1174,2
DA:1175,2
DA:1176,2
DA:1177,0
DA:1179,2
DA:1182,2
DA:1186,3
DA:1187,3
DA:1188,0
DA:1189,0
DA:1191,0
DA:1192,0
DA:1193,0
DA:1194,0
DA:1195,0
DA:1196,0
DA:1197,0
DA:1200,0
DA:1201,0
DA:1202,0
DA:1203,0
DA:1204,0
DA:1205,0
DA:1206,0
DA:1210,0
DA:1211,0
DA:1213,0
DA:1214,0
DA:1215,0
DA:1216,0
DA:1217,0
DA:1220,0
DA:1223,3
DA:1227,3
DA:1229,0
DA:1230,0
DA:1231,0
DA:1232,0
DA:1233,0
DA:1235,0
DA:1238,0
DA:1239,0
DA:1240,0
DA:1242,0
DA:1243,0
DA:1244,0
DA:1245,0
DA:1247,0
DA:1248,0
DA:1252,0
DA:1253,0
DA:1254,0
DA:1257,0
DA:1258,0
DA:1259,0
DA:1261,0
DA:1264,0
DA:1265,0
DA:1266,0
DA:1267,0
DA:1268,0
DA:1269,0
DA:1271,0
DA:1274,0
DA:1279,3
DA:1280,3
DA:1281,3
DA:1282,3
DA:1284,0
DA:1285,0
DA:1291,0
DA:1292,0
DA:1295,0
DA:1296,0
DA:1298,0
DA:1299,0
DA:1300,0
DA:1303,0
DA:1304,0
DA:1305,0
DA:1306,0
DA:1307,0
DA:1310,0
DA:1311,0
DA:1313,0
DA:1314,0
DA:1315,0
DA:1316,0
DA:1318,0
DA:1322,0
DA:1323,0
DA:1325,0
DA:1329,2
DA:1331,2
DA:1332,1
DA:1335,1
DA:1336,1
DA:1337,1
DA:1339,1
DA:1340,1
DA:1344,1
DA:1345,1
DA:1346,1
DA:1347,1
DA:1348,1
DA:1353,1
DA:1354,1
DA:1357,1
DA:1358,1
DA:1359,1
DA:1360,1
DA:1361,1
DA:1362,1
DA:1363,1
DA:1364,1
DA:1368,1
DA:1385,1
DA:1386,1
DA:1387,1
DA:1389,1
DA:1390,1
DA:1391,1
DA:1392,1
DA:1395,1
DA:1396,0
DA:1397,0
DA:1399,0
DA:1402,1
DA:1403,1
DA:1404,1
DA:1405,1
DA:1406,1
DA:1407,0
DA:1409,1
DA:1411,1
DA:1414,0
DA:1415,0
DA:1416,0
DA:1417,0
DA:1421,1
DA:1422,1
DA:1423,0
DA:1424,0
DA:1426,0
DA:1427,0
DA:1428,0
DA:1429,0
DA:1430,0
DA:1431,0
DA:1432,0
DA:1435,0
DA:1436,0
DA:1437,0
DA:1438,0
DA:1439,0
DA:1440,0
DA:1441,0
DA:1445,0
DA:1446,0
DA:1448,0
DA:1449,0
DA:1450,0
DA:1451,0
DA:1452,0
DA:1455,0
DA:1458,1
DA:1474,1
DA:1480,7
DA:1483,7
DA:1484,3
DA:1487,7
DA:1488,7
DA:1491,7
DA:1492,7
DA:1493,6
DA:1494,2
DA:1495,2
DA:1500,7
DA:1501,7
DA:1502,2
DA:1503,2
DA:1506,7
DA:1507,7
DA:1509,7
DA:1512,7
DA:1513,0
DA:1514,0
DA:1518,7
DA:1523,7
DA:1527,5
DA:1528,5
DA:1531,5
DA:1532,2
DA:1533,2
DA:1541,3
DA:1542,3
DA:1543,2
DA:1546,2
DA:1547,2
DA:1548,2
DA:1551,4
DA:1552,4
DA:1554,2
DA:1555,2
DA:1557,2
DA:1570,1
DA:1571,1
DA:1581,8
DA:1582,1
DA:1583,1
DA:1586,7
DA:1591,7
DA:1592,2
DA:1595,5
DA:1598,7
DA:1599,7
DA:1603,3
DA:1605,3
DA:1606,3
DA:1607,3
DA:1608,2
DA:1610,3
DA:1611,2
DA:1615,3
DA:1616,3
DA:1620,3
DA:1629,2
DA:1630,5
DA:1646,3
DA:1647,3
DA:1651,2
DA:1652,0
DA:1653,0
DA:1656,2
DA:1658,2
DA:1660,2
DA:1661,2
DA:1662,2
DA:1664,2
DA:1667,2
DA:1668,2
DA:1671,2
DA:1675,2
DA:1677,2
DA:1679,0
DA:1680,0
DA:1683,2
DA:1684,2
DA:1688,2
DA:1689,2
DA:1692,2
DA:1693,1
DA:1695,1
DA:1697,1
DA:1698,1
DA:1704,0
DA:1707,0
DA:1708,0
DA:1710,0
DA:1711,0
DA:1713,0
DA:1715,0
DA:1716,0
DA:1719,0
DA:1721,0
DA:1722,0
DA:1723,0
DA:1724,0
DA:1727,0
DA:1728,0
DA:1729,0
DA:1730,0
DA:1734,0
DA:1735,0
DA:1736,0
DA:1737,0
DA:1741,0
DA:1743,0
DA:1744,0
DA:1745,0
DA:1746,0
DA:1749,0
DA:1752,0
DA:1753,0
DA:1756,0
DA:1758,0
DA:1759,0
DA:1760,0
DA:1762,0
DA:1763,0
DA:1764,0
DA:1766,0
DA:1767,0
DA:1772,0
DA:1775,0
DA:1776,0
DA:1777,0
DA:1779,0
DA:1781,0
DA:1782,0
DA:1786,0
DA:1787,0
DA:1788,0
DA:1789,0
DA:1790,0
DA:1791,0
DA:1792,0
DA:1793,0
DA:1797,0
DA:1798,0
DA:1800,0
DA:1801,0
DA:1804,0
DA:1805,0
DA:1806,0
DA:1807,0
DA:1808,0
DA:1809,0
DA:1810,0
DA:1811,0
DA:1812,0
DA:1817,0
DA:1819,0
DA:1820,0
DA:1821,0
DA:1823,0
DA:1825,0
DA:1826,0
DA:1827,0
DA:1829,0
DA:1833,0
DA:1834,0
DA:1835,0
DA:1836,0
DA:1837,0
DA:1838,0
DA:1839,0
DA:1840,0
DA:1845,0
DA:1846,0
DA:1847,0
DA:1850,0
DA:1851,0
DA:1852,0
DA:1853,0
DA:1856,0
DA:1857,0
DA:1858,0
DA:1860,0
DA:1865,0
DA:1866,0
DA:1867,0
DA:1868,0
DA:1873,2
DA:1875,0
DA:1878,2
LF:810
LH:410
BRDA:31,0,0,638
BRDA:38,1,0,0
BRDA:38,1,1,638
BRDA:45,2,0,0
BRDA:45,2,1,0
BRDA:45,3,0,0
BRDA:45,3,1,0
BRDA:86,4,0,0
BRDA:86,4,1,12
BRDA:95,5,0,12
BRDA:95,5,1,12
BRDA:98,6,0,0
BRDA:98,6,1,12
BRDA:101,7,0,12
BRDA:101,7,1,0
BRDA:116,8,0,0
BRDA:116,8,1,6
BRDA:116,9,0,6
BRDA:116,9,1,6
BRDA:126,10,0,0
BRDA:126,10,1,12
BRDA:132,11,0,0
BRDA:132,11,1,12
BRDA:132,12,0,12
BRDA:132,12,1,0
BRDA:138,13,0,12
BRDA:138,13,1,0
BRDA:138,14,0,12
BRDA:138,14,1,12
BRDA:142,15,0,0
BRDA:142,15,1,12
BRDA:149,16,0,0
BRDA:149,16,1,0
BRDA:157,17,0,12
BRDA:157,17,1,0
BRDA:160,18,0,0
BRDA:160,18,1,66
BRDA:160,19,0,66
BRDA:160,19,1,66
BRDA:160,19,2,0
BRDA:174,20,0,0
BRDA:174,20,1,6
BRDA:180,21,0,0
BRDA:180,21,1,6
BRDA:180,22,0,6
BRDA:180,22,1,6
BRDA:200,23,0,0
BRDA:200,23,1,10
BRDA:211,24,0,6
BRDA:211,24,1,0
BRDA:217,25,0,0
BRDA:217,25,1,6
BRDA:271,26,0,0
BRDA:271,26,1,57
BRDA:271,27,0,57
BRDA:271,27,1,57
BRDA:276,28,0,0
BRDA:276,28,1,0
BRDA:288,29,0,0
BRDA:288,29,1,21
BRDA:290,30,0,0
BRDA:290,30,1,0
BRDA:309,31,0,2
BRDA:309,31,1,76
BRDA:314,32,0,19
BRDA:314,32,1,57
BRDA:317,33,0,17
BRDA:317,33,1,10
BRDA:317,33,2,9
BRDA:317,33,3,9
BRDA:318,34,0,8
BRDA:318,34,1,9
BRDA:322,35,0,12
BRDA:322,35,1,45
BRDA:325,36,0,12
BRDA:325,36,1,6
BRDA:325,36,2,6
BRDA:326,37,0,6
BRDA:326,37,1,6
BRDA:330,38,0,6
BRDA:330,38,1,39
BRDA:333,39,0,6
BRDA:333,39,1,6
BRDA:334,40,0,0
BRDA:334,40,1,6
BRDA:362,41,0,35
BRDA:362,41,1,64
BRDA:364,42,0,26
BRDA:364,42,1,73
BRDA:364,43,0,99
BRDA:364,43,1,35
BRDA:370,44,0,13
BRDA:370,44,1,9
BRDA:376,45,0,9
BRDA:376,45,1,2
BRDA:381,46,0,4
BRDA:381,46,1,5
BRDA:406,47,0,21
BRDA:406,47,1,42
BRDA:406,48,0,63
BRDA:406,48,1,31
BRDA:411,49,0,9
BRDA:411,49,1,5
BRDA:416,50,0,5
BRDA:416,50,1,2
BRDA:435,51,0,0
BRDA:435,51,1,0
BRDA:440,52,0,0
BRDA:440,52,1,0
BRDA:441,53,0,0
BRDA:441,53,1,0
BRDA:443,54,0,0
BRDA:443,54,1,0
BRDA:443,54,2,0
BRDA:444,55,0,0
BRDA:444,55,1,0
BRDA:444,55,2,0
BRDA:448,56,0,0
BRDA:448,56,1,0
BRDA:461,57,0,0
BRDA:461,57,1,0
BRDA:476,58,0,0
BRDA:476,58,1,0
BRDA:476,59,0,0
BRDA:476,59,1,0
BRDA:484,60,0,0
BRDA:484,60,1,0
BRDA:485,61,0,0
BRDA:485,61,1,0
BRDA:487,62,0,0
BRDA:487,62,1,0
BRDA:487,62,2,0
BRDA:488,63,0,0
BRDA:488,63,1,0
BRDA:488,63,2,0
BRDA:492,64,0,0
BRDA:492,64,1,0
BRDA:510,65,0,0
BRDA:510,65,1,0
BRDA:510,66,0,0
BRDA:510,66,1,0
BRDA:526,67,0,0
BRDA:526,67,1,0
BRDA:526,68,0,0
BRDA:526,68,1,0
BRDA:542,69,0,0
BRDA:542,69,1,0
BRDA:570,70,0,0
BRDA:570,70,1,0
BRDA:572,71,0,0
BRDA:572,71,1,0
BRDA:592,72,0,0
BRDA:592,72,1,0
BRDA:596,73,0,0
BRDA:596,73,1,0
BRDA:602,74,0,0
BRDA:602,74,1,0
BRDA:610,75,0,0
BRDA:610,75,1,0
BRDA:625,76,0,0
BRDA:625,76,1,0
BRDA:638,77,0,0
BRDA:638,77,1,0
BRDA:645,78,0,0
BRDA:645,78,1,0
BRDA:659,79,0,0
BRDA:659,79,1,0
BRDA:659,80,0,0
BRDA:659,80,1,0
BRDA:659,80,2,0
BRDA:677,81,0,0
BRDA:677,81,1,0
BRDA:677,82,0,0
BRDA:677,82,1,0
BRDA:693,83,0,0
BRDA:693,83,1,0
BRDA:719,84,0,0
BRDA:719,84,1,0
BRDA:719,84,2,0
BRDA:743,85,0,9
BRDA:743,85,1,22
BRDA:743,86,0,31
BRDA:743,86,1,25
BRDA:749,87,0,21
BRDA:749,87,1,15
BRDA:763,88,0,6
BRDA:763,88,1,4
BRDA:763,89,0,10
BRDA:763,89,1,6
BRDA:764,90,0,4
BRDA:764,90,1,2
BRDA:768,91,0,2
BRDA:768,91,1,2
BRDA:769,92,0,2
BRDA:769,92,1,0
BRDA:776,93,0,6
BRDA:776,93,1,6
BRDA:777,94,0,6
BRDA:777,94,1,0
BRDA:784,95,0,10
BRDA:784,95,1,10
BRDA:795,96,0,1
BRDA:795,96,1,4
BRDA:819,97,0,3
BRDA:819,97,1,0
BRDA:827,98,0,0
BRDA:827,98,1,0
BRDA:827,98,2,0
BRDA:828,99,0,0
BRDA:828,99,1,0
BRDA:828,99,2,0
BRDA:832,100,0,0
BRDA:832,100,1,0
BRDA:849,101,0,1
BRDA:849,101,1,0
BRDA:849,102,0,1
BRDA:849,102,1,1
BRDA:860,103,0,1
BRDA:860,103,1,1
BRDA:860,103,2,1
BRDA:861,104,0,1
BRDA:861,104,1,1
BRDA:861,104,2,1
BRDA:865,105,0,1
BRDA:865,105,1,1
BRDA:875,106,0,0
BRDA:875,106,1,0
BRDA:875,107,0,0
BRDA:875,107,1,0
BRDA:890,108,0,0
BRDA:890,108,1,0
BRDA:890,109,0,0
BRDA:890,109,1,0
BRDA:905,110,0,0
BRDA:905,110,1,0
BRDA:925,111,0,1
BRDA:925,111,1,4
BRDA:942,112,0,4
BRDA:942,112,1,0
BRDA:944,113,0,0
BRDA:944,113,1,0
BRDA:963,114,0,3
BRDA:963,114,1,0
BRDA:964,115,0,2
BRDA:964,115,1,2
BRDA:973,116,0,0
BRDA:973,116,1,0
BRDA:993,117,0,1
BRDA:993,117,1,0
BRDA:997,118,0,1
BRDA:997,118,1,0
BRDA:1008,119,0,0
BRDA:1008,119,1,0
BRDA:1021,120,0,0
BRDA:1021,120,1,0
BRDA:1021,121,0,0
BRDA:1021,121,1,0
BRDA:1021,121,2,0
BRDA:1038,122,0,0
BRDA:1038,122,1,0
BRDA:1038,123,0,0
BRDA:1038,123,1,0
BRDA:1053,124,0,0
BRDA:1053,124,1,0
BRDA:1082,125,0,1
BRDA:1082,125,1,2
BRDA:1085,126,0,2
BRDA:1085,126,1,0
BRDA:1094,127,0,3
BRDA:1094,127,1,1
BRDA:1095,128,0,3
BRDA:1095,128,1,0
BRDA:1096,129,0,3
BRDA:1096,129,1,0
BRDA:1097,130,0,3
BRDA:1097,130,1,1
BRDA:1098,131,0,2
BRDA:1098,131,1,1
BRDA:1098,132,0,1
BRDA:1098,132,1,0
BRDA:1100,133,0,1
BRDA:1100,133,1,2
BRDA:1105,134,0,1
BRDA:1105,134,1,1
BRDA:1105,134,2,0
BRDA:1124,135,0,1
BRDA:1124,135,1,2
BRDA:1140,136,0,0
BRDA:1140,136,1,0
BRDA:1156,137,0,0
BRDA:1156,137,1,2
BRDA:1166,138,0,0
BRDA:1166,138,1,0
BRDA:1167,139,0,0
BRDA:1167,139,1,0
BRDA:1173,140,0,2
BRDA:1173,140,1,0
BRDA:1174,141,0,0
BRDA:1174,141,1,2
BRDA:1176,142,0,0
BRDA:1176,142,1,2
BRDA:1187,143,0,0
BRDA:1187,143,1,3
BRDA:1191,144,0,0
BRDA:1191,144,1,0
BRDA:1191,145,0,0
BRDA:1191,145,1,0
BRDA:1195,146,0,0
BRDA:1195,146,1,0
BRDA:1195,146,2,0
BRDA:1200,147,0,0
BRDA:1200,147,1,0
BRDA:1200,148,0,0
BRDA:1200,148,1,0
BRDA:1200,148,2,0
BRDA:1204,149,0,0
BRDA:1204,149,1,0
BRDA:1204,149,2,0
BRDA:1204,149,3,0
BRDA:1211,150,0,0
BRDA:1211,150,1,0
BRDA:1211,150,2,0
BRDA:1211,150,3,0
BRDA:1211,150,4,0
BRDA:1213,151,0,0
BRDA:1213,151,1,0
BRDA:1226,152,0,0
BRDA:1227,153,0,0
BRDA:1227,153,1,3
BRDA:1232,154,0,0
BRDA:1232,154,1,0
BRDA:1248,155,0,0
BRDA:1248,155,1,0
BRDA:1258,156,0,0
BRDA:1258,156,1,0
BRDA:1259,157,0,0
BRDA:1259,157,1,0
BRDA:1265,158,0,0
BRDA:1265,158,1,0
BRDA:1266,159,0,0
BRDA:1266,159,1,0
BRDA:1268,160,0,0
BRDA:1268,160,1,0
BRDA:1291,161,0,0
BRDA:1291,161,1,0
BRDA:1299,162,0,0
BRDA:1299,162,1,0
BRDA:1304,163,0,0
BRDA:1304,163,1,0
BRDA:1305,164,0,0
BRDA:1305,164,1,0
BRDA:1315,165,0,0
BRDA:1315,165,1,0
BRDA:1328,166,0,1
BRDA:1328,167,0,2
BRDA:1329,168,0,1
BRDA:1329,168,1,1
BRDA:1331,169,0,1
BRDA:1331,169,1,1
BRDA:1362,170,0,1
BRDA:1362,170,1,0
BRDA:1362,171,0,0
BRDA:1362,171,1,1
BRDA:1363,172,0,0
BRDA:1363,172,1,1
BRDA:1363,173,0,0
BRDA:1363,173,1,0
BRDA:1377,174,0,1
BRDA:1377,174,1,0
BRDA:1385,175,0,1
BRDA:1385,175,1,0
BRDA:1391,176,0,1
BRDA:1391,176,1,0
BRDA:1396,177,0,0
BRDA:1396,177,1,0
BRDA:1397,178,0,0
BRDA:1397,178,1,0
BRDA:1403,179,0,1
BRDA:1403,179,1,0
BRDA:1404,180,0,0
BRDA:1404,180,1,1
BRDA:1406,181,0,0
BRDA:1406,181,1,1
BRDA:1422,182,0,0
BRDA:1422,182,1,1
BRDA:1426,183,0,0
BRDA:1426,183,1,0
BRDA:1426,184,0,0
BRDA:1426,184,1,0
BRDA:1430,185,0,0
BRDA:1430,185,1,0
BRDA:1430,185,2,0
BRDA:1435,186,0,0
BRDA:1435,186,1,0
BRDA:1435,187,0,0
BRDA:1435,187,1,0
BRDA:1435,187,2,0
BRDA:1439,188,0,0
BRDA:1439,188,1,0
BRDA:1439,188,2,0
BRDA:1439,188,3,0
BRDA:1446,189,0,0
BRDA:1446,189,1,0
BRDA:1446,189,2,0
BRDA:1446,189,3,0
BRDA:1446,189,4,0
BRDA:1448,190,0,0
BRDA:1448,190,1,0
BRDA:1483,191,0,3
BRDA:1483,191,1,4
BRDA:1493,192,0,2
BRDA:1493,192,1,4
BRDA:1512,193,0,0
BRDA:1512,193,1,7
BRDA:1512,194,0,7
BRDA:1512,194,1,0
BRDA:1531,195,0,2
BRDA:1531,195,1,3
BRDA:1543,196,0,2
BRDA:1543,196,1,0
BRDA:1546,197,0,2
BRDA:1546,197,1,0
BRDA:1547,198,0,2
BRDA:1547,198,1,0
BRDA:1552,199,0,4
BRDA:1552,199,1,0
BRDA:1554,200,0,2
BRDA:1554,200,1,2
BRDA:1581,201,0,1
BRDA:1581,201,1,7
BRDA:1591,202,0,2
BRDA:1591,202,1,5
BRDA:1591,203,0,7
BRDA:1591,203,1,2
BRDA:1595,204,0,5
BRDA:1595,204,1,4
BRDA:1605,205,0,2
BRDA:1605,205,1,2
BRDA:1623,206,0,1
BRDA:1623,206,1,2
BRDA:1623,207,0,3
BRDA:1623,207,1,0
BRDA:1651,208,0,0
BRDA:1651,208,1,2
BRDA:1677,209,0,0
BRDA:1677,209,1,2
BRDA:1688,210,0,2
BRDA:1688,210,1,2
BRDA:1716,211,0,0
BRDA:1716,211,1,0
BRDA:1723,212,0,0
BRDA:1723,212,1,0
BRDA:1727,213,0,0
BRDA:1727,213,1,0
BRDA:1734,214,0,0
BRDA:1734,214,1,0
BRDA:1734,215,0,0
BRDA:1734,215,1,0
BRDA:1743,216,0,0
BRDA:1743,216,1,0
BRDA:1758,217,0,0
BRDA:1758,217,1,0
BRDA:1760,218,0,0
BRDA:1760,218,1,0
BRDA:1760,219,0,0
BRDA:1760,219,1,0
BRDA:1763,220,0,0
BRDA:1763,220,1,0
BRDA:1772,221,0,0
BRDA:1772,221,1,0
BRDA:1775,222,0,0
BRDA:1775,222,1,0
BRDA:1775,223,0,0
BRDA:1775,223,1,0
BRDA:1790,224,0,0
BRDA:1790,224,1,0
BRDA:1791,225,0,0
BRDA:1791,225,1,0
BRDA:1792,226,0,0
BRDA:1792,226,1,0
BRDA:1793,227,0,0
BRDA:1793,227,1,0
BRDA:1798,228,0,0
BRDA:1798,228,1,0
BRDA:1798,228,2,0
BRDA:1804,229,0,0
BRDA:1804,229,1,0
BRDA:1806,230,0,0
BRDA:1806,230,1,0
BRDA:1817,231,0,0
BRDA:1817,231,1,0
BRDA:1823,232,0,0
BRDA:1823,232,1,0
BRDA:1834,233,0,0
BRDA:1834,233,1,0
BRDA:1846,234,0,0
BRDA:1846,234,1,0
BRDA:1873,235,0,0
BRDA:1873,235,1,2
BRF:499
BRH:188
end_of_record
TN:
SF:setup-linter-hook.js
FN:16,ensureSettingsDirectory
FN:24,loadSettings
FN:38,setupHook
FN:64,(anonymous_3)
FN:65,(anonymous_4)
FN:75,(anonymous_5)
FN:124,showCurrentConfig
FN:128,(anonymous_7)
FN:129,(anonymous_8)
FNF:9
FNH:9
FNDA:10,ensureSettingsDirectory
FNDA:16,loadSettings
FNDA:9,setupHook
FNDA:5,(anonymous_3)
FNDA:5,(anonymous_4)
FNDA:5,(anonymous_5)
FNDA:4,showCurrentConfig
FNDA:2,(anonymous_7)
FNDA:2,(anonymous_8)
DA:9,1
DA:10,1
DA:11,1
DA:13,1
DA:14,1
DA:17,10
DA:18,10
DA:19,1
DA:20,1
DA:25,16
DA:26,15
DA:27,15
DA:28,14
DA:30,2
DA:31,2
DA:32,2
DA:35,3
DA:39,9
DA:42,9
DA:43,1
DA:44,1
DA:48,8
DA:51,8
DA:54,8
DA:55,5
DA:59,8
DA:60,5
DA:64,8
DA:65,5
DA:66,5
DA:70,8
DA:71,3
DA:72,3
DA:75,3
DA:76,5
DA:81,8
DA:92,8
DA:95,8
DA:96,8
DA:97,7
DA:98,7
DA:101,7
DA:102,7
DA:103,7
DA:104,7
DA:106,7
DA:107,7
DA:108,7
DA:109,7
DA:110,7
DA:111,7
DA:113,7
DA:114,7
DA:115,7
DA:116,7
DA:119,1
DA:120,1
DA:125,4
DA:127,4
DA:128,2
DA:129,2
DA:130,2
DA:134,2
DA:135,1
DA:136,1
DA:138,1
DA:141,2
DA:146,1
DA:148,0
DA:149,0
DA:152,1
LF:71
LH:69
BRDA:18,0,0,1
BRDA:18,0,1,9
BRDA:25,1,0,15
BRDA:25,1,1,1
BRDA:42,2,0,1
BRDA:42,2,1,7
BRDA:54,3,0,5
BRDA:54,3,1,3
BRDA:59,4,0,5
BRDA:59,4,1,3
BRDA:65,5,0,5
BRDA:65,5,1,5
BRDA:66,6,0,5
BRDA:66,6,1,5
BRDA:70,7,0,3
BRDA:70,7,1,5
BRDA:127,8,0,2
BRDA:127,8,1,2
BRDA:127,9,0,4
BRDA:127,9,1,3
BRDA:129,10,0,2
BRDA:129,10,1,2
BRDA:130,11,0,2
BRDA:130,11,1,2
BRDA:134,12,0,1
BRDA:134,12,1,1
BRDA:146,13,0,0
BRDA:146,13,1,1
BRF:28
BRH:27
end_of_record
TN:
SF:setup-post-tool-hook.js
FN:26,getHookPath
FN:30,getClaudeSettingsPaths
FN:38,getSettingsPath
FN:61,getArgValue
FN:71,showHelp
FN:110,ensureSettingsDirectory
FN:120,loadSettings
FN:141,saveSettings
FN:160,validateHookScript
FN:192,createLocalSettings
FN:221,(anonymous_10)
FN:222,(anonymous_11)
FN:252,installHook
FN:289,(anonymous_13)
FN:290,(anonymous_14)
FN:333,validateConfiguration
FN:349,(anonymous_16)
FN:350,(anonymous_17)
FN:360,(anonymous_18)
FN:363,(anonymous_19)
FN:379,(anonymous_20)
FN:380,(anonymous_21)
FN:414,checkLinterAvailability
FN:432,uninstallHook
FN:444,(anonymous_24)
FN:445,(anonymous_25)
FN:471,(anonymous_26)
FN:472,(anonymous_27)
FN:499,showCurrentConfig
FN:507,(anonymous_29)
FN:508,(anonymous_30)
FN:523,showHookInfo
FN:543,main
FN:573,(anonymous_33)
FNF:34
FNH:28
FNDA:16,getHookPath
FNDA:34,getClaudeSettingsPaths
FNDA:32,getSettingsPath
FNDA:5,getArgValue
FNDA:0,showHelp
FNDA:4,ensureSettingsDirectory
FNDA:12,loadSettings
FNDA:6,saveSettings
FNDA:10,validateHookScript
FNDA:2,createLocalSettings
FNDA:0,(anonymous_10)
FNDA:0,(anonymous_11)
FNDA:3,installHook
FNDA:1,(anonymous_13)
FNDA:0,(anonymous_14)
FNDA:3,validateConfiguration
FNDA:1,(anonymous_16)
FNDA:1,(anonymous_17)
FNDA:1,(anonymous_18)
FNDA:1,(anonymous_19)
FNDA:1,(anonymous_20)
FNDA:1,(anonymous_21)
FNDA:6,checkLinterAvailability
FNDA:3,uninstallHook
FNDA:3,(anonymous_24)
FNDA:3,(anonymous_25)
FNDA:3,(anonymous_26)
FNDA:3,(anonymous_27)
FNDA:2,showCurrentConfig
FNDA:1,(anonymous_29)
FNDA:2,(anonymous_30)
FNDA:3,showHookInfo
FNDA:0,main
FNDA:0,(anonymous_33)
DA:17,1
DA:18,1
DA:19,1
DA:20,1
DA:23,1
DA:27,16
DA:31,34
DA:39,32
DA:40,32
DA:44,1
DA:45,1
DA:46,1
DA:49,1
DA:50,1
DA:63,5
DA:64,5
DA:65,5
DA:66,1
DA:68,4
DA:72,0
DA:111,4
DA:112,4
DA:113,1
DA:114,1
DA:115,1
DA:117,3
DA:121,12
DA:122,12
DA:123,11
DA:124,11
DA:125,10
DA:127,3
DA:128,3
DA:131,3
DA:132,3
DA:133,3
DA:135,3
DA:138,4
DA:142,6
DA:143,6
DA:145,6
DA:146,6
DA:147,6
DA:148,6
DA:151,6
DA:152,5
DA:154,1
DA:156,1
DA:161,10
DA:162,10
DA:163,10
DA:164,3
DA:165,3
DA:166,3
DA:170,6
DA:171,6
DA:172,1
DA:173,1
DA:177,5
DA:178,5
DA:180,0
DA:181,0
DA:184,5
DA:185,5
DA:187,1
DA:188,1
DA:193,2
DA:194,2
DA:197,2
DA:198,1
DA:199,1
DA:202,2
DA:203,2
DA:204,1
DA:205,1
DA:207,0
DA:208,0
DA:213,2
DA:214,2
DA:216,2
DA:217,2
DA:221,2
DA:222,0
DA:223,0
DA:228,2
DA:239,2
DA:242,2
DA:243,2
DA:244,2
DA:245,2
DA:247,0
DA:248,0
DA:253,3
DA:256,3
DA:257,1
DA:260,2
DA:262,0
DA:264,0
DA:265,0
DA:266,0
DA:269,0
DA:272,2
DA:275,2
DA:278,2
DA:281,2
DA:282,1
DA:284,2
DA:285,1
DA:289,2
DA:290,1
DA:291,0
DA:295,2
DA:296,0
DA:297,0
DA:298,0
DA:299,0
DA:300,0
DA:303,0
DA:304,0
DA:308,2
DA:319,2
DA:322,2
DA:323,2
DA:324,2
DA:325,2
DA:326,2
DA:328,0
DA:334,3
DA:337,3
DA:338,1
DA:342,2
DA:343,2
DA:344,2
DA:346,2
DA:347,1
DA:349,1
DA:350,1
DA:351,1
DA:355,1
DA:356,0
DA:358,1
DA:359,1
DA:360,1
DA:361,1
DA:362,1
DA:363,1
DA:364,1
DA:365,1
DA:372,2
DA:373,2
DA:374,2
DA:375,2
DA:376,2
DA:377,2
DA:378,2
DA:379,1
DA:380,1
DA:381,1
DA:385,1
DA:386,1
DA:387,1
DA:389,0
DA:392,1
DA:395,0
DA:400,2
DA:401,2
DA:404,2
DA:405,2
DA:406,1
DA:408,1
DA:411,2
DA:416,6
DA:417,6
DA:418,4
DA:420,2
DA:424,6
DA:425,6
DA:426,5
DA:428,1
DA:433,3
DA:435,3
DA:438,3
DA:439,3
DA:440,3
DA:442,3
DA:443,2
DA:444,2
DA:445,3
DA:446,3
DA:450,2
DA:451,2
DA:452,2
DA:453,2
DA:455,0
DA:458,0
DA:464,3
DA:465,3
DA:466,3
DA:467,3
DA:469,3
DA:470,2
DA:471,2
DA:472,3
DA:473,3
DA:477,2
DA:478,2
DA:479,2
DA:480,2
DA:482,0
DA:486,0
DA:490,3
DA:491,2
DA:493,1
DA:496,3
DA:500,2
DA:501,0
DA:504,2
DA:506,2
DA:507,1
DA:508,1
DA:509,2
DA:513,1
DA:514,1
DA:516,0
DA:519,1
DA:524,3
DA:525,3
DA:526,3
DA:527,3
DA:528,3
DA:530,3
DA:531,3
DA:532,3
DA:533,3
DA:534,3
DA:535,3
DA:537,3
DA:538,3
DA:539,3
DA:540,3
DA:544,0
DA:545,0
DA:546,0
DA:549,0
DA:550,0
DA:551,0
DA:554,0
DA:555,0
DA:556,0
DA:560,0
DA:562,0
DA:563,0
DA:564,0
DA:565,0
DA:567,0
DA:568,0
DA:573,1
DA:574,0
DA:575,0
DA:576,0
DA:580,1
DA:582,0
DA:585,1
LF:263
LH:211
BRDA:40,0,0,32
BRDA:40,0,1,2
BRDA:56,1,0,1
BRDA:56,1,1,1
BRDA:58,2,0,1
BRDA:58,2,1,1
BRDA:61,3,0,1
BRDA:65,4,0,1
BRDA:65,4,1,4
BRDA:65,5,0,5
BRDA:65,5,1,2
BRDA:112,6,0,1
BRDA:112,6,1,3
BRDA:122,7,0,11
BRDA:122,7,1,1
BRDA:145,8,0,6
BRDA:145,8,1,0
BRDA:163,9,0,3
BRDA:163,9,1,6
BRDA:171,10,0,1
BRDA:171,10,1,5
BRDA:197,11,0,1
BRDA:197,11,1,1
BRDA:203,12,0,1
BRDA:203,12,1,1
BRDA:213,13,0,2
BRDA:213,13,1,0
BRDA:216,14,0,2
BRDA:216,14,1,0
BRDA:222,15,0,0
BRDA:222,15,1,0
BRDA:223,16,0,0
BRDA:223,16,1,0
BRDA:256,17,0,1
BRDA:256,17,1,2
BRDA:260,18,0,0
BRDA:260,18,1,2
BRDA:264,19,0,0
BRDA:264,19,1,0
BRDA:281,20,0,1
BRDA:281,20,1,1
BRDA:284,21,0,1
BRDA:284,21,1,1
BRDA:290,22,0,1
BRDA:290,22,1,0
BRDA:291,23,0,0
BRDA:291,23,1,0
BRDA:295,24,0,0
BRDA:295,24,1,2
BRDA:296,25,0,0
BRDA:296,25,1,0
BRDA:322,26,0,2
BRDA:322,26,1,0
BRDA:337,27,0,1
BRDA:337,27,1,2
BRDA:346,28,0,1
BRDA:346,28,1,1
BRDA:346,29,0,2
BRDA:346,29,1,1
BRDA:350,30,0,1
BRDA:350,30,1,1
BRDA:351,31,0,1
BRDA:351,31,1,1
BRDA:355,32,0,0
BRDA:355,32,1,1
BRDA:374,33,0,2
BRDA:374,33,1,0
BRDA:378,34,0,1
BRDA:378,34,1,1
BRDA:378,35,0,2
BRDA:378,35,1,1
BRDA:380,36,0,1
BRDA:380,36,1,1
BRDA:381,37,0,1
BRDA:381,37,1,1
BRDA:385,38,0,1
BRDA:385,38,1,0
BRDA:404,39,0,2
BRDA:404,39,1,1
BRDA:405,40,0,1
BRDA:405,40,1,1
BRDA:439,41,0,3
BRDA:439,41,1,0
BRDA:442,42,0,2
BRDA:442,42,1,1
BRDA:442,43,0,3
BRDA:442,43,1,2
BRDA:445,44,0,3
BRDA:445,44,1,3
BRDA:446,45,0,3
BRDA:446,45,1,3
BRDA:450,46,0,2
BRDA:450,46,1,0
BRDA:451,47,0,2
BRDA:451,47,1,0
BRDA:465,48,0,3
BRDA:465,48,1,0
BRDA:469,49,0,2
BRDA:469,49,1,1
BRDA:469,50,0,3
BRDA:469,50,1,2
BRDA:472,51,0,3
BRDA:472,51,1,3
BRDA:473,52,0,3
BRDA:473,52,1,3
BRDA:477,53,0,2
BRDA:477,53,1,0
BRDA:490,54,0,2
BRDA:490,54,1,1
BRDA:499,55,0,0
BRDA:500,56,0,0
BRDA:500,56,1,2
BRDA:506,57,0,1
BRDA:506,57,1,1
BRDA:506,58,0,2
BRDA:506,58,1,2
BRDA:508,59,0,1
BRDA:508,59,1,1
BRDA:509,60,0,2
BRDA:509,60,1,2
BRDA:513,61,0,1
BRDA:513,61,1,0
BRDA:544,62,0,0
BRDA:544,62,1,0
BRDA:549,63,0,0
BRDA:549,63,1,0
BRDA:554,64,0,0
BRDA:554,64,1,0
BRDA:562,65,0,0
BRDA:562,65,1,0
BRDA:580,66,0,0
BRDA:580,66,1,1
BRF:132
BRH:95
end_of_record
